timestep	potential_energy	kinetic_energy	temperature	pressure	volume
0	-184.5703125	0	0	-0.04541015625	8000
5000	-4589.597656	1416.075073	0.9449950457	1.387268782	1377.938477
10000	-4490.869629	1791.060547	1.19523561	1.369706154	1394.596191
15000	-5271.100586	1384.937134	0.9242156744	1.294248104	1236.103638
20000	-5654.870117	1151.008789	0.768107295	1.52243197	1164.093506
25000	-5779.426758	1086.151611	0.7248259187	1.363654375	1149.991455
30000	-5825.648926	1036.222168	0.6915062666	1.414256573	1143.618286
35000	-5834.03418	1052.02063	0.7020491362	1.384190321	1140.85022
40000	-5865.75	1078.265869	0.7195634842	1.224924922	1142.898071
45000	-5866.220703	1089.864258	0.7273035049	1.400034785	1137.031982
50000	-5788.808594	1087.868164	0.7259714007	1.682228446	1139.806274
55000	-5819.617676	1046.101562	0.6980991364	1.393200874	1143.215576
60000	-5799.042969	1021.514038	0.6816910505	1.62851119	1139.025635
65000	-5869.125488	1067.650879	0.7124797702	1.382618785	1137.660034
70000	-5935.098633	1049.591797	0.7004283071	1.368846297	1129.6073
75000	-5903.446289	1039.589355	0.6937533617	1.303028822	1134.164185
80000	-5791.075195	1074.416016	0.7169943452	1.767947793	1138.007446
85000	-5833.537109	1047.011841	0.6987066269	1.031158924	1152.441406
90000	-5862.109375	1058.296387	0.7062371969	1.323161244	1141.510376
95000	-5854.438477	1062.149536	0.7088084817	1.522193432	1136.428345
100000	-5833.850586	1092.64624	0.7291600108	1.475030303	1140.333618
105000	-5849.287109	1071.336426	0.7149392366	1.354569554	1141.916382
110000	-5854.683594	1098.126221	0.7328169942	1.567064881	1135.535645
115000	-5793.209961	1039.715088	0.6938372254	1.50902915	1145.061523
120000	-5864.393066	1048.875244	0.699950099	1.383368611	1137.825073
125000	-5837.691406	1099.836914	0.733958602	1.169826031	1148.193848
130000	-5837.680664	1051.742798	0.7018637657	1.776527166	1132.593262
135000	-5910.326172	1043.448486	0.69632864	1.311421752	1132.300415
140000	-5935.096191	1063.838379	0.7099355459	1.19916749	1133.812256
145000	-5904.352051	1048.870361	0.6999468803	1.401981711	1130.989258
150000	-5845.878418	1037.237061	0.6921835542	1.715702772	1133.127686
155000	-5826.246582	1030.425293	0.6876378655	1.417405963	1141.463745
160000	-5845.821289	1051.806885	0.7019065022	1.640271425	1132.669067
165000	-5862.945312	1024.973633	0.6839997768	1.389405131	1137.705933
170000	-5864.207031	1045.580078	0.6977511644	1.332075357	1138.812866
175000	-5827.429688	1034.499634	0.690356791	1.271398187	1145.612427
180000	-5851.22998	1020.219116	0.6808269024	1.405759931	1138.909546
185000	-5887.476562	1024.900391	0.683950901	1.746044517	1126.605713
190000	-5891.841797	994.0111084	0.6633374095	1.304046988	1135.903198
195000	-5899.205566	1048.68689	0.6998244524	1.676882386	1126.670776
200000	-5863.042969	1070.459595	0.7143540978	1.512065887	1136.042358
205000	-5879.782715	1070.978394	0.7147002816	1.362972379	1136.042358
210000	-5901.974609	1021.930847	0.6819692254	1.561987758	1128.532349
215000	-5891.461914	1072.712158	0.715857327	1.458582759	1131.480469
220000	-5836.686523	1020.387634	0.6809393764	1.464313745	1138.91272
225000	-5876.107422	1017.059326	0.6787182689	1.424610615	1133.228516
230000	-5852.867188	1034.60498	0.6904270649	1.545106053	1134.200562
235000	-5864.979004	1062.280273	0.7088957429	1.811089396	1126.450195
240000	-5917.148926	1033.185303	0.6894797087	1.582670689	1126.234741
245000	-5842.980469	1054.418335	0.7036492229	1.416319013	1141.157593
250000	-5871.742188	1070.946045	0.7146787047	1.543405056	1131.572388
255000	-5854.733887	1079.778076	0.7205726504	1.416225076	1138.691895
260000	-5906.408203	1037.330811	0.692246139	1.426387906	1130.213013
265000	-5883.383301	1067.204346	0.712181747	1.833616853	1123.73877
270000	-5797.96582	1066.258179	0.711550355	1.658664465	1140.486694
275000	-5839.047852	1037.353271	0.6922610998	1.380467653	1143.859375
280000	-5887.49707	1034.54248	0.6903854012	1.365154862	1134.228271
285000	-5841.829102	1026.823242	0.6852340698	1.559237719	1135.785034
290000	-5815.6875	1096.650024	0.7318318486	1.350167036	1144.848267
295000	-5834.385742	1092.713501	0.7292048931	1.660948515	1134.464478
300000	-5812.918945	1055.008667	0.7040431499	1.60240674	1139.041626
305000	-5848.312988	1031.348877	0.6882541776	1.519553185	1137.40979
310000	-5847.862305	1039.9104	0.6939675808	1.707870126	1131.807617
315000	-5927.178711	1007.72998	0.6724925041	1.510332346	1125.326294
320000	-5906.175781	1049.461548	0.7003414035	1.555205226	1128.856201
325000	-5899.571289	1035.918457	0.6913036108	1.669093609	1126.667358
330000	-5894.38623	1071.570801	0.7150956392	1.66919291	1126.356445
335000	-5917.466797	1029.459839	0.6869935393	1.554098964	1126.207153
340000	-5843.356934	1006.545349	0.6717019677	1.642142177	1133.703979
345000	-5920.080078	1028.481445	0.6863406301	1.237941623	1133.592041
350000	-5841.112793	1052.90564	0.7026397586	1.781607389	1130.387207
355000	-5854.261719	1017.270569	0.6788592339	1.414330959	1137.335571
360000	-5898.408691	1034.440552	0.6903173327	1.369009256	1134.488403
365000	-5873.452148	1043.410278	0.6963031888	1.155305624	1143.864746
370000	-5855.662109	1056.933105	0.7053273916	1.547663569	1135.613525
375000	-5811.774414	1044.03125	0.6967175603	1.746577978	1134.81897
380000	-5838.53418	1090.91626	0.7280055285	1.343083978	1143.168335
385000	-5853.351562	1066.77417	0.711894691	1.380305767	1139.260986
390000	-5861.170898	1040.108887	0.6941000223	1.583895206	1131.741699
395000	-5892.03418	1085.369141	0.7243037224	1.536474586	1130.222168
400000	-5857.758789	1082.286255	0.7222464085	1.38239789	1139.734497
405000	-5893.570801	1067.833618	0.7126016617	1.250369787	1137.725952
410000	-5845.933594	1029.967041	0.6873320341	1.585026264	1136.440186
415000	-5899.290039	1036.231934	0.6915128231	1.03604269	1142.027954
420000	-5870.761719	1077.687744	0.7191776633	1.649407268	1130.441284
425000	-5894.540039	1025.55188	0.6843856573	1.535507679	1129.528198
430000	-5901.334961	1038.971436	0.6933409572	1.380551219	1133.312134
435000	-5934.945801	1040.762451	0.6945362091	1.413847566	1128.389404
440000	-5857.430664	971.0530396	0.6480166912	1.464115381	1135.826538
445000	-5839.826172	1050.645996	0.7011318207	1.549350023	1136.529419
450000	-5875.948242	1052.182007	0.7021568418	1.223389745	1141.395752
455000	-5868.854492	1058.80835	0.7065788507	1.36532402	1137.163208
460000	-5905.836914	1049.198608	0.7001659274	1.391293168	1132.143555
465000	-5833.618652	1011.980591	0.6753290892	1.80245018	1131.512085
470000	-5879.464355	1067.845215	0.7126094103	1.674272537	1129.573486
475000	-5878.6875	1065.4198	0.7109908462	1.324138165	1138.129761
480000	-5865.858887	1056.431885	0.70499295	1.434924722	1137.654419
485000	-5867.408691	1023.331055	0.6829035878	1.503931642	1134.371948
490000	-5899.983887	1085.599976	0.7244578004	1.296372533	1135.19751
495000	-5809.893555	1019.525024	0.6803637147	1.430182576	1142.474121
500000	-5912.777344	1004.67395	0.6704530716	1.656799078	1123.512695
505000	-5876.245117	1043.008057	0.6960347295	1.750920773	1128.217896
510000	-5845.089355	1026.062012	0.6847260594	1.339134455	1141.716675
515000	-5822.460938	1020.824158	0.6812306643	1.410132885	1142.839355
520000	-5869.903809	1056.459106	0.7050110698	1.316223025	1139.057251
525000	-5909.672363	1001.479492	0.6683213115	1.474789977	1129.393799
530000	-5810.956055	1027.901978	0.6859539747	1.660718322	1137.108276
535000	-5862.580566	1048.490967	0.6996936798	1.215082884	1142.687012
540000	-5852.484863	1088.661865	0.7265011072	1.553651214	1136.840332
545000	-5887.316895	1064.620483	0.7104574442	1.140285134	1140.937134
550000	-5852.13623	1042.976562	0.6960137486	1.425252914	1138.563599
555000	-5829.233398	1024.929199	0.6839700937	1.451356649	1139.8125
560000	-5837.286621	1102.719727	0.7358824015	1.547093987	1138.114502
565000	-5796.95752	1039.655273	0.6937973499	1.450952053	1144.587158
570000	-5815.285156	1062.424683	0.7089921236	1.483203769	1141.755737
575000	-5888.220703	1050.237793	0.7008594275	1.476251841	1132.598267
580000	-5905.099121	1051.923706	0.7019844651	1.558392644	1128.609863
585000	-5898.580078	1021.599609	0.6817481518	1.361548781	1133.020752
590000	-5829.237305	1022.53186	0.6823703051	1.484041333	1138.350952
595000	-5846.076172	1068.716675	0.7131909728	1.281312108	1143.329468
600000	-5847.864258	1063.732544	0.7098649144	1.388852715	1138.213989
605000	-5847.601562	1079.720703	0.7205343246	1.356321216	1141.019287
610000	-5870.907227	1085.06311	0.7240995169	1.311299324	1139.072876
615000	-5877.280273	1041.405396	0.6949652433	1.603913307	1130.187622
620000	-5924.523438	1093.535156	0.7297531962	1.641772747	1124.54541
625000	-5814.720703	1055.259521	0.7042105794	1.660707831	1137.116455
630000	-5830.687988	1024.790649	0.6838776469	1.344733119	1142.249878
635000	-5842.646973	1056.419922	0.7049849629	1.658794999	1135.006958
640000	-5845.723145	1058.690186	0.7064999938	1.521459699	1137.541626
645000	-5857.292969	1058.780151	0.7065600157	1.535095215	1134.615723
650000	-5890.434082	1016.191772	0.678139329	1.246332884	1138.01062
655000	-5900.092773	1058.423218	0.7063218355	1.571371555	1129.147705
660000	-5893.390137	1066.938232	0.7120041847	1.383038759	1134.695435
665000	-5894.920898	1053.161377	0.7028104067	1.62513423	1126.540039
670000	-5864.037109	1090.25415	0.7275636792	1.550827384	1134.346802
675000	-5876.068848	1027.66333	0.6857947111	1.771630287	1127.43335
680000	-5899.597656	1060.783936	0.7078971863	1.375712395	1133.931152
685000	-5829.777832	1059.937866	0.7073326111	1.442974806	1141.465698
690000	-5874.979492	1063.626343	0.7097940445	1.454857945	1135.966064
695000	-5906.064453	1033.906982	0.6899613142	1.401415586	1131.005493
700000	-5899.699707	1034.406494	0.6902946234	1.265736461	1135.755249
705000	-5959.370117	1050.482178	0.7010225058	1.581207037	1118.932617
710000	-5835.972168	1022.574829	0.6823989749	1.462692022	1140.524414
715000	-5917.313477	1055.779541	0.7045575976	1.435637236	1128.477783
720000	-5884.365234	1045.406982	0.6976356506	1.393383265	1135.639038
725000	-5840.484375	1050.950439	0.7013349533	1.872538686	1128.555664
730000	-5891.288574	1089.335938	0.7269509435	1.529033184	1131.572388
735000	-5865.991211	1037.605225	0.6924292445	1.408880711	1136.629028
740000	-5932.172363	1061.22583	0.7081921101	1.576321006	1124.505005
745000	-5970.09082	1045.829834	0.697917819	1.237323523	1126.531982
750000	-5906.885742	1042.437988	0.6956543326	1.294988155	1134.57959
755000	-5885.504883	1064.737061	0.7105352283	1.414598107	1132.652954
760000	-5919.570312	1092.365723	0.7289727926	1.276392937	1134.287964
765000	-5843.686035	1018.917358	0.6799582243	1.494920254	1137.5354
770000	-5879.65625	1048.013428	0.6993750334	1.52609694	1130.863892
775000	-5856.324219	1032.246094	0.6888529062	1.64415741	1131.945557
780000	-5889.280273	1053.146484	0.7028004527	1.310179591	1136.814087
785000	-5845.986328	1019.556946	0.6803850532	1.540836453	1135.625977
790000	-5805.51416	1046.514893	0.6983749866	1.484542012	1144.140503
795000	-5899.220703	1029.531494	0.6870414019	1.622579694	1127.946655
800000	-5815.653809	997.5637207	0.6657081842	1.190044999	1148.47937
805000	-5850.420898	1019.231689	0.680167973	1.48437798	1135.86792
810000	-5910.097656	1063.002686	0.7093778253	1.094092011	1139.716431
815000	-5894.253418	1023.792297	0.6832114458	1.14754343	1139.821289
820000	-5908.060547	1079.513794	0.7203962803	1.70042038	1124.530884
825000	-5882.569824	1083.239014	0.7228822112	1.34639895	1136.555542
830000	-5880.331543	1005.911072	0.6712786555	1.469441414	1133.006104
835000	-5924.032227	1027.531006	0.685706377	1.549036264	1125.139648
840000	-5955.802734	987.2612915	0.6588330269	1.920285702	1112.386597
845000	-5940.479004	1033.34729	0.6895877719	1.558629036	1123.724487
850000	-5816.628906	989.7766724	0.6605116129	1.145859241	1151.763184
855000	-5860.549805	1051.012695	0.7013764977	1.493691683	1135.377441
860000	-5863.910156	1064.476196	0.7103611827	1.207252502	1142.431641
865000	-5874.425781	1079.349854	0.7202868462	1.472276211	1134.119629
870000	-5855.180176	1068.273926	0.7128955126	1.556762457	1135.126465
875000	-5822.671875	1057.984619	0.7060291171	1.407839179	1143.917358
880000	-5849.90625	1032.283813	0.688878119	1.576908946	1135.40918
885000	-5935.993164	1076.115723	0.7181286216	1.743865848	1120.089966
890000	-5924.008789	988.6442871	0.6597559452	1.20508182	1132.477661
895000	-5933.369629	1020.235352	0.6808377504	1.400395632	1128.32019
900000	-5867.071777	1001.680298	0.6684553027	1.65571034	1129.537109
905000	-5934.870605	1068.883301	0.7133021951	1.647066712	1121.514648
910000	-5915.105469	1063.947876	0.7100086212	1.658697128	1123.012817
915000	-5861.769531	1081.862183	0.7219634056	1.394441485	1139.146118
920000	-5888.267578	1052.876465	0.7026202679	1.59165287	1130.094238
925000	-5869.710938	1010.991638	0.6746690869	1.400194883	1135.925537
930000	-5883.26416	1018.104126	0.679415524	1.576810718	1130.389526
935000	-5832.179199	998.0169067	0.6660106182	1.585157037	1136.459839
940000	-5903.859863	1080.937744	0.7213464975	1.416548967	1133.179932
945000	-5886.991699	1030.068604	0.6873998046	1.889800429	1121.998657
950000	-5897.681641	991.9787598	0.6619811654	1.448457599	1131.190918
955000	-5912.980957	1064.657227	0.7104820013	1.787956595	1122.037231
960000	-5865.866211	1071.029541	0.7147344351	1.693176746	1130.398438
965000	-5849.953125	1058.610596	0.7064468265	1.554607987	1136.652344
970000	-5871.432617	1049.225464	0.7001838088	1.413463831	1136.607788
975000	-5864.692383	1057.252563	0.7055405974	1.4631598	1136.271362
980000	-5892.98877	1038.134033	0.6927821636	1.190641284	1139.025024
985000	-5865.346191	1070.136597	0.7141385674	1.664786935	1132.640869
990000	-5832.729492	1086.337158	0.7249497175	1.64405942	1135.824951
995000	-5872.610352	1022.061584	0.682056427	1.333819032	1139.095581
