timestep	potential_energy	kinetic_energy	temperature	pressure	volume
0	-184.5703125	0	0	-0.04541015625	8000
5000	-4308.845703	1837.091797	1.225953817	2.30598259	1395.726929
10000	-2188.278809	3819.984131	2.549205303	1.457881927	2490.291992
15000	-2382.299561	3462.797852	2.310842752	1.452476144	2292.786377
20000	-2840.594482	2946.552246	1.966334581	1.624854684	1972.851074
25000	-3296.471191	2762.64502	1.843606949	1.476272464	1773.279541
30000	-3493.651123	2479.634033	1.654744148	1.530054569	1700.434692
35000	-3600.462891	2512.132324	1.676431298	1.3028543	1665.167358
40000	-3688.744873	2487.481689	1.659981132	1.531770945	1620.473389
45000	-3637.310059	2369.21167	1.581055522	1.650429606	1626.213623
50000	-3771.354248	2455.295898	1.638502479	1.656084299	1583.958252
55000	-3697.414062	2334.256592	1.557728767	1.612023234	1605.941406
60000	-3648.234619	2393.570801	1.597311258	1.547855735	1637.414307
65000	-3616.870605	2479.76123	1.654829025	1.536361814	1635.318726
70000	-3576.934814	2439.231445	1.627782106	1.947404623	1615.998535
75000	-3753.654785	2483.93457	1.657613993	1.298807979	1625.07251
80000	-3763.002197	2300.800293	1.535402298	1.52697289	1585.50354
85000	-3741.808838	2253.530762	1.503857732	1.608479381	1586.291504
90000	-3847.17334	2325.641846	1.551979899	1.496003866	1563.482666
95000	-3712.549316	2336.039551	1.558918595	1.422122121	1620.912964
100000	-3670.654785	2359.787354	1.574766397	1.336960673	1628.698486
105000	-3662.383789	2362.424072	1.576525927	1.581570625	1622.542603
110000	-3620.971191	2453.819336	1.637517095	1.358441114	1657.221191
115000	-3605.655273	2443.391602	1.630558372	1.544142365	1643.622559
120000	-3683.762451	2447.862305	1.633541822	1.851214051	1595.067749
125000	-3702.626953	2304.204346	1.53767395	1.408570409	1627.920654
130000	-3706.293945	2352.623535	1.569985747	1.359536409	1632.391602
135000	-3690.494873	2398.869629	1.600847244	1.377549648	1631.71228
140000	-3721.510742	2396.598145	1.599331498	1.607899427	1601.902466
145000	-3740.64917	2332.137695	1.556314826	1.413610697	1610.300781
150000	-3813.405762	2440.34082	1.628522396	1.849611282	1558.310181
155000	-3663.11084	2348.07959	1.566953421	1.402254224	1638.735352
160000	-3687.729492	2411.054443	1.608978629	1.297613859	1635.687134
165000	-3733.949707	2450.929932	1.635588884	1.436994076	1615.39502
170000	-3710.668945	2338.276855	1.560411692	1.789280415	1588.51416
175000	-3709.399902	2250.81665	1.502046466	1.455386639	1613.881958
180000	-3704.412354	2335.1875	1.558350086	1.528192043	1614.916504
185000	-3558.943359	2396.075684	1.598982811	1.427580476	1662.9552
190000	-3679.640137	2466.751709	1.646147251	1.391640425	1634.728149
195000	-3612.029785	2455.831543	1.638859868	1.301875114	1658.866333
200000	-3656.233398	2461.291748	1.642503738	1.472427487	1635.186768
205000	-3573.340332	2283.30127	1.523724556	1.485861301	1649.225342
210000	-3746.291016	2335.425537	1.558508873	1.612841845	1593.139526
215000	-3650.571533	2449.991211	1.63496244	1.56253612	1631.814453
220000	-3671.116211	2405.875732	1.605522752	1.509671569	1624.64978
225000	-3736.574219	2395.452148	1.598566651	1.896489739	1571.053955
230000	-3655.012207	2392.935547	1.596887231	1.537043214	1628.268799
235000	-3684.510986	2458.644775	1.640737295	1.560482264	1617.724854
240000	-3692.41333	2339.497559	1.561226249	1.595317245	1611.807861
245000	-3636.236328	2421.384277	1.615872025	1.327447176	1643.667114
250000	-3675.8125	2412.214355	1.609752655	1.543339968	1617.182861
255000	-3668.889404	2483.287354	1.657182097	1.350685596	1638.32312
260000	-3731.823242	2461.094727	1.642372251	1.50400877	1601.51416
265000	-3728.084961	2385.578857	1.591977954	1.676353455	1593.598022
270000	-3718.971436	2332.106445	1.556293964	1.593089581	1594.863037
275000	-3781.180664	2392.43457	1.596552968	1.381637931	1599.180908
280000	-3686.895996	2493.635254	1.664087653	1.56833601	1614.32312
285000	-3724.815674	2306.993652	1.539535284	1.34803915	1615.721313
290000	-3734.740234	2474.780518	1.651505232	1.788237214	1579.050171
295000	-3705.366943	2326.21582	1.552362919	1.518076301	1606.247803
300000	-3693.811035	2388.842773	1.594156027	1.551559806	1613.627686
305000	-3611.498535	2451.743652	1.636131883	1.622896075	1649.731445
310000	-3635.53125	2461.597412	1.642707705	1.753152847	1614.4552
315000	-3630.080811	2469.259521	1.64782083	1.455779433	1644.717651
320000	-3607.83252	2452.971924	1.636951566	1.394280314	1650.629883
325000	-3623.619629	2423.283203	1.617139339	1.677900076	1623.171509
330000	-3653.875244	2302.161621	1.536310792	1.520289421	1621.702393
335000	-3709.317383	2325.744141	1.552048206	1.394117236	1623.13562
340000	-3742.774902	2334.531006	1.557911992	1.389608622	1612.688721
345000	-3781.9375	2381.832764	1.589478016	1.720529675	1573.194458
350000	-3643.876465	2366.560303	1.579286218	1.587919354	1625.429565
355000	-3846.978027	2441.400391	1.629229546	1.63796711	1561.997437
360000	-3733.657227	2479.546875	1.654685974	1.391834021	1611.21167
365000	-3560.820068	2411.09668	1.609006763	1.443305016	1666.64856
370000	-3683.109863	2407.42749	1.606558204	1.43113029	1630.541138
375000	-3653.410645	2431.318848	1.622501731	1.550081253	1628.28186
380000	-3707.937988	2379.532715	1.587943077	1.40913558	1620.489868
385000	-3683.039551	2379.737061	1.588079453	1.237628102	1639.82373
390000	-3738.612305	2462.957031	1.643615007	1.868775249	1576.406128
395000	-3729.317383	2395.527344	1.598616838	1.395223618	1611.271484
400000	-3731.583008	2349.4375	1.56785953	1.697372198	1589.743408
405000	-3703.579102	2432.654053	1.62339282	1.417232633	1619.878174
410000	-3613.280762	2396.924316	1.599549174	1.501536131	1641.531128
415000	-3647.179688	2356.316895	1.572450399	1.31859982	1646.432495
420000	-3623.547852	2412.661621	1.610051155	1.70198071	1628.485718
425000	-3686.175293	2300.109375	1.534941196	1.465139031	1616.737793
430000	-3739.617188	2455.261475	1.638479471	1.515631557	1610.686279
435000	-3762.280273	2425.503906	1.61862123	1.487342596	1602.072754
440000	-3795.854004	2391.790039	1.596122861	1.362768173	1595.460205
445000	-3700.470947	2481.097168	1.655720472	1.894438028	1586.500977
450000	-3649.976074	2357.560791	1.573280454	1.695878267	1610.403809
455000	-3634.877197	2325.28418	1.551741242	1.788964748	1605.75
460000	-3750.394043	2357.303223	1.573108554	1.663817286	1592.472046
465000	-3666.399902	2317.965332	1.546857119	1.464361191	1630.442749
470000	-3680.580078	2324.93335	1.551507115	1.408809185	1620.082275
475000	-3731.126953	2361.868164	1.576154947	1.390992641	1621.936157
480000	-3805.478271	2376.933105	1.586208344	1.609010816	1576.456543
485000	-3757.748535	2388.924805	1.594210744	1.540841103	1588.961304
490000	-3770.812988	2426.419678	1.619232416	1.820245862	1574.178101
495000	-3676.704346	2293.8396	1.530757189	1.246140361	1643.845703
500000	-3678.760254	2302.385986	1.536460519	1.091757536	1651.33374
505000	-3852.614502	2551.762939	1.702878237	1.426499248	1577.276611
510000	-3665.484375	2352.982666	1.570225358	1.535126448	1619.650879
515000	-3642.63916	2326.617188	1.552630782	1.563972116	1623.389282
520000	-3663.216064	2426.627441	1.619371057	1.470800877	1642.864746
525000	-3587.389893	2451.490234	1.635962844	1.525316358	1658.408691
530000	-3596.30957	2372.185791	1.583040237	1.362981319	1653.910767
535000	-3689.53125	2401.662109	1.602710843	1.866265059	1594.955566
540000	-3637.141357	2361.225098	1.575725794	1.303185701	1652.249146
545000	-3594.535889	2446.177734	1.63241756	1.653349757	1640.560913
550000	-3590.44873	2502.492188	1.669998169	1.504923105	1655.587402
555000	-3683.814941	2398.902832	1.600869417	1.380551457	1629.280273
560000	-3676.926514	2386.570557	1.592639685	1.844697595	1609.808228
565000	-3665.255371	2328.243164	1.553715825	1.636406064	1616.450073
570000	-3662.259766	2284.037109	1.524215698	1.666045189	1608.897583
575000	-3763.873535	2336.076416	1.558943272	1.523226976	1600.81958
580000	-3703.740967	2454.202881	1.637773037	1.552623868	1611.289185
585000	-3541.865723	2302.53418	1.536559343	1.300173044	1681.70166
590000	-3744.62207	2424.342773	1.61784637	1.558047771	1601.054443
595000	-3683.165283	2390.807617	1.59546721	1.716295838	1599.769775
600000	-3792.248291	2363.390137	1.57717061	1.57577908	1575.871094
605000	-3714.044434	2335.614746	1.558635116	1.348148942	1621.223267
610000	-3645.363037	2429.216797	1.621098995	1.775458097	1619.172974
615000	-3657.289551	2405.966797	1.605583429	1.287113428	1645.023804
620000	-3753.123535	2494.553711	1.664700508	1.522805691	1607.31897
625000	-3680.90918	2367.373047	1.579828501	1.383301139	1640.605225
630000	-3776.501953	2451.147461	1.635734081	1.186937571	1617.370972
635000	-3626.108154	2429.019043	1.620967031	1.442875981	1646.762451
640000	-3678.187256	2424.094238	1.61768055	1.502440453	1622.724609
645000	-3660.444336	2450.324707	1.635185003	1.804624081	1606.727051
650000	-3726.738281	2385.734863	1.592082024	1.493687987	1605.082642
655000	-3720.181152	2381.631348	1.589343548	1.495828152	1607.000488
660000	-3774.466553	2309.734131	1.541364193	1.806404829	1569.706787
665000	-3751.290527	2182.372559	1.456371427	1.666168809	1568.57019
670000	-3806.615234	2396.00293	1.598934293	1.349209428	1590.623657
675000	-3665.500977	2395.573242	1.598647475	1.767946362	1610.584961
680000	-3762.486328	2421.162109	1.615723848	1.395768285	1611.105103
685000	-3651.37915	2300.975586	1.535519242	1.337788582	1646.457642
690000	-3761.782715	2317.060547	1.546253324	1.272742987	1610.259521
695000	-3791.645508	2427.520508	1.619966984	1.67276895	1586.72229
700000	-3690.905518	2388.140137	1.593687177	1.516130805	1618.564819
705000	-3655.818848	2295.879639	1.532118559	1.5175457	1632.43689
710000	-3763.394531	2344.692383	1.564692974	1.402870893	1596.818115
715000	-3665.062988	2313.764648	1.544053793	1.686919928	1601.204102
720000	-3702.527832	2447.449707	1.633266449	1.656348944	1604.895874
725000	-3664.132812	2458.854004	1.640876889	1.57461226	1620.069946
730000	-3684.042969	2426.656006	1.61939013	1.797379255	1593.370483
735000	-3609.603271	2347.349365	1.566466093	1.300982952	1673.583984
740000	-3581.907471	2478.177979	1.653772473	1.362132311	1662.686523
745000	-3633.648926	2587.699707	1.726860046	1.486321807	1649.973145
750000	-3679.355469	2485.767578	1.658837199	1.397889853	1637.980713
755000	-3763.901855	2375.0896	1.584978104	1.459303379	1586.613403
760000	-3771.717041	2426.095947	1.61901629	1.472496271	1600.14978
765000	-3745.778809	2443.461426	1.630604863	1.627914548	1598.127808
770000	-3701.889648	2481.885254	1.656246424	1.680303335	1608.497192
775000	-3705.013916	2469.641602	1.648075819	1.404721737	1624.24939
780000	-3673.454102	2419.325439	1.614498138	1.632931828	1622.714722
785000	-3726.142822	2359.399658	1.574507594	1.350556493	1617.075195
790000	-3677.474609	2411.176758	1.609060287	1.437903285	1622.355957
795000	-3712.678955	2445.577637	1.632017136	1.558385849	1608.550293
800000	-3678.590088	2462.700684	1.643443942	1.383003354	1630.16748
805000	-3633.786133	2363.439941	1.57720387	1.560812116	1635.244263
810000	-3767.80127	2316.825684	1.546096563	1.512390137	1590.547485
815000	-3741.724365	2394.349609	1.597830892	1.435006142	1606.197144
820000	-3810.537109	2476.207275	1.652457356	1.564894557	1584.577271
825000	-3727.94873	2300.26709	1.535046458	1.196871519	1626.807373
830000	-3664.296387	2272.010498	1.516189933	1.563061833	1621.207642
835000	-3713.736816	2312.972168	1.543524981	1.398829341	1619.561279
840000	-3606.4375	2359.281738	1.574428916	1.37225318	1655.635864
845000	-3714.806152	2443.610107	1.630704165	1.661309004	1600.502808
850000	-3689.052734	2419.666992	1.614726067	1.468475103	1627.773071
855000	-3652.099365	2402.205078	1.60307312	1.498097181	1632.789185
860000	-3701.470215	2472.208496	1.649788857	1.469294667	1620.960083
865000	-3663.726562	2373.155762	1.583687544	1.518000484	1630.300171
870000	-3725.673584	2414.680176	1.61139822	1.303073645	1627.827148
875000	-3710.60791	2419.615967	1.614691973	1.656363368	1610.380981
880000	-3698.219727	2357.327393	1.573124766	1.533134222	1613.635742
885000	-3765.461426	2434.344238	1.624520659	1.415937662	1605.308594
890000	-3703.736816	2351.838867	1.569462061	1.774513006	1593.321289
895000	-3705.236328	2386.068604	1.592304707	1.359091282	1628.031982
900000	-3662.140137	2420.055176	1.614985108	1.298064113	1643.923706
905000	-3742.859375	2433.788086	1.624149561	1.491256714	1608.63208
910000	-3729.887939	2378.315918	1.587131143	1.572270274	1609.772217
915000	-3676.133301	2275.745117	1.518682122	1.254778028	1638.339355
920000	-3684.578369	2479.619873	1.654734731	1.56400001	1621.048828
925000	-3711.438477	2442.228516	1.6297822	1.582929015	1604.427002
930000	-3734.029785	2469.896484	1.648245931	1.752762914	1596.004883
935000	-3641.239258	2373.843018	1.584146142	1.773028612	1610.272583
940000	-3688.70752	2418.908691	1.614220023	1.544213891	1617.548218
945000	-3665.618164	2464.728271	1.644796968	1.472456574	1631.640869
950000	-3628.110352	2512.763428	1.676852465	1.499153495	1653.813843
955000	-3601.846191	2422.986816	1.616941452	1.61963582	1644.314331
960000	-3672.039551	2541.339355	1.695922136	1.419038534	1639.176025
965000	-3669.705566	2439.646729	1.628059268	1.434804082	1631.891846
970000	-3661.16626	2419.481689	1.614602447	1.348526716	1648.145996
975000	-3620.920898	2479.960693	1.654962063	1.382560134	1661.514771
980000	-3608.950684	2324.90918	1.551491022	1.490989804	1646.640015
985000	-3725.373535	2458.502441	1.640642285	1.503292084	1612.855469
990000	-3667.029785	2281.84375	1.522751927	1.894965768	1596.227173
995000	-3637.196533	2349.354492	1.567804098	1.413358212	1638.022949
