timestep	potential_energy	kinetic_energy	temperature	pressure	volume
0	-184.5703125	0	0	-0.04541015625	8000
5000	-4660.762695	1650.189209	1.101227403	1.673317909	1347.828125
10000	-2053.145508	3599.697021	2.402200222	1.566347718	2550.99585
15000	-2293.217529	3544.702148	2.365500212	1.45784986	2384.570801
20000	-2697.555908	2983.150879	1.990758061	1.181414485	2124.006836
25000	-3024.122559	2811.050781	1.875909805	1.724082589	1863.649902
30000	-3310.388184	2706.342041	1.806034088	1.494266748	1763.725342
35000	-3406.818848	2640.290527	1.761955619	1.605394721	1717.134888
40000	-3328.438965	2592.434814	1.730019927	1.512856722	1755.180054
45000	-3494.811523	2589.305908	1.727931857	1.529960155	1701.874878
50000	-3401.316895	2605.284912	1.738595247	1.587148309	1713.47998
55000	-3442.224121	2550.960449	1.702342629	1.418584943	1714.116333
60000	-3523.057129	2588.682861	1.727516174	1.717211246	1664.556763
65000	-3607.499512	2426.292236	1.619147301	1.519980788	1659.792725
70000	-3543.774414	2431.3479	1.622521162	1.567190766	1659.60144
75000	-3545.376953	2481.379395	1.655908823	1.516429067	1667.193115
80000	-3699.152832	2609.262695	1.741249681	1.314121485	1633.303223
85000	-3597.132324	2593.501465	1.730731726	1.415654182	1682.529175
90000	-3511.360352	2571.822266	1.716264486	1.618613005	1679.492798
95000	-3579.715332	2491.108154	1.662401199	1.417993426	1661.808838
100000	-3621.50293	2521.608887	1.682755351	1.422560334	1648.386108
105000	-3655.60376	2537.780273	1.69354713	1.407273889	1648.856812
110000	-3620.830811	2495.603516	1.665401101	1.421559691	1647.404419
115000	-3608.006836	2523.825684	1.684234738	1.478390455	1671.678345
120000	-3529.885742	2603.121094	1.737151265	1.471248627	1687.662231
125000	-3613.299316	2540.101318	1.695096016	1.802523136	1627.569458
130000	-3589.669678	2506.006348	1.672343254	1.678187847	1642.145752
135000	-3527.639648	2571.615723	1.71612668	1.394363761	1689.541504
140000	-3361.249023	2648.063232	1.767142653	1.807585597	1718.569458
145000	-3404.511475	2508.153564	1.67377615	1.278437495	1750.634521
150000	-3526.087891	2534.363037	1.691266656	1.403021455	1679.18103
155000	-3512.030273	2651.217285	1.769247413	1.567635179	1682.335693
160000	-3604.045654	2532.630371	1.690110326	1.635087609	1641.374268
165000	-3568.365479	2534.193848	1.691153765	1.715999603	1657.010376
170000	-3554.787598	2428.078125	1.620339155	1.485456705	1663.395386
175000	-3576.886719	2538.369629	1.693940401	1.560505986	1656.998047
180000	-3465.832031	2611.299561	1.742609024	1.575654745	1690.41333
185000	-3495.661865	2476.560791	1.652693272	1.424421906	1696.963135
190000	-3505.149414	2616.171387	1.7458601	1.487424254	1693.75354
195000	-3554.2229	2644.383545	1.764687061	1.477003694	1672.022949
200000	-3486.285645	2492.643066	1.663425446	1.319157958	1706.185059
205000	-3655.553711	2476.527832	1.652671218	1.497957826	1645.144287
210000	-3621.725098	2463.499512	1.643977046	1.455390573	1635.670898
215000	-3584.12915	2586.132324	1.725814104	1.540591717	1661.115967
220000	-3609.28833	2582.72998	1.723543525	1.564354777	1651.983643
225000	-3450.031738	2497.038574	1.666358709	1.530513763	1706.308105
230000	-3523.848145	2509.825684	1.674892068	1.367088318	1695.873413
235000	-3542.534668	2446.739746	1.632792592	1.583369255	1661.409546
240000	-3591.021973	2445.858154	1.632204294	1.427262187	1667.175293
245000	-3545.628662	2473.058105	1.650355816	1.45285368	1675.550049
250000	-3618.490967	2442.830811	1.630184054	1.315215468	1668.513672
255000	-3559.643066	2469.561523	1.648022413	1.691498041	1646.681152
260000	-3505.990967	2503.44043	1.670630932	1.214781046	1713.754517
265000	-3536.689941	2622.31543	1.749960303	1.529110551	1675.782104
270000	-3537.78125	2453.557129	1.637342095	1.474590302	1678.253174
275000	-3592.052734	2586.334229	1.725948811	1.328499556	1670.930054
280000	-3509.91748	2563.567627	1.710755825	1.367053032	1697.441162
285000	-3626.162598	2453.409668	1.637243748	1.341991663	1668.787354
290000	-3580.693848	2470.510498	1.648655653	1.32645607	1663.930176
295000	-3480.554199	2583.476074	1.724041462	1.465547323	1710.712891
300000	-3523.11377	2588.378662	1.727313161	1.691771269	1673.759033
305000	-3562.984131	2621.818359	1.749628544	1.614578247	1654.700684
310000	-3515.04248	2560.387207	1.708633423	1.807398677	1652.768677
315000	-3544.942871	2486.634766	1.65941596	1.509580135	1679.884399
320000	-3490.685303	2489.021484	1.661008716	1.620843768	1690.568115
325000	-3580.138184	2525.567871	1.685397387	1.551191449	1662.27063
330000	-3527.204834	2617.281494	1.746600986	1.571574807	1677.117188
335000	-3481.193848	2573.426514	1.717334986	1.480257869	1702.693848
340000	-3506.340332	2613.348145	1.743976116	1.749751568	1666.297119
345000	-3515.969482	2518.655273	1.680784345	1.706376672	1664.010742
350000	-3547.991211	2484.930664	1.658278704	1.463215351	1674.960327
355000	-3484.197266	2541.780029	1.696216226	1.491891503	1695.76062
360000	-3437.16748	2474.638672	1.65141058	1.498947978	1713.772583
365000	-3517.291016	2644.831543	1.764986038	1.351436138	1695.664551
370000	-3495.214355	2635.299316	1.758624911	1.467796564	1701.703003
375000	-3461.242188	2530.498535	1.688687682	1.515745878	1710.214478
380000	-3449.413818	2621.462891	1.749391317	1.193134308	1742.458008
385000	-3397.226074	2555.733887	1.70552814	1.317679167	1746.484619
390000	-3473.059326	2633.842773	1.757652879	1.606954336	1696.668823
395000	-3515.83374	2515.954346	1.6789819	1.407639623	1694.840088
400000	-3448.833984	2659.970215	1.775088549	1.635389805	1708.108276
405000	-3470.421143	2675.154297	1.785221457	1.498924851	1705.748291
410000	-3418.672363	2589.51123	1.728068948	1.68938911	1706.424805
415000	-3530.39502	2619.685059	1.748204947	1.529399395	1686.543091
420000	-3532.90332	2566.148438	1.712478161	1.449193954	1672.862915
425000	-3486.601562	2528.190918	1.687147737	1.679178715	1680.138428
430000	-3485.228271	2600.107666	1.735140324	1.568811893	1687.616089
435000	-3405.854004	2449.329346	1.634520769	1.481322169	1720.048096
440000	-3541.214355	2615.460693	1.745385885	1.616632462	1667.266235
445000	-3574.968262	2577.219482	1.719866157	1.478326201	1664.310181
450000	-3475.335693	2483.376465	1.657241583	1.482359529	1696.859863
455000	-3514.216797	2597.063965	1.733109117	1.564238667	1676.707031
460000	-3439.945557	2638.756836	1.760932207	1.560165882	1707.443237
465000	-3507.485352	2509.227783	1.674493074	1.579177618	1688.078857
470000	-3474.748047	2582.485352	1.723380327	1.62375617	1693.682861
475000	-3525.250732	2507.178955	1.673125744	1.478595853	1677.380615
480000	-3475.238281	2575.422363	1.718666911	1.313139439	1713.536499
485000	-3497.387695	2474.852051	1.651552916	1.35016644	1688.915771
490000	-3493.137695	2438.710205	1.627434254	1.389199495	1704.740601
495000	-3429.050781	2455.95752	1.63894403	1.511992574	1713.884766
500000	-3448.272949	2616.490479	1.746073127	1.490430951	1712.060913
505000	-3544.002441	2489.099609	1.66106081	1.793999195	1643.394287
510000	-3561.542969	2632.579834	1.756810069	1.296533585	1689.249268
515000	-3512.716797	2459.86084	1.641548753	1.30308497	1702.111816
520000	-3572.390869	2679.492676	1.788116574	1.703260899	1661.511475
525000	-3553.203613	2594.813965	1.731607556	1.517422795	1662.864868
530000	-3420.858643	2432.334473	1.623179555	1.53719449	1717.990356
535000	-3546.075684	2589.343506	1.72795701	1.428269863	1680.173584
540000	-3511.662354	2695.461914	1.798773408	1.741058946	1676.520874
545000	-3490.909668	2661.037109	1.775800586	1.530844092	1700.200317
550000	-3415.541504	2525.658203	1.685457587	1.535309196	1711.108154
555000	-3498.251465	2549.053223	1.701069951	1.430661082	1700.993164
560000	-3499.167969	2615.049316	1.745111346	1.602700353	1695.59668
565000	-3461.986084	2604.716309	1.738215804	1.929301381	1672.7146
570000	-3538.999023	2563.063965	1.710419774	1.515200019	1675.997681
575000	-3416.166504	2452.743164	1.636798978	1.610769629	1703.331909
580000	-3561.58667	2589.146484	1.727825522	1.612086177	1667.147339
585000	-3460.895752	2460.510498	1.641982317	1.646151662	1688.668579
590000	-3451.081543	2601.316895	1.735947251	1.635709167	1686.712646
595000	-3513.768066	2720.135742	1.815239072	1.697495699	1664.472046
600000	-3616.57959	2662.695312	1.776907086	1.55290997	1653.454956
605000	-3534.588867	2507.439453	1.67329967	1.511283517	1680.084106
610000	-3644.87207	2511.531982	1.676030755	1.294605851	1660.684082
615000	-3497.116699	2522.57666	1.683401227	1.735974789	1669.97583
620000	-3511.96875	2520.385742	1.681939125	1.264387608	1701.691772
625000	-3582.375	2511.729004	1.676162243	1.57272315	1656.961914
630000	-3544.502441	2595.925781	1.732349515	1.601504564	1661.764404
635000	-3505.664551	2529.114746	1.687764287	1.299411774	1709.181519
640000	-3466.115234	2497.330566	1.666553617	1.218981504	1736.790161
645000	-3486.164551	2591.568848	1.729442	1.513963699	1696.479248
650000	-3463.075684	2552.466309	1.703347564	1.462816834	1701.007568
655000	-3502.921387	2514.709473	1.678151131	1.461588502	1683.37561
660000	-3514.726074	2472.219971	1.649796486	1.476418376	1684.600952
665000	-3571.291504	2533.968262	1.691003203	1.521656394	1663.48938
670000	-3523.648926	2485.99707	1.658990383	1.421088696	1685.397827
675000	-3597.741943	2552.165039	1.703146577	1.440299273	1655.045776
680000	-3532.740479	2600.086914	1.735126376	1.436912417	1690.776489
685000	-3548.073242	2561.54126	1.709403634	1.72110045	1653.749512
690000	-3586.171875	2575.239014	1.718544602	1.605214477	1642.760132
695000	-3560.504639	2492.671387	1.6634444	1.46730721	1667.107422
700000	-3635.960938	2622.521729	1.75009799	1.558245182	1645.503174
705000	-3507.313721	2518.484375	1.680670261	1.460196376	1686.731689
710000	-3542.662842	2683.192383	1.790585518	1.69863975	1669.240234
715000	-3478.323242	2574.021973	1.71773243	1.602376819	1688.615479
720000	-3446.223633	2484.383301	1.657913446	1.352384806	1738.976196
725000	-3376.405273	2466.270996	1.645826459	1.663452148	1723.481079
730000	-3581.89209	2587.152344	1.726494789	1.370059729	1674.096558
735000	-3562.099854	2509.948486	1.674973965	1.585310578	1653.331787
740000	-3561.503418	2557.202148	1.706507921	1.619736791	1654.697388
745000	-3608.089844	2590.252686	1.728563666	1.545193791	1648.955811
750000	-3670.238281	2483.695068	1.657454133	1.604294419	1615.640137
755000	-3534.634766	2514.536621	1.678035855	1.677579999	1666.117188
760000	-3421.768555	2611.336914	1.742633939	1.33888042	1733.283325
765000	-3443.467285	2518.439209	1.680640101	1.52748239	1710.974365
770000	-3454.40625	2647.394287	1.766696215	1.397293568	1734.40271
775000	-3471.375977	2693.212158	1.797272086	1.69690299	1689.969971
780000	-3434.51001	2600.71582	1.735546112	1.522473931	1722.030151
785000	-3422.092529	2589.605957	1.728132129	1.452945352	1727.198364
790000	-3492.341797	2643.424805	1.764047265	1.452469826	1702.848389
795000	-3511.455078	2592.92334	1.730345964	1.331341743	1698.02002
800000	-3464.621094	2501.294922	1.669199228	1.450752497	1697.333618
805000	-3458.611816	2579.566895	1.721432686	1.467811108	1701.047485
810000	-3388.591064	2591.038574	1.729088187	1.628967047	1721.189331
815000	-3513.212891	2674.950195	1.785085201	1.655559659	1673.994995
820000	-3467.208252	2487.624023	1.660076141	1.645352721	1695.523438
825000	-3540.654785	2550.710205	1.702175617	1.404161215	1694.829956
830000	-3480.276367	2565.74707	1.712210298	1.258987188	1719.451782
835000	-3472.030273	2574.378418	1.717970252	1.456229568	1699.985229
840000	-3380.482666	2638.310547	1.760634303	1.353831053	1752.785278
845000	-3465.062988	2668.514404	1.780790448	1.420537114	1717.212769
850000	-3541.427246	2621.660156	1.749523044	1.661144137	1670.205566
855000	-3499.537598	2526.729736	1.686172724	1.434951186	1690.417114
860000	-3571.836182	2551.271484	1.702550173	1.106788158	1692.470581
865000	-3458.067627	2349.567383	1.567946196	1.376932859	1707.121094
870000	-3597.544678	2398.722656	1.600749254	1.421114206	1660.177002
875000	-3512.661865	2443.674561	1.630747199	1.200751781	1712.031006
880000	-3454.204346	2614.483887	1.744734049	1.508751392	1705.230591
885000	-3417.023926	2603.395752	1.73733449	1.851552844	1679.441406
890000	-3572.775391	2562.534668	1.710066557	1.241107225	1693.169189
895000	-3476.437012	2498.881104	1.667588353	1.449678183	1712.100098
900000	-3435.637695	2644.447754	1.764729977	1.36864984	1723.782715
905000	-3509.459961	2524.627441	1.68476975	1.383088708	1687.88562
910000	-3588.9646	2423.156738	1.617054939	1.422909975	1663.052856
915000	-3523.132568	2509.468018	1.674653411	1.710122824	1668.05249
920000	-3605.058594	2503.898438	1.670936584	1.621018887	1638.343872
925000	-3493.09375	2440.395996	1.628559232	1.817806244	1660.667358
930000	-3549.307129	2612.476074	1.743394136	1.579374313	1664.167114
935000	-3479.146729	2551.730469	1.702856541	1.536077499	1691.758423
940000	-3439.976562	2634.781006	1.758278966	1.520264626	1706.515991
945000	-3398.386963	2499.097168	1.667732477	1.291605592	1742.139404
950000	-3638.134766	2615.783203	1.745601058	1.491298556	1648.79248
955000	-3455.67627	2453.078125	1.637022495	1.740483284	1682.244629
960000	-3608.750244	2494.878906	1.664917588	1.402692795	1655.473022
965000	-3618.380859	2491.369385	1.662575483	1.497556448	1644.258667
970000	-3588.222168	2457.753418	1.640142441	1.503077149	1660.753784
975000	-3598.237793	2529.089355	1.687747359	1.482073188	1663.87915
980000	-3456.515625	2556.751221	1.706207037	1.900256515	1667.107422
985000	-3528.689697	2577.650879	1.720154047	1.797747254	1646.89978
990000	-3480.12915	2536.501221	1.692693591	1.47364676	1695.852905
995000	-3430.896484	2489.929443	1.661614656	1.807036996	1673.795288
