timestep	potential_energy	kinetic_energy	temperature	pressure	volume
0	-184.5703125	0	0	-0.04541015625	8000
5000	-2806.182129	2355.65918	1.572011471	1.580054879	2009.293457
10000	-1389.15332	5685.936523	3.794418812	1.621230364	3394.245361
15000	-1920.80127	4377.59668	2.921319246	1.45505023	2766.448242
20000	-2407.922852	3699.920898	2.469083071	1.48004818	2276.834229
25000	-2742.949219	3192.131592	2.130218029	1.390272975	2074.32373
30000	-2982.073242	3202.86499	2.137380838	1.619136333	1918.109131
35000	-3051.290283	2891.48877	1.929588795	1.525903225	1888.245117
40000	-2983.919189	2826.172363	1.886000991	1.377313733	1907.765503
45000	-3057.876221	2907.649414	1.940373302	1.255496144	1927.729858
50000	-3045.982422	3049.19873	2.034833908	1.40718019	1893.857544
55000	-2970.28418	3006.869141	2.006586075	1.425972223	1930.261841
60000	-2974.689209	3161.761963	2.109951258	1.626490116	1921.184937
65000	-2973.771484	3016.266357	2.012857199	1.503414392	1932.447021
70000	-3062.916504	3072.48291	2.050372362	1.462138057	1914.661255
75000	-3054.230957	3011.352783	2.009578228	1.462843537	1885.239258
80000	-3067.109375	3059.544922	2.041738272	1.473124981	1897.845703
85000	-2941.595703	3006.518066	2.006351709	1.595226049	1908.049927
90000	-2990.194824	2951.171387	1.969417095	1.536545753	1922.240356
95000	-3020.948242	2964.094727	1.978041172	1.490561843	1922.288208
100000	-3052.850586	2935.404053	1.958894968	1.324947476	1935.258057
105000	-3091.42749	3039.694336	2.028491497	1.531968355	1868.579712
110000	-3031.105713	2952.987793	1.970629215	1.389942527	1921.422241
115000	-3061.365723	2985.713135	1.99246788	1.567701459	1873.480469
120000	-3053.413086	2939.178955	1.961414099	1.53610909	1876.828125
125000	-3007.253174	3043.036133	2.030721426	1.678306699	1882.609497
130000	-2997.527588	2938.634033	1.961050391	1.332617044	1929.484009
135000	-3141.073975	3076.742432	2.053214788	1.484187245	1865.017822
140000	-3059.503418	2849.718018	1.901713729	1.34440577	1899.611816
145000	-2930.890137	2945.116943	1.965376735	1.711049199	1918.210327
150000	-3070.453125	2957.833252	1.973862767	1.59795332	1851.911133
155000	-3101.636719	3037.105225	2.026763678	1.711624146	1848.023926
160000	-3018.990723	3014.380859	2.011598825	1.581005812	1903.074585
165000	-3044.535645	3010.631592	2.009096861	1.505322933	1900.229492
170000	-3017.789062	2957.387695	1.97356534	1.443150043	1902.540405
175000	-3001.783936	2990.631836	1.995750308	1.551929235	1913.981079
180000	-3013.936035	2989.150146	1.994761586	1.785196781	1858.301392
185000	-3146.027344	2968.508301	1.980986595	1.458713055	1854.756348
190000	-3109.678711	2913.957275	1.94458282	1.489329338	1882.831909
195000	-3067.252441	2939.504639	1.961631417	1.189089775	1934.024536
200000	-3149.083496	2976.244141	1.986148953	1.785223842	1804.338257
205000	-3136.774658	2917.703613	1.947082877	1.330377698	1867.657104
210000	-3121.533203	2982.290771	1.990184069	1.287918091	1881.531372
215000	-3071.910645	2958.476562	1.97429204	1.356503606	1886.389038
220000	-3007.965332	3032.486816	2.023681641	1.562622905	1888.211182
225000	-3074.956055	2884.790771	1.925119042	1.524535179	1887.016357
230000	-3105.890625	2931.85498	1.956526518	1.255555272	1902.81189
235000	-2982.464844	2890.192383	1.928723693	1.450041413	1921.739258
240000	-3012.369141	2893.507324	1.93093586	1.346942067	1933.581787
245000	-3018.058105	3057.350586	2.040274143	1.560507298	1899.632446
250000	-3030.213867	2973.251953	1.984152198	1.602024078	1885.272095
255000	-3091.493652	3004.441895	2.004966259	1.453725219	1877.156738
260000	-2930.248047	2819.645508	1.881645322	1.472857475	1942.330688
265000	-3053.809326	3060.537842	2.042401075	1.489338994	1881.149414
270000	-3054.429932	3033.98291	2.024679899	1.533366919	1879.138062
275000	-2945.151123	3020.188965	2.015474796	1.629956841	1903.165527
280000	-3113.851562	3115.517334	2.079090595	1.808341861	1830.009033
285000	-3044.479004	3071.959229	2.05002284	1.547607541	1884.121704
290000	-2972.342773	2964.552246	1.978346586	1.547960281	1921.107544
295000	-3044.837646	3027.089844	2.02008009	1.508323193	1873.033447
300000	-2934.991699	2912.517334	1.943621874	1.565362334	1932.462158
305000	-3085.388672	3039.85083	2.028595924	1.56517601	1861.514648
310000	-3065.022949	2969.040771	1.981341839	1.232746482	1933.472168
315000	-2968.423584	2920.02124	1.948629498	1.384192944	1928.637451
320000	-3052.779297	3015.229248	2.01216507	1.410506129	1891.098633
325000	-3096.090088	3105.003418	2.072074413	1.479125023	1884.669067
330000	-2953.895996	3061.804932	2.043246508	1.755198956	1903.783081
335000	-2953.636963	2931.497314	1.956287861	1.5752033	1917.866211
340000	-3017.952393	2915.565918	1.9456563	1.216212153	1932.182129
345000	-3034.207764	3063.739258	2.044537306	1.502599001	1916.64502
350000	-2964.725098	3007.547363	2.007038593	1.479277611	1922.891602
355000	-3007.049805	2885.070068	1.925305367	1.53317976	1895.108154
360000	-3104.240967	2961.959229	1.976616144	1.359450936	1861.762817
365000	-3037.23877	2903.69873	1.937736869	1.764868855	1856.627563
370000	-3085.844727	2870.583496	1.91563797	1.432711482	1881.325073
375000	-3182.203613	2952.245117	1.970133543	1.416218996	1838.65625
380000	-3090.982178	2839.575439	1.894945264	1.367226481	1874.507568
385000	-3096.462891	2869.34668	1.914812684	1.573438525	1847.144775
390000	-2995.645508	2889.908936	1.928534508	1.386260033	1927.533081
395000	-2954.686768	2964.470215	1.97829175	1.497401714	1937.107544
400000	-2960.766602	2995.534668	1.999022126	1.267078042	1945.974854
405000	-3029.23999	3030.612793	2.022430897	1.43648839	1922.994629
410000	-2986.732178	2967.441895	1.980274916	1.621380448	1895.767334
415000	-3026.360352	3048.864014	2.034610748	1.519822478	1901.517578
420000	-3006.199463	3037.156738	2.02679801	1.468646049	1917.571167
425000	-3076.343262	2952.286865	1.970161438	1.360493302	1902.526001
430000	-3032.525391	3049.864258	2.035278082	1.563060284	1896.030151
435000	-2955.021484	2925.866211	1.952530026	1.473147035	1943.931763
440000	-2889.157227	3121.574463	2.083132744	1.769092083	1930.21521
445000	-2980.137695	3113.372559	2.077659369	1.398141861	1928.112427
450000	-3006.979492	2920.185059	1.948738813	1.377219796	1899.495605
455000	-3045.112793	3000.809814	2.002542496	1.616457343	1881.20166
460000	-3043.745605	2979.689941	1.988448381	1.651237845	1872.838013
465000	-3038.48877	2990.294678	1.99552536	1.347076893	1908.899048
470000	-2919.568848	3014.245605	2.011508703	1.490362644	1954.26123
475000	-2939.595459	3020.853027	2.015918016	1.69179225	1913.848755
480000	-3048.853516	3163.876465	2.111362457	1.059611201	1954.418945
485000	-3000.272217	3007.066406	2.006717682	1.548128963	1921.118408
490000	-3038.056152	3137.69043	2.093887568	1.683219194	1892.219849
495000	-3044.549072	3011.696777	2.009807587	1.588412523	1878.673218
500000	-3015.955566	2922.402344	1.950218439	1.613175988	1869.529663
505000	-3068.88916	3009.164795	2.008117914	1.48077774	1870.778564
510000	-3065.632324	2891.684082	1.92971909	1.468880415	1882.500366
515000	-3026.958008	2930.975586	1.955939651	1.574339628	1887.865845
520000	-3099.143555	3082.382324	2.056978464	1.43268609	1877.964111
525000	-3079.789551	2939.384766	1.961551428	1.424479485	1883.107666
530000	-3138.30957	2931.088135	1.956014752	1.508009553	1846.634033
535000	-3089.77002	2932.332031	1.956844926	1.408684492	1881.062988
540000	-3037.611816	2972.160645	1.983423829	1.502684236	1905.315918
545000	-3030.347656	3048.502686	2.034369469	1.450644135	1910.308716
550000	-2968.159668	3070.23999	2.04887557	1.499220133	1936.372559
555000	-3024.533691	2931.810059	1.956496596	1.659348607	1880.461182
560000	-3097.67041	2960.726807	1.975793719	1.383265018	1881.418335
565000	-3015.334961	2966.837158	1.979871392	1.699736714	1877.868896
570000	-3051.186523	3082.43457	2.057013512	1.292945147	1913.167847
575000	-3064.106201	3117.652832	2.080515862	1.331535697	1909.1698
580000	-3023.871094	3081.246582	2.056220531	1.573873639	1909.825928
585000	-2995.169434	2903.026123	1.937288046	1.546800256	1916.641846
590000	-3068.004883	3034.02002	2.024704695	1.509613395	1875.000854
595000	-3076.64502	2910.782715	1.942464352	1.374905825	1890.415649
600000	-3052.370117	2880.766602	1.922433496	1.538577795	1872.253174
605000	-3029.332764	2855.755859	1.905743003	1.47856462	1915.113403
610000	-3063.842285	2950.220703	1.968782663	1.618072867	1861.856323
615000	-2978.098145	2839.45752	1.894866586	1.315063715	1943.643188
620000	-3022.050049	2862.327637	1.910128593	1.439963102	1912.57373
625000	-3036.586914	3072.439453	2.050343275	1.869066596	1870.389038
630000	-3026.388672	2999.158447	2.001440525	1.434904933	1910.430298
635000	-3066.779053	2956.704102	1.973109245	1.463582158	1895.103882
640000	-3071.778809	2957.89209	1.973901987	1.354654551	1883.855469
645000	-3056.291748	3085.478027	2.059044361	1.422606707	1890.243286
650000	-2983.037842	3040.45166	2.028996706	1.837884188	1872.666504
655000	-2991.75415	2904.424316	1.938221097	1.653278828	1895.545532
660000	-3072.744141	2969.523682	1.981664181	1.39126718	1893.439819
665000	-3114.396973	3008.760498	2.007848263	1.629556775	1843.553589
670000	-3131.387207	3068.989746	2.048041344	1.782681704	1819.533081
675000	-3102.315186	2972.751221	1.983817935	1.466333747	1853.552856
680000	-2938.418945	3004.207031	2.004809618	1.397886992	1961.609497
685000	-2841.628662	3080.488525	2.055714846	1.600529909	1961.622925
690000	-2968.969971	3026.929688	2.01997304	1.443635345	1925.171753
695000	-3109.797363	2912.244141	1.943439603	1.557994366	1869.406738
700000	-3167.875488	2992.28418	1.996852994	1.6238693	1821.783203
705000	-3128.258789	2903.605957	1.937674999	1.602563739	1838.834595
710000	-3052.970947	3036.134277	2.026115656	1.474854589	1895.561279
715000	-3019.965332	3063.651367	2.044478655	1.486598134	1917.040894
720000	-3088.849609	3067.241455	2.046874523	1.330447555	1889.826172
725000	-3103.37915	3003.668457	2.004450083	1.381212473	1872.169434
730000	-2971.279785	2882.949219	1.923890114	1.442883253	1942.221558
735000	-2987.019775	2933.730957	1.957778454	1.813587427	1889.463623
740000	-2941.736816	2958.446289	1.974271774	1.656484008	1915.120483
745000	-2945.083984	2997.592285	2.000395298	1.550129414	1939.331177
750000	-3055.479736	3108.053467	2.074109793	1.48951757	1895.280884
755000	-3079.366211	3083.239258	2.05755043	1.516522646	1872.635376
760000	-3037.360107	3075.206543	2.052189827	1.856672883	1859.691284
765000	-3098.435547	2995.364746	1.998908758	1.328740358	1876.881714
770000	-3051.367676	2879.543945	1.921617627	1.542081356	1872.549683
775000	-3055.449707	2951.188721	1.969428658	1.492209435	1877.304932
780000	-3003.24707	2988.727051	1.994479179	1.40537703	1928.523193
785000	-2900.073242	2971.79541	1.983180165	1.542150617	1965.374634
790000	-3010.592773	2921.244385	1.949445724	1.475442171	1914.316406
795000	-3017.481201	3091.416016	2.063007116	1.558307052	1923.555298
800000	-2940.04541	3039.311035	2.028235674	1.494263053	1945.892822
805000	-2905.28125	2992.986084	1.997321367	1.559738874	1942.787842
810000	-2882.494141	3141.373535	2.096345425	1.307439566	1998.987427
815000	-2928.474609	3060.234863	2.042198896	1.361049652	1972.567749
820000	-2960.955078	2993.17041	1.997444391	1.569432735	1931.224976
825000	-3044.933105	3004.511963	2.005012989	1.312384725	1920.233521
830000	-2976.128174	3094.045898	2.064762115	1.757860661	1902.392334
835000	-3076.124756	2990.784424	1.995852113	1.708329082	1834.203247
840000	-3033.915039	2963.60083	1.977711678	1.489787221	1887.80127
845000	-3111.602539	2906.019531	1.939285636	1.49078989	1862.767456
850000	-2967.946777	2905.352783	1.938840747	1.707430959	1905.258301
855000	-3162.455811	3033.194824	2.024153948	1.650984764	1826.585571
860000	-2978.575195	2980.487793	1.988980889	1.691058159	1888.928345
865000	-3074.441895	3039.498779	2.028360844	1.487985134	1885.089111
870000	-2957.376709	3042.407715	2.030302048	1.717232823	1907.385376
875000	-2915.946533	3039.155273	2.028131723	1.538807392	1953.619141
880000	-2980.303711	3008.445557	2.007637978	1.341282368	1948.383911
885000	-2932.78125	2985.433105	1.992281079	1.4979496	1927.733887
890000	-3020.001221	3017.915039	2.013957262	1.34950912	1928.014771
895000	-2957.952637	2877.209717	1.920059919	1.548182964	1935.540161
900000	-3022.576172	3178.026855	2.120805502	1.599849463	1900.792603
905000	-2921.869385	2995.051025	1.998699427	1.623969197	1929.716797
910000	-3034.905762	3016.202148	2.012814283	1.284566402	1923.584961
915000	-3104.611816	2901.05835	1.935974956	1.245035172	1891.231567
920000	-3050.259766	2943.100586	1.9640311	1.352973819	1905.679443
925000	-3028.549316	3055.033203	2.038727522	1.655267835	1881.636475
930000	-3056.20752	3008.421143	2.007621765	1.320560336	1899.001465
935000	-3087.95752	3008.173584	2.007456541	1.38072288	1893.052734
940000	-2995.090088	2938.412598	1.960902691	1.437625527	1918.287964
945000	-2884.620117	2999.695312	2.00179863	1.628340006	1938.157837
950000	-2896.95166	3080.907715	2.055994511	1.561095357	1953.56897
955000	-2942.914795	3033.112549	2.024099112	1.287359595	1983.278931
960000	-3093.794434	2975.914307	1.985928774	1.450369835	1873.088257
965000	-3158.041504	2961.760742	1.976483703	1.584827662	1831.245117
970000	-3039.913574	2948.608887	1.967707038	1.827690959	1865.785034
975000	-2996.377686	3068.479004	2.047700405	1.736655474	1888.713379
980000	-2983.745117	3102.960938	2.070711374	1.567427039	1931.301636
985000	-2999.193848	3137.84375	2.093989849	1.359714627	1928.444336
990000	-2968.243408	2978.043213	1.98734951	1.444262981	1944.313721
995000	-3019.397461	3051.57251	2.0364182	1.367187738	1936.250854
