timestep	potential_energy	kinetic_energy	temperature	pressure	volume
0	-396.2109375	0	0	-0.04874023795	16000
5000	-13640.93848	824.7967529	0.275069803	1.384792686	2064.256104
10000	-13220.67383	1426.547485	0.4757537246	1.404853582	2142.139404
15000	-12802.74023	1667.170898	0.5560016632	1.571629405	2197.015137
20000	-12704.91895	1801.6427	0.6008480191	1.402905226	2213.501221
25000	-12695.57031	1878.502441	0.6264807582	1.440739989	2217.377197
30000	-12648.07422	1823.313354	0.6080752015	1.693846107	2210.603027
35000	-12700.7002	1860.463013	0.6204645634	1.562200904	2213.888184
40000	-12619.70215	1816.810059	0.6059063077	1.551989794	2208.58667
45000	-12679.06445	1832.628418	0.611181736	1.369499207	2224.288086
50000	-12651.99023	1787.920166	0.5962715745	1.454135895	2221.257568
55000	-12724.00879	1857.210205	0.6193797588	1.372814775	2224.119141
60000	-12590.92969	1768.313965	0.5897328854	1.52755928	2222.907959
65000	-12662.09863	1830.897705	0.6106045842	1.438809633	2216.085938
70000	-12744.33301	1817.082886	0.605997324	1.796422362	2187.303711
75000	-12742.84668	1752.007324	0.5842946172	1.465368748	2213.869873
80000	-12672.19434	1834.869629	0.6119291782	1.685808659	2209.85498
85000	-12710.09961	1817.860596	0.6062566638	1.438114166	2212.373047
90000	-12721.31641	1765.311279	0.5887314677	1.685679078	2204.38916
95000	-12767.85156	1792.766846	0.5978879333	1.474485159	2208.38208
100000	-12694.5332	1771.42627	0.5907708406	1.344521046	2223.933594
105000	-12717.76367	1778.630615	0.5931735039	1.526813745	2207.873535
110000	-12662.03516	1736.141357	0.579003334	1.523378253	2208.532959
115000	-12693.26465	1845.06958	0.6153308749	1.459904075	2216.314453
120000	-12610.35352	1756.313232	0.5857306123	1.462220788	2232.431396
125000	-12621.67773	1818.30542	0.6064050198	1.745910525	2205.225098
130000	-12685.92773	1799.465332	0.6001218557	1.489857793	2218.405029
135000	-12646.17969	1832.699463	0.6112054586	1.352722526	2216.0625
140000	-12744.55078	1806.892822	0.6025989056	1.493559599	2212.443604
145000	-12716.33398	1794.359741	0.5984191298	1.491215587	2215.88501
150000	-12630.11816	1836.582031	0.6125003099	1.799215913	2203.54834
155000	-12578.0625	1765.980957	0.5889548063	1.621440291	2212.221924
160000	-12593.71289	1806.73584	0.6025465727	1.392524838	2224.709961
165000	-12683.63867	1771.671387	0.5908525586	1.379067659	2216.428955
170000	-12739.03027	1795.089111	0.5986623764	1.453471899	2213.244629
175000	-12701.69629	1799.405029	0.600101769	1.548544168	2207.356445
180000	-12693.42773	1775.962769	0.5922837257	1.248524427	2220.331543
185000	-12669.04297	1805.320068	0.6020743847	1.765235901	2213.213379
190000	-12688.05273	1815.598022	0.6055021286	1.453858137	2221.037109
195000	-12708.08984	1767.795898	0.5895600915	1.411001563	2216.544189
200000	-12693.41211	1812.012695	0.6043063998	1.218476772	2227.045166
205000	-12680.53516	1787.651978	0.5961821079	1.820558429	2194.691406
210000	-12681.54688	1828.390259	0.6097683311	1.634720922	2201.94165
215000	-12731.61426	1781.568359	0.5941532254	1.416414738	2202.008301
220000	-12731.61914	1775.458496	0.592115581	1.439785123	2207.201904
225000	-12734.00586	1771.66333	0.5908498764	1.502289414	2205.362549
230000	-12719.97754	1822.990479	0.6079674959	1.544723868	2206.653809
235000	-12699.08789	1750.156982	0.5836775303	1.588916659	2199.185303
240000	-12746.39062	1797.890625	0.5995966792	1.536707282	2204.435547
245000	-12732.99023	1754.601685	0.5851598382	1.538818479	2209.986572
250000	-12822.54883	1830.071533	0.6103290319	1.36294353	2204.575928
255000	-12728.03125	1835.934937	0.6122844815	1.566083312	2197.903564
260000	-12674.41211	1762.32666	0.5877361298	1.255531788	2223.764648
265000	-12736.66699	1746.022705	0.5822987556	1.466707468	2210.562744
270000	-12670.9375	1759.913208	0.5869312286	1.639946103	2208.859619
275000	-12690.53906	1739.429688	0.5800999403	1.218841553	2221.039062
280000	-12754.82031	1865.109253	0.6220141053	1.450732827	2217.024658
285000	-12732.32227	1848.054932	0.6163265109	1.204634786	2230.342285
290000	-12679.66797	1774.487793	0.5917918682	1.271875978	2227.327881
295000	-12642.35938	1793.160645	0.5980192423	1.522958517	2224.384277
300000	-12701.40039	1819.706177	0.606872201	1.530328155	2214.861328
305000	-12650.62305	1763.206421	0.5880295038	1.560299993	2215.869141
310000	-12754.70996	1803.916992	0.6016064882	1.261928201	2219.679688
315000	-12740.48828	1848.888062	0.6166043282	1.727636695	2191.164062
320000	-12869.50488	1835.356934	0.6120917201	1.396437883	2208.189453
325000	-13101.51367	1824.34314	0.6084185839	1.416374922	2175.937256
330000	-13502.07715	1796.334473	0.5990777016	1.631188035	2127.947754
335000	-13606.2207	1792.937744	0.5979449153	1.544541359	2119.308594
340000	-13581.29883	1801.38855	0.6007632613	1.314538479	2137.068848
345000	-13617.00488	1788.119141	0.5963379145	1.465016007	2128.974121
350000	-13630.94336	1786.757568	0.5958838463	1.50395596	2119.607178
355000	-13598.5791	1777.48877	0.5927926898	1.462805867	2135.027588
360000	-13524.80566	1809.118896	0.603341341	1.597368121	2130.541016
365000	-13512.51953	1778.34314	0.5930776	1.480669379	2136.384766
370000	-13530.05664	1776.998657	0.5926291943	1.574595571	2138.572021
375000	-13542.9375	1831.155762	0.6106905937	1.536480427	2136.682617
380000	-13590.67285	1825.624268	0.6088458896	1.41165328	2127.133789
385000	-13582.06348	1860.09668	0.6203424335	1.311885357	2135.1604
390000	-13527.20703	1823.827637	0.6082466841	1.12669158	2143.894043
395000	-13534.99902	1821.243652	0.6073849201	1.306515336	2141.064453
400000	-13536.87598	1763.126953	0.5880029798	1.746826053	2121.151611
405000	-13604.27148	1811.411865	0.604106009	1.687478781	2113.54541
410000	-13612.42578	1747.989014	0.5829545259	1.629550099	2123.811035
415000	-13687.60352	1788.742676	0.5965458751	1.56523025	2115.638184
420000	-13550.58594	1771.231934	0.5907059908	1.647965193	2124.064697
425000	-13616.98242	1772.924316	0.5912704468	1.6357342	2118.425537
430000	-13588.11133	1793.145508	0.5980141759	1.462473989	2131.322998
435000	-13564.89844	1805.762451	0.6022219658	1.2137537	2142.794922
440000	-13579.38867	1788.322266	0.5964056253	1.559281468	2122.143799
445000	-13645.82812	1798.431885	0.5997772217	1.272025824	2134.717041
450000	-13626.05469	1756.638428	0.5858390927	1.542159677	2121.58374
455000	-13683.02539	1758.910889	0.5865969658	1.345362067	2120.01001
460000	-13632.7998	1728.205688	0.5763567686	1.542991996	2122.431396
465000	-13697.08398	1784.332031	0.595074892	1.493806958	2114.269287
470000	-13651.9707	1743.983521	0.5816186666	1.291712284	2130.464111
475000	-13598.06055	1749.304199	0.5833930969	1.441825151	2127.741943
480000	-13631.92188	1885.706787	0.6288834214	1.557003617	2124.151123
485000	-13553.39844	1766.03479	0.5889727473	1.431416631	2132.313477
490000	-13627.44531	1827.134888	0.609349668	1.659393787	2119.243896
495000	-13667.12988	1793.233765	0.5980436206	1.492458344	2117.06665
500000	-13636.28906	1845.03125	0.6153181195	1.189981937	2134.80127
505000	-13654.37305	1773.90332	0.5915969014	1.583494544	2127.557129
510000	-13619.00195	1757.05481	0.5859779716	1.479007363	2120.627441
515000	-13631.09961	1801.131104	0.600677371	1.67435205	2118.35498
520000	-13602.94434	1793.951416	0.5982829928	1.513041019	2129.214111
525000	-13594.54297	1825.646118	0.6088531613	1.602308512	2129.413818
530000	-13563.41406	1797.556396	0.5994852185	1.46546948	2142.568359
535000	-13593.47168	1848.623169	0.6165159941	1.787641525	2116.292236
540000	-13537.8125	1760.772705	0.5872178674	1.584266424	2127.424805
545000	-13609.68848	1810.675415	0.6038604379	1.400629044	2138.969482
550000	-13573.51855	1793.969604	0.5982890129	1.719757915	2119.874268
555000	-13614.13086	1789.33606	0.5967437625	1.451695085	2127.059814
560000	-13582.62695	1778.335449	0.593075037	1.632656217	2121.812256
565000	-13565.88867	1761.260498	0.5873805285	1.542568803	2133.619873
570000	-13631.64648	1779.910278	0.5936002731	1.556028128	2121.493164
575000	-13645.7832	1740.750366	0.5805404186	1.326357484	2128.334717
580000	-13642.66309	1794.964844	0.5986209512	1.209738612	2137.362549
585000	-13528.3623	1799.5354	0.6001452208	1.66745913	2124.383545
590000	-13558.58496	1791.674805	0.5975236893	1.600378752	2126.353271
595000	-13610.58105	1822.30481	0.6077388525	1.192243338	2131.231689
600000	-13646.05273	1789.021362	0.5966387987	1.270473957	2130.932617
605000	-13599.2168	1739.562744	0.5801443458	1.443172216	2125.325439
610000	-13580.63477	1814.829346	0.605245769	1.531556964	2133.166504
615000	-13625.70508	1801.940918	0.6009474397	1.35058403	2128.553711
620000	-13636.18555	1812.640869	0.6045159101	1.583003521	2123.068359
625000	-13620.83105	1804.078857	0.60166049	1.31638658	2142.20166
630000	-13637.72266	1769.530273	0.590138495	1.499995947	2123.883057
635000	-13597.20215	1768.660156	0.5898483396	1.438884854	2125.756836
640000	-13569.17578	1773.92041	0.5916026235	1.585235476	2122.742676
645000	-13602.9375	1738.738037	0.5798692703	1.295392752	2135.841797
650000	-13597.10547	1807.769653	0.602891326	1.694134593	2121.452148
655000	-13592.01953	1781.080811	0.593990624	1.377897501	2126.17041
660000	-13615.72754	1783.428101	0.5947734118	1.348768234	2120.118652
665000	-13563.37012	1784.681519	0.5951914787	1.471578717	2126.036377
670000	-13618.53418	1810.234863	0.6037135124	1.628908873	2120.088379
675000	-13633.43555	1743.788574	0.581553638	1.461962223	2127.717529
680000	-13568.3457	1798.536743	0.59981215	1.685966015	2122.243652
685000	-13604.75195	1838.630859	0.613183558	1.497713089	2130.777344
690000	-13626.73926	1824.57959	0.6084974408	1.471028924	2122.734863
695000	-13618.83594	1764.71167	0.5885314941	1.42696929	2125.992188
700000	-13639.05176	1775.535156	0.5921411514	1.5300107	2120.748291
705000	-13694.92383	1778.525146	0.5931382775	1.494214654	2111.180664
710000	-13623.16113	1783.692871	0.5948617458	1.465054989	2127.616211
715000	-13586.92285	1808.289062	0.6030645967	1.458485961	2127.193848
720000	-13656.0332	1850.438232	0.6171213388	1.450407505	2117.740723
725000	-13632.63672	1840.537842	0.6138195395	1.389647365	2127.503418
730000	-13553.91113	1798.208008	0.5997025371	1.387480617	2134.713135
735000	-13634.32812	1808.864746	0.6032565832	1.493384004	2122.519531
740000	-13567.33984	1772.594727	0.5911605358	1.545888305	2124.928955
745000	-13632.70898	1774.456055	0.5917812586	1.302508593	2132.293945
750000	-13644.29395	1749.553467	0.5834762454	1.613097787	2114.996826
755000	-13670.4082	1727.092041	0.5759853721	1.541413784	2122.522949
760000	-13689.55078	1829.814087	0.6102431417	1.607387662	2107.279053
765000	-13618.39062	1790.521606	0.5971391201	1.463940024	2122.945068
770000	-13684.82227	1805.729614	0.6022109985	1.573997617	2109.087891
775000	-13606.93555	1805.25708	0.6020534039	1.708378792	2121.82959
780000	-13593.3457	1818.405273	0.6064383388	1.336586714	2130.179443
785000	-13593.0957	1788.527832	0.5964742303	1.302095175	2141.630371
790000	-13651.93457	1831.6073	0.6108412147	1.187418461	2137.747803
795000	-13622.72754	1789.838867	0.5969114304	1.530615926	2124.6521
800000	-13663.54492	1815.688232	0.6055321693	1.443878651	2122.532471
805000	-13634.99219	1802.331543	0.6010777354	1.615043759	2113.218262
810000	-13567.98047	1807.767822	0.6028907299	1.476059675	2126.840332
815000	-13599.59082	1802.119629	0.6010070443	1.389896631	2133.456055
820000	-13625.4834	1809.704834	0.603536725	1.532262444	2134.021973
825000	-13554.95605	1786.423096	0.5957722664	1.240761042	2143.536621
830000	-13571.4375	1845.053955	0.6153256893	1.443328738	2135.716797
835000	-13592.72168	1802.478516	0.6011267304	1.517152309	2125.769287
840000	-13601.16211	1790.331055	0.5970755816	1.32715559	2132.593018
845000	-13581.04688	1807.312744	0.6027389765	1.613014698	2130.536377
850000	-13615.08496	1845.919922	0.6156144738	1.453391194	2129.842285
855000	-13574.81445	1826.10144	0.6090049744	1.428928733	2134.501709
860000	-13561.83984	1818.543579	0.6064844728	1.494739294	2132.214355
865000	-13622.4082	1799.747192	0.6002158523	1.590231419	2118.56543
870000	-13631.89453	1751.360352	0.5840788484	1.789814353	2114.455566
875000	-13659.53125	1775.350708	0.5920796394	1.574451804	2122.346191
880000	-13670.63867	1830.070312	0.6103286147	1.467461228	2118.671631
885000	-13600.32812	1766.821899	0.5892352462	1.532554984	2128.112305
890000	-13625.89258	1780.684814	0.5938585401	1.534299135	2113.037842
895000	-13686.31152	1763.618286	0.5881668925	1.596270442	2117.820801
900000	-13611.23828	1758.383423	0.5864210129	1.486392379	2122.045654
905000	-13635.41406	1805.224609	0.6020425558	1.152223706	2130.036621
910000	-13633.26172	1831.581787	0.6108326912	1.371261477	2130.966553
915000	-13633.31543	1849.80249	0.6169093251	1.590313077	2114.537598
920000	-13625.20605	1823.163452	0.6080251932	1.71715796	2111.050049
925000	-13652.43848	1793.6604	0.5981858969	1.495759487	2118.961914
930000	-13659.4375	1815.451538	0.6054532528	1.449068189	2122.267578
935000	-13584.88672	1763.461914	0.5881147385	1.486487269	2126.395264
940000	-13677.27246	1802.918701	0.6012735367	1.529322505	2119.180908
945000	-13756.61133	1828.087036	0.609667182	1.526558638	2114.324951
950000	-13652.16113	1741.359619	0.5807436109	1.482544541	2119.038086
955000	-13669.4707	1776.200684	0.5923631191	1.532708049	2106.007812
960000	-13729.32617	1780.627563	0.5938394666	1.457287908	2116.29541
965000	-13659.29102	1777.738037	0.5928757787	1.473576784	2123.979004
970000	-13694.30078	1808.476685	0.6031271219	1.347344398	2122.073486
975000	-13639.68164	1804.759888	0.6018875837	1.51868856	2118.24707
980000	-13608.98145	1775.081543	0.5919898748	1.479826808	2126.398682
985000	-13672.38672	1746.489136	0.5824542642	1.479947329	2125.169922
990000	-13679.4707	1782.342041	0.5944112539	1.308402777	2126.912598
995000	-13637.09277	1738.377808	0.579749167	1.349256516	2122.239746
