timestep	potential_energy	kinetic_energy	temperature	pressure	volume
0	-373.5703125	0	0	-0.04595508054	16000
5000	-12881.02539	687.3815308	0.2292418033	1.56470716	2045.071655
10000	-12485.04199	1237.639771	0.412752986	1.511919022	2119.237793
15000	-12066.51953	1558.94519	0.5199083686	1.575796962	2185.332031
20000	-11864.17188	1749.293213	0.583389461	1.539309263	2205.921387
25000	-11828.11133	1797.593018	0.5994974375	1.479279518	2225.726807
30000	-11753.82031	1764.614014	0.58849895	1.212853312	2240.814453
35000	-11753.98633	1835.753418	0.6122239232	1.528380036	2218.634033
40000	-11784.2168	1767.059692	0.58931458	1.422970295	2223.397461
45000	-11733.08984	1779.154297	0.5933481455	1.493058801	2224.990723
50000	-11779.06152	1835.194824	0.6120376587	1.403032064	2234.606934
55000	-11784.57617	1828.246948	0.6097205281	1.764921308	2208.223633
60000	-11735.57812	1775.088379	0.5919921398	1.41528976	2233.148193
65000	-11737.23047	1761.750122	0.5875438452	1.323124647	2245.608398
70000	-11801.12695	1802.6875	0.6011964679	1.322951913	2239.337646
75000	-11710.125	1803.90918	0.6016038656	1.556050539	2233.464844
80000	-11723.57812	1722.384033	0.5744152665	1.6047647	2228.653076
85000	-11733.88477	1795.148926	0.598682344	1.529481053	2230.37793
90000	-11750.41895	1778.966431	0.593285501	1.598110199	2221.746094
95000	-11772.54883	1784.843018	0.5952453017	1.411706209	2228.990723
100000	-11731.04102	1791.185303	0.5973604918	1.456444025	2241.516357
105000	-11674.41211	1844.722412	0.6152151227	1.84688735	2221.023682
110000	-11738.31641	1826.962158	0.6092920303	1.444702744	2239.70166
115000	-11782.44141	1729.815918	0.5768937469	1.581507325	2220.988037
120000	-11798.42383	1783.743774	0.5948787332	1.483792067	2224.108643
125000	-11695.67188	1817.496094	0.6061351299	1.650050521	2234.585938
130000	-11675.63379	1825.730347	0.6088812351	1.504119873	2228.145752
135000	-11747.04688	1840.953125	0.6139580607	1.653572798	2217.340332
140000	-11701.12305	1798.567383	0.599822402	1.549938083	2237.828125
145000	-11708.62988	1727.143066	0.5760023594	1.317834854	2242.085449
150000	-11738.45117	1806.533691	0.6024791598	1.569265842	2227.22583
155000	-11775.94531	1793.18103	0.5980260372	1.561125278	2217.966797
160000	-11742.61035	1872.908081	0.6246150136	1.372636318	2238.772461
165000	-11769.71582	1809.901001	0.6036021709	1.461292028	2219.779541
170000	-11725.54492	1811.240845	0.6040489674	1.41945219	2232.326172
175000	-11750.28516	1808.302002	0.6030688882	1.328455091	2252.134277
180000	-11764.85156	1827.208008	0.6093740463	1.424294829	2234.921143
185000	-11797.52539	1853.83313	0.6182535291	1.479589462	2222.883545
190000	-11694.48828	1799.572754	0.6001576781	1.35523963	2241.828125
195000	-11726.59375	1789.644043	0.5968464613	1.419376969	2232.106934
200000	-11730.80078	1775.797119	0.5922285318	1.415239811	2225.14917
205000	-11669.94922	1738.348389	0.5797393322	1.431974411	2239.261719
210000	-11767.65234	1744.873535	0.5819154978	1.64654541	2220.345703
215000	-11732	1876.023193	0.6256539226	1.685270905	2222.427979
220000	-11744.92969	1805.139893	0.6020143032	1.557674885	2222.370361
225000	-11783.12988	1842.568604	0.6144968271	1.552496791	2211.712891
230000	-11726.99414	1807.147095	0.602683723	1.646993279	2221.017578
235000	-11831.77539	1857.102295	0.6193438172	1.648586869	2223.44043
240000	-11767.22168	1792.788696	0.597895205	1.620338321	2219.894775
245000	-11755.14453	1764.184326	0.5883556604	1.324928999	2235.328369
250000	-11762.61816	1748.414185	0.5830963254	1.596759439	2217.957031
255000	-11808.64844	1754.009521	0.584962368	1.579581022	2215.097656
260000	-11799.58008	1793.456543	0.5981179476	1.397873759	2229.941162
265000	-11759.46484	1803.014404	0.6013054848	1.565826416	2223.587158
270000	-11795.92773	1817.87915	0.6062628627	1.378028154	2229.439209
275000	-11759.57617	1803.970581	0.6016243696	1.425147295	2234.624756
280000	-11796.73047	1818.276245	0.6063953042	1.510644794	2224.381348
285000	-11799.94043	1805.23584	0.6020463109	1.369977593	2236.094482
290000	-11778.66992	1823.919922	0.6082774401	1.468619943	2230.075195
295000	-11787.55664	1813.272705	0.6047266126	1.195678353	2241.944824
300000	-11758.94141	1841.798584	0.6142399907	1.595338821	2233.99707
305000	-11756.33789	1844.87207	0.6152650118	1.419691563	2244.073242
310000	-11689.95215	1856.177246	0.6190353036	1.544109941	2241.203857
315000	-11768.50586	1806.835815	0.6025798917	1.389265299	2229.330322
320000	-11788.05859	1802.944092	0.6012820005	1.45893538	2226.319092
325000	-11746.17969	1829.415039	0.6101101041	1.653594136	2221.863281
330000	-11733.98828	1796.741577	0.5992134809	1.566490769	2229.127197
335000	-11691.30566	1799.954468	0.6002849936	1.443840742	2240.499023
340000	-11727.22852	1846.375244	0.6157663465	1.337142348	2237.777588
345000	-11813.94629	1809.518799	0.6034746766	1.62689507	2207.451172
350000	-11756.75195	1765.810059	0.5888978243	1.284514546	2241.093994
355000	-11774.15625	1836.826904	0.6125819683	1.588904858	2221.107178
360000	-11698.58984	1806.493896	0.602465868	1.556912541	2224.538574
365000	-11728.77832	1781.222534	0.5940378904	1.491719961	2229.978027
370000	-11786.12695	1849.437744	0.616787672	1.495885134	2225.735352
375000	-11744.81738	1860.172119	0.6203675866	1.566716909	2227.537598
380000	-11752.65234	1781.616943	0.5941694379	1.656977296	2219.212891
385000	-11800.26758	1821.727295	0.6075462103	1.549463391	2225.544922
390000	-11719.80566	1805.364258	0.6020891666	1.602337122	2237.14624
395000	-11784.76758	1814.558838	0.6051555276	1.590894938	2223.115723
400000	-11671.16797	1839.337524	0.6134192348	1.445508599	2234.133057
405000	-11627.68555	1808.451904	0.6031188965	1.7259866	2239.173096
410000	-11703.13574	1831.393311	0.6107698679	1.364310265	2249.294678
415000	-11771.80469	1845.386963	0.6154367328	1.636045933	2226.38623
420000	-11741.99023	1800.581543	0.6004940867	1.47163105	2225.17749
425000	-11761.58398	1757.114014	0.5859977007	1.344243884	2245.475586
430000	-11728.83105	1809.20874	0.6033712626	1.393348575	2236.162354
435000	-11721.49902	1810.287354	0.6037309766	1.463087678	2235.342041
440000	-11707.70898	1812.912476	0.6046065092	1.27188766	2250.658691
445000	-11734.80273	1771.028687	0.5906382203	1.259796262	2242.51416
450000	-11697.87988	1810.713379	0.6038730741	1.68569684	2219.221436
455000	-11769.06543	1835.288574	0.6120688915	1.40077889	2234.896484
460000	-11792.86523	1836.446533	0.61245507	1.571655989	2219.553223
465000	-11777.6416	1807.380859	0.6027616858	1.474671483	2231.164062
470000	-11791.87402	1736.81665	0.5792285204	1.542999029	2220.390625
475000	-11730.0918	1717.783447	0.5728809237	1.449107647	2234.55249
480000	-11766.46094	1764.210938	0.5883645415	1.472610116	2226.983643
485000	-11752.00586	1847.948242	0.6162909269	1.320846558	2239.001465
490000	-11689.35254	1791.160156	0.5973520875	1.572736144	2231.128906
495000	-11692.72461	1829.971436	0.6102956533	1.779452443	2220.448242
500000	-11683.90137	1778.409668	0.5930997729	1.554391623	2236.156738
505000	-11790.78613	1776.047241	0.5923119187	1.348284721	2232.826904
510000	-11792.43945	1818.710205	0.6065400243	1.305669188	2232.995361
515000	-11743.58496	1721.520752	0.5741273165	1.430556178	2238.481445
520000	-11805.7002	1766.713379	0.5891990662	1.405448556	2227.131104
525000	-11844.49414	1788.222412	0.596372366	1.483167291	2225.717041
530000	-11802.29492	1807.56543	0.6028232574	1.378011107	2232.526855
535000	-11747.98828	1823.894409	0.6082689762	1.642726064	2223.421387
540000	-11760.69922	1795.95752	0.5989519954	1.630398989	2221.99707
545000	-11675.95508	1791.290527	0.5973955393	1.532191277	2233.288574
550000	-11715.52148	1807.718384	0.602874279	1.621722698	2223.356934
555000	-11780.54199	1811.671875	0.6041927338	1.550489187	2234.070068
560000	-11745.08496	1821.358398	0.6074231863	1.569804549	2227.054932
565000	-11775.43652	1793.84668	0.5982480645	1.394322395	2242.820557
570000	-11751.07031	1789.011353	0.5966354609	1.341566205	2235.513184
575000	-11784.98047	1784.291016	0.5950612426	1.529535651	2227.766846
580000	-11722.75391	1838.708618	0.613209486	1.514154792	2224.006836
585000	-11743.63086	1823.455078	0.608122468	1.429980516	2237.313232
590000	-11810.86719	1794.369873	0.5984225273	1.347984791	2227.838867
595000	-11743.70801	1792.912109	0.5979363322	1.632061243	2224.684814
600000	-11805.5166	1842.304932	0.6144088507	1.415925026	2233.944092
605000	-11721.88281	1756.058594	0.5856457353	1.651991129	2226.226318
610000	-11730.53906	1785.899902	0.5955978036	1.59021461	2225.941162
615000	-11723.31641	1814.333252	0.6050803065	1.182910085	2247.199951
620000	-11728.80469	1785.497803	0.5954636931	1.37905252	2234.431152
625000	-11761.83398	1782.24646	0.5943793654	1.617350459	2229.562012
630000	-11829.91309	1810.353149	0.6037529707	1.292934537	2228.779785
635000	-11841.70898	1841.134521	0.6140185595	1.503549576	2217.559082
640000	-11804.73047	1786.099854	0.5956644416	1.571494222	2219.027588
645000	-11765.28125	1759.858154	0.5869128704	1.693719625	2217.332275
650000	-11772.625	1757.005127	0.5859614015	1.276432633	2233.172363
655000	-11743.08984	1785.467407	0.5954535604	1.611238599	2217.732666
660000	-11736.07227	1791.355957	0.5974173546	1.487541556	2230.507812
665000	-11762.82031	1768.300049	0.5897282362	1.441769004	2234.959229
670000	-11724.49805	1819.678223	0.606862843	1.418413281	2231.93457
675000	-11761.67578	1761.582153	0.5874878168	1.682857037	2213.114258
680000	-11796.83594	1782.690674	0.594527483	1.495187879	2229.087891
685000	-11790.87109	1807.302002	0.6027354002	1.264271975	2229.466309
690000	-11759.32324	1773.493896	0.5914604068	1.731707335	2210.254395
695000	-11738.20898	1792.166992	0.5976878405	1.724664807	2223.482666
700000	-11826.83594	1755.697388	0.5855252743	1.701260805	2200.531982
705000	-11822.2793	1829.258057	0.6100577116	1.455632448	2225.256836
710000	-11795.36426	1782.687256	0.5945263505	1.299703836	2233.568848
715000	-11767.37695	1744.211792	0.5816947818	1.513538837	2228.551025
720000	-11792.17188	1828.337402	0.6097506881	1.716548681	2213.11377
725000	-11721.08984	1783.241211	0.5947111249	1.43353188	2235.44873
730000	-11752.58887	1797.54248	0.5994805694	1.480214477	2237.667725
735000	-11721.21484	1802.121338	0.6010076404	1.396125674	2239.035889
740000	-11726.96875	1865.973633	0.622302413	1.586501479	2240.473145
745000	-11684.61914	1821.150635	0.6073539257	1.533885717	2236.149414
750000	-11694.68652	1808.619141	0.6031746268	1.440512538	2242.881104
755000	-11761.57617	1779.162842	0.5933509469	1.403089881	2218.945557
760000	-11686.42773	1740.877441	0.5805827975	1.367137432	2239.8479
765000	-11722.37402	1858.679321	0.619869709	1.475212097	2230.217285
770000	-11812.43359	1789.68335	0.5968595743	1.411180496	2228.015381
775000	-11800.44336	1764.364746	0.5884158015	1.438322425	2225.959717
780000	-11667.71973	1799.455444	0.6001185775	1.554319501	2240.990967
785000	-11739.84277	1824.950928	0.6086212993	1.62460351	2225.253662
790000	-11785.67969	1838.322632	0.6130807996	1.82110095	2199.200928
795000	-11760.33398	1788.805908	0.5965669155	1.616323829	2219.608398
800000	-11838.12207	1885.609619	0.6288509965	1.503686547	2218.182129
805000	-11692.94531	1788.599854	0.5964981914	1.304819107	2249.121826
810000	-11825.86133	1757.953857	0.5862777829	1.280671954	2224.875244
815000	-11809.70117	1821.003784	0.6073049307	1.456902504	2230.109131
820000	-11764.35156	1761.308472	0.5873965621	1.438981175	2232.741211
825000	-11772.7373	1774.130005	0.5916725397	1.461720943	2224.363037
830000	-11840.32812	1858.554199	0.6198279858	1.542321563	2222.817871
835000	-11762.51367	1769.447266	0.5901108384	1.368476391	2232.4646
840000	-11775.41797	1782.750488	0.5945474505	1.56758666	2221.630615
845000	-11737.4707	1778.427734	0.593105793	1.619165897	2238.643555
850000	-11716.20801	1810.871826	0.6039259434	1.418317914	2234.691162
855000	-11783.13672	1766.980469	0.5892881751	1.39078939	2234.030762
860000	-11752.70312	1793.876465	0.5982579589	1.725499988	2221.522705
865000	-11749.04883	1817.211304	0.6060401201	1.486804008	2235.416992
870000	-11738.19531	1733.919922	0.5782624483	1.428053379	2236.092041
875000	-11702.0332	1798.766846	0.5998889208	1.424516201	2239.203125
880000	-11757.98438	1783.319824	0.5947373509	1.582058072	2214.519775
885000	-11726.37109	1746.192139	0.5823552608	1.452216148	2234.42334
890000	-11760.18359	1786.848755	0.5959142447	1.29129684	2240.352783
895000	-11759.80762	1783.085571	0.5946592093	1.317333817	2241.230957
900000	-11777.5	1828.55127	0.6098220348	1.279587865	2238.179932
905000	-11761.49414	1834.816528	0.6119114757	1.628651142	2222.216797
910000	-11801.35254	1838.739502	0.6132197976	1.530941486	2226.152588
915000	-11754.92773	1872.476196	0.6244710088	1.596147299	2224.792969
920000	-11755.88477	1796.013062	0.5989705324	1.442339659	2219.865967
925000	-11771.31445	1826.397217	0.6091036201	1.310288906	2238.627686
930000	-11698.22656	1792.591431	0.5978294015	1.508707166	2235.552002
935000	-11634.87402	1798.10376	0.5996677876	1.536282063	2239.10376
940000	-11766.18359	1816.128052	0.6056788564	1.493786812	2221.313232
945000	-11774.68359	1812.717163	0.6045413613	1.464787602	2224.423584
950000	-11814.5127	1767.479492	0.5894545913	1.52010715	2218.879883
955000	-11779.00879	1773.376709	0.5914213061	1.238732696	2243.393066
960000	-11817.8623	1796.060425	0.5989863276	1.335392475	2225.788818
965000	-11834.08789	1803.566406	0.6014895439	1.434940934	2224.049561
970000	-11744.50391	1790.303467	0.5970664024	1.758508444	2208.908936
975000	-11718.36914	1799.828003	0.6002427936	1.541420102	2229.180176
980000	-11696.59375	1803.043579	0.6013152003	1.489491463	2238.166748
985000	-11731.875	1863.251221	0.6213944554	1.373776197	2227.13501
990000	-11753.60742	1834.549927	0.6118225455	1.679506779	2210.072021
995000	-11783.0293	1811.650024	0.604185462	1.221469283	2241.625
