timestep	potential_energy	kinetic_energy	temperature	pressure	volume
0	-410.976593	0	0	-0.0505566448	16000
5000	-16064.6709	292.8020935	0.09764952958	1.539810061	1931.596558
10000	-16332.10352	636.6300049	0.2123161703	1.486472845	1920.094604
15000	-15462.96191	1498.737671	0.4998291433	1.613911152	1998.922729
20000	-15890.86816	1089.292603	0.3632791936	1.420162201	1966.603882
25000	-16582.67188	508.5070801	0.1695871651	1.566496015	1906.44165
30000	-16476.96484	585.6713867	0.1953214556	1.527595997	1916.064087
35000	-15684.40039	1304.806885	0.4351532161	1.565957785	1984.693237
40000	-15896.66992	1156.977051	0.3858519495	1.350676894	1972.498047
45000	-16552.10156	558.7078857	0.1863291264	1.519446015	1911.236816
50000	-16461.74023	625.9515381	0.2087548971	1.502324224	1919.357422
55000	-15727.74512	1287.303223	0.4293157458	1.625560999	1979.357544
60000	-15981.38477	1078.732056	0.3597572446	1.317363858	1963.639893
65000	-16522.44141	571.6997681	0.1906619221	1.333047509	1918.74292
70000	-16370.35156	721.833374	0.2407314926	1.386879206	1929.354492
75000	-15715.26367	1274.092896	0.4249100983	1.463985801	1982.151367
80000	-16146.13477	954.4060059	0.3182944953	1.452315807	1944.0354
85000	-16499.32422	595.9393921	0.1987458467	1.574837327	1914.615234
90000	-16234.91602	861.6599731	0.2873636782	1.312770724	1942.101196
95000	-15790.47266	1264.530029	0.4217208922	1.436015368	1978.454224
100000	-16292.31934	809.7885132	0.2700645328	1.510630369	1933.751465
105000	-16484.7793	631.0228271	0.2104461789	1.349237919	1923.359131
110000	-16080.71484	1015.708374	0.3387388289	1.344953775	1958.751221
115000	-15882.02148	1148.926025	0.383166939	1.545781016	1969.29834
120000	-16367.84766	713.9375	0.238098219	1.773963213	1922.286621
125000	-16386.46484	714.6536255	0.2383370548	1.45564425	1928.400879
130000	-15956.05078	1135.174316	0.378580749	1.303650022	1969.85791
135000	-16091.19043	1010.963623	0.3371564746	1.39652586	1955.546997
140000	-16420.52734	676.4730835	0.2256038338	1.50692451	1925.593262
145000	-16256.04297	844.9421997	0.2817882895	1.555057406	1936.220581
150000	-15920.67383	1139.491211	0.3800204396	1.450065136	1966.882202
155000	-16220.19141	839.3919067	0.2799372673	1.438109756	1944.166138
160000	-16405.69336	724.6795654	0.2416806966	1.455158234	1928.526001
165000	-16089.73438	963.8984375	0.3214602172	1.449244857	1955.026245
170000	-16021.24023	1065.253906	0.3552622795	1.428871751	1961.543579
175000	-16319.81445	759.1677246	0.2531825006	1.526316643	1930.868164
180000	-16311.60742	788.0609131	0.2628183961	1.268110394	1941.228271
185000	-16025.02148	1074.289551	0.3582756817	1.521911383	1959.040527
190000	-16130.45312	918.0882568	0.3061825335	1.489300132	1949.343384
195000	-16369.72559	746.633667	0.2490023971	1.583121657	1927.969971
200000	-16192.52148	907.5643311	0.3026728034	1.689758897	1938.550415
205000	-16008.19336	1054.697876	0.3517418504	1.556572199	1956.027954
210000	-16247.63867	821.4068604	0.2739392519	1.645181298	1935.820679
215000	-16312.71289	769.9880371	0.256791085	1.522794127	1935.418213
220000	-16113.3623	1036.168213	0.3455621898	1.635128736	1948.229736
225000	-16096.69336	959.4486694	0.3199762106	1.678622007	1944.029663
230000	-16319.62598	786.5123901	0.2623019516	1.347400427	1935.948364
235000	-16213.0752	879.0205078	0.293153435	1.4453758	1941.941284
240000	-16049.16211	1013.171509	0.3378928006	1.464974403	1959.229736
245000	-16234.29883	876.8102417	0.2924163043	1.449320316	1941.345459
250000	-16308.97656	811.5386963	0.270648241	1.439223289	1935.253662
255000	-16135.01367	975.7183838	0.3254021704	1.402005672	1950.156372
260000	-16125.92383	971.8403931	0.3241088688	1.312761426	1956.341919
265000	-16283.66992	799.50354	0.2666344941	1.377739787	1938.118286
270000	-16236.29297	878.1664429	0.2928685844	1.386801839	1941.536743
275000	-16086.97656	1012.434753	0.3376470804	1.537296057	1954.618774
280000	-16187.64551	865.289978	0.2885742784	1.467914701	1947.657471
285000	-16292.50586	802.8572388	0.2677529752	1.390763044	1940.037476
290000	-16155.81836	948.9460449	0.3164736032	1.689586163	1941.153076
295000	-16087.05371	925.7591553	0.3087407649	1.456377029	1954.856567
300000	-16255.4668	833.1520996	0.2778562903	1.518694758	1939.245972
305000	-16255.82324	879.3756104	0.2932718396	1.515761971	1938.38623
310000	-16094.6748	950.8909912	0.317122221	1.72151041	1948.499268
315000	-16222.60449	929.045105	0.3098366261	1.356606841	1945.764648
320000	-16270.72949	841.1164551	0.2805124223	1.535479665	1936.78894
325000	-16185.22852	925.6743164	0.3087124825	1.623415709	1941.539551
330000	-16140.3418	962.7594604	0.3210803568	1.52297008	1950.006104
335000	-16243.59375	860.1680908	0.2868661284	1.5071702	1940.242798
340000	-16246.58984	849.8835449	0.2834362388	1.431432486	1943.818115
345000	-16166.12109	984.723999	0.3284055591	1.647136092	1942.440063
350000	-16165.11719	886.1687012	0.2955373526	1.401862383	1948.720215
355000	-16263.9082	841.1998291	0.2805402279	1.277273417	1942.84314
360000	-16209.42676	916.9321899	0.3057969809	1.377074122	1948.60437
365000	-16162.75391	971.0653076	0.3238503635	1.480844259	1948.546997
370000	-16229.89062	862.4313965	0.2876209617	1.547290325	1940.561401
375000	-16251.41406	862.6291504	0.2876869142	1.532025933	1941.468262
380000	-16159.69434	938.0428467	0.3128373921	1.376029968	1953.10376
385000	-16193.75879	922.2199707	0.3075604439	1.406749249	1948.323242
390000	-16274.11719	861.4455566	0.2872921824	1.644075155	1936.38562
395000	-16184.25195	875.4577637	0.2919652462	1.421753526	1948.252441
400000	-16165.58691	953.2401123	0.3179056644	1.524376869	1948.167358
405000	-16226.88965	873.6298828	0.2913556397	1.46291995	1945.471436
410000	-16240.4834	865.0648193	0.2884992063	1.501891136	1941.605103
415000	-16167.25391	926.9980469	0.3091539443	1.480161309	1949.925537
420000	-16184.76953	920.9234619	0.3071280718	1.347714067	1949.636353
425000	-16251.45605	870.5507812	0.2903287709	1.588807464	1937.118896
430000	-16211.37305	895.7479248	0.2987320125	1.413633704	1946.831177
435000	-16166.74023	934.2011719	0.3115561903	1.576794386	1946.287231
440000	-16208.1416	870.3179932	0.2902511358	1.286318064	1950.2323
445000	-16226.51562	867.0958252	0.2891765535	1.398766875	1944.228516
450000	-16168.12305	926.6953125	0.309052974	1.532308936	1947.17749
455000	-16188.28906	894.1030884	0.298183471	1.567800164	1942.996338
460000	-16229.34961	860.5136719	0.2869814038	1.585894585	1940.14856
465000	-16201.54102	913.390625	0.3046158552	1.527769446	1944.444214
470000	-16168.74512	924.6918945	0.3083848357	1.527878642	1944.533936
475000	-16222.01562	877.1967163	0.2925451994	1.395937443	1944.198853
480000	-16220.87402	889.4998779	0.2966482937	1.670964718	1939.215088
485000	-16159.01953	908.317749	0.3029240668	1.681981444	1942.08606
490000	-16205.39453	926.8379517	0.3091005385	1.611434221	1939.784668
495000	-16239.2168	881.6812134	0.2940407693	1.476418972	1944.242554
500000	-16194.08984	886.5031128	0.2956488729	1.496902823	1944.371094
505000	-16178.08789	920.5570679	0.3070058823	1.562399745	1945.230469
510000	-16211.78906	895.1777344	0.2985418737	1.303268433	1948.619995
515000	-16222.39648	880.5507812	0.29366377	1.52196002	1939.980835
520000	-16187.48535	900.6456909	0.3003654182	1.330390453	1952.180908
525000	-16192.70898	916.1188965	0.3055257499	1.621801019	1943.037231
530000	-16215.04492	878.6207275	0.2930200994	1.577849746	1940.828247
535000	-16208.82617	891.6882324	0.2973781228	1.429765582	1945.367554
540000	-16187.60254	932.8379517	0.3111015558	1.693868399	1939.738159
545000	-16216.87305	909.0528564	0.3031692207	1.456688166	1943.858521
550000	-16228.40723	887.3309937	0.2959249616	1.485640883	1939.338989
555000	-16195.63184	912.9282837	0.304461658	1.380848765	1948.876587
560000	-16179.53418	898.2537842	0.2995677292	1.530882239	1941.858276
565000	-16243.69727	898.2380371	0.299562484	1.346582413	1946.655762
570000	-16214.2168	894.7183838	0.29838866	1.564088583	1943.203369
575000	-16183.22168	889.7155151	0.2967202067	1.420376301	1945.314209
580000	-16181.59961	876.1472168	0.2921951711	1.510255098	1941.587769
585000	-16226.70117	895.9442139	0.2987974882	1.508840919	1942.837891
590000	-16215.87793	910.9091187	0.3037882745	1.551899314	1941.691528
595000	-16197.87695	914.7026978	0.3050534427	1.473966241	1946.071533
600000	-16237.14453	915.604248	0.3053540885	1.623620868	1938.853027
605000	-16221.72559	885.4403687	0.2952944338	1.303399086	1946.765991
610000	-16201.18848	904.755127	0.3017359078	1.407399654	1947.041382
615000	-16204.33496	921.401062	0.3072873354	1.683691382	1936.009399
620000	-16227.96387	904.4638672	0.301638782	1.427022338	1945.876465
625000	-16229.76367	900.7998047	0.3004168272	1.570563078	1939.708984
630000	-16224.21973	923.1445312	0.3078687787	1.610108972	1940.430176
635000	-16213.86133	920.8258057	0.3070954978	1.612989068	1943.099487
640000	-16209.29102	890.3534546	0.2969329655	1.487140417	1944.371704
645000	-16213.8418	901.0107422	0.3004871607	1.47002995	1943.023193
650000	-16222.43848	908.1776123	0.3028773069	1.317892432	1948.824829
655000	-16190.90137	878.3085938	0.2929159999	1.733206749	1939.842407
660000	-16226.38672	893.9178467	0.2981216908	1.608399868	1940.094849
665000	-16196.36816	896.3433838	0.2989306152	1.554687619	1942.780151
670000	-16194.99219	897.2261963	0.2992250323	1.426228046	1946.351318
675000	-16224.27246	882.1188965	0.2941867411	1.618324161	1941.048096
680000	-16218.89062	891.1472778	0.2971976995	1.470872164	1943.644531
685000	-16218.24805	915.3776855	0.3052785397	1.649509311	1941.628174
690000	-16221.19043	895.1036377	0.2985171378	1.617350578	1942.694214
695000	-16234.42578	882.4325562	0.2942913473	1.398767352	1948.776978
700000	-16190.54297	875.0569458	0.2918315828	1.576023698	1943.924194
705000	-16235.89258	924.9448242	0.3084691763	1.427472711	1945.749023
710000	-16215.4375	908.7593384	0.3030713201	1.811630487	1935.426514
715000	-16217.54492	877.5227661	0.2926539183	1.41470921	1947.93689
720000	-16228.03809	901.638916	0.300696671	1.538104534	1942.215698
725000	-16215.55859	905.536499	0.3019964993	1.524784088	1948.435059
730000	-16216.14453	898.0030518	0.2994841039	1.533115506	1943.447021
735000	-16226.62695	903.8739014	0.3014420271	1.386374116	1948.424438
740000	-16197.58301	882.7134399	0.294385016	1.344562411	1950.076904
745000	-16239.06641	914.0184937	0.3048252463	1.581180811	1941.366699
750000	-16224.21875	888.7115479	0.2963853776	1.522676229	1942.878418
755000	-16232.93945	915.3140869	0.3052573204	1.498968482	1947.321289
760000	-16227.52832	907.7469482	0.3027336895	1.526820421	1945.202881
765000	-16225.88672	885.1026001	0.2951818109	1.519998789	1943.623901
770000	-16215.41699	885.9401855	0.295461148	1.518853903	1944.93103
775000	-16210.10645	883.7769775	0.2947396934	1.378834605	1948.715698
780000	-16200.39648	891.1768188	0.2972075641	1.582634926	1946.917114
785000	-16226.59375	885.965271	0.2954694927	1.265771031	1952.444336
790000	-16223.14746	883.6796875	0.2947072685	1.707754135	1940.064453
795000	-16212.46777	907.6743164	0.3027094603	1.630976677	1940.787964
800000	-16225.79199	916.6912842	0.3057166338	1.282320023	1950.794434
805000	-16241.24023	888.7825317	0.2964090705	1.497388721	1942.164551
810000	-16234.45508	904.0073242	0.301486522	1.401021838	1945.962402
815000	-16209.68848	916.8435669	0.305767417	1.610983491	1943.953369
820000	-16248.77344	906.5253296	0.3023262918	1.286208749	1950.100098
825000	-16243.04785	880.1833496	0.2935412228	1.483291149	1945.168213
830000	-16208.07227	895.3257446	0.2985912263	1.470852733	1947.956055
835000	-16180.64258	877.8302612	0.2927564681	1.519673347	1944.870483
840000	-16251.3125	893.9873047	0.2981448472	1.397406101	1946.867676
845000	-16207.42383	888.8895264	0.2964447439	1.609034181	1941.967041
850000	-16200.49609	906.6324463	0.302361995	1.442146301	1945.640503
855000	-16229.81641	911.7049561	0.304053694	1.736048579	1938.160889
860000	-16236.31934	879.9197998	0.2934533358	1.406561375	1944.768799
865000	-16204.81055	892.1901855	0.2975455225	1.36537075	1949.490234
870000	-16214.58789	915.3518066	0.3052699268	1.520783544	1944.424438
875000	-16255.60156	903.3394775	0.3012638092	1.783640027	1932.714966
880000	-16208.10742	876.9761963	0.2924716473	1.437276602	1948.767944
885000	-16216.76367	932.571167	0.3110125661	1.408955574	1947.136963
890000	-16243.55664	898.9615479	0.2998037636	1.375124216	1946.105103
895000	-16256.16797	904.6905518	0.3017143905	1.614831328	1939.766235
900000	-16216.97949	923.9654541	0.3081425726	1.475346327	1945.925415
905000	-16211.69727	892.8175659	0.2977547348	1.604144096	1945.776489
910000	-16262.97168	905.7174072	0.302056849	1.474409223	1943.736084
915000	-16216.24023	899.0969238	0.2998489141	1.662942648	1941.393677
920000	-16210.16016	902.3744507	0.3009419739	1.411593795	1946.089478
925000	-16235.22754	884.1663208	0.2948695421	1.394496322	1948.584106
930000	-16242.6084	897.2753906	0.2992414236	1.652269959	1941.06604
935000	-16186.71094	899.2263794	0.2998920679	1.513966441	1944.867065
940000	-16221.49609	898.3045654	0.299584657	1.476470351	1948.631836
945000	-16233.9834	876.0606689	0.2921663225	1.597381949	1940.046997
950000	-16195.15723	893.098999	0.2978486121	1.37338388	1949.922852
955000	-16205.60156	914.288208	0.3049151897	1.290480971	1950.174316
960000	-16231.14551	885.9699097	0.2954710424	1.481479883	1942.729614
965000	-16229.5625	882.8206787	0.2944207788	1.58713603	1942.532104
970000	-16187.01172	896.7315674	0.2990600765	1.634782553	1941.273071
975000	-16225.41992	918.4858398	0.306315124	1.348388314	1950.332397
980000	-16244.44824	882.0560303	0.2941657603	1.339409947	1945.945557
985000	-16217.10254	870.1077881	0.2901810408	1.601489663	1941.551392
990000	-16183.0332	904.8203125	0.3017576635	1.564130664	1946.514282
995000	-16217.74121	905.9321289	0.302128464	1.590447664	1941.781372
