timestep	potential_energy	kinetic_energy	temperature	pressure	volume
0	-403.59375	0	0	-0.04964844137	16000
5000	-15163.89648	364.9129028	0.1216984913	1.385032535	1997.13623
10000	-15746.85352	226.9280853	0.07568053901	1.587288857	1934.070435
15000	-15865.78613	311.8583984	0.1040048078	1.492569447	1931.155518
20000	-15872.71875	344.1164856	0.1147628799	1.480347037	1932.39624
25000	-15992.99805	247.2487183	0.08245746791	1.524892449	1922.452759
30000	-15903.16797	324.8710632	0.1083445325	1.568434834	1926.920898
35000	-15892.90234	325.1069946	0.1084232107	1.401347518	1930.232788
40000	-15985.49023	244.2108765	0.08144435287	1.576439857	1919.387451
45000	-15891.3125	337.362915	0.1125105619	1.425821424	1931.183472
50000	-15916.06543	314.4831238	0.1048801541	1.415729284	1929.280151
55000	-15982.16504	246.0446777	0.08205592632	1.556101084	1921.120483
60000	-15890.07031	353.5786133	0.1179184988	1.393994808	1933.743164
65000	-15926.04883	297.2445068	0.09913107008	1.498823404	1925.782349
70000	-15976.32422	250.3161163	0.08348044753	1.501508236	1922.577515
75000	-15882.5625	359.5705566	0.1199168116	1.42559886	1931.900269
80000	-15946.09375	281.8416748	0.09399422258	1.39035356	1928.977295
85000	-15975.5166	259.9900208	0.08670669794	1.451448321	1925.248535
90000	-15867.625	352.281189	0.1174858063	1.503127575	1931.944824
95000	-15955.10254	276.8792725	0.09233926237	1.564144611	1922.378662
100000	-15964.30469	268.9896851	0.08970808238	1.43791151	1923.884155
105000	-15883.375	362.9749451	0.1210521758	1.413302064	1936.080566
110000	-15968.35938	267.5063477	0.08921339363	1.438088894	1924.397339
115000	-15953.16016	282.7441406	0.09429519624	1.504769206	1924.889282
120000	-15879.52734	358.3739929	0.1195177585	1.50293684	1930.185303
125000	-15970.30664	258.548645	0.08622599393	1.595916867	1921.271973
130000	-15928.9082	287.6930542	0.09594566375	1.631629348	1922.224243
135000	-15882.12305	343.9775696	0.1147165522	1.58007133	1928.56958
140000	-15978.93164	255.9718018	0.08536662161	1.500209689	1923.401978
145000	-15919.77734	306.0205383	0.1020578817	1.511980772	1926.233276
150000	-15894.95117	330.5305176	0.1102319583	1.472739577	1930.709351
155000	-15987.30273	254.9063568	0.08501129597	1.346397042	1927.391357
160000	-15916.09668	321.5180054	0.1072262824	1.441093802	1929.715332
165000	-15913.03125	325.1945496	0.1084524095	1.490053296	1927.141846
170000	-15977.67969	254.4932861	0.08487353474	1.543990135	1922.481201
175000	-15899.36133	324.4758911	0.1082127392	1.489519119	1931.008423
180000	-15925.16406	311.2643433	0.1038066894	1.498323441	1926.035156
185000	-15975.86719	266.4271851	0.08885349333	1.518217087	1921.782349
190000	-15900.28809	339.086853	0.1130855009	1.477565408	1931.855469
195000	-15935.00977	298.1776123	0.09944225848	1.569347143	1923.654541
200000	-15963.72949	262.8486023	0.08766003698	1.380941033	1926.840454
205000	-15895.60449	344.9433899	0.1150386557	1.431363821	1930.113159
210000	-15952.96484	292.5187378	0.09755502641	1.501599789	1926.512939
215000	-15954.89648	271.5281372	0.09055466205	1.561251044	1923.745972
220000	-15887.21387	343.6992798	0.1146237403	1.628552079	1927.436157
225000	-15950.42188	270.850708	0.09032873809	1.507942915	1925.266357
230000	-15943.25977	278.1882019	0.09277579188	1.506552696	1924.875244
235000	-15893.1543	339.0858154	0.1130851507	1.464547396	1930.820679
240000	-15956.28516	269.1578369	0.0897641629	1.565066457	1923.390747
245000	-15935.8457	290.6218262	0.09692240506	1.514952302	1925.876709
250000	-15904.21484	340.7730103	0.1136478335	1.558353543	1929.887329
255000	-15963.5957	263.3372192	0.08782298863	1.469831944	1924.858521
260000	-15925.1875	296.057251	0.09873512387	1.403887272	1928.907471
265000	-15902.06836	327.2762451	0.1091466621	1.528261185	1928.489136
270000	-15970.71094	265.737915	0.08862362057	1.511054277	1924.420166
275000	-15913.97266	308.6161499	0.1029235125	1.513791561	1927.292114
280000	-15908.70117	311.758606	0.103971526	1.483475685	1930.148438
285000	-15966.71875	263.7391968	0.08795704693	1.58730495	1921.576172
290000	-15906.00391	316.5122375	0.1055568606	1.497629642	1929.150513
295000	-15920.58203	310.3710938	0.1035087928	1.555787802	1925.271851
300000	-15965.2832	265.7384644	0.08862379938	1.417219996	1924.081665
305000	-15901.39746	335.0223389	0.1117299795	1.534968734	1926.312012
310000	-15938.375	298.3161011	0.09948844463	1.434832573	1927.774414
315000	-15959.98047	271.2276917	0.09045445919	1.483043909	1924.247314
320000	-15900.9707	339.243988	0.1131379008	1.488826275	1928.695312
325000	-15932.61914	278.0539551	0.09273102134	1.564092517	1924.214355
330000	-15955.01172	281.4061279	0.09384897351	1.577518344	1923.263184
335000	-15902.29785	345.6547241	0.1152758822	1.53335166	1927.93689
340000	-15948.63086	272.0879517	0.0907413587	1.517052531	1926.661865
345000	-15938.27344	280.5852661	0.09357520938	1.526266217	1923.767822
350000	-15906.52344	342.5496521	0.1142403409	1.558998823	1929.4104
355000	-15964.05859	274.6231079	0.09158683568	1.513098001	1926.242188
360000	-15936.54688	296.4658508	0.09887138754	1.580387712	1925.103516
365000	-15904.27734	337.4028625	0.1125238836	1.607205272	1924.047119
370000	-15971.11914	270.4179382	0.09018440545	1.474484563	1926.325928
375000	-15929.12695	309.6937256	0.1032828838	1.414028168	1927.859863
380000	-15914.99023	328.6048584	0.1095897481	1.49048233	1928.456299
385000	-15972.32324	270.7459106	0.09029378742	1.461618662	1925.176025
390000	-15906.67871	305.9851685	0.1020460799	1.453024387	1929.785156
395000	-15916.40625	311.0830688	0.1037462354	1.560042739	1927.004517
400000	-15972.56445	269.5636597	0.08989950269	1.473319292	1925.11731
405000	-15906.30469	320.1633301	0.1067745015	1.500012279	1929.773438
410000	-15929.68457	306.0167236	0.1020566076	1.495219111	1926.14624
415000	-15964.78809	267.1733704	0.08910234272	1.499161601	1925.820801
420000	-15913.39453	333.3923645	0.1111863852	1.337248921	1935.991455
425000	-15942.64062	294.8371582	0.09832821786	1.415930986	1928.265259
430000	-15968.31055	283.0464172	0.09439601004	1.450879574	1926.052979
435000	-15896.9668	330.1697388	0.1101116389	1.361976266	1933.273315
440000	-15946.94727	281.7788391	0.09397327155	1.464237809	1927.768311
445000	-15954.0957	277.7881165	0.09264235944	1.384234548	1928.76062
450000	-15886.88477	326.5540771	0.1089058146	1.505362391	1929.333252
455000	-15960.95996	280.1262817	0.09342214465	1.479301691	1925.779663
460000	-15939.63184	286.447937	0.09553041309	1.531219721	1924.887573
465000	-15901.50586	338.7270203	0.1129654944	1.523299456	1927.822998
470000	-15970.28516	275.6237183	0.09192053974	1.485190392	1925.165894
475000	-15939.6123	300.9789429	0.1003765091	1.482666135	1928.403809
480000	-15902.25781	325.4529419	0.1085385904	1.608561754	1927.382568
485000	-15965.24707	266.1541138	0.08876242489	1.470424891	1924.818359
490000	-15924.25391	309.8676453	0.1033408865	1.521533251	1926.346558
495000	-15911.86523	322.2790833	0.1074801013	1.602212787	1924.744873
500000	-15968.16797	267.0211792	0.08905158937	1.496997118	1924.039185
505000	-15915.10547	319.3832397	0.1065143421	1.523180962	1928.142456
510000	-15925.01465	308.6803589	0.1029449254	1.525364876	1928.572388
515000	-15966.32617	264.9760742	0.08836954832	1.437122703	1925.950317
520000	-15916.36133	334.9397583	0.1117024422	1.489206195	1928.887939
525000	-15938.2793	299.6586914	0.09993620217	1.48397994	1929.494019
530000	-15965.65234	272.8289185	0.0909884721	1.42531395	1926.914673
535000	-15902.60547	329.5574341	0.1099074334	1.398696899	1931.167236
540000	-15948.35352	292.3432007	0.0974964872	1.483686328	1926.837769
545000	-15959.19434	280.932312	0.09369095415	1.43129313	1925.642334
550000	-15902.04395	343.9320984	0.1147013903	1.481923103	1927.740479
555000	-15955.70508	283.7881165	0.09464336187	1.496476293	1924.680054
560000	-15939.01953	281.8529663	0.09399799258	1.530550122	1924.67395
565000	-15900.12988	337.2774048	0.1124820486	1.449669838	1928.099976
570000	-15963.26953	279.6785889	0.09327283502	1.400865912	1923.933838
575000	-15931.20703	285.4716797	0.09520483017	1.489528894	1925.73877
580000	-15905.89746	334.733429	0.1116336286	1.511571765	1928.149658
585000	-15963.58887	273.2884521	0.0911417231	1.622806191	1922.285645
590000	-15935.1084	302.9636841	0.1010384187	1.403992772	1931.020874
595000	-15906.21875	318.1098022	0.1060896516	1.531347871	1928.936646
600000	-15964.25977	269.6642456	0.08993305266	1.467297912	1923.844604
605000	-15925.04492	312.1825256	0.1041129008	1.420245409	1930.665894
610000	-15915.64062	312.3817749	0.1041793525	1.516497374	1927.598022
615000	-15961.21484	268.5980835	0.0895774886	1.593424439	1921.451294
620000	-15911.76855	323.0285339	0.1077300459	1.43540585	1928.370239
625000	-15931.96875	309.1343384	0.1030963287	1.457053542	1928.747803
630000	-15964.33594	270.7327881	0.09028941393	1.514710546	1925.334473
635000	-15918.57227	333.5040283	0.1112236232	1.481680512	1931.086182
640000	-15937.32422	297.5323181	0.09922705591	1.500683546	1924.661011
645000	-15947.89062	270.0376282	0.09005757421	1.49760437	1924.915894
650000	-15902.34766	324.5063477	0.1082228944	1.445913315	1927.481812
655000	-15951.37598	291.3660583	0.09717060626	1.554437637	1925.175415
660000	-15948.79004	282.7279968	0.09428981692	1.489784718	1925.788452
665000	-15912.80859	329.7722778	0.1099790856	1.497255802	1927.655029
670000	-15958.84961	281.7632446	0.09396807104	1.445572972	1926.49939
675000	-15949.55273	293.8589783	0.09800199419	1.484280944	1927.00415
680000	-15917.50977	328.4718628	0.1095453948	1.558316708	1926.080933
685000	-15963.94629	280.7384033	0.09362628311	1.561603427	1921.946167
690000	-15937.08984	306.8336792	0.1023290604	1.497143865	1923.320068
695000	-15910.3418	310.3748474	0.1035100445	1.513260245	1926.046387
700000	-15956.50977	268.0505981	0.08939489722	1.52299273	1923.147827
705000	-15926.40137	306.5979614	0.1022504494	1.516714215	1926.032349
710000	-15928.56836	316.0736694	0.1054105982	1.478464961	1925.54187
715000	-15957.49414	269.0970459	0.08974388987	1.548679471	1924.020874
720000	-15921.875	312.3540039	0.1041700915	1.534769893	1925.219482
725000	-15932.67871	305.1419678	0.1017648727	1.45262301	1925.877808
730000	-15957.5625	280.2392578	0.09345982224	1.519912243	1923.930542
735000	-15913.58301	312.4139709	0.1041900888	1.544133902	1925.446533
740000	-15937.74219	299.0420227	0.09973054379	1.625200033	1922.393188
745000	-15959.69922	292.6633911	0.09760326892	1.488315582	1923.446045
750000	-15918.70703	317.2832031	0.1058139801	1.491756558	1926.460938
755000	-15941.06836	290.3422852	0.09682917595	1.50189805	1925.01355
760000	-15946.89062	289.9507446	0.09669859707	1.519266009	1923.341797
765000	-15927.27344	319.3499146	0.1065032259	1.411441445	1928.657837
770000	-15944.57227	284.6261597	0.09492284805	1.4130615	1926.265015
775000	-15947.49121	293.5174561	0.09788809717	1.447489142	1927.091675
780000	-15921.75195	312.0438843	0.1040666625	1.378229856	1930.510986
785000	-15946.41992	285.9284058	0.09535714984	1.490544319	1922.838379
790000	-15940.52344	298.4505615	0.09953328967	1.443575501	1927.5271
795000	-15932.4375	321.296814	0.1071525216	1.483051896	1926.114868
800000	-15954.05273	286.0255432	0.09538954496	1.5361377	1923.356812
805000	-15931.83105	302.1676025	0.1007729247	1.508655071	1924.147461
810000	-15925.73438	309.6335754	0.1032628268	1.494563818	1926.080933
815000	-15957.25977	286.1948242	0.09544599801	1.476300955	1924.819458
820000	-15936.94531	309.8401794	0.1033317298	1.555650949	1923.143311
825000	-15917.71484	299.4310608	0.0998602882	1.561979413	1924.680664
830000	-15947.51758	279.3412476	0.09316033125	1.522743821	1924.015869
835000	-15937.63281	318.1629333	0.1061073691	1.391243458	1925.644531
840000	-15938.28711	308.1281128	0.1027607545	1.480988264	1925.799805
845000	-15951.7168	283.3027039	0.09448147565	1.551237106	1923.261963
850000	-15922.9375	306.7960205	0.1023164988	1.404403806	1926.89563
855000	-15945.97656	306.2686768	0.1021406353	1.560550332	1924.188721
860000	-15943.12402	285.131897	0.09509151429	1.462626338	1922.797241
865000	-15925.06445	311.5330811	0.1038963124	1.604233146	1922.766602
870000	-15934.73828	287.9988708	0.0960476473	1.437301874	1926.891846
875000	-15949.86914	290.9498291	0.09703179449	1.436603069	1926.52356
880000	-15918.16992	306.9197083	0.1023577526	1.544137359	1923.990112
885000	-15945.6875	294.0303955	0.0980591625	1.471281648	1925.720459
890000	-15944.68555	296.8283997	0.09899230301	1.58627975	1922.263794
895000	-15925.15625	312.0406799	0.1040655971	1.589568973	1923.343506
900000	-15946.33398	287.8192444	0.09598774463	1.381244302	1929.000854
905000	-15937.46094	300.0453491	0.1000651494	1.485145926	1922.42041
910000	-15930.24219	306.7079773	0.102287136	1.532969713	1925.622192
915000	-15950.22266	297.6572266	0.0992687121	1.556185126	1922.371338
920000	-15936.24707	303.4649658	0.1012055948	1.550653458	1925.277466
925000	-15940.19531	314.2928162	0.1048166826	1.534282207	1923.458252
930000	-15954.35938	298.5055542	0.099551633	1.505982876	1924.25061
935000	-15934.8125	305.0272217	0.1017266065	1.437780023	1926.204834
940000	-15927.17383	298.0967712	0.09941530228	1.613997221	1922.747559
945000	-15945.62891	290.1040649	0.09674973041	1.45158112	1927.525391
950000	-15936.34668	309.7218933	0.1032922789	1.521973252	1924.629395
955000	-15936.63379	302.9064026	0.1010193154	1.559038281	1923.394775
960000	-15935.01758	290.4767456	0.09687402099	1.583419919	1920.481079
965000	-15937.12598	307.0217896	0.1023917943	1.4936831	1925.113403
970000	-15939.02148	305.1772461	0.1017766371	1.645146966	1920.623169
975000	-15940.83398	293.5726318	0.0979065001	1.550795913	1923.726929
980000	-15929.33008	302.076355	0.1007424966	1.480678558	1925.443848
985000	-15941.56445	296.409729	0.09885267168	1.51697731	1924.555054
990000	-15939.10645	292.6143799	0.09758692235	1.464775681	1928.357422
995000	-15933.04883	307.7478027	0.1026339233	1.535275221	1924.42688
