timestep	potential_energy	kinetic_energy	temperature	pressure	volume
0	-388.828125	0	0	-0.04783203453	16000
5000	-13843.50195	556.9259033	0.1857348382	1.519055247	2028.900513
10000	-13370.91211	1112.86731	0.3711413443	1.580467939	2087.272705
15000	-13077.50977	1421.276367	0.4739958048	1.40833199	2132.901855
20000	-12978.58594	1518.631836	0.5064638853	1.47433269	2136.940186
25000	-13039.41602	1572.196777	0.524327755	1.550063133	2129.450195
30000	-13045.24609	1531.918457	0.5108949542	1.648058176	2125.747314
35000	-13132.46875	1529.519287	0.5100948215	1.574137211	2122.876221
40000	-13156.46289	1504.766235	0.5018396974	1.601288676	2120.898682
45000	-13250.85156	1536.081421	0.5122833252	1.366498828	2113.589355
50000	-13337.8623	1500.707764	0.5004861951	1.571999669	2093.160156
55000	-13464.64258	1508.434814	0.5030631423	1.665657997	2091.365234
60000	-13452.72461	1469.81897	0.4901847541	1.474194407	2101.17041
65000	-13666.69531	1482.577881	0.4944398701	1.723317385	2060.250244
70000	-13729.36035	1489.195435	0.4966468215	1.621489167	2063.152832
75000	-13864.95703	1526.620483	0.5091280937	1.336691976	2058.479492
80000	-13854.72266	1515.063965	0.5052739978	1.410413504	2047.379395
85000	-13929.86719	1529.001709	0.5099222064	1.353043318	2046.482178
90000	-13937.77344	1489.706055	0.496817112	1.553251624	2039.71936
95000	-13952.97852	1549.263184	0.5166794062	1.675998449	2029.040283
100000	-13947.23145	1543.265137	0.5146790743	1.560889244	2037.709351
105000	-13973.25781	1508.512695	0.5030891299	1.446401715	2046.242065
110000	-13986.26367	1477.260498	0.4926665127	1.520774484	2041.532104
115000	-13978.54102	1470.429688	0.490388453	1.420146346	2047.651855
120000	-14003.89453	1563.970825	0.5215843916	1.644937515	2039.805054
125000	-13981.52734	1527.133057	0.5092990398	1.503424883	2043.881958
130000	-14037.26172	1529.772461	0.5101792812	1.406787157	2051.685059
135000	-14016.17578	1500.993408	0.5005814433	1.398754358	2041.142334
140000	-13978.125	1476.672729	0.4924705029	1.342965603	2049.754395
145000	-13998.97266	1507.512817	0.5027556419	1.593539476	2036.268188
150000	-14016.88672	1505.236572	0.5019965172	1.388266087	2047.2323
155000	-13973.31543	1479.047607	0.4932625294	1.636591315	2039.304199
160000	-13988.9082	1513.597656	0.5047849417	1.598477483	2040.796021
165000	-14023.99414	1500.05542	0.5002686381	1.551287651	2041.310547
170000	-14046.40234	1475.917847	0.4922187328	1.773235798	2033.989746
175000	-14003.02441	1468.678101	0.4898042977	1.508929849	2042.209229
180000	-13969.92969	1494.553711	0.4984337986	1.519759178	2043.824341
185000	-13991.6709	1505.78833	0.5021805763	1.565070152	2041.72583
190000	-14031.47363	1515.630371	0.5054628849	1.539527416	2040.046875
195000	-14010.06445	1478.339844	0.4930264652	1.482514858	2043.338623
200000	-14067.76562	1492.371094	0.4977059066	1.65091157	2036.008667
205000	-14056.00586	1501.146484	0.5006325245	1.400173903	2039.603394
210000	-14003.42383	1526.095093	0.5089528561	1.403214931	2042.250366
215000	-13993.00391	1535.997559	0.512255311	1.424935102	2045.356201
220000	-13993.65039	1520.21106	0.5069905519	1.687667608	2028.533691
225000	-14011.83203	1477.090576	0.4926098585	1.410524249	2042.889282
230000	-14042.61328	1479.04126	0.4932604134	1.553336263	2038.271973
235000	-14019.04688	1454.059448	0.4849289656	1.561948657	2036.572876
240000	-14034.79688	1505.193359	0.5019821525	1.604784727	2034.726562
245000	-14005.98047	1501.513672	0.5007549524	1.46863091	2040.317627
250000	-14013.11914	1507.79541	0.5028499365	1.33501184	2047.807129
255000	-14027.88184	1528.699585	0.5098214746	1.559812546	2032.760986
260000	-14053.49121	1486.071045	0.4956048429	1.53230381	2038.273193
265000	-14013.13672	1477.92395	0.4928877652	1.652438998	2039.717041
270000	-13993.01758	1457.99707	0.4862421751	1.444385886	2040.110107
275000	-14009.54395	1505.560059	0.5021044016	1.523761034	2040.395386
280000	-14029.25195	1581.120361	0.5273038149	1.605987668	2036.036621
285000	-14026.2793	1525.30835	0.5086904764	1.69880569	2036.3302
290000	-14044.08984	1488.459961	0.4964015484	1.523127675	2036.342285
295000	-14050.11719	1501.765625	0.500838995	1.52443707	2033.673218
300000	-13988.6582	1461.64624	0.4874591529	1.412105083	2043.851807
305000	-13966.22949	1498.686157	0.4998119771	1.653276443	2031.833862
310000	-13989.91211	1539.244873	0.5133383274	1.515702248	2039.314575
315000	-13983.61328	1496.844238	0.4991976917	1.547965288	2037.508911
320000	-13990.89258	1479.027954	0.4932559729	1.586167693	2041.271118
325000	-13986.93359	1476.006592	0.4922483265	1.532967687	2041.2677
330000	-13995.85547	1459.105957	0.4866119623	1.453018785	2047.167236
335000	-13997.52148	1468.250977	0.4896618426	1.749563694	2028.928833
340000	-13979.11328	1478.172729	0.4929707348	1.246281862	2048.908691
345000	-13969.85352	1483.158691	0.4946335554	1.578069448	2037.767822
350000	-14007.07617	1521.588135	0.5074498057	1.379716516	2040.339722
355000	-13943.01562	1496.868164	0.4992056787	1.395697474	2046.892944
360000	-13960.40234	1530.759277	0.5105083585	1.589176893	2037.697144
365000	-14004.81836	1506.48584	0.5024131536	1.555167437	2036.32666
370000	-13971.92188	1446.00769	0.4822436869	1.284199715	2047.88623
375000	-13999.2207	1497.47583	0.4994083345	1.598189235	2033.902344
380000	-14001.01953	1506.082031	0.5022785068	1.647037745	2037.490967
385000	-13975.69141	1493.919189	0.4982222021	1.636914253	2039.13855
390000	-14006.26074	1486.810059	0.4958513081	1.54851985	2036.813721
395000	-14005.31055	1516.803223	0.5058540106	1.48712945	2038.417969
400000	-14019.44824	1481.850708	0.4941973388	1.464986086	2031.997437
405000	-14038.4082	1523.157837	0.5079732537	1.527833223	2037.57666
410000	-13991.0918	1479.183838	0.4933079481	1.64872539	2036.646484
415000	-14032.08203	1521.784424	0.5075152516	1.36005044	2043.659546
420000	-14000.9043	1506.852295	0.5025354028	1.55384326	2036.655029
425000	-14001.70312	1493.813477	0.4981869459	1.327970505	2038.860229
430000	-14005.22266	1488.145996	0.496296823	1.490544081	2039.298462
435000	-13973.28711	1489.130615	0.4966252148	1.662343144	2039.311768
440000	-13987.89648	1482.613037	0.4944515824	1.566261053	2042.542236
445000	-14026.60547	1503.373779	0.5013753176	1.47041285	2042.318237
450000	-13995.78125	1506.8396	0.5025311708	1.462255478	2046.90332
455000	-13961.01465	1508.659668	0.5031381249	1.578971505	2043.1604
460000	-14000.36035	1480.188965	0.4936431646	1.390507579	2041.931274
465000	-14001.88867	1445.672241	0.4821318388	1.579789162	2039.766357
470000	-14016.76074	1470.419678	0.4903851151	1.418989897	2040.793701
475000	-14002.63086	1486.293701	0.4956790805	1.347745538	2043.719971
480000	-14028.38281	1482.202026	0.4943145216	1.539480925	2044.347046
485000	-14014.32812	1496.23584	0.4989947975	1.324383378	2044.838135
490000	-13995.21094	1492.580444	0.4977757335	1.535827637	2043.435425
495000	-14019.42578	1496.970459	0.4992398024	1.341822743	2045.961548
500000	-14015.12402	1515.537109	0.5054317713	1.608933687	2036.807983
505000	-13980.72461	1460.649414	0.487126708	1.568331599	2038.333984
510000	-14013.26172	1512.25415	0.5043368936	1.583346128	2037.229614
515000	-14013.53711	1498.836426	0.4998621047	1.545507073	2041.615723
520000	-14012.77637	1524.191406	0.508318007	1.477198005	2043.223145
525000	-14008.22266	1524.489136	0.5084172487	1.406214237	2043.76001
530000	-13955.46387	1505.553223	0.5021021366	1.410302043	2047.823975
535000	-13959.29492	1494.561035	0.4984362423	1.52401638	2048.386719
540000	-14025.28809	1512.843506	0.5045334697	1.507716179	2035.826416
545000	-14033.98633	1498.520996	0.4997569025	1.695028424	2033.734009
550000	-14004.08105	1466.228638	0.4889873862	1.35279417	2042.805176
555000	-14043.62305	1488.720215	0.4964883327	1.516018391	2032.753906
560000	-14027.10938	1527.475586	0.5094132423	1.493090272	2034.968506
565000	-14033.6582	1516.172485	0.5056436658	1.347869873	2048.072266
570000	-14011.35254	1494.694092	0.498480618	1.562056541	2037.44397
575000	-14027.28418	1510.387939	0.5037145019	1.566665769	2033.400146
580000	-14009.10254	1496.839966	0.4991962612	1.55073452	2038.908447
585000	-14054.95508	1535.02002	0.5119293332	1.530754924	2034.209595
590000	-14052.53516	1503.411255	0.5013877749	1.387711763	2043.60376
595000	-14053.14258	1503.908203	0.5015535355	1.702035189	2022.234253
600000	-14069.99219	1516.855225	0.5058713555	1.476242661	2025.532715
605000	-14062.88672	1503.595459	0.5014492273	1.425060511	2023.009644
610000	-14040.77734	1484.243652	0.4949953854	1.429404497	2026.41626
615000	-14050.43164	1477.746582	0.4928286374	1.420747638	2031.323853
620000	-14075.90234	1485.374756	0.4953726232	1.44397378	2024.119263
625000	-14068.81152	1492.883057	0.4978766441	1.226142645	2036.641724
630000	-14061.10742	1528.249756	0.5096714497	1.622211337	2018.497803
635000	-14054.63574	1491.266357	0.4973374605	1.535284519	2022.703491
640000	-14084.98828	1493.275269	0.4980074465	1.545292139	2023.564941
645000	-14074.50684	1481.775879	0.4941723943	1.471550345	2023.054077
650000	-14083.90332	1480.374268	0.4937049448	1.621552587	2023.155518
655000	-14055.33398	1501.104248	0.5006183982	1.433392167	2027.140259
660000	-14052.91797	1533.831665	0.5115330219	1.411585212	2025.669922
665000	-14077.31348	1523.820312	0.5081942081	1.401559353	2030.660156
670000	-14056.04688	1469.44458	0.4900599122	1.589413881	2019.126465
675000	-14045.58594	1446.431641	0.4823850989	1.537794113	2030.205322
680000	-14042.44727	1457.863525	0.4861976206	1.371556878	2031.89917
685000	-14119.41504	1533.723633	0.5114969611	1.473017335	2025.982788
690000	-14070.89258	1509.543945	0.5034330487	1.48904717	2021.966675
695000	-14042.73145	1484.052979	0.4949318171	1.273694038	2035.210938
700000	-14076.42969	1514.46167	0.5050731301	1.452631116	2024.396606
705000	-14048.67188	1458.293213	0.4863409102	1.327353954	2031.435425
710000	-14082.13867	1479.404907	0.4933816791	1.250022054	2027.927734
715000	-14086.39453	1510.124634	0.5036267042	1.510323524	2027.296631
720000	-14067.1084	1491.466187	0.4974041283	1.344737649	2037.67749
725000	-14050.44531	1484.871582	0.4952048063	1.280097008	2035.291992
730000	-14050.87988	1495.332642	0.4986935854	1.488079309	2024.709839
735000	-14063.90137	1519.85144	0.5068706274	1.366390586	2025.351562
740000	-14043.1709	1492.908081	0.4978849888	1.324539304	2033.996216
745000	-14026.19629	1493.467529	0.4980715513	1.61740613	2023.882812
750000	-14049.04688	1480.449463	0.4937300384	1.515134096	2028.248291
755000	-14070.18164	1480.073364	0.4936046004	1.409100652	2026.49585
760000	-14079.90039	1497.597778	0.4994490147	1.651817918	2019.823364
765000	-14092.19434	1536.101562	0.5122900009	1.618810534	2020.115967
770000	-14108.21875	1559.377319	0.5200524926	1.31731689	2029.781616
775000	-14056.6416	1503.833374	0.5015285611	1.607296586	2018.441284
780000	-14078.90234	1510.429199	0.5037282705	1.458975792	2023.859619
785000	-14081.9834	1512.101929	0.5042861104	1.660600662	2013.67981
790000	-14083.26465	1524.382812	0.508381784	1.405170798	2027.514282
795000	-14112.33398	1525.608276	0.508790493	1.607815862	2016.252686
800000	-14078.40918	1488.547363	0.4964306951	1.613369107	2018.814453
805000	-14077.54102	1501.051514	0.5006008148	1.676168323	2020.93396
810000	-14039.81836	1520.012695	0.5069243908	1.524094701	2027.531128
815000	-14044.62891	1515.803589	0.5055206418	1.470843673	2026.754517
820000	-14053.76172	1467.224121	0.4893193841	1.50795877	2022.903564
825000	-14094.84961	1486.694702	0.4958128333	1.50880754	2018.394653
830000	-14094.62988	1502.848877	0.5012002587	1.435478687	2023.361938
835000	-14090.62109	1496.880127	0.4992096722	1.685319185	2021.488403
840000	-14072.53516	1466.858887	0.489197582	1.427425265	2027.550171
845000	-14089.04102	1517.212646	0.5059905648	1.254691124	2029.494507
850000	-14050.47363	1550.930908	0.5172355771	1.587740064	2026.327393
855000	-14010.63867	1521.083862	0.5072816014	1.677154422	2028.703003
860000	-14063.93359	1478.355713	0.49303177	1.477641821	2032.019409
865000	-14102.07129	1472.659424	0.4911320508	1.708604693	2010.405273
870000	-14164.72363	1491.840332	0.4975288808	1.547719479	2015.413452
875000	-14111.37695	1482.306519	0.4943493605	1.473813891	2023.75061
880000	-14043.76465	1506.135864	0.5022964478	1.421634197	2032.513916
885000	-14023.16992	1521.878418	0.5075466037	1.62787056	2025.109131
890000	-14059.77637	1502.881104	0.5012109876	1.600597143	2023.701538
895000	-14104.29102	1478.075073	0.4929381907	1.261734724	2030.045166
900000	-14102.90625	1484.421265	0.4950546324	1.626258492	2019.260132
905000	-14069.49707	1461.257324	0.4873294532	1.67474556	2024.130737
910000	-14078.9707	1528.086792	0.5096170902	1.255643368	2037.4104
915000	-14071.13867	1529.138062	0.5099676847	1.456478477	2027.703125
920000	-14031.36914	1496.058838	0.4989357591	1.598067403	2025.895142
925000	-14084.33301	1485.567017	0.495436728	1.310352564	2028.959351
930000	-14123.06445	1490.835815	0.4971938729	1.37288475	2028.432007
935000	-14059.80957	1479.75708	0.49349913	1.504925251	2026.958374
940000	-14029.56641	1503.239258	0.5013304353	1.392068624	2028.20166
945000	-14017.92383	1487.157837	0.4959672689	1.527110457	2026.063599
950000	-14041.35059	1473.018799	0.4912519157	1.413147211	2033.566284
955000	-14098.42676	1495.611938	0.4987867177	1.454114437	2028.445312
960000	-14101.9834	1511.088623	0.5039482117	1.750837445	2015.016602
965000	-14078.84277	1481.886475	0.4942092896	1.472812176	2024.082764
970000	-14037.0625	1470.45459	0.4903967381	1.50147438	2026.016846
975000	-14046.8252	1543.393799	0.5147219896	1.510780811	2029.708862
980000	-14001.41016	1462.905396	0.4878790975	1.462450862	2028.951294
985000	-14081.4873	1520.763062	0.5071746111	1.445063829	2022.709229
990000	-14063.71484	1437.968506	0.4795626402	1.544766545	2022.524658
995000	-14105.50879	1503.962402	0.5015715957	1.604839444	2014.456543
