timestep	potential_energy	kinetic_energy	temperature	pressure	volume
0	-381.4453125	0	0	-0.04692383111	16000
5000	-13564.55664	601.3914185	0.2005641013	1.471316576	2031.434204
10000	-13000.50781	1155.619263	0.385399133	1.618883729	2091.158447
15000	-12644.57031	1468.645508	0.4897934198	1.586486578	2138.272949
20000	-12574.97168	1555.619873	0.5187993646	1.461944103	2161.524658
25000	-12618.18359	1578.651733	0.5264804959	1.427000642	2157.495605
30000	-12559.53906	1564.985474	0.5219228268	1.437384963	2166.083984
35000	-12662.47461	1503.885742	0.5015460253	1.588353992	2150.233398
40000	-12754.68555	1557.044678	0.5192745328	1.56562376	2139.884033
45000	-12850.77637	1547.196289	0.5159901381	1.628237128	2127.464111
50000	-12883.44531	1478.989502	0.4932431281	1.374903679	2136.745361
55000	-12999.08594	1530.593018	0.5104529262	1.587809443	2117.294922
60000	-13056.8457	1462.693848	0.4878085256	1.551272988	2105.863281
65000	-13309.45508	1524.529785	0.5084308386	1.401709318	2087.973389
70000	-13390.58008	1482.825073	0.4945223033	1.506009817	2061.158447
75000	-13572.40527	1485.919434	0.4955542684	1.399149776	2039.427124
80000	-13554.14453	1476.435913	0.4923915267	1.350363851	2043.604858
85000	-13500.36719	1453.068237	0.4845983982	1.525776744	2043.591064
90000	-13616.85352	1518.308594	0.5063560605	1.452741027	2032.304443
95000	-13574.43848	1467.41626	0.4893834591	1.595569611	2032.794434
100000	-13669.3584	1505.217773	0.5019902587	1.29611516	2036.539185
105000	-13665.62891	1486.710205	0.4958179891	1.730133891	2019.516968
110000	-13734.20801	1498.039917	0.4995964468	1.314476132	2023.512451
115000	-13718.875	1463.155762	0.4879625738	1.50160408	2026.55127
120000	-13713.02148	1507.309448	0.5026878715	1.413127065	2022.80542
125000	-13671.40918	1515.618286	0.5054588318	1.597842216	2020.464478
130000	-13673.17969	1512.953125	0.5045700073	1.440342426	2028.393433
135000	-13687.32812	1508.414185	0.5030562878	1.686758757	2014.895752
140000	-13659.93164	1479.872437	0.4935376048	1.474355221	2027.254517
145000	-13692.08789	1494.804688	0.4985175133	1.553787947	2029.052979
150000	-13672.48828	1468.364136	0.4896995723	1.429686904	2030.366577
155000	-13701.03125	1474.590332	0.4917760193	1.358332157	2022.178955
160000	-13706.21777	1448.460571	0.4830617309	1.570775151	2024.071289
165000	-13716.3252	1511.720459	0.5041589141	1.455783725	2024.574951
170000	-13686.88281	1528.562744	0.5097758174	1.445632339	2025.395874
175000	-13691.88477	1505.924316	0.5022258759	1.321929455	2033.90918
180000	-13665.94629	1477.318359	0.4926858246	1.600477338	2021.989258
185000	-13697.00391	1486.881104	0.495875001	1.440806746	2025.161011
190000	-13708.23438	1480.823853	0.4938548803	1.431688428	2023.368286
195000	-13723.33203	1514.33728	0.5050316453	1.541502476	2021.732178
200000	-13717.05273	1516.547363	0.5057687163	1.605181694	2020.118896
205000	-13693.10547	1525.331543	0.508698225	1.591531038	2025.583984
210000	-13691.87207	1525.200439	0.5086544752	1.418940067	2022.494751
215000	-13728.96973	1513.817383	0.5048582554	1.521580458	2016.671509
220000	-13740.89453	1478.945312	0.4932284057	1.767976522	2009.913696
225000	-13750.84668	1491.109863	0.4972852767	1.380678058	2019.601074
230000	-13703.77539	1492.402588	0.497716397	1.528041124	2023.571289
235000	-13685.09766	1497.657349	0.499468863	1.590486884	2023.152588
240000	-13687.68652	1556.921265	0.5192334056	1.488318563	2024.230469
245000	-13690.72168	1516.520874	0.5057598352	1.670385242	2021.85498
250000	-13702.41211	1525.647095	0.5088034272	1.433361411	2026.601562
255000	-13758.33008	1510.007812	0.5035877228	1.504945755	2018.125854
260000	-13708.54297	1462.724121	0.4878186285	1.51235795	2022.453247
265000	-13706.80957	1515.462158	0.5054067969	1.579500794	2018.13916
270000	-13689.30957	1537.209839	0.5126596093	1.661033869	2016.629517
275000	-13679.02832	1531.426758	0.5107309818	1.586873055	2017.553711
280000	-13727.32422	1494.533813	0.4984271824	1.432162642	2022.615845
285000	-13718.78906	1437.437988	0.4793857038	1.613218307	2020.628662
290000	-13692.45703	1448.601807	0.4831088483	1.478321195	2020.899536
295000	-13715.46875	1539.760254	0.5135101676	1.636327624	2015.360474
300000	-13697.56348	1514.200439	0.5049859881	1.395278811	2026.982544
305000	-13727.93945	1508.463989	0.5030728579	1.413597822	2018.74707
310000	-13733.58398	1493.576904	0.4981080294	1.412808776	2024.68335
315000	-13692.17773	1464.950684	0.4885611832	1.588882446	2024.848267
320000	-13712.69434	1543.619995	0.5147973895	1.513097644	2019.187012
325000	-13682.10156	1476.301758	0.4923467636	1.691835165	2018.048706
330000	-13729.55469	1497.220459	0.4993231595	1.411465645	2027.214722
335000	-13676.34277	1444.38916	0.4817039073	1.547357798	2021.858398
340000	-13731.19434	1512.814697	0.5045238733	1.477524638	2021.278687
345000	-13714.84375	1495.244751	0.4986642599	1.588550568	2022.629639
350000	-13727.43945	1469.601685	0.4901123047	1.449986219	2026.127563
355000	-13724.39453	1484.268555	0.4950037003	1.576284885	2022.393311
360000	-13713.41504	1482.256958	0.49433285	1.455878139	2025.227905
365000	-13709.5752	1521.100342	0.5072870851	1.705888033	2016.855103
370000	-13652.06641	1481.532837	0.494091332	1.642638445	2025.991943
375000	-13734	1547.85083	0.5162084103	1.3230865	2026.643677
380000	-13714.24805	1452.217529	0.4843146801	1.557123542	2026.354004
385000	-13751.48828	1491.448486	0.4973981977	1.606186986	2013.224609
390000	-13707.23633	1458.025269	0.4862515628	1.471331358	2024.349976
395000	-13704.53125	1551.928711	0.5175683498	1.713714719	2017.745239
400000	-13710.96094	1548.890869	0.5165552497	1.392688751	2027.717163
405000	-13737.74219	1496.54834	0.4990990162	1.547311664	2020.564209
410000	-13723.07617	1437.576904	0.4794320464	1.52481389	2023.586792
415000	-13725.14258	1466.682373	0.4891387224	1.474496603	2024.131226
420000	-13687.93457	1461.024902	0.4872519374	1.403867126	2028.412476
425000	-13677.61133	1477.130981	0.4926233292	1.42449379	2028.794189
430000	-13748.5625	1526.104004	0.5089558363	1.415436745	2024.49939
435000	-13711.45508	1451.061157	0.483929038	1.397562861	2031.900879
440000	-13762.07227	1495.997314	0.4989152551	1.56079483	2019.362671
445000	-13752.76953	1513.260254	0.5046724677	1.373420477	2030.906494
450000	-13722.52734	1478.673584	0.4931377769	1.41983676	2029.265015
455000	-13735.67188	1528.974365	0.5099130869	1.3905164	2027.512085
460000	-13697.63477	1511.69104	0.5041490793	1.432663083	2027.170776
465000	-13683.66113	1521.329102	0.507363379	1.487330317	2028.295654
470000	-13690.06934	1507.798706	0.5028510094	1.746685505	2016.799316
475000	-13720.41406	1508.375244	0.503043294	1.670064092	2017.450073
480000	-13722.625	1473.664062	0.4914671183	1.335133791	2033.808105
485000	-13725.86914	1505.216553	0.5019898415	1.684647083	2020.736938
490000	-13751.40527	1491.808716	0.4975183606	1.530218005	2022.112549
495000	-13720.17578	1494.301147	0.4983495772	1.574572086	2018.739014
500000	-13733.4248	1499.401611	0.5000506043	1.555133343	2016.47876
505000	-13700.65723	1462.460449	0.4877307117	1.436765671	2030.447998
510000	-13680.38379	1497.767822	0.4995056987	1.629946947	2017.322876
515000	-13747.4668	1565.945679	0.5222430229	1.488586783	2023.443237
520000	-13722.89551	1488.443115	0.4963959157	1.389364839	2025.884644
525000	-13703.52441	1446.299438	0.4823409915	1.72162652	2015.462891
530000	-13754.80371	1553.669922	0.5181490779	1.613735318	2018.990479
535000	-13701.14258	1471.857544	0.4908646345	1.40258944	2030.434692
540000	-13728.51953	1496.022827	0.4989237487	1.38037467	2030.968262
545000	-13684.34375	1473.470703	0.491402626	1.567620635	2026.070557
550000	-13738.60938	1524.598877	0.508453846	1.738605618	2020.415527
555000	-13715.65039	1486.040039	0.4955945015	1.607620597	2016.356812
560000	-13766.74023	1541.016846	0.5139292479	1.714770913	2016.760742
565000	-13727.93359	1523.626587	0.5081295967	1.673939824	2012.533325
570000	-13733.05078	1474.018555	0.4915853143	1.538991094	2023.050537
575000	-13721.11914	1448.842041	0.483188957	1.407970071	2024.850586
580000	-13755.56836	1508.675659	0.5031434894	1.590225577	2017.354126
585000	-13772.99414	1528.155396	0.5096399784	1.536674261	2012.872314
590000	-13723.95898	1497.501953	0.4994170368	1.714684248	2018.520264
595000	-13714.46582	1483.722778	0.4948216975	1.578685522	2020.117676
600000	-13703.47363	1470.307495	0.4903476834	1.345240712	2027.673706
605000	-13678.78613	1482.939697	0.4945605397	1.540077806	2024.048218
610000	-13703.375	1498.413574	0.4997210801	1.555626154	2018.487427
615000	-13740.49316	1490.103394	0.4969496131	1.410642147	2018.799438
620000	-13753.96777	1488.556519	0.4964337349	1.447416782	2025.171387
625000	-13731.57617	1482.035889	0.494259119	1.528628111	2020.291138
630000	-13712.43555	1486.790649	0.4958448112	1.555241466	2025.318481
635000	-13712.22754	1512.302734	0.504353106	1.37590003	2029.73999
640000	-13705.62695	1521.693237	0.5074848533	1.484608412	2027.846313
645000	-13718.90625	1512.555298	0.5044373274	1.488627672	2023.585083
650000	-13701.47949	1501.545166	0.5007654428	1.334313393	2031.6875
655000	-13721.0293	1482.016357	0.4942525923	1.582762837	2025.115967
660000	-13758.3418	1492.915039	0.4978873134	1.501473308	2026.030762
665000	-13761.35156	1491.265625	0.4973372221	1.064161062	2039.587158
670000	-13735.75781	1540.27063	0.5136803985	1.610743403	2017.378662
675000	-13707.30664	1524.736572	0.5084998012	1.558347702	2023.238037
680000	-13724.40039	1501.772217	0.5008412004	1.48637259	2023.736816
685000	-13758.02148	1503.74585	0.5014993548	1.564683318	2025.725952
690000	-13763.00781	1494.052856	0.4982667565	1.413498998	2024.848267
695000	-13737.43359	1496.153198	0.4989672303	1.508386135	2024.396606
700000	-13698.30664	1500.238647	0.5003297329	1.625396729	2023.116333
705000	-13690.16016	1511.179321	0.5039784312	1.452449918	2031.246338
710000	-13718.25879	1543.784912	0.5148524046	1.463490009	2031.519775
715000	-13710.55664	1492.838257	0.4978617132	1.424617529	2032.018921
720000	-13741.00391	1495.107666	0.4986185431	1.407945633	2024.607178
725000	-13721.52734	1479.726074	0.4934887886	1.390941739	2022.923096
730000	-13706.35938	1470.141479	0.4902923107	1.733637452	2013.690186
735000	-13718.83984	1560.919067	0.5205666423	1.531521678	2024.794067
740000	-13666.31055	1528.562012	0.509775579	1.501467228	2026.431274
745000	-13652.18164	1480.627563	0.4937894344	1.565583944	2023.010864
750000	-13765.14258	1527.132812	0.5092989206	1.331671953	2025.885742
755000	-13760.59668	1498.227051	0.4996588528	1.346279621	2030.941162
760000	-13767.74023	1470.219971	0.490318507	1.503157377	2023.616211
765000	-13738.82617	1441.806885	0.4808427393	1.441631079	2026.653564
770000	-13734.52051	1493.793213	0.4981801808	1.550029039	2021.971313
775000	-13676.21582	1525.232666	0.5086652637	1.529744744	2030.976929
780000	-13629.91113	1528.570068	0.5097782612	1.578721523	2028.410156
785000	-13730.85352	1526.040771	0.5089347363	1.265896916	2031.56311
790000	-13748.61133	1475.400146	0.492046088	1.413648844	2027.335938
795000	-13781.72266	1475.589111	0.4921091199	1.580762744	2016.627197
800000	-13758.95898	1473.251221	0.4913294315	1.417547822	2020.118164
805000	-13737.54297	1493.241211	0.4979960918	1.373118997	2026.313599
810000	-13749.06348	1516.39624	0.5057182908	1.309324265	2033.534302
815000	-13720.63867	1509.426514	0.5033938885	1.489038467	2027.704346
820000	-13730.16016	1530.061279	0.5102756023	1.473087907	2027.132202
825000	-13742.95801	1559.608643	0.520129621	1.444872618	2027.381592
830000	-13725.56934	1515.204956	0.5053210258	1.428548098	2029.47937
835000	-13746.59863	1498.094238	0.4996145666	1.58710146	2019.585449
840000	-13740.02441	1474.243042	0.4916602075	1.427764535	2031.384521
845000	-13693.5918	1490.091064	0.4969455004	1.553160071	2023.577026
850000	-13649.25977	1495.425293	0.4987244904	1.512925029	2028.973389
855000	-13720.2793	1526.657104	0.5091403127	1.614285707	2026.451538
860000	-13756.42188	1512.154663	0.5043036938	1.605277896	2018.734985
865000	-13735.875	1447.048584	0.4825908542	1.507031202	2018.380249
870000	-13806.63379	1487.255737	0.4959999323	1.267940164	2026.940918
875000	-13680.55469	1468.672119	0.4898023009	1.583808303	2026.608032
880000	-13671.56641	1540.02417	0.5135982037	1.576423168	2026.216553
885000	-13702.5752	1526.465454	0.5090763569	1.401042819	2035.605835
890000	-13690.12305	1459.73291	0.4868210554	1.558838606	2025.469727
895000	-13757.74805	1498.703735	0.4998178482	1.286003351	2028.45752
900000	-13793.24121	1471.529297	0.4907551706	1.421645522	2028.456421
905000	-13764.65625	1488.969727	0.4965715408	1.514144659	2022.645264
910000	-13724.19336	1494.265259	0.4983375967	1.390811205	2030.797729
915000	-13694.18066	1486.614014	0.4957859218	1.631740808	2026.518433
920000	-13713.55371	1535.944458	0.5122376084	1.550408363	2024.214355
925000	-13723.04004	1509.131592	0.5032955408	1.476956487	2025.062378
930000	-13706.79492	1446.305786	0.4823431075	1.498419285	2024.559814
935000	-13788.08496	1484.696411	0.4951463938	1.414379001	2020.7323
940000	-13763.41602	1486.14502	0.4956295192	1.528171897	2023.084106
945000	-13716.97754	1514.95459	0.5052375197	1.53037405	2026.247803
950000	-13687.55176	1546.034424	0.5156026483	1.499794364	2032.636475
955000	-13700.75098	1535.100342	0.5119560957	1.692951202	2017.792603
960000	-13751.90332	1470.0896	0.4902750254	1.614971519	2013.605713
965000	-13798.63184	1463.381226	0.488037765	1.408132076	2024.179688
970000	-13805.45117	1519.085449	0.5066151619	1.588629246	2013.767822
975000	-13735.2627	1496.487549	0.4990787506	1.351036191	2027.4375
980000	-13723.28906	1546.436157	0.5157365799	1.038773894	2036.263062
985000	-13721.09961	1515.616821	0.5054583549	1.503225565	2027.669067
990000	-13706.5957	1482.658203	0.4944666624	1.647951961	2024.49939
995000	-13741.95312	1480.238525	0.4936596751	1.60427916	2022.185181
