timestep	potential_energy	kinetic_energy	temperature	pressure	volume
0	-351.421875	0	0	-0.04323047027	16000
5000	-12782.36035	462.168457	0.1541332304	1.545275688	1980.688843
10000	-12457.99805	1040.195557	0.3469053209	1.531348109	2061.614502
15000	-12196.89844	1350.355347	0.4503436387	1.60456562	2100.381592
20000	-12088.9668	1506.143311	0.5022989511	1.508749127	2132.708984
25000	-12081.23633	1554.695435	0.5184910893	1.213025212	2151.462891
30000	-12091.60547	1485.807373	0.4955168962	1.468655705	2144.222412
35000	-12151.86816	1506.073975	0.5022758245	1.501391292	2140.217285
40000	-12302.22168	1527.342163	0.5093687773	1.421452165	2128.995117
45000	-12503.22461	1474.10791	0.4916151166	1.528618693	2102.563965
50000	-12762.72461	1491.166138	0.4973040521	1.270938516	2086.00708
55000	-12886.40723	1512.077515	0.5042780042	1.291185617	2069.5271
60000	-13148.67871	1540.206665	0.51365906	1.57375896	2017.290039
65000	-13259.07617	1469.457275	0.4900641441	1.545119405	2003.9823
70000	-13341.80664	1442.985718	0.4812358618	1.388902903	2001.38855
75000	-13326.39551	1433.693604	0.4781369567	1.170386195	2013.583862
80000	-13265.76953	1512.973267	0.5045767426	1.494476795	2009.033203
85000	-13201.9541	1526.182373	0.5089819431	1.404866576	2016.584717
90000	-13261.86035	1574.730469	0.52517277	1.648141503	2002.182617
95000	-13307.37305	1508.69104	0.5031486154	1.572409272	1999.256226
100000	-13352.55273	1443.019531	0.4812471569	1.458868265	1998.80603
105000	-13349.3457	1467.42749	0.4893872142	1.581871152	1996.876343
110000	-13283.86523	1506.839355	0.5025310516	1.622561932	1999.360352
115000	-13239.91504	1528.978516	0.5099144578	1.590555668	2007.919434
120000	-13258.11719	1500.71582	0.5004888773	1.505871415	2008.886963
125000	-13301.55078	1455.817383	0.4855152369	1.550483465	1999.664185
130000	-13339.99902	1445.752319	0.4821585417	1.357266903	2004.402344
135000	-13310.03711	1472.138428	0.4909583032	1.627348304	2000.5448
140000	-13289.88184	1521.578125	0.5074464679	1.478103518	2007.535645
145000	-13282.01758	1550.405029	0.5170602202	1.332640648	2011.96106
150000	-13256.07227	1501.228271	0.5006597638	1.175515652	2019.522705
155000	-13310.0791	1469.592651	0.4901092947	1.326262593	2007.044067
160000	-13299.80859	1430.531372	0.4770823419	1.513789415	2006.80835
165000	-13336.89551	1478.029175	0.4929228723	1.401656151	2001.847656
170000	-13298.33203	1469.704956	0.4901467562	1.307685375	2010.684814
175000	-13289.12891	1504.020264	0.5015909076	1.620254159	2002.472412
180000	-13308.90039	1515.491943	0.5054166913	1.55181694	2000.242065
185000	-13315.09082	1485.068359	0.495270431	1.489939809	2000.005249
190000	-13350.62695	1473.813232	0.4915168583	1.549651265	1998.386841
195000	-13364.69336	1496.339355	0.4990293086	1.337440133	2003.685425
200000	-13325.59277	1494.703613	0.4984838068	1.520790815	1999.973633
205000	-13324.81055	1539.666138	0.5134788156	1.715674281	1995.717773
210000	-13345.06152	1559.841553	0.5202072859	1.467520118	2002.955811
215000	-13316.08301	1500.589844	0.500446856	1.388796687	2008.735474
220000	-13330.71094	1477.18103	0.4926400185	1.165102124	2014.064453
225000	-13312.81738	1474.187256	0.4916415811	1.582322836	2000.986084
230000	-13325.44629	1499.654663	0.5001349449	1.425029397	2007.52417
235000	-13322.81055	1509.698242	0.5034844875	1.366274238	2008.186279
240000	-13319.63281	1516.301758	0.5056867599	1.343940496	2009.373657
245000	-13310.01367	1506.767578	0.5025071502	1.329229593	2009.737427
250000	-13338.40234	1500.792603	0.5005144477	1.319102883	2010.234741
255000	-13342.34375	1494.86084	0.4985362291	1.35751152	2006.483765
260000	-13296.60547	1464.318604	0.4883503914	1.495748878	2005.601929
265000	-13352.50488	1539.089844	0.5132865906	1.362045884	2008.486938
270000	-13313.31836	1485.047119	0.4952633679	1.463725448	2002.929443
275000	-13342.11621	1501.908936	0.5008867979	1.528483152	2000.082397
280000	-13322.89453	1496.203369	0.4989839792	1.395720243	2005.513062
285000	-13319.04297	1507.516602	0.5027569532	1.508515835	2004.725586
290000	-13281.54004	1498.328613	0.4996927381	1.421875238	2006.545654
295000	-13341.36133	1525.590576	0.5087845922	1.588109016	1998.651611
300000	-13340.10742	1480.69458	0.4938117862	1.628362298	1994.480957
305000	-13328.04785	1451.808105	0.4841781259	1.40342176	2005.831787
310000	-13286.53906	1475.406616	0.4920482337	1.580814362	2002.710571
315000	-13307.43555	1515.23877	0.5053322911	1.575220823	2001.369019
320000	-13335.44336	1527.968384	0.5095775723	1.364144206	2008.743408
325000	-13284.54395	1492.426636	0.4977244139	1.502385378	2004.3479
330000	-13345.11328	1551.379639	0.5173852444	1.413239717	2007.381836
335000	-13322.38086	1501.462646	0.5007379055	1.430493593	2005.266602
340000	-13300.91309	1478.540649	0.4930934608	1.698749065	1998.734009
345000	-13339.05859	1502.216919	0.5009894967	1.555618405	1998.59729
350000	-13298.8418	1468.162964	0.4896324873	1.495583415	2004.190918
355000	-13331.11426	1517.556641	0.5061053038	1.661923647	1995.529785
360000	-13331.03223	1528.293457	0.5096859932	1.603243589	1996.713867
365000	-13331.4248	1516.085815	0.5056147575	1.737902999	1994.098877
370000	-13317.11523	1495.499756	0.4987493157	1.500287414	2003.079468
375000	-13333.57617	1516.423584	0.5057274103	1.556284308	1999.164185
380000	-13309.51562	1512.96814	0.5045750141	1.612528324	1995.805176
385000	-13268.7207	1461.007812	0.4872462451	1.599451542	2003.966187
390000	-13297.19531	1477.324707	0.4926879406	1.60600996	2000.588257
395000	-13328.01758	1472.105835	0.4909474254	1.568225026	2000.915161
400000	-13301.96484	1459.775635	0.4868353009	1.560130358	2002.616699
405000	-13328.60156	1531.945679	0.5109040141	1.654891253	1993.278931
410000	-13307.4375	1500.877686	0.5005428791	1.594809175	2001.993652
415000	-13325.76758	1522.81958	0.5078604817	1.412747383	2004.810303
420000	-13288.01562	1501.898438	0.5008832812	1.657024622	1999.613159
425000	-13322.78613	1522.476196	0.5077459812	1.380900741	2005.243652
430000	-13336.91895	1503.083984	0.5012786388	1.4198035	2005.33252
435000	-13306.95508	1462.02478	0.4875853956	1.872838378	1988.020874
440000	-13326.51758	1488.058838	0.4962677658	1.551549792	2002.200928
445000	-13310.2334	1506.798096	0.502517283	1.314314842	2010.432739
450000	-13281.39941	1501.262207	0.5006710887	1.391134858	2015.033203
455000	-13317.44629	1535.262695	0.5120102763	1.341595531	2008.289429
460000	-13295.75684	1474.333008	0.4916901886	1.544978142	2000.658691
465000	-13358.64355	1490.210815	0.4969854355	1.593667507	1996.993896
470000	-13303.38281	1444.625488	0.4817827344	1.441039681	2004.041382
475000	-13322.20605	1514.486084	0.5050812364	1.760068774	1994.520386
480000	-13326.50977	1523.637207	0.508133173	1.571325779	1996.516724
485000	-13316.91406	1521.844849	0.507535398	1.471324325	2003.361328
490000	-13341.39453	1546.494873	0.5157561898	1.43597281	2002.661377
495000	-13348.92578	1542.537964	0.514436543	1.696506262	1993.924683
500000	-13329.07812	1493.055908	0.4979342818	1.668417454	1994.797485
505000	-13309.14746	1443.477539	0.4813998938	1.394815445	2006.141968
510000	-13353.45703	1498.656006	0.4998019338	1.249692917	2010.617676
515000	-13296.37793	1496.360474	0.4990363717	1.27451396	2012.402344
520000	-13327.01758	1535.959717	0.5122427344	1.551351428	2002.065308
525000	-13315.80957	1490.825439	0.4971904159	1.45266974	2005.756104
530000	-13363.33984	1521.368408	0.507376492	1.620446682	1994.867188
535000	-13332.5791	1458.894775	0.4865415394	1.339662552	2010.019409
540000	-13346.01562	1512.815186	0.5045239925	1.487717867	2000.635864
545000	-13314.94336	1504.420776	0.5017244816	1.462177157	2004.114136
550000	-13315.49219	1510.708618	0.5038214922	1.487601638	2002.623535
555000	-13316.29492	1504.890137	0.5018810034	1.646056414	1997.267334
560000	-13349.10938	1499.969238	0.5002399087	1.581997752	1997.960815
565000	-13343.95508	1498.77417	0.4998413324	1.450719237	2001.718262
570000	-13347.01758	1482.657715	0.4944664836	1.586561203	1995.966919
575000	-13356.69629	1497.513794	0.4994210005	1.523085356	1997.881348
580000	-13366.02734	1549.560547	0.5167785883	1.30248332	2008.185059
585000	-13305.30762	1473.630127	0.4914557934	1.314720392	2012.727539
590000	-13303.13867	1468.177979	0.4896374941	1.414999604	2007.633179
595000	-13290.77246	1482.739258	0.4944936931	1.635775208	2003.747925
600000	-13348.50586	1504.8125	0.501855135	1.43087399	2005.312378
605000	-13294.71094	1467.461304	0.4893984795	1.49539113	2003.679199
610000	-13313.32227	1472.911133	0.4912160039	1.349604011	2011.399902
615000	-13316.16211	1502.85376	0.5012018681	1.523628354	2002.589233
620000	-13310.83594	1501.907104	0.5008861423	1.527747989	2004.232788
625000	-13334.4375	1500.208008	0.5003195405	1.509843588	2003.950806
630000	-13321.83105	1478.36145	0.4930336773	1.481788993	2004.365723
635000	-13338.23242	1510.263794	0.5036731362	1.665117383	1994.279297
640000	-13332.71387	1501.917847	0.5008897185	1.434278131	2006.401123
645000	-13328.57324	1516.279785	0.5056794286	1.471552372	2005.890381
650000	-13290.71973	1479.764893	0.4935017228	1.543957472	2003.431763
655000	-13316.53809	1489.199463	0.4966481626	1.365719318	2008.402588
660000	-13317.03125	1490.855835	0.4972005486	1.480406523	2002.417969
665000	-13347.8457	1521.240479	0.5073338151	1.592120767	1996.890503
670000	-13363.29492	1515.868408	0.5055422783	1.398212552	2001.416016
675000	-13346.23438	1503.085205	0.5012790561	1.289315701	2007.032593
680000	-13335.55664	1491.303223	0.4973497689	1.356683731	2006.125488
685000	-13355.53125	1525.773315	0.5088455677	1.434789419	2005.045288
690000	-13311.60547	1503.442383	0.5013982058	1.658403754	1995.832153
695000	-13313.49805	1487.760498	0.4961682558	1.477758765	2005.200195
700000	-13341.25	1518.26416	0.5063412189	1.499079585	2002.799927
705000	-13327.44238	1488.591675	0.496445477	1.474533916	2003.365234
710000	-13345.35156	1477.748169	0.492829144	1.524111032	2000.201416
715000	-13326.09375	1444.085938	0.481602788	1.348114491	2009.974731
720000	-13313.7207	1487.5625	0.4961022437	1.458377481	2005.586426
725000	-13333.64844	1536.943115	0.5125706792	1.385863304	2007.251221
730000	-13318.36328	1517.369629	0.5060428977	1.522819042	2001.030029
735000	-13353.04883	1506.981323	0.5025784373	1.578151464	2001.93457
740000	-13362.21191	1497.70752	0.4994856119	1.622431993	1993.035767
745000	-13343.17676	1465.983887	0.4889057577	1.496503115	2000.043457
750000	-13386.98633	1577.985596	0.5262583494	1.613450527	1991.840698
755000	-13302.25977	1525.922974	0.5088954568	1.449360013	2005.592163
760000	-13315.44922	1488.091309	0.496278584	1.51777482	2003.767456
765000	-13352.59375	1474.230469	0.4916560054	1.483936787	1997.999023
770000	-13346.12695	1457.076416	0.4859351218	1.353670001	2006.111084
775000	-13322.63086	1448.914795	0.4832132161	1.369822502	2007.853516
780000	-13328.7002	1530.443359	0.5104029775	1.614407659	2000.937378
785000	-13296.19336	1517.354248	0.5060377717	1.697627544	2000.191772
790000	-13345.22852	1524.445312	0.5084026456	1.547204614	1997.577759
795000	-13361.11719	1483.078125	0.4946067035	1.503010988	2000.485962
800000	-13353.44336	1479.999512	0.4935799837	1.414606333	2003.408813
805000	-13339.65625	1506.288452	0.5023473501	1.313752651	2007.984863
810000	-13297.07617	1508.792969	0.50318259	1.555832267	2003.143555
815000	-13274.86035	1477.072754	0.492603898	1.505919576	2006.116333
820000	-13336.33105	1500.66333	0.5004713535	1.603231192	1995.53894
825000	-13336.62891	1448.779785	0.4831681848	1.531057954	2000.09729
830000	-13350.59473	1468.330078	0.4896882176	1.459617615	1998.076782
835000	-13330.25391	1467.189209	0.4893077314	1.461143374	2003.812134
840000	-13328.34668	1511.1073	0.5039544106	1.523265481	2001.438965
845000	-13331.98633	1545.445312	0.5154061317	1.529281735	2000.85498
850000	-13315.88477	1512.896484	0.5045511127	1.48924613	2003.249634
855000	-13371.63086	1505.639404	0.5021308661	1.234367132	2011.877197
860000	-13376.5332	1488.107666	0.4962840378	1.485032201	1996.420166
865000	-13389.20508	1487.480713	0.4960749447	1.475350261	1995.040161
870000	-13376.0957	1533.236938	0.5113346577	1.511034489	1998.754517
875000	-13323.10254	1528.710938	0.5098252296	1.334741592	2011.596924
880000	-13281.21094	1504.286743	0.5016797781	1.529407382	2003.463745
885000	-13304.46973	1496.873047	0.499207288	1.752402782	1995.92981
890000	-13343.10352	1487.668091	0.4961374402	1.581525445	1999.09668
895000	-13355.13672	1481.169189	0.4939700663	1.675732136	1992.954102
900000	-13336.21094	1443.094116	0.481272012	1.454495072	2003.805298
905000	-13282.54688	1441.522217	0.4807477891	1.231947303	2016.973511
910000	-13321.15918	1545.320068	0.5153644085	1.46702826	2006.235474
915000	-13297.15039	1492.44751	0.4977313876	1.668317914	2000.99231
920000	-13395.74805	1554.112671	0.5182967186	1.665621161	1990.91748
925000	-13364.06934	1507.562012	0.5027720928	1.49607408	2000.626709
930000	-13323.64258	1466.746094	0.4891599715	1.380994201	2005.967651
935000	-13339.09961	1505.030273	0.5019277334	1.42383945	2002.428223
940000	-13345.18555	1507.34375	0.5026992559	1.249177814	2012.260376
945000	-13295.87695	1466.363525	0.4890323877	1.425442219	2009.5354
950000	-13315.6582	1505.962158	0.502238512	1.525454164	2004.559448
955000	-13334.70215	1515.035156	0.5052643418	1.408658385	2005.59668
960000	-13376.55664	1522.046387	0.507602632	1.576485991	1997.04834
965000	-13331.76074	1484.632812	0.4951251745	1.553724647	2002.15686
970000	-13339.72266	1505.570801	0.5021079779	1.604832649	2000.254761
975000	-13347.00684	1532.182739	0.5109831095	1.423746705	2005.082642
980000	-13327.8291	1512.779785	0.5045121908	1.350369215	2007.991211
985000	-13336.28711	1519.286987	0.5066823363	1.601787925	1998.670532
990000	-13304.33008	1457.018799	0.4859158993	1.64599359	1998.361694
995000	-13317.34375	1447.296143	0.4826734066	1.506487489	2005.988403
