timestep	potential_energy	kinetic_energy	temperature	pressure	volume
0	-351.421875	0	0	-0.04323047027	16000
5000	-12165.26953	948.1113892	0.3161952496	1.598731756	2031.38501
10000	-11432.74316	1614.723877	0.538510561	1.451786995	2179.124512
15000	-10953.95312	2049.349365	0.683458209	1.408274651	2291.026123
20000	-10680.23633	2222.999512	0.7413705587	1.35228157	2354.518555
25000	-10587.56348	2354.174805	0.785117507	1.476633072	2376.502197
30000	-10565.08008	2344.054199	0.7817422748	1.485386014	2389.954102
35000	-10562.30371	2437.160156	0.8127931356	1.619709969	2372.353271
40000	-10603.63086	2456.066895	0.8190985322	1.472879291	2373.306885
45000	-10656.14062	2353.089355	0.784755528	1.684957504	2367.603271
50000	-10697.55664	2400.312744	0.8005045056	1.353733063	2370.840332
55000	-10595.38477	2415.062012	0.8054234385	1.675053954	2373.496582
60000	-10573.13086	2408.860352	0.8033551574	1.386900187	2392.148926
65000	-10578.92383	2404.188477	0.801797092	1.545403004	2390.287842
70000	-10542.22461	2396.526855	0.79924196	1.517128229	2393.446289
75000	-10630.53711	2352.57251	0.7845831513	1.397435188	2379.009277
80000	-10662.03711	2475.952148	0.8257302642	1.538102746	2368.556885
85000	-10631.56641	2398.414551	0.7998715043	1.564250827	2377.031738
90000	-10703.25	2421.000244	0.8074038029	1.33421731	2381.349609
95000	-10683.625	2389.904297	0.7970333099	1.682807446	2356.295166
100000	-10661.26953	2337.692139	0.7796205282	1.421440601	2378.154785
105000	-10621.09375	2378.057373	0.7930823565	1.432206392	2382.140137
110000	-10603.85938	2371.181641	0.7907893062	1.507773995	2381.159912
115000	-10680.20508	2435.763184	0.8123272657	1.425107956	2378.804199
120000	-10754.03516	2435.9375	0.8123853803	1.576088667	2351.784912
125000	-10702.80859	2412.480957	0.8045626283	1.623449445	2356.106934
130000	-10655.37305	2306.841553	0.7693318725	1.604973674	2371.751221
135000	-10695.42969	2382.59668	0.7945961952	1.52291131	2359.881104
140000	-10682.56738	2339.657715	0.7802760601	1.54630065	2369.931641
145000	-10764.48047	2458.548828	0.8199262619	1.411901951	2367.659668
150000	-10686.68555	2436.937012	0.812718749	1.596840382	2373.593506
155000	-10653.32422	2390.499756	0.7972319126	1.538724899	2373.463867
160000	-10683.48438	2374.200684	0.7917961478	1.608602881	2369.599854
165000	-10641.70117	2424.795898	0.8086696863	1.570792913	2379.490967
170000	-10734.65625	2445.688721	0.8156374097	1.436368465	2369.265869
175000	-10720.67285	2503.997559	0.835083425	1.544369102	2367.499512
180000	-10645.56152	2401.535156	0.8009122014	1.630053997	2378.152344
185000	-10788.26172	2404.675781	0.8019595742	1.49704051	2361.901367
190000	-10780.20898	2403.825684	0.8016760945	1.299600244	2379.14917
195000	-10680.03125	2419.576904	0.8069291115	1.424369693	2388.583252
200000	-10793.12305	2437.819824	0.8130131364	1.312049508	2377.359863
205000	-10659.95703	2365.898438	0.7890273333	1.523719192	2382.776123
210000	-10645.45508	2397.837646	0.7996791005	1.535860062	2377.57251
215000	-10770.6543	2361.586426	0.7875893116	1.401625633	2377.953857
220000	-10617.08594	2435.283203	0.8121671677	1.441482186	2389.229492
225000	-10704.31836	2403.100342	0.8014342189	1.300819039	2384.222168
230000	-10837.46094	2363.427734	0.7882033587	1.310009122	2370.529053
235000	-10774.54395	2411.564453	0.8042569757	1.541856289	2361.809814
240000	-10724.47461	2362.67041	0.7879508138	1.536126018	2378.211426
245000	-10734.18945	2363.850098	0.7883442044	1.517170429	2378.116943
250000	-10750.42383	2357.039062	0.786072731	1.593424916	2369.714355
255000	-10670.45703	2389.772217	0.7969892621	1.5045681	2384.289062
260000	-10800.3457	2373.717529	0.7916350365	1.485324621	2369.321045
265000	-10905.80664	2330.924561	0.7773635387	1.397589087	2359.795898
270000	-10697.96289	2302.485107	0.7678790092	1.481938601	2383.232178
275000	-10719.10645	2456.054688	0.8190944791	1.465182185	2378.450439
280000	-10718.80957	2396.693359	0.799297452	1.516895056	2387.078369
285000	-10759.47656	2467.770752	0.823001802	1.434652448	2379.25
290000	-10758.63086	2365.866211	0.7890166044	1.408450127	2379.207031
295000	-10757.08398	2401.854492	0.8010187149	1.623461723	2359.822266
300000	-10769.0791	2335.536133	0.7789015174	1.783190012	2365.729004
305000	-10769.62695	2348.341309	0.783172071	1.454282284	2379.502441
310000	-10815.96582	2499.025146	0.8334251046	1.487444997	2367.758301
315000	-10683.43164	2429.731934	0.8103158474	1.482411861	2389.630127
320000	-10728.87793	2446.354492	0.815859437	1.685809135	2365.12915
325000	-10764.78711	2398.403564	0.7998678088	1.541446447	2376.20166
330000	-10699.39062	2409.016602	0.8034072518	1.616188049	2375.794922
335000	-10765.26855	2389.36377	0.7968530655	1.532853484	2372.167969
340000	-10781.65234	2382.791016	0.7946610451	1.59793973	2362.4646
345000	-10736.13477	2454.618896	0.8186156154	1.661596775	2370.262207
350000	-10825.61328	2483.067871	0.8281033635	1.45896256	2365.328857
355000	-10767.95312	2427.492676	0.8095690608	1.580639601	2374.766846
360000	-10826.74805	2400.011475	0.8004040718	1.313867688	2380.95752
365000	-10837.5459	2484.113525	0.8284521103	1.680891514	2359.194336
370000	-10684.09766	2388.342285	0.7965123653	1.463972688	2386.294922
375000	-10677.25488	2339.964355	0.7803783417	1.609013796	2371.771729
380000	-10747.56445	2399.688477	0.8002963066	1.481219649	2373.183105
385000	-10765.49707	2360.50293	0.7872279286	1.565765381	2376.380859
390000	-10821.16406	2535.962891	0.845743835	1.73167181	2350.515137
395000	-10799.95703	2430.796631	0.8106709123	1.746095538	2354.370605
400000	-10752.5332	2437.729004	0.8129828572	1.598775625	2379.345215
405000	-10883.32031	2395.844971	0.7990145087	1.550757766	2359.173096
410000	-10805.7373	2448.748535	0.8166578412	1.577247858	2370.559814
415000	-10843.66113	2430.828613	0.8106815815	1.44252646	2371.881836
420000	-10758.63281	2420.335938	0.8071822524	1.452913165	2382.257324
425000	-10809.73145	2467.094238	0.8227761388	1.451035023	2370.491699
430000	-10681.75488	2369.609375	0.7902649641	1.351147532	2397.462891
435000	-10714.03125	2431.074707	0.8107636571	1.599990249	2383.955322
440000	-10678.8584	2359.937988	0.7870395184	1.588306665	2383.44751
445000	-10794.13184	2374.559082	0.7919156551	1.722122669	2367.185059
450000	-10875.34375	2426.530029	0.8092479706	1.499762893	2354.550537
455000	-10836.12109	2358.905762	0.7866953015	1.594066143	2366.821533
460000	-10704.98438	2373.452148	0.7915465236	1.592114329	2378.664795
465000	-10780.66016	2366.710449	0.7892981768	1.4039886	2370.724854
470000	-10733.52051	2400.331787	0.8005108833	1.548112392	2378.625
475000	-10788.91113	2361.305908	0.7874957323	1.121488929	2399.953613
480000	-10782.88672	2402.947754	0.8013833165	1.483670473	2369.584961
485000	-10862.91211	2379.736328	0.7936422825	1.419258118	2368.599609
490000	-10796.09668	2418.601562	0.8066038489	1.571390152	2366.78125
495000	-10722.29297	2504.210205	0.8351543546	1.639045715	2377.409424
500000	-10671.62109	2411.174805	0.8041270375	1.696916461	2381.846436
505000	-10855.78613	2460.96875	0.8207333088	1.584241629	2356.650879
510000	-10861.55664	2391.589111	0.7975952029	1.567230463	2359.808838
515000	-10857.65234	2358.169189	0.7864496708	1.414540291	2368.16748
520000	-10815.45898	2356.113281	0.785763979	1.423700213	2370.318115
525000	-10839.76758	2455.703613	0.8189774156	1.546646357	2368.003418
530000	-10797.17578	2378.091064	0.7930936217	1.536910176	2371.495605
535000	-10723.66211	2401.597412	0.8009329438	1.468310356	2377.378418
540000	-10752.51758	2374.155273	0.7917810082	1.464376569	2382.277832
545000	-10848.7959	2529.518555	0.8435946703	1.395802736	2376.87207
550000	-10693.61816	2450.890625	0.8173722625	1.442628384	2391.999268
555000	-10756.54102	2401.824951	0.8010088205	1.61710608	2372.464844
560000	-10823.7373	2363.816406	0.7883329988	1.53785646	2363.218994
565000	-10786.98438	2399.503418	0.8002346158	1.580989003	2365.511963
570000	-10889.72461	2394.414062	0.7985373139	1.414901972	2364.710205
575000	-10746.24805	2355.382812	0.7855203748	1.423457503	2379.510986
580000	-10693.07617	2495.255371	0.8321679235	1.468475223	2393.505615
585000	-10718.01172	2460.048096	0.8204262853	1.522531271	2381.781006
590000	-10749.80957	2404.111328	0.8017713428	1.32275784	2390.948486
595000	-10824.46094	2477.949951	0.8263965249	1.455063701	2375.582275
600000	-10683.14453	2331.831787	0.7776661515	1.553674817	2383.2854
605000	-10782.40625	2416.804688	0.8060045838	1.398052216	2383.14917
610000	-10748.20703	2484.163574	0.8284687996	1.462322831	2384.734375
615000	-10814.12695	2435.106934	0.8121083975	1.260007858	2385.387939
620000	-10830.4834	2395.344482	0.7988476157	1.503447652	2366.851562
625000	-10708.95898	2345.125488	0.782099545	1.439549208	2384.516113
630000	-10779.89746	2420.04834	0.8070863485	1.67959404	2365.483154
635000	-10829.04102	2413.760742	0.8049894571	1.633978248	2363.000244
640000	-10786.16699	2359.424805	0.7868683934	1.475111723	2374.200439
645000	-10761.79883	2403.027832	0.8014100194	1.557013988	2370.686035
650000	-10740.48438	2485.85791	0.8290338516	1.298817635	2392.873779
655000	-10842.82812	2427.382324	0.8095322251	1.389058828	2374.338135
660000	-10882.73828	2424.906982	0.8087067008	1.413325429	2365.050537
665000	-10769.15234	2422.433838	0.8078818917	1.534549952	2380.679688
670000	-10685.10156	2392.963867	0.7980536819	1.392307758	2393.682373
675000	-10723.7998	2321.333008	0.7741647959	1.394821405	2388.326904
680000	-10819.87598	2253.23291	0.7514533997	1.483466864	2367.503418
685000	-10974.36719	2350.832764	0.7840029597	1.369877815	2353.786865
690000	-10754.93066	2361.219727	0.7874670029	1.292231798	2390.090088
695000	-10780.35156	2382.310303	0.7945007086	1.652050495	2361.649414
700000	-10793.56445	2328.949463	0.7767048478	1.53986156	2371.232666
705000	-10799.1582	2313.508301	0.7715552449	1.520570874	2367.050781
710000	-10792.38574	2381.287354	0.7941595316	1.553242445	2366.477295
715000	-10855.74316	2433.5979	0.8116051555	1.606724381	2355.251709
720000	-10752.14062	2432.244629	0.8111538291	1.556163192	2377.977539
725000	-10785.58008	2441.661133	0.814294219	1.597538233	2368.197021
730000	-10707.09375	2406.592285	0.8025987744	1.442868829	2382.6521
735000	-10637.23828	2398.968506	0.8000562191	1.578932762	2384.887939
740000	-10802.13281	2317.958984	0.7730395198	1.734981775	2357.145508
745000	-10859.11914	2464.773682	0.8220022321	1.366856813	2365.191406
750000	-10774.18555	2353.643799	0.7849404216	1.532929659	2373.686523
755000	-10720.50781	2429.165283	0.8101268411	1.577739596	2381.919189
760000	-10816.67578	2361.256104	0.7874791622	1.500798583	2367.67749
765000	-10759.52539	2378.598633	0.7932628989	1.333688259	2385.674316
770000	-10798.2207	2446.246582	0.8158234954	1.454696536	2370.52002
775000	-10840.2998	2389.07959	0.7967582941	1.574739575	2361.565186
780000	-10725.2832	2364.307617	0.7884967923	1.437578082	2384.819824
785000	-10794.48145	2374.282227	0.7918233275	1.49110806	2370.169922
790000	-10775.875	2416.093018	0.8057672381	1.283542633	2385.938232
795000	-10764.88086	2430.624023	0.8106133342	1.643338203	2367.878662
800000	-10697.52832	2384.56543	0.7952528	1.446641922	2384.300537
805000	-10730.60938	2374.641113	0.7919430137	1.540421009	2374.269043
810000	-10847.54395	2423.245605	0.808152616	1.635386109	2355.049316
815000	-10811.76367	2322.758301	0.7746401429	1.629634142	2361.874512
820000	-10875.73633	2379.164551	0.7934516072	1.571005106	2350.063965
825000	-10785.16797	2384.259277	0.7951506972	1.547271967	2366.801758
830000	-10716.39258	2464.729492	0.8219875097	1.553664804	2373.827637
835000	-10749.17969	2366.816406	0.7893335223	1.42795229	2379.916992
840000	-10747.83691	2450.899414	0.8173751831	1.417852044	2388.154297
845000	-10663.69727	2420.785645	0.8073322177	1.784713864	2370.291748
850000	-10783.56055	2409.351074	0.8035188317	1.430469871	2383.014648
855000	-10701.98926	2367.487305	0.7895572186	1.598059297	2376.401367
860000	-10804.97266	2413.117188	0.8047748208	1.246679306	2379.47168
865000	-10772.91309	2364.912354	0.7886984944	1.577195525	2374.195312
870000	-10761.05957	2384.174561	0.7951224446	1.596840858	2366.809326
875000	-10650.49707	2350.546387	0.7839074135	1.511830688	2388.240479
880000	-10725.83398	2362.65918	0.7879470587	1.456529975	2388.317383
885000	-10750.24609	2348.085938	0.7830868959	1.451643229	2384.566406
890000	-10765.09766	2467.649902	0.8229614496	1.519412041	2380.04541
895000	-10687.53906	2343.875732	0.7816827893	1.626682043	2376.2146
900000	-10754.67773	2450.118896	0.8171148896	1.50472343	2380.786621
905000	-10761.53711	2444.370117	0.8151976466	1.399013042	2388.136475
910000	-10735.24219	2439.659668	0.8136267066	1.625283837	2374.14502
915000	-10739.21289	2480.9021	0.8273810744	1.546094418	2381.660645
920000	-10807.4707	2421.683594	0.807631731	1.535058141	2363.37207
925000	-10752.94922	2418.929688	0.8067132831	1.46980536	2383.148682
930000	-10818.47852	2379.467773	0.7935527563	1.411938906	2380.832764
935000	-10735.32812	2345.550293	0.7822412252	1.449103117	2380.943359
940000	-10863.96582	2520.966309	0.8407425284	1.721933842	2362.783447
945000	-10716.92969	2382.782715	0.7946582437	1.577973008	2390.239746
950000	-10814.89844	2428.222656	0.8098124862	1.524971485	2370.659668
955000	-10772.00684	2434.578613	0.8119322062	1.517291665	2373.090088
960000	-10798.71973	2344.381836	0.7818515897	1.504547358	2376.270996
965000	-10815.27051	2385.631104	0.7956082225	1.492627263	2365.651611
970000	-10750.29199	2276.283203	0.7591406703	1.39001596	2377.615479
975000	-10805.36719	2431.241699	0.8108193278	1.750465512	2356.160645
980000	-10810.73047	2432.729492	0.8113155365	1.494210601	2364.4729
985000	-10742.51758	2438.563477	0.8132611513	1.664526105	2365.315674
990000	-10683.20898	2427.950684	0.8097217679	1.598760128	2380.871826
995000	-10806.49902	2527.260742	0.8428416848	1.595733523	2377.123047
