timestep	potential_energy	kinetic_energy	temperature	pressure	volume
0	-351.421875	0	0	-0.04323047027	16000
5000	-13186.97461	301.0073242	0.1003859714	1.512315392	1928.505371
10000	-13618.81055	293.6170349	0.09792131186	1.568579435	1888.699463
15000	-13814.71094	295.41745	0.0985217467	1.593253136	1873.70813
20000	-13778.93359	331.2874146	0.110484384	1.554775715	1877.14856
25000	-13835.67578	274.5304871	0.09155594558	1.488882303	1875.796753
30000	-13819.54199	295.2191772	0.09845562279	1.493202686	1875.765503
35000	-13789.05469	315.0298157	0.1050624698	1.510648847	1878.972412
40000	-13841.31738	272.1642151	0.09076679498	1.552623153	1871.848145
45000	-13821.95898	313.4167175	0.1045245081	1.479522586	1876.651001
50000	-13800.23438	310.5402832	0.1035652161	1.470321536	1877.626953
55000	-13844.17383	270.4433594	0.09019288421	1.540746093	1872.546753
60000	-13810.75977	309.5540466	0.1032363027	1.329754949	1881.075317
65000	-13814.78906	308.9967651	0.103050448	1.477972031	1877.580811
70000	-13846.89258	279.4082947	0.09318269044	1.504972219	1872.356934
75000	-13807.85254	320.7145386	0.1069583297	1.413624525	1879.25293
80000	-13825.62695	304.8494263	0.1016673148	1.494334221	1876.143799
85000	-13842.89062	274.6688843	0.09160210192	1.424730539	1874.710205
90000	-13804.18359	327.2299194	0.1091312096	1.535964847	1877.476562
95000	-13826.48047	291.223175	0.09712295979	1.537346363	1875.097778
100000	-13836.99512	284.2252502	0.09478914738	1.627272487	1870.616577
105000	-13803.01953	327.0323486	0.1090653166	1.503932476	1877.822144
110000	-13845.17871	285.3428955	0.09516188502	1.387934923	1877.95166
115000	-13834.23438	286.5541992	0.0955658555	1.44039166	1876.496948
120000	-13807.99023	324.1445923	0.1081022546	1.428436518	1879.524658
125000	-13844.1582	279.5236816	0.09322117269	1.482823372	1873.326294
130000	-13835.56445	297.1049805	0.0990845412	1.490787625	1877.380493
135000	-13806.17188	316.6843872	0.1056142747	1.690244198	1873.888794
140000	-13851.82227	281.6578369	0.09393291175	1.569744229	1873.004272
145000	-13826.33594	303.3884277	0.1011800691	1.595785618	1874.488892
150000	-13819.70898	312.1727295	0.1041096374	1.38390696	1881.673706
155000	-13851.58398	279.294342	0.09314469248	1.438943386	1874.642334
160000	-13816.37305	308.0710449	0.1027417257	1.576582074	1874.879028
165000	-13834.48828	318.1488037	0.1061026528	1.441280127	1878.791382
170000	-13847.63477	278.8082886	0.0929825902	1.554869413	1872.914307
175000	-13817.12988	316.5997314	0.105586037	1.565480947	1875.537476
180000	-13821.75586	295.2796936	0.09847580642	1.524716139	1875.125244
185000	-13845.02246	277.3989868	0.09251258522	1.471910357	1874.271362
190000	-13816.18457	317.4814453	0.1058800891	1.46368289	1879.128784
195000	-13827.35742	291.4972534	0.09721436352	1.438408971	1878.577271
200000	-13839.92383	276.0204773	0.0920528546	1.413922191	1876.681274
205000	-13819.57422	321.4117432	0.1071908474	1.375829101	1881.746094
210000	-13837.25684	292.493988	0.09754677117	1.533448577	1874.128296
215000	-13836.22168	284.9715881	0.09503804892	1.563973546	1872.77356
220000	-13815.12695	323.8079834	0.1079899967	1.548260212	1878.100342
225000	-13851.95898	296.8322144	0.09899356961	1.623381495	1872.323975
230000	-13844.34375	299.1884155	0.09977936745	1.505560517	1875.949097
235000	-13822.45508	326.1905823	0.1087845936	1.517899036	1878.305664
240000	-13844.44336	284.0649414	0.09473568201	1.561959505	1872.05896
245000	-13835.5918	302.6785278	0.1009433195	1.443023682	1879.018433
250000	-13810.81641	311.4226685	0.1038594916	1.605314732	1875.812622
255000	-13850.33301	283.2588806	0.09446686506	1.493644118	1873.97644
260000	-13831.33496	311.4152527	0.1038570181	1.56537044	1874.283325
265000	-13818.9375	310.3363342	0.1034971997	1.522391438	1877.468262
270000	-13845.51074	281.565918	0.09390226007	1.523438454	1872.871704
275000	-13821.2959	308.4239502	0.1028594151	1.475430727	1877.612671
280000	-13832.76562	309.578186	0.1032443568	1.396640539	1879.617432
285000	-13852.89941	284.4785461	0.09487362206	1.411216855	1877.261475
290000	-13820.69336	316.9518433	0.1057034731	1.57104969	1876.04126
295000	-13829.49316	298.3332825	0.09949418157	1.48769629	1877.496826
300000	-13841.33203	281.6184082	0.09391976893	1.564501643	1874.553589
305000	-13807.02832	307.7758179	0.1026432663	1.535072803	1876.302246
310000	-13836.17969	290.2798157	0.09680834413	1.498140812	1876.977905
315000	-13852.0957	298.4775085	0.09954227507	1.421229005	1876.203613
320000	-13811.94531	314.4569092	0.1048714072	1.543650389	1876.3927
325000	-13844.89844	292.9656982	0.09770409018	1.359763384	1879.268799
330000	-13840.2666	297.5443726	0.09923107922	1.558747649	1873.229248
335000	-13808.38281	306.5932617	0.1022488847	1.454257011	1878.623901
340000	-13847.85742	289.7977295	0.09664756805	1.497781754	1875.931152
345000	-13833.57227	299.1463013	0.0997653231	1.47419095	1878.629272
350000	-13821.63477	313.5393066	0.1045653895	1.54297471	1875.740723
355000	-13840.33203	277.8786011	0.09267254174	1.450657845	1876.768921
360000	-13816.3457	296.0670776	0.09873840213	1.490018129	1877.728271
365000	-13818.71387	303.8251953	0.101325728	1.544279814	1874.82373
370000	-13845.97656	287.8619385	0.09600198269	1.5792135	1872.218262
375000	-13822.81738	313.2896729	0.1044821367	1.571193457	1873.891113
380000	-13828.0293	300.9356689	0.1003620774	1.470700622	1877.488037
385000	-13840.15527	284.1936951	0.09477862716	1.509699941	1874.877441
390000	-13811.7627	303.9129028	0.101354979	1.482063174	1876.25354
395000	-13837.82617	305.1643372	0.1017723382	1.527540207	1874.524536
400000	-13843.44824	293.7402344	0.09796239436	1.61272943	1873.147095
405000	-13820.64844	314.2531433	0.1048034504	1.458492875	1877.494141
410000	-13832.6582	292.5170593	0.09755446762	1.591364741	1873.952881
415000	-13838.13184	289.6326904	0.09659253061	1.413982868	1877.801758
420000	-13817.80566	317.0697632	0.1057427973	1.629584312	1873.141113
425000	-13843.13281	293.2120361	0.09778624028	1.506070971	1875.039673
430000	-13838.15234	295.8800049	0.09867601097	1.402835011	1876.051636
435000	-13820.09277	311.8379517	0.103997983	1.473326921	1879.680054
440000	-13845.7207	292.0563354	0.09740081429	1.500309706	1875.022705
445000	-13829.2832	294.9010925	0.09834954143	1.505068064	1875.477051
450000	-13821.4375	307.752655	0.1026355401	1.473205447	1879.074951
455000	-13846.15039	286.9010925	0.09568154067	1.453511357	1876.969238
460000	-13827.17383	302.4554138	0.1008689106	1.509740829	1876.450317
465000	-13825.99707	305.9204407	0.1020244956	1.385789394	1879.566406
470000	-13845.77637	288.2564392	0.09613355249	1.493120193	1876.313843
475000	-13824.67188	305.5157471	0.1018895283	1.529131889	1876.657593
480000	-13834.05664	307.7896729	0.1026478857	1.426383138	1879.04541
485000	-13847.50781	290.723877	0.09695643932	1.483834743	1875.564819
490000	-13820.70605	308.0187073	0.102724269	1.53217113	1875.559204
495000	-13828.31055	297.2868042	0.09914517403	1.419604897	1877.790405
500000	-13843.50977	288.3803711	0.09617488086	1.499796271	1874.414307
505000	-13820.49609	315.3151855	0.1051576436	1.543574929	1876.022095
510000	-13834.03516	295.9110413	0.09868635982	1.489651322	1876.31311
515000	-13843.76367	291.9926147	0.09737956524	1.57516706	1874.236694
520000	-13822.02441	307.079895	0.1024111733	1.376747012	1879.77771
525000	-13836.32031	290.2872925	0.09681084007	1.504788995	1874.628662
530000	-13837.2832	291.9543457	0.09736680239	1.595227242	1873.343262
535000	-13819.3457	311.8165894	0.1039908603	1.606185555	1872.221069
540000	-13842.29297	291.0098267	0.09705180675	1.547278643	1873.601807
545000	-13840.75488	300.9610596	0.1003705412	1.449306488	1876.341797
550000	-13828.52734	311.746521	0.1039674953	1.518029571	1875.926147
555000	-13846.11133	289.8503418	0.09666511416	1.453808665	1875.886597
560000	-13833.99219	299.0281982	0.09972593188	1.515722156	1875.984253
565000	-13833.89648	316.5023804	0.1055535749	1.507207394	1873.46106
570000	-13844.86719	287.5686646	0.09590417892	1.43350482	1875.996826
575000	-13830.67969	306.6208496	0.1022580788	1.533331394	1875.396973
580000	-13836.46289	304.6059875	0.1015861258	1.447000504	1875.440918
585000	-13852.39062	300.2467651	0.1001323238	1.500341892	1874.663574
590000	-13823.06055	305.5456543	0.1018995047	1.527748466	1875.188721
595000	-13837.1543	294.2704773	0.09813923389	1.429016232	1878.887939
600000	-13840.42285	293.2428284	0.09779651463	1.494636893	1874.394165
605000	-13823.39844	305.9552612	0.1020361111	1.494087338	1876.384521
610000	-13832.81348	289.4962463	0.09654702246	1.539617062	1874.401733
615000	-13843.22461	296.1715698	0.09877324849	1.482546687	1874.682373
620000	-13818.83398	304.3855896	0.1015126258	1.478444695	1875.977051
625000	-13850.79785	295.7919006	0.09864662588	1.330286145	1880.840332
630000	-13837.09961	294.8009949	0.09831616282	1.492758632	1876.028076
635000	-13829.29883	310.7224426	0.1036259606	1.517329812	1876.289673
640000	-13844.53906	290.7024536	0.09694929421	1.513907313	1874.991333
645000	-13848.73242	308.8126831	0.1029890627	1.361079931	1879.858887
650000	-13824.44727	305.6166382	0.1019231752	1.481400847	1875.965576
655000	-13846.66406	293.0589294	0.09773518145	1.490538597	1874.580322
660000	-13832.54688	300.1758423	0.1001086682	1.527284145	1876.07251
665000	-13831.99121	302.757843	0.1009697691	1.386386991	1881.185791
670000	-13846.33789	293.9594727	0.09803551435	1.468714118	1875.611938
675000	-13834.93359	306.3659973	0.10217309	1.465107322	1876.819946
680000	-13839.33984	306.9061279	0.1023532227	1.396855235	1879.184814
685000	-13836.86035	285.1016846	0.0950814411	1.558930159	1873.064453
690000	-13825.52539	308.2502441	0.1028014868	1.581968069	1873.629272
695000	-13832.10352	294.0063171	0.09805113822	1.58468318	1873.527832
700000	-13844.07422	290.8035278	0.09698300064	1.483909488	1876.60437
705000	-13826.79688	306.3104248	0.1021545529	1.532982469	1877.389893
710000	-13846.93164	300.880249	0.1003435925	1.413465738	1877.53418
715000	-13842.94434	301.5688477	0.1005732417	1.606230617	1872.573608
720000	-13821.92676	307.7857971	0.1026465893	1.581419349	1874.176025
725000	-13840.86719	293.9326172	0.09802655876	1.499775052	1875.249634
730000	-13836.5752	297.1083984	0.09908568114	1.522222281	1875.279785
735000	-13828.40039	303.7141113	0.1012886837	1.441059232	1878.606934
740000	-13841.46094	292.4968262	0.09754771739	1.639784932	1871.860718
745000	-13831.63281	297.2145691	0.0991210863	1.538861632	1876.098267
750000	-13834.93945	312.2960205	0.1041507497	1.446439862	1877.293945
755000	-13838.90039	288.2003784	0.09611485153	1.535598636	1875.036987
760000	-13833.81055	305.8126221	0.1019885391	1.599746346	1872.890259
765000	-13837.19629	309.744873	0.1032999456	1.425379276	1875.796265
770000	-13848.95215	292.7153931	0.09762061387	1.446667433	1876.794678
775000	-13820.375	299.1534424	0.09976769984	1.55710423	1874.721802
780000	-13834.22656	301.5137634	0.1005548686	1.508558273	1874.967773
785000	-13842.73828	290.1203613	0.09675516933	1.506639242	1875.312622
790000	-13826.27344	306.3673706	0.1021735445	1.431290507	1878.159668
795000	-13841.41211	297.119751	0.09908946604	1.424928427	1879.104126
800000	-13835.91797	285.4571228	0.09519997984	1.486265779	1876.653687
805000	-13828.20508	306.5574036	0.1022369266	1.453087687	1877.802979
810000	-13838.46484	294.1808167	0.09810932726	1.431324124	1877.238403
815000	-13839.50781	297.6018066	0.09925022721	1.523762226	1873.755737
820000	-13828.17578	305.7364807	0.1019631475	1.524123907	1875.658447
825000	-13838.32031	294.4455566	0.09819762409	1.577989936	1873.812256
830000	-13838.65625	299.0736084	0.09974107891	1.568750381	1872.922485
835000	-13834	308.4118042	0.1028553694	1.440430999	1878.720459
840000	-13842.11328	295.098999	0.09841554612	1.538446784	1874.467407
845000	-13832.61133	300.4363403	0.1001955494	1.62874651	1873.180054
850000	-13830.92285	301.3077393	0.1004861593	1.478035212	1878.356567
855000	-13844.06836	290.5557861	0.09690038115	1.461527467	1877.498535
860000	-13838.34375	306.4354248	0.1021962464	1.562580943	1874.077881
865000	-13832.58789	302.9591675	0.1010369137	1.371871471	1880.0896
870000	-13846.66406	296.3882141	0.09884549677	1.403485775	1877.686157
875000	-13838.58984	307.0275269	0.1023937091	1.513735771	1874.699829
880000	-13836.4209	305.3647461	0.1018391699	1.438237906	1877.54834
885000	-13836.94336	292.0598755	0.09740199894	1.588491321	1871.989502
890000	-13837.77246	309.2585144	0.1031377465	1.463294506	1877.577026
895000	-13838.25098	303.3117371	0.1011544913	1.513889194	1875.423462
900000	-13833.08203	285.8679199	0.09533698112	1.525833726	1874.531006
905000	-13829.5791	306.296875	0.1021500379	1.609586716	1872.4729
910000	-13832.5293	293.7312622	0.09795940667	1.444341898	1877.358032
915000	-13834.32617	294.4812317	0.09820951521	1.461006284	1875.995728
920000	-13835.0166	301.2415466	0.1004640833	1.482841849	1876.742065
925000	-13835.43164	294.8670654	0.09833819419	1.510374188	1875.850952
930000	-13834.38086	301.5833435	0.1005780771	1.522050977	1875.532959
935000	-13837.00586	301.6071167	0.1005860046	1.505137324	1877.16333
940000	-13839.36719	296.4114075	0.09885323048	1.451198697	1878.095459
945000	-13836.53613	302.622406	0.1009246036	1.48697257	1875.758423
950000	-13837.74023	301.4061279	0.1005189717	1.479224563	1875.425049
955000	-13834.44336	293.744873	0.09796394408	1.456696033	1876.742676
960000	-13831.41211	300.2574158	0.1001358777	1.526905417	1874.963989
965000	-13839.24609	299.8681335	0.1000060514	1.461787581	1876.771118
970000	-13840.49023	299.2527466	0.09980081767	1.431085229	1878.717651
975000	-13832.26074	302.1140137	0.1007550508	1.540813804	1874.263062
980000	-13834.98438	291.7907104	0.09731222689	1.424284339	1877.200073
985000	-13827.06445	295.4233093	0.09852369875	1.500162482	1876.295166
990000	-13830.27539	298.2332153	0.09946080297	1.539313674	1875.363037
995000	-13845.30469	298.5446777	0.09956467897	1.420495868	1877.236328
