timestep	potential_energy	kinetic_energy	temperature	pressure	volume
0	-396.2109375	0	0	-0.04874023795	16000
5000	-12918.49512	1201.788696	0.4007966518	1.526001811	2102.160645
10000	-12125.67383	1996.30835	0.6657690406	1.654353499	2255.026123
15000	-11501.60352	2339.048584	0.7800729275	1.35041213	2387.371338
20000	-11235.30273	2506.933838	0.8360626698	1.455431461	2429.035889
25000	-11301.41406	2678.242676	0.8931941986	1.439661384	2444.059814
30000	-11450.06055	2611.726074	0.8710108995	1.330942988	2434.542236
35000	-11437.43945	2672.039307	0.891125381	1.536675096	2421.80835
40000	-11511.21875	2756.642578	0.9193405509	1.466311812	2426.710693
45000	-11671.58789	2716.330566	0.9058964849	1.615688443	2410.181885
50000	-11765.17188	2766.079102	0.9224876165	1.562522173	2414.040039
55000	-11773.43848	2641.506348	0.8809426427	1.557784557	2420.513916
60000	-11827.17969	2693.049805	0.8981323838	1.473863482	2424.627686
65000	-11852.41895	2705.187988	0.9021804333	1.552716374	2410.185059
70000	-11836.01953	2657.624512	0.886318028	1.512013912	2426.838135
75000	-11782.2373	2607.489258	0.8695979118	1.427721381	2426.073975
80000	-11830.54199	2717.058105	0.9061391354	1.799364686	2408.954102
85000	-11764.84082	2704.568604	0.9019739032	1.521016002	2427.105713
90000	-11751.57227	2643.513672	0.8816120625	1.246249557	2452.085938
95000	-11735.33301	2718.633789	0.9066646099	1.715240359	2420.836182
100000	-11818.64062	2699.828369	0.9003930092	1.443766117	2434.070557
105000	-11861.19824	2656.990234	0.8861064911	1.452682376	2429.492432
110000	-11769.05469	2623.402588	0.8749049902	1.754791498	2421.982178
115000	-11873.34375	2697.63916	0.8996629119	1.486204743	2416.364258
120000	-11946.32422	2669.43457	0.8902567029	1.446660161	2415.478516
125000	-11850.51953	2693.254395	0.8982005715	1.468910217	2423.539307
130000	-11811.06836	2706.819336	0.9027245045	1.407922149	2433.116455
135000	-11939.48145	2740.392578	0.9139211774	1.599278331	2414.853516
140000	-11888.10645	2654.274902	0.8852009177	1.305596232	2429.103027
145000	-11956.56445	2687.418945	0.8962544799	1.380954862	2415.621826
150000	-11940.95898	2673.457764	0.8915984035	1.579187632	2403.062256
155000	-11818.78516	2721.506348	0.9076226354	1.467251182	2438.557617
160000	-11818.84863	2707.539551	0.9029647112	1.658756137	2413.711182
165000	-11903.56152	2668.668457	0.8900011778	1.539738536	2425.679199
170000	-11904.85938	2705.203125	0.9021854997	1.654256105	2392.203613
175000	-11852.35742	2721.309326	0.9075568914	1.280441165	2434.856445
180000	-11787.81543	2631.193604	0.8775033355	1.906543612	2408.359619
185000	-11821.09766	2687.233398	0.8961926103	1.414455652	2425.489746
190000	-11960.24512	2683.320312	0.8948875666	1.481081605	2407.83374
195000	-11858.4043	2726.605957	0.9093233347	1.260988712	2443.918457
200000	-11687.37109	2661.394531	0.8875753284	1.427303314	2441.315186
205000	-11831.18555	2732.866699	0.9114112854	1.583681226	2416.841553
210000	-11795.34766	2768.265625	0.9232168198	1.640948057	2414.533691
215000	-11717.44434	2699.847168	0.9003992677	1.530905962	2435.505127
220000	-11759.66016	2731.169434	0.9108452797	1.50554502	2438.419189
225000	-11785.07617	2715.037109	0.905465126	1.364221096	2429.170166
230000	-11864.79688	2724.227539	0.9085301161	1.266988635	2443.536621
235000	-11847.89844	2798.289307	0.9332297444	1.679010987	2416.840332
240000	-11826.67188	2704.940918	0.9020980597	1.37975049	2421.423096
245000	-11944.9707	2747.95166	0.9164421558	1.510442257	2405.705811
250000	-11859.70703	2699.559082	0.900303185	1.57003665	2418.029541
255000	-11816.27148	2673.95166	0.8917631507	1.537257195	2425.54126
260000	-11787.38281	2698.020752	0.8997901678	1.399790764	2441.221191
265000	-11813.68359	2696.844238	0.8993977904	1.574225664	2407.974121
270000	-11810.83105	2688.290771	0.8965452313	1.665092111	2408.443848
275000	-11829.63867	2700.78418	0.9007117748	1.582316279	2414.792725
280000	-11956.41602	2728.239258	0.9098680615	1.666318297	2393.888916
285000	-11778.14844	2640.151367	0.8804907203	1.606506109	2426.648926
290000	-11763.94531	2720.911133	0.9074240923	1.432528496	2443.27832
295000	-11795.96484	2723.397461	0.9082533121	1.564913392	2427.201416
300000	-11881.86426	2781.002197	0.9274644852	1.174138427	2440.886963
305000	-11861.80469	2718.041016	0.9064669609	1.661494851	2409.636963
310000	-11806.80371	2676.954102	0.8927644491	1.564002037	2425.660156
315000	-11919.08203	2733.772705	0.9117134809	1.419914246	2409.019531
320000	-11907.53711	2710.330811	0.9038955569	1.291405559	2428.660889
325000	-11813.19043	2719.188965	0.9068498015	1.532233477	2428.981934
330000	-11795.18945	2805.931152	0.9357783198	1.605254054	2421.389893
335000	-11794.96777	2725.429199	0.9089308977	1.49764955	2440.319336
340000	-11770.9502	2705.723145	0.9023589492	1.414058685	2428.335693
345000	-11767.1416	2733.003906	0.9114570618	1.448973775	2436.887939
350000	-11873.30176	2794.374756	0.9319242239	1.871267319	2408.3479
355000	-11883.09766	2757.098633	0.919492662	1.21401155	2427.126709
360000	-11866.78809	2776.286133	0.9258916974	1.635752082	2420.462402
365000	-11830.74023	2692.868896	0.8980720043	1.356196284	2422.325928
370000	-11865.66504	2652.874268	0.8847337961	1.492935658	2422.913086
375000	-11808.77246	2718.463379	0.9066078067	1.485655904	2417.329834
380000	-11855.83105	2718.867432	0.9067425728	1.545299888	2417.503662
385000	-11811.8125	2705.569092	0.90230757	1.598754644	2419.54248
390000	-11760.61816	2623.163574	0.8748252988	1.554065704	2424.998535
395000	-11844.30664	2706.199951	0.9025179148	1.363307238	2435.526611
400000	-11796.95801	2733.750488	0.9117060304	1.537953377	2414.595947
405000	-11849.96582	2743.669434	0.9150140285	1.506851673	2416.133301
410000	-11909.6748	2673.348145	0.8915618658	1.487033367	2415.264893
415000	-11804.25195	2609.613281	0.8703062534	1.519125462	2408.30249
420000	-11874.16016	2713.194336	0.9048505425	1.489609122	2416.630615
425000	-11859.67188	2638.5354	0.8799518347	1.486773729	2425.32251
430000	-11865.23633	2697.996582	0.8997821212	1.497367978	2420.415039
435000	-11836.50586	2669.510254	0.8902819157	1.438694596	2425.107666
440000	-11836.79688	2647.875	0.883066535	1.51238358	2410.634277
445000	-11867.0459	2762.333008	0.9212383032	1.46388495	2409.34668
450000	-11618.97656	2735.878174	0.9124156237	1.747738123	2426.818604
455000	-11715.40039	2732.058594	0.9111418128	1.43678987	2457.876221
460000	-11808.14258	2692.34375	0.8978968859	1.483366132	2440.029297
465000	-11739.86621	2710.974609	0.9041103125	1.598612547	2435.555908
470000	-11788.5	2652.9375	0.8847548962	1.454383373	2428.288818
475000	-11820.99414	2752.428711	0.9179352522	1.345959306	2419.499512
480000	-11932.03125	2753.943115	0.9184402823	1.386396646	2414.854248
485000	-11926.22559	2718.190918	0.9065169096	1.268590689	2422.209473
490000	-11952.06348	2687.203613	0.8961826563	1.687661648	2402.866455
495000	-11893.88672	2683.584961	0.894975841	1.346737266	2422.177002
500000	-11827.74316	2737.211426	0.9128602743	1.497658134	2424.709717
505000	-11849.75586	2697.678223	0.8996759653	1.420031428	2423.977051
510000	-11904.03125	2701.266846	0.900872767	1.55239594	2406.022217
515000	-11827.9668	2724.779297	0.9087141752	1.404814601	2438.593994
520000	-11835.30859	2673.677246	0.891671598	1.585781574	2414.123779
525000	-11840.37109	2636.271973	0.8791969419	1.430476069	2414.18335
530000	-11843.5498	2730.364502	0.9105768204	1.4571172	2425.557373
535000	-11834.90723	2674.249268	0.8918623924	1.559041739	2416.742676
540000	-11772.21289	2713.370605	0.9049093723	1.495633245	2428.331299
545000	-11817.20117	2678.599609	0.8933132291	1.551166177	2423.829346
550000	-11742.3623	2662.584473	0.8879721761	1.566533089	2439.186523
555000	-11837.68359	2577.800049	0.8596965671	1.604445338	2422.152344
560000	-11855.83594	2708.789062	0.9033814073	1.468850493	2422.830566
565000	-11779.09961	2625.384277	0.8755658865	1.413392067	2434.918457
570000	-11862.66211	2736.64917	0.9126727581	1.360742927	2427.431885
575000	-11810.28223	2797.117676	0.932839036	1.475323677	2438.583008
580000	-11816.74023	2794.521484	0.9319731593	1.47559464	2430.853027
585000	-11769.92383	2614.75415	0.872020781	1.64991653	2423.315674
590000	-11900.17578	2669.187744	0.8901743889	1.264467835	2434.563721
595000	-11894.38477	2671.242676	0.8908596635	1.41231668	2417.441406
600000	-11867.48242	2630.054932	0.8771235943	1.502833486	2417.316162
605000	-11906.66602	2626.446289	0.8759200573	1.445458889	2416.561035
610000	-11784.48828	2727.932861	0.9097658396	1.546831965	2422.566406
615000	-11876.93945	2760.76123	0.9207141399	1.729606628	2408.421631
620000	-11858.25586	2712.789062	0.9047154188	1.475001097	2420.984375
625000	-11823.17285	2574.725098	0.8586710691	1.371065378	2418.259521
630000	-11955.05859	2594.311035	0.8652029634	1.406985164	2411.643311
635000	-11733.32227	2690.264648	0.897203505	1.506041288	2428.221191
640000	-11774.82227	2716.55127	0.9059700966	1.453182697	2423.865723
645000	-11853.16602	2767.086914	0.9228237271	1.481260419	2432.077148
650000	-11827.0293	2672.81543	0.8913841844	1.519281626	2423.254639
655000	-12035.50781	2727.235596	0.9095333219	1.622766852	2382.064209
660000	-11933	2582.612793	0.8613016009	1.676234007	2398.147461
665000	-11887.04492	2654.323486	0.8852171302	1.50678885	2416.463623
670000	-11805.28223	2637.734863	0.8796848059	1.702485681	2422.643311
675000	-11768.91406	2574.776855	0.8586883545	1.638582826	2421.922119
680000	-11773.55664	2774.902344	0.9254301786	1.475872278	2427.021729
685000	-11886.70801	2760.057129	0.9204792976	1.323855519	2428.257568
690000	-11763.76465	2671.931641	0.8910894394	1.396499395	2433.758057
695000	-11831.56641	2689.11084	0.8968186975	1.200569272	2424.23291
700000	-11863.05859	2638.34375	0.8798878789	1.401728511	2430.50708
705000	-11921.1377	2739.041504	0.9134706259	1.571813583	2397.577881
710000	-11803.0459	2688.910645	0.8967519403	1.521653295	2419.827637
715000	-11807.75586	2633.902832	0.8784068227	1.387481928	2426.605957
720000	-11852.03027	2707.003662	0.9027859569	1.590622544	2416.655273
725000	-11917.86523	2650.527832	0.8839513063	1.10555017	2426.907959
730000	-11772.86914	2656.9104	0.8860798478	1.62735045	2416.585693
735000	-11802.33984	2660.070068	0.8871335983	1.383170366	2435.217529
740000	-11770.2832	2631.810547	0.8777090907	1.381577849	2434.544189
745000	-11726.7168	2642.463135	0.8812617064	1.518102407	2432.146973
750000	-11920.51172	2691.293945	0.8975467682	1.441883922	2413.935059
755000	-11830.56055	2585.01709	0.8621034622	1.608629227	2419.514404
760000	-11898.07031	2629.990234	0.8771020174	1.203823447	2431.712158
765000	-11838.21875	2649.053711	0.8834596872	1.46291244	2428.03418
770000	-11796.71094	2680.175293	0.8938387036	1.488005042	2420.842041
775000	-11893.72754	2636.845703	0.8793882728	1.204980135	2431.675537
780000	-11898.3291	2666.529297	0.8892877698	1.396483898	2407.23584
785000	-11927.07617	2723.288574	0.9082170129	1.491395593	2410.605469
790000	-11802.70801	2619.404053	0.8735715151	1.471116543	2423.11084
795000	-11819.73828	2692.966309	0.8981045485	1.408578277	2426.654053
800000	-11777.68066	2653.158447	0.8848285675	1.675460339	2411.656982
805000	-11778.30957	2608.51416	0.8699397445	1.285087109	2429.5271
810000	-11797.0791	2659.3125	0.8868809938	1.472205758	2411.318115
815000	-11878.95801	2637.184814	0.8795014024	1.558158517	2406.445557
820000	-11813.58984	2710.734131	0.9040300846	1.478698969	2427.327881
825000	-11769.91406	2642.869629	0.8813972473	1.468223453	2442.979492
830000	-11782.50879	2636.946777	0.879422009	1.567651749	2423.214355
835000	-11807.58398	2654.594238	0.8853074312	1.440756917	2429.653564
840000	-11831.5	2731.360352	0.9109089375	1.348441958	2432.456055
845000	-11686.7998	2673.955078	0.8917642832	1.539951921	2448.737061
850000	-11804.12695	2742.313721	0.9145618677	1.512842417	2434.477539
855000	-11794.51562	2625.730469	0.8756813407	1.539789915	2427.663086
860000	-11837.61328	2652.596191	0.8846410513	1.585896969	2404.531982
865000	-11781.39258	2705.17041	0.902174592	1.471540332	2426.929932
870000	-11829.08789	2619.659912	0.8736568093	1.270671964	2428.407471
875000	-11950.97266	2660.470703	0.8872672319	1.492183089	2401.872559
880000	-11919.22363	2742.110107	0.914493978	1.412671447	2420.936768
885000	-11870.6582	2719.986084	0.9071156383	1.707132816	2411.600586
890000	-11865.16016	2653.119629	0.8848156333	1.68475008	2417.902344
895000	-11782.73438	2633.148926	0.8781554103	1.633233309	2420.0271
900000	-11816.58496	2705.082764	0.9021453857	1.303539157	2428.115723
905000	-11896.4502	2692.290039	0.8978790045	1.31876564	2421.986572
910000	-11858.1748	2665.366699	0.8889000416	1.346170664	2424.844971
915000	-11924.03418	2651.040771	0.8841223717	1.338428497	2412.143066
920000	-11863.56055	2597.590576	0.8662967086	1.553453565	2414.525391
925000	-11871.5957	2685.914551	0.895752728	1.331326842	2426.782227
930000	-11796.4043	2737.147949	0.9128391147	1.641620994	2425.349121
935000	-11732.14062	2719.726074	0.9070289135	1.684773803	2421.686279
940000	-11762.50586	2747.99292	0.9164559245	1.482904196	2436.588379
945000	-11843.48926	2714.549805	0.9053026438	1.692268968	2408.961182
950000	-11798.5293	2737.401855	0.9129237533	1.60826993	2427.200928
955000	-11775.13281	2800.819824	0.9340736866	1.531332374	2441.490479
960000	-11734.53516	2689.243164	0.8968628645	1.53829205	2439.805176
965000	-11794.02148	2711.852051	0.9044029117	1.170019984	2437.525879
970000	-11917.42578	2805.362305	0.9355885983	1.511334658	2408.087646
975000	-11849.98438	2709.159912	0.9035050869	1.453889847	2420.782227
980000	-11830.11816	2688.127686	0.8964908123	1.408008099	2410.538818
985000	-11867.05469	2698.068848	0.8998062015	1.620840907	2407.106689
990000	-11923.05273	2711.092285	0.9041495323	1.551968694	2416.255371
995000	-11720.05078	2697.436768	0.8995954394	1.433946252	2438.89917
