timestep	potential_energy	kinetic_energy	temperature	pressure	volume
0	-373.5703125	0	0	-0.04595508054	16000
5000	-12204.06055	1165.695557	0.3887595832	1.540143728	2092.591797
10000	-11777.0625	1783.662598	0.5948516726	1.68384707	2207.431641
15000	-11164.08105	2090.893066	0.6973130107	1.451627612	2307.281982
20000	-10814.06641	2256.908203	0.7526791096	1.67316246	2368.374268
25000	-10663.85352	2360.296631	0.7871591449	1.592387438	2373.20874
30000	-10588.89648	2395.959961	0.7990528941	1.620648026	2392.542725
35000	-10529.85156	2412.689697	0.8046322465	1.514198899	2411.981201
40000	-10597.75586	2454.746094	0.8186580539	1.454738617	2399.291992
45000	-10596.67676	2417.952637	0.8063874245	1.445994735	2406.539307
50000	-10643.49609	2429.731445	0.8103156686	1.644145608	2388.640625
55000	-10584.40234	2373.56665	0.7915847301	1.379657865	2418.054443
60000	-10632.15625	2378.976074	0.7933887243	1.544761062	2396.757324
65000	-10571.69727	2396.313477	0.7991707921	1.479472995	2410.757324
70000	-10664.99707	2430.560303	0.8105921149	1.497281194	2395.006104
75000	-10570.00293	2364.78418	0.7886557579	1.570248246	2404.193604
80000	-10518.80762	2372.965332	0.7913841605	1.516026616	2408.476807
85000	-10582.86621	2363.407715	0.7881966829	1.532523155	2400.970215
90000	-10626.58789	2370.974854	0.7907203436	1.309922338	2412.25415
95000	-10702.625	2343.629883	0.7816007733	1.453402162	2380.461182
100000	-10598.82227	2359.774658	0.7869850993	1.185163736	2416.151611
105000	-10684.01562	2428.979004	0.810064733	1.628749371	2380.912354
110000	-10628.39258	2359.181885	0.7867873907	1.490530968	2402.89502
115000	-10791.89062	2476.384766	0.825874567	1.434786677	2383.122803
120000	-10678.35352	2357.227539	0.7861356139	1.423817277	2395.621826
125000	-10706.69922	2467.522949	0.8229191303	1.536746264	2384.076172
130000	-10559.87598	2455.476562	0.8189016581	1.322152376	2419.289795
135000	-10537.2666	2379.43457	0.7935416698	1.458702087	2411.539795
140000	-10579.91602	2414.413086	0.8052070141	1.602789879	2396.129883
145000	-10722.05273	2476.257324	0.8258320689	1.65820241	2372.14624
150000	-10585.03027	2424.231445	0.8084813952	1.88953352	2380.92334
155000	-10631.53711	2404.883545	0.8020288944	1.571795464	2388.44873
160000	-10571.77734	2373.415039	0.7915341258	1.619185328	2411.379395
165000	-10614.48926	2375.532471	0.7922403216	1.413993478	2410.090332
170000	-10557.4043	2379.458984	0.7935497761	1.610391021	2400.339355
175000	-10639.73242	2423.91626	0.8083763123	1.413692951	2390.019287
180000	-10606.0459	2487.631836	0.8296254277	1.437085986	2403.27002
185000	-10648.15234	2378.907715	0.7933659554	1.312572718	2410.237549
190000	-10683.83691	2419.73584	0.8069821596	1.534591198	2389.198975
195000	-10645.75195	2399.632324	0.8002775908	1.270706058	2403.405762
200000	-10658.75781	2423.275391	0.80816257	1.584914327	2382.900879
205000	-10639.72559	2317.164062	0.7727744579	1.498952389	2395.598633
210000	-10569.72559	2405.419434	0.8022075891	1.490659714	2415.449219
215000	-10642.54688	2442.716309	0.8146461248	1.704891801	2379.047852
220000	-10688.62109	2369.624512	0.7902699709	1.343980908	2395.235352
225000	-10618.58594	2379.768799	0.7936531305	1.660455585	2379.72998
230000	-10679.83398	2384.663086	0.7952853441	1.437981606	2399.224121
235000	-10619.38184	2340.563965	0.7805783153	1.475896597	2401.087158
240000	-10518.94922	2357.51001	0.7862297893	1.406184912	2404.537842
245000	-10556.20312	2396.331299	0.799176693	1.520030737	2413.951172
250000	-10521.5918	2489.418945	0.8302214742	1.577927589	2412.902344
255000	-10575.72266	2459.319824	0.8201833963	1.338418245	2410.939453
260000	-10539.0332	2423.226562	0.8081462979	1.500563741	2417.580322
265000	-10534.88281	2354.644531	0.785274148	1.430914402	2422.492432
270000	-10656.8252	2498.318604	0.8331894875	1.585402966	2387.085938
275000	-10664.58984	2450.594727	0.8172735572	1.497900605	2377.719482
280000	-10612.9043	2361.875732	0.7876857519	1.426995754	2401.182129
285000	-10668.30078	2457.173828	0.8194677234	1.451293945	2396.646973
290000	-10670.92773	2434.75293	0.8119903207	1.553997278	2383.577637
295000	-10662.57422	2305.064941	0.7687394023	1.438258767	2378.478027
300000	-10696.89941	2511.96167	0.8377394676	1.506787181	2387.917969
305000	-10602.125	2386.176758	0.7957901955	1.388240576	2400.931396
310000	-10514.53125	2302.703125	0.7679517269	1.665329337	2396.60498
315000	-10637.99805	2358.443848	0.7865412235	1.621997595	2385.47998
320000	-10650.66992	2344.536621	0.7819032073	1.566037774	2387.834229
325000	-10612.41016	2405.300781	0.8021680117	1.626217246	2393.892578
330000	-10608.63086	2450.361328	0.8171957135	1.466354489	2398.219238
335000	-10568.20996	2368.181641	0.7897887826	1.426934004	2406.435791
340000	-10581.4707	2400.088379	0.8004297018	1.334442139	2403.489258
345000	-10586.06152	2419.633301	0.8069479465	1.449686527	2396.11377
350000	-10644.25586	2434.172363	0.8117967248	1.613517404	2388.880859
355000	-10656.98438	2442.408936	0.8145436049	1.455619931	2409.853271
360000	-10625.47949	2431.861572	0.8110260367	1.636263013	2382.985352
365000	-10644.14551	2354.125977	0.7851012349	1.367896914	2387.525146
370000	-10643.02344	2412.089355	0.8044320345	1.296609163	2406.65918
375000	-10688.46094	2423.873047	0.8083618879	1.623168111	2371.723633
380000	-10716.58008	2346.5	0.7825579643	1.38531518	2390.568848
385000	-10707.69141	2412.581787	0.8045962453	1.436565995	2385.222656
390000	-10530.02637	2361.628906	0.7876034379	1.413233995	2409.224365
395000	-10602.90625	2334.761719	0.7786432505	1.588027477	2398.813965
400000	-10591.15527	2390.13916	0.7971116304	1.586617708	2399.480713
405000	-10567.67969	2332.422363	0.7778630853	1.269951105	2419.606201
410000	-10549.5957	2397.643066	0.7996141911	1.565030813	2388.152344
415000	-10654.20996	2346.58374	0.7825859189	1.557359219	2400.361328
420000	-10573.37695	2422.849854	0.8080206513	1.442889571	2401.97998
425000	-10623.58203	2465.540527	0.8222579956	1.529247284	2392.557129
430000	-10590.08691	2391.674805	0.7976237535	1.266112447	2406.231445
435000	-10623.4082	2364.740234	0.7886410952	1.580980897	2391.087891
440000	-10651.59375	2325.252686	0.7754719853	1.60825026	2385.41626
445000	-10661.49414	2390.469238	0.7972217202	1.363816977	2399.953125
450000	-10658.96191	2345.265381	0.7821462154	1.519790173	2403.319092
455000	-10624.86426	2433.981445	0.811733067	1.504734755	2387.800049
460000	-10628.30469	2336.514404	0.7792277932	1.332505703	2405.811279
465000	-10672.82715	2348.988281	0.7833878398	1.433763862	2384.477539
470000	-10642.11523	2381.320068	0.7941704392	1.382776856	2405.563477
475000	-10544.03223	2424.141846	0.8084515333	1.574461937	2400.942383
480000	-10580.58398	2353.270996	0.7848160863	1.457829595	2415.824463
485000	-10566.87305	2301.903076	0.7676848769	1.435867071	2407.225586
490000	-10665.8916	2452.320068	0.8178489804	1.498149157	2385.557861
495000	-10553.56543	2522.916504	0.8413928747	1.460848451	2417.398438
500000	-10561.50391	2430.365234	0.8105270267	1.452372909	2412.364258
505000	-10533.36914	2459.57666	0.8202690482	1.59351933	2405.725098
510000	-10510.04199	2361.268555	0.7874832749	1.572874904	2407.239258
515000	-10581.26172	2435.991211	0.8124033213	1.744976163	2387.209717
520000	-10502.74512	2437.10791	0.8127757311	1.695626974	2404.532715
525000	-10504.50879	2340.031006	0.7804005742	1.415815473	2425.275635
530000	-10665.625	2459.787842	0.8203395009	1.707863331	2374.879639
535000	-10666.7832	2387.806152	0.7963335514	1.509418011	2390.322021
540000	-10596.68457	2375.07373	0.7920873165	1.689515471	2385.660889
545000	-10625.64941	2390.218994	0.7971382737	1.648392677	2387.813721
550000	-10544.76855	2332.41333	0.7778600454	1.465082288	2400.50415
555000	-10535.40625	2395.800781	0.7989997864	1.486080885	2399.295898
560000	-10591.95117	2411.585449	0.8042639494	1.504504085	2401.069824
565000	-10583.89844	2418.975586	0.8067286015	1.614808202	2395.201172
570000	-10512.18457	2446.054199	0.8157593012	1.639244318	2397.29126
575000	-10680.88867	2464.641113	0.821958065	1.376052737	2408.004639
580000	-10644.5	2432.570801	0.8112626076	1.523772478	2391.849121
585000	-10560.75293	2426.935059	0.8093830943	1.41339159	2407.638184
590000	-10590.03125	2377.583984	0.7929244637	1.42219305	2409.593506
595000	-10600.04688	2410.842285	0.8040161133	1.533601284	2392.807861
600000	-10611.61133	2446.332031	0.8158519864	1.516474605	2397.985352
605000	-10669.25488	2466.11084	0.822448194	1.344785452	2403.808594
610000	-10616.68359	2445.614746	0.8156127334	1.454303026	2388.540771
615000	-10563.09961	2388.421875	0.796538949	1.472261548	2400.865479
620000	-10596.75391	2363.804688	0.7883290648	1.560297847	2386.759766
625000	-10675.06445	2356.998535	0.7860592604	1.727199197	2383.062988
630000	-10594.00391	2410.750977	0.8039856553	1.500986218	2404.493164
635000	-10590.12988	2401.597168	0.8009328842	1.402768373	2401.508545
640000	-10676.32812	2422.738281	0.807983458	1.415746212	2388.693359
645000	-10689.14062	2347.317627	0.7828306556	1.384702563	2397.902832
650000	-10705.5918	2364.73584	0.788639605	1.51714623	2372.69043
655000	-10631.73047	2355.280762	0.7854863405	1.485925078	2382.268311
660000	-10611.90234	2348.956543	0.7833772302	1.425609469	2400.976562
665000	-10564.14062	2358.009766	0.7863965034	1.547457218	2401.45752
670000	-10655.87402	2322.757812	0.7746399641	1.601090908	2388.82666
675000	-10582.43945	2408.232666	0.8031458259	1.774100184	2384.941406
680000	-10655.0625	2381.87915	0.7943569422	1.714267373	2375.575439
685000	-10567.71582	2303.861328	0.768337965	1.708119631	2385.000488
690000	-10670.36719	2429.754639	0.8103234172	1.62931025	2392.57251
695000	-10695.7832	2372.061768	0.7910827994	1.287950635	2400.191406
700000	-10574.65918	2388.382568	0.796525836	1.354409456	2422.352783
705000	-10524.08008	2488.798584	0.8300145864	1.494336009	2408.415771
710000	-10532.30859	2411.614258	0.8042736053	1.212454677	2417.955566
715000	-10510.58594	2375.431641	0.7922067046	1.5304389	2411.18042
720000	-10685.0957	2345.663086	0.7822788358	1.221798182	2421.462646
725000	-10592.63867	2422.458252	0.8078900576	1.640345454	2391.979248
730000	-10653.58203	2337.712402	0.7796273232	1.587965965	2393.97583
735000	-10695.05957	2374.676758	0.7919549346	1.518525004	2376.521484
740000	-10584.24023	2332.194824	0.7777872086	1.531446576	2391.392578
745000	-10659.73828	2453.376709	0.8182013631	1.517712831	2392.989014
750000	-10609.89453	2374.746826	0.7919782996	1.549734831	2392.960693
755000	-10622.46094	2373.581543	0.7915896773	1.485701442	2400.532715
760000	-10650.16602	2393.671387	0.7982896566	1.552264214	2379.46582
765000	-10608.70898	2395.121094	0.7987731099	1.628459334	2392.508057
770000	-10593.04492	2449.584961	0.8169367909	1.707769513	2388.945312
775000	-10557.76465	2471.968994	0.8244019151	1.43216908	2418.016113
780000	-10533.25977	2471.340088	0.8241921663	1.461865425	2409.355713
785000	-10532.91992	2426.473633	0.8092291951	1.669323802	2395.661865
790000	-10715.01758	2423.856445	0.8083563447	1.490764618	2394.601807
795000	-10612.60742	2352.348389	0.7845084071	1.360864162	2399.007812
800000	-10486.48438	2423.585693	0.8082660437	1.750324011	2402.766846
805000	-10533.6543	2397.354004	0.7995178103	1.670931101	2393.786865
810000	-10692.0957	2343.676758	0.7816164494	1.615096211	2368.848877
815000	-10650.62305	2432.394531	0.8112037778	1.456491709	2394.938477
820000	-10678.02441	2404.804443	0.8020024896	1.635579109	2378.036865
825000	-10656.99707	2436.468262	0.8125624061	1.49533391	2391.442383
830000	-10630.54199	2374.450684	0.7918795347	1.334230781	2403.581543
835000	-10541.11523	2378.327393	0.7931724191	1.428636789	2400.941162
840000	-10636.56445	2398.320801	0.7998402119	1.639995456	2377.10376
845000	-10658.45703	2412.982666	0.8047299385	1.146721721	2411.69458
850000	-10589.07129	2382.631348	0.7946077585	1.47892189	2400.351074
855000	-10667.1416	2365.49292	0.7888920903	1.503672004	2392.455078
860000	-10600.70117	2354.308838	0.7851622105	1.504627824	2400.718018
865000	-10667.19238	2433.208008	0.8114750981	1.663213491	2383.391846
870000	-10583.99414	2346.743652	0.7826392055	1.45037961	2407.239258
875000	-10653.27344	2404.171875	0.8017915487	1.398343205	2405.223633
880000	-10598.38965	2403.290039	0.8014974594	1.603290796	2392.807861
885000	-10637.3418	2459.850098	0.8203602433	1.736551046	2371.290283
890000	-10692.89844	2372.243164	0.7911432981	1.401064873	2390.211914
895000	-10645.44434	2380.503906	0.7938982844	1.45693934	2399.595703
900000	-10528.13477	2378.953857	0.7933813334	1.400477886	2428.460205
905000	-10580.94141	2399.53125	0.8002439141	1.574857831	2401.041748
910000	-10681.72559	2391.364258	0.7975202203	1.524898887	2385.868652
915000	-10566.55273	2345.880371	0.782351315	1.362615705	2418.136719
920000	-10628.08008	2423.90918	0.8083739281	1.605189562	2390.229248
925000	-10714.19336	2392.168457	0.7977883816	1.295668125	2404.779785
930000	-10711.16602	2451.648193	0.8176249266	1.621109486	2378.551025
935000	-10650.53125	2383.658203	0.7949502468	1.444315195	2414.106934
940000	-10660.76758	2318.513184	0.7732243538	1.361888528	2402.12207
945000	-10686.1543	2428.668457	0.8099611402	1.537451982	2393.6875
950000	-10783.65723	2353.014648	0.7847306132	1.33379519	2387.098877
955000	-10704.47852	2450.064453	0.8170967102	1.431371212	2384.307129
960000	-10716.99609	2364.378418	0.7885204554	1.356709719	2395.978271
965000	-10651.16211	2395.862305	0.7990202904	1.445901155	2399.384521
970000	-10632.38672	2421.898926	0.807703495	1.668141961	2390.280762
975000	-10649.35352	2408.886719	0.8033639193	1.423684955	2399.167236
980000	-10621.94727	2394.596191	0.7985980511	1.447625041	2398.897217
985000	-10695.74512	2443.760986	0.814994514	1.486542821	2393.566162
990000	-10613.13867	2334.533691	0.7785671949	1.425315857	2415.610107
995000	-10620.21484	2430.714111	0.8106433749	1.542234063	2397.951904
