timestep	potential_energy	kinetic_energy	temperature	pressure	volume
0	-366.0644531	0	0	-0.04503174126	16000
5000	-12670.73242	640.2518311	0.2135240436	1.416463137	2033.557983
10000	-12192.77734	1239.126709	0.4132488668	1.423688173	2128.97168
15000	-11851.19824	1571.085205	0.5239570737	1.404080391	2176.62915
20000	-11694.94434	1704.457031	0.568436563	1.417155862	2205.404541
25000	-11630.49316	1823.792725	0.6082350612	1.669392109	2213.536865
30000	-11681.00098	1738.833252	0.5799010396	1.329925537	2228.527588
35000	-11698.15234	1805.7146	0.6022059917	1.449674964	2235.585449
40000	-11849.99219	1754.676392	0.5851847529	1.565596104	2225.655518
45000	-11926.56055	1776.67041	0.5925197601	1.643672347	2212.598877
50000	-11946.79492	1782.007935	0.5942997932	1.585418105	2209.756104
55000	-12047.4668	1843.546143	0.6148228049	1.255807996	2226.701416
60000	-11988.68359	1758.57959	0.5864864588	1.541747451	2219.702881
65000	-12018.95703	1787.73877	0.5962110758	1.585277438	2213.007812
70000	-11955.37891	1772.447998	0.5911116004	1.452480316	2226.896973
75000	-11992.45898	1837.125488	0.6126815081	1.73816371	2206.719727
80000	-12045.32227	1761.461914	0.5874477029	1.516241193	2217.13208
85000	-12219.08398	1768.366943	0.5897505283	1.545989275	2208.446289
90000	-12295.12207	1775.141113	0.5920097232	1.395112038	2212.98584
95000	-12279.33984	1800.235107	0.6003785729	1.267623663	2218.773193
100000	-12343.94141	1783.658447	0.5948502421	1.561763883	2205.288086
105000	-12328.03125	1806.597168	0.6025003195	1.443966269	2212.50415
110000	-12346.13867	1823.587402	0.6081665754	1.506409407	2204.574707
115000	-12331.66113	1791.82373	0.5975733995	1.507344365	2206.992188
120000	-12416.58594	1708.153442	0.5696693063	1.497433782	2200.552734
125000	-12393.20605	1829.98584	0.6103004217	1.902204275	2179.69751
130000	-12375.86914	1807.063477	0.602655828	1.730265975	2198.666992
135000	-12382.03418	1813.127197	0.6046780944	1.680896997	2191.550293
140000	-12371.28906	1817.243896	0.6060510278	1.476762056	2206.936523
145000	-12393.64355	1803.82959	0.6015773416	1.456680775	2202.636719
150000	-12307.15332	1826.144165	0.6090192795	1.682288647	2200.768799
155000	-12380.33398	1791.04187	0.5973126292	1.472664595	2201.279785
160000	-12350	1807.643188	0.6028491855	1.403838515	2209.790039
165000	-12307.77148	1801.266113	0.6007224321	1.484072089	2210.544189
170000	-12264.01074	1811.509521	0.6041386127	1.652202845	2212.013916
175000	-12344.68359	1834.22937	0.6117156744	1.630109191	2205.132324
180000	-12323.25977	1752.831787	0.5845695734	1.664125919	2203.394043
185000	-12370.74414	1775.918213	0.5922688842	1.425798416	2209.790771
190000	-12280.75293	1845.943359	0.615622282	1.583207488	2209.766357
195000	-12323.12695	1845.9646	0.615629375	1.569838762	2210.576172
200000	-12340.64648	1761.927979	0.5876031518	1.421249151	2214.38916
205000	-12377.70312	1789.324707	0.5967399478	1.561646461	2201.95874
210000	-12415.04883	1788.545166	0.5964800119	1.270041823	2211.550537
215000	-12422.5957	1764.515869	0.5884662271	1.38840723	2209.012451
220000	-12404.71289	1762.585205	0.5878223181	1.737691522	2187.094238
225000	-12308.88867	1838.865479	0.6132618189	1.567749858	2204.012451
230000	-12319.59961	1813.711426	0.604872942	1.688812137	2205.121826
235000	-12392.53125	1768.138428	0.5896743536	1.584923267	2200.687012
240000	-12306.24805	1769.526123	0.5901371241	1.625641823	2207.112061
245000	-12377.04785	1802.810181	0.6012373567	1.335964561	2207.515869
250000	-12328.36621	1791.135254	0.5973438025	1.4996382	2209.845215
255000	-12371.68359	1790.918335	0.5972714424	1.335375428	2210.60376
260000	-12422.43066	1727.321533	0.5760619044	1.386785746	2210.579834
265000	-12357.5918	1774.617432	0.5918350816	1.500074625	2198.965088
270000	-12408.25586	1808.565674	0.603156805	1.494536042	2196.092773
275000	-12396.23438	1790.255859	0.597050488	1.493017435	2207.179199
280000	-12297.27344	1798.303833	0.5997344851	1.530793428	2217.54126
285000	-12308.54102	1837.945312	0.6129549146	1.521458983	2214.240967
290000	-12278.18652	1811.360352	0.6040888429	1.64312315	2206.140137
295000	-12272.55664	1782.348999	0.5944135785	1.628443241	2214.623047
300000	-12369.9375	1759.266357	0.5867155194	1.577389121	2201.263184
305000	-12336.51758	1791.592529	0.5974962711	1.451461792	2214.476807
310000	-12323.16309	1838.632568	0.613184154	1.583817601	2203.047852
315000	-12355.46289	1802.726074	0.6012093425	1.43837297	2219.855469
320000	-12373.19824	1761.910522	0.5875973105	1.598390698	2201.026123
325000	-12429.99609	1776.554688	0.5924811363	1.417094231	2198.998535
330000	-12357.00879	1792.905029	0.5979340076	1.463832259	2207.642334
335000	-12429.36035	1795.95166	0.5989500284	1.747975469	2191.549072
340000	-12343.75	1712.12561	0.5709940791	1.302214384	2216.10376
345000	-12378.92773	1806.133057	0.6023455262	1.607488275	2197.12793
350000	-12386.19434	1849.325684	0.6167502999	1.510296941	2202.941162
355000	-12333.17969	1752.85083	0.5845758915	1.427110195	2211.527344
360000	-12357.74219	1766.013184	0.5889655352	1.514526486	2204.709717
365000	-12361.08984	1797.200439	0.5993665457	1.670869231	2199.704102
370000	-12332.94141	1821.065918	0.6073256731	1.324619889	2215.819336
375000	-12331.78809	1828.797852	0.6099042296	1.628450274	2207.517822
380000	-12332.53809	1764.75708	0.5885466337	1.167407155	2229.335693
385000	-12363.06055	1786.146973	0.5956801772	1.309280396	2215.505859
390000	-12413.05371	1805.264771	0.6020559669	1.298739076	2207.404785
395000	-12383.00391	1766.354492	0.58907938	1.306660295	2207.963867
400000	-12330.55469	1811.740112	0.6042155027	1.497062922	2213.212891
405000	-12330.93555	1768.151001	0.5896785259	1.241530895	2225.746582
410000	-12351.76953	1842.298584	0.6144067645	1.535611153	2208.26709
415000	-12281.2207	1811.93811	0.6042815447	1.453461409	2216.096436
420000	-12340.23633	1809.670654	0.6035253406	1.41291368	2214.547119
425000	-12340.53223	1789.770264	0.5968885422	1.545918584	2203.224365
430000	-12340.24414	1811.469604	0.6041252613	1.584840775	2206.850586
435000	-12422.95508	1850.161987	0.6170291901	1.384230494	2209.518799
440000	-12417.53223	1802.414062	0.6011052728	1.556636214	2196.624756
445000	-12354.80078	1809.603027	0.60350281	1.611093402	2206.653809
450000	-12276.92188	1845.056396	0.6153264642	1.449701428	2221.744141
455000	-12282.31641	1807.19751	0.6027005315	1.498767853	2213.850342
460000	-12294.41211	1857.309204	0.6194127798	1.536136031	2210.720459
465000	-12296.21289	1804.881592	0.6019281745	1.570993304	2207.361816
470000	-12358.50195	1821.774536	0.6075620055	1.429321527	2211.796631
475000	-12322.66797	1807.495972	0.6028000712	1.64218998	2206.239502
480000	-12311.79688	1801.7854	0.6008955836	1.680476785	2199.448486
485000	-12308.78516	1795.836426	0.598911643	1.533496499	2211.73291
490000	-12390.88281	1797.078613	0.5993258953	1.420697212	2204.867188
495000	-12317.38672	1819.2146	0.6067082286	1.669979692	2203.558838
500000	-12327.32031	1780.087036	0.5936592221	1.567142487	2203.437256
505000	-12333.10156	1797.086426	0.5993285179	1.376445413	2211.753906
510000	-12313.75488	1791.508545	0.597468257	1.454364777	2203.929199
515000	-12361.08984	1819.029663	0.6066465378	1.684860706	2198.422119
520000	-12378.875	1859.756714	0.6202290654	1.592277646	2200.619141
525000	-12405.26758	1784.986084	0.595293045	1.458083391	2206.350098
530000	-12388.10742	1782.979614	0.5946238637	1.611172915	2199.777832
535000	-12379.64844	1791.414062	0.5974367857	1.618420243	2193.576904
540000	-12351.21094	1837.550049	0.6128231287	1.503128529	2210.029297
545000	-12332.1377	1776.335938	0.5924081802	1.520732164	2207.610596
550000	-12347.94922	1823.020996	0.6079776883	1.439792633	2209.981445
555000	-12232.57227	1749.074219	0.5833164454	1.555672169	2216.777832
560000	-12373.24609	1799.472778	0.6001243591	1.422759533	2212.769775
565000	-12360.55469	1818.329834	0.6064131856	1.635047197	2203.151611
570000	-12387.5332	1777.251953	0.5927137136	1.188566566	2215.973145
575000	-12420.55078	1794.033203	0.5983102322	1.462111235	2204.801758
580000	-12348.86914	1837.201538	0.6127068996	1.248321533	2218.546387
585000	-12303.27148	1798.509277	0.5998030305	1.450860858	2222.034668
590000	-12287.59863	1781.033936	0.5939750075	1.471983671	2219.378418
595000	-12405.13477	1842.276123	0.6143992543	1.550029397	2200.833252
600000	-12327.78906	1796.581421	0.5991600752	1.574991822	2204.525146
605000	-12316.5918	1823.286865	0.6080663204	1.455686927	2215.442627
610000	-12314.75781	1775.749756	0.5922127366	1.679709911	2212.296631
615000	-12336.36914	1775.706177	0.5921981931	1.511147738	2217.36377
620000	-12338.74805	1764.178955	0.5883538723	1.738575101	2203.275635
625000	-12406.24219	1761.56958	0.5874836445	1.445804358	2202.582275
630000	-12417.82422	1775.198486	0.5920288563	1.588488817	2194.933594
635000	-12300.33789	1757.028076	0.5859690309	1.763682961	2203.229736
640000	-12231.85742	1781.003906	0.593964994	1.768164277	2211.25708
645000	-12365.19141	1753.578735	0.5848186612	1.413478971	2211.228271
650000	-12269.83105	1797.391479	0.5994302034	1.44433856	2228.744629
655000	-12388.07617	1843.481079	0.6148011088	1.596214294	2200.013184
660000	-12305.8291	1770.40332	0.5904296637	1.226660013	2228.964844
665000	-12312.74414	1737.21936	0.5793628097	1.671735287	2207.872803
670000	-12310.57031	1796.50769	0.5991354585	1.362638831	2220.616943
675000	-12397.19531	1758.013306	0.5862976313	1.65720284	2195.044434
680000	-12404.41406	1810.865967	0.6039239764	1.486674547	2203.776123
685000	-12368.96094	1726.433105	0.5757656097	1.532337904	2196.080078
690000	-12388.97852	1688.456055	0.5631002784	1.612839222	2197.880371
695000	-12356.99805	1797.853516	0.599584341	1.440422535	2205.73877
700000	-12304.17188	1799.27002	0.6000567079	1.308139801	2218.545654
705000	-12328.22266	1806.68042	0.6025280952	1.586184382	2206.892578
710000	-12282.09473	1819.822266	0.6069108844	1.384839058	2224.236328
715000	-12424.29004	1801.105225	0.600668788	1.525613546	2198.65918
720000	-12338.16797	1722.782715	0.5745481849	1.586117148	2205.910889
725000	-12401.26758	1759.328125	0.586736083	1.679593086	2195.357422
730000	-12326.32715	1786.873291	0.5959224105	1.729729652	2200.343506
735000	-12383.12012	1803.206055	0.601369381	1.590895176	2199.618652
740000	-12415.44043	1790.534912	0.5971435905	1.620317101	2191.370361
745000	-12420.91113	1767.441162	0.5894417763	1.333374619	2206.732422
750000	-12405.43457	1736.172852	0.5790138245	1.485896349	2196.237793
755000	-12446.64648	1748.196411	0.5830236673	1.490452051	2192.08374
760000	-12440.75	1788.287842	0.5963941813	1.56031096	2190.660645
765000	-12396.60742	1757.528564	0.5861359239	1.594679952	2194.582275
770000	-12407.45898	1759.359619	0.5867465734	1.438667297	2205.623291
775000	-12346.39453	1786.265259	0.5957196355	1.503890276	2210.312988
780000	-12386.08203	1813.115112	0.6046740413	1.562473297	2203.596191
785000	-12377.24805	1804.506836	0.6018031836	1.231331587	2223.364258
790000	-12289.26367	1797.269775	0.5993896127	1.359434366	2213.887695
795000	-12367.14453	1789.00769	0.5966342092	1.313997865	2215.065918
800000	-12327.80371	1830.294678	0.6104034781	1.43270421	2215.108154
805000	-12296.27734	1821.911377	0.6076076031	1.370609522	2217.808105
810000	-12253.13477	1796.603149	0.599167347	1.56008637	2213.795898
815000	-12292.87207	1814.205078	0.60503757	1.774269342	2200.861328
820000	-12339.93555	1877.126465	0.626021862	1.617172122	2209.723633
825000	-12382.32715	1848.352051	0.6164255738	1.467098236	2203.959229
830000	-12419.79102	1790.490845	0.5971288681	1.488504052	2196.41626
835000	-12364.97852	1821.266846	0.6073926687	1.478134632	2209.915527
840000	-12370.57129	1762.471558	0.5877844095	1.614883184	2201.505615
845000	-12297.10938	1754.043457	0.5849736333	1.464169621	2208.084229
850000	-12334.01367	1799.824585	0.6002416611	1.58302021	2209.580322
855000	-12377.06934	1750.653564	0.583843112	1.573184609	2200.647949
860000	-12376.15723	1783.982422	0.5949583054	1.464690089	2211.688965
865000	-12372.22852	1812.548828	0.6044852138	1.648671389	2194.935547
870000	-12350.33594	1833.144897	0.6113539934	1.368766189	2215.012695
875000	-12392.88477	1792.776367	0.5978910923	1.364327788	2214.257568
880000	-12334.53125	1740.800903	0.5805572867	1.400996447	2206.26709
885000	-12329.77637	1769.686035	0.5901904702	1.406088829	2213.761963
890000	-12413.42676	1828.092407	0.6096689701	1.587473869	2199.575195
895000	-12381.91016	1805.631348	0.602178216	1.509617567	2202.113037
900000	-12359.72852	1738.5177	0.5797958374	1.719276071	2191.36792
905000	-12288.64258	1784.223145	0.5950385928	1.236638665	2231.344238
910000	-12387.6543	1777.452881	0.5927807093	1.343221188	2209.862305
915000	-12361.11719	1818.51001	0.6064732671	1.522985935	2204.983154
920000	-12415.23242	1835.261475	0.6120598912	1.648108244	2195.815918
925000	-12324.60645	1820.317139	0.6070759296	1.274669051	2217.75708
930000	-12314.19727	1806.335938	0.6024131775	1.501612425	2208.075684
935000	-12350.43359	1814.111328	0.6050062776	1.411975503	2208.95874
940000	-12292.8125	1795.830078	0.5989094973	1.541617513	2219.415771
945000	-12295.49512	1814.997192	0.6053017378	1.608841777	2207.899658
950000	-12363.20312	1778.185303	0.5930249691	1.357851148	2212.589111
955000	-12405.8125	1775.789185	0.5922258496	1.307361603	2212.150391
960000	-12395.00781	1838.109131	0.613009572	1.841925383	2183.446045
965000	-12334.75781	1808.783447	0.6032294631	1.695783019	2202.423584
970000	-12348.66016	1743.864502	0.58157897	1.2792449	2215.840088
975000	-12380.14062	1818.512207	0.6064739823	1.583977461	2205.968994
980000	-12307.92383	1808.068359	0.6029909849	1.739147544	2195.262207
985000	-12371.60059	1789.652222	0.5968492031	1.692546487	2196.586182
990000	-12268.67969	1789.459229	0.5967848301	1.663051248	2212.74585
995000	-12306.85156	1808.738281	0.6032143831	1.405133247	2213.515381
