timestep	potential_energy	kinetic_energy	temperature	pressure	volume
0	-396.2109375	0	0	-0.04874023795	16000
5000	-11990.97852	1661.228149	0.5540197492	1.758301735	2165.307129
10000	-10949.2002	2569.507568	0.8569310308	1.55260241	2401.247314
15000	-10259.73535	2927.164551	0.9762096405	1.35116899	2571.019531
20000	-10108.82617	3173.592041	1.05839324	1.379872799	2613.993408
25000	-10082.45898	3294.195312	1.098614454	1.343879342	2635.28833
30000	-10066.16113	3299.677979	1.100442886	1.691584826	2607.680176
35000	-10268.50195	3273.699219	1.091778994	1.572075963	2616.547607
40000	-10182.34277	3178.871826	1.06015408	1.771710038	2613.33252
45000	-10167.9043	3335.278809	1.112315774	1.649228811	2618.535645
50000	-10329.69922	3317.928223	1.106529355	1.420598507	2639.165527
55000	-10617.61523	3216.262939	1.072623968	1.415505767	2612.553711
60000	-10561.93262	3200.905273	1.06750226	1.370674133	2636.009766
65000	-10572.61816	3277.564941	1.093068242	1.710218787	2605.835449
70000	-10664.31445	3278.744385	1.093461514	1.445268154	2610.461914
75000	-10669.41211	3239.11377	1.08024478	1.455540895	2610.115479
80000	-10692.12891	3261.267578	1.087633014	1.477878332	2604.761719
85000	-10582.23242	3287.638428	1.096427679	1.346681356	2620.252441
90000	-10704.38086	3400.325439	1.134008884	1.602984309	2599.853516
95000	-10686.91797	3272.818848	1.091485381	1.461869717	2587.406738
100000	-10608.3418	3309.31665	1.103657365	1.652397513	2594.981445
105000	-10600.42773	3299.130371	1.100260258	1.528081894	2600.904785
110000	-10713.70508	3205.969238	1.069191098	1.602433443	2582.256348
115000	-10679.63867	3266.588867	1.089407682	1.498953462	2607.517578
120000	-10579.17676	3377.655518	1.126448393	1.444895625	2617.371094
125000	-10638.3623	3233.421143	1.078346252	1.510882735	2603.700684
130000	-10666.64648	3245.305664	1.082309723	1.447636843	2604.47998
135000	-10610.33789	3243.882324	1.081835032	1.296593428	2613.137207
140000	-10823.73828	3251.490723	1.08437252	1.441691399	2579.509521
145000	-10662.58789	3219.911621	1.073840857	1.563305378	2590.749268
150000	-10716.41016	3317.649902	1.10643661	1.441976547	2592.727539
155000	-10580.73535	3244.896484	1.082173228	1.400648952	2610.338135
160000	-10785.18652	3242.489258	1.081370473	1.270983219	2603.961426
165000	-10698.47656	3206.792969	1.069465756	1.636279941	2591.814209
170000	-10761.90039	3288.171387	1.09660542	1.620651364	2583.432373
175000	-10645.3457	3252.334717	1.084653974	1.477456689	2614.10083
180000	-10679.29102	3301.307617	1.100986362	1.50722301	2599.572266
185000	-10763.59277	3277.953613	1.093197823	1.432543635	2597.714111
190000	-10708.66992	3274.645996	1.092094779	1.528947353	2600.862549
195000	-10660.21484	3318.730469	1.10679698	1.630509377	2605.951416
200000	-10677.06152	3252.844238	1.084823847	1.583516121	2596.077637
205000	-10749.86133	3267.978027	1.08987093	1.387184143	2590.393066
210000	-10717.80273	3328.104004	1.109923005	1.603743076	2596.916016
215000	-10927.94824	3272.149902	1.091262341	1.246390581	2587.813721
220000	-10697.54004	3336.567383	1.112745523	1.591214776	2584.660156
225000	-10647.19141	3401.286621	1.134329438	1.287409425	2633.73999
230000	-10710.66406	3351.448242	1.117708325	1.545803785	2601.282959
235000	-10598.00195	3253.396973	1.085008144	1.516658902	2623.340576
240000	-10644.72656	3223.243652	1.074952006	1.597874641	2594.623535
245000	-10747.79785	3172.711426	1.058099508	1.792890191	2583.375244
250000	-10737.26562	3291.007812	1.097551465	1.447409511	2593.860596
255000	-10791.69238	3221.304688	1.074305415	1.373488665	2610.770996
260000	-10828.18359	3354.986816	1.118888378	1.649375081	2571.254395
265000	-10617.76758	3274.830566	1.092156291	1.380945802	2629.687256
270000	-10589.07422	3348.454102	1.116709709	1.701559901	2614.681396
275000	-10665.44336	3166.296387	1.055960178	1.611050129	2595.501465
280000	-10594.8418	3264.935303	1.08885622	1.698056936	2596.226807
285000	-10703.37402	3330.558105	1.110741496	1.613674641	2590.769531
290000	-10753.28516	3286.833496	1.096159339	1.533712864	2596.401123
295000	-10700.97266	3322.904785	1.108189106	1.388906717	2619.169922
300000	-10685.71094	3392.090088	1.131262422	1.578994632	2596.921143
305000	-10758.91211	3389.566162	1.130420685	1.466920137	2603.378174
310000	-10789.64844	3290.062744	1.097236276	1.696512341	2587.177002
315000	-10651.23047	3322.36377	1.108008623	1.586966753	2602.477051
320000	-10721.88086	3313.061035	1.104906201	1.642206669	2586.635498
325000	-10788.38379	3257.682129	1.086437345	1.466766477	2583.494629
330000	-10653.51367	3144.83374	1.048802376	1.378341436	2605.936279
335000	-10758.41309	3140.813477	1.047461629	1.269336462	2608.916992
340000	-10591.89746	3362.548584	1.121410251	1.446167946	2622.813477
345000	-10469.75977	3267.263428	1.08963263	1.588005662	2631.115967
350000	-10659.94824	3291.960449	1.097869158	1.49259305	2614.697998
355000	-10701.95508	3369.939209	1.123875022	1.431494474	2617.319824
360000	-10688.05664	3477.750488	1.159830093	1.466450691	2616.600342
365000	-10698.64844	3343.991211	1.115221381	1.771488786	2590.427734
370000	-10699.95312	3329.027344	1.110230923	1.743182063	2571.189941
375000	-10738.07617	3286.487305	1.096043825	1.426096559	2603.523438
380000	-10763.19141	3283.628174	1.09509027	1.58632791	2582.683105
385000	-10590.11816	3157.82959	1.053136468	1.354261518	2625.424805
390000	-10697.49609	3203.717041	1.06843996	1.439712524	2610.760742
395000	-10790.69727	3383.652832	1.128448486	1.606596828	2587.929199
400000	-10623.93555	3310.642578	1.104099631	1.660143375	2595.355957
405000	-10612.58789	3249.556152	1.083727241	1.334656596	2642.381592
410000	-10607.51367	3240.655029	1.08075881	1.526738763	2597.103271
415000	-10801.66602	3343.014648	1.114895701	1.500189543	2587.221191
420000	-10839.75098	3333.550049	1.111739278	1.4922719	2566.779541
425000	-10856.0293	3286.502197	1.096048832	1.740128875	2566.230225
430000	-10689.37598	3370.128174	1.123938084	1.726267576	2590.082764
435000	-10856.28809	3401.283203	1.134328246	1.532753229	2591.326416
440000	-10685.75391	3242.278809	1.081300259	1.536488652	2609.234131
445000	-10742.29883	3339.459229	1.113709927	1.356933594	2613.630127
450000	-10740.90137	3367.01416	1.122899532	1.419672489	2605.092041
455000	-10684.28809	3175.088867	1.058892488	1.585347414	2605.355469
460000	-10748.34668	3227.339844	1.076318145	1.393782854	2594.465088
465000	-10759.00391	3326.535645	1.109399915	1.283062339	2614.357178
470000	-10623.74805	3498.667969	1.166806102	1.584936738	2618.767334
475000	-10590.59766	3370.299316	1.123995185	1.64398849	2607.986084
480000	-10564.60742	3300.791016	1.100814104	1.715999007	2599.856201
485000	-10637.92676	3382.403809	1.128031969	1.564979076	2609.783447
490000	-10816.88184	3208.916016	1.07017374	1.361362576	2587.374756
495000	-10944.61621	3271.081543	1.090906024	1.605760098	2554.533447
500000	-10769.33398	3236.216797	1.079278588	1.473469257	2586.629639
505000	-10797.14746	3339.694092	1.113788247	1.418964028	2585.129883
510000	-10774.38477	3295.742188	1.099130273	1.386173964	2593.907471
515000	-10725.06641	3303.875977	1.101842999	1.451135397	2598.763916
520000	-10630.44336	3419.890869	1.140533924	1.542944431	2598.060791
525000	-10615.17969	3381.699707	1.127797127	1.647484064	2607.579834
530000	-10675.41602	3345.770752	1.115814805	1.40841496	2608.125488
535000	-10622.10547	3347.694824	1.116456509	1.480787754	2619.946045
540000	-10641.63281	3402.928223	1.134876847	1.411664605	2625.325439
545000	-10675.25	3300.986816	1.100879431	1.545395017	2616.206787
550000	-10790.19922	3353.269531	1.118315697	1.559540987	2575.263672
555000	-10687.46094	3288.677979	1.096774459	1.559015393	2589.66626
560000	-10696.24414	3345.094238	1.115589261	1.606750011	2590.278076
565000	-10714.63477	3382.140625	1.127944231	1.486200929	2605.173096
570000	-10801.51855	3269.958496	1.090531468	1.539519906	2589.158447
575000	-10754.43262	3207.703613	1.069769502	1.511215091	2592.79834
580000	-10486.97656	3306.240967	1.102631688	1.416267633	2634.87085
585000	-10576.11914	3370.350586	1.124012232	1.634062052	2604.241211
590000	-10672.56543	3349.560303	1.117078662	1.506954312	2610.196045
595000	-10673.41797	3382.253906	1.12798202	1.335386395	2612.088867
600000	-10711.11523	3307.416504	1.103023767	1.456176639	2613.841553
605000	-10657.8916	3285.607666	1.095750451	1.59448266	2597.393799
610000	-10665.80664	3334.752441	1.112140298	1.478727221	2609.313477
615000	-10472.84961	3222.217773	1.074609876	1.580556035	2610.133301
620000	-10566.9248	3301.618164	1.101089954	1.528017282	2597.626953
625000	-10660.12305	3427.616211	1.143110275	1.653757691	2596.797363
630000	-10700.82715	3331.879883	1.111182213	1.586610079	2587.218994
635000	-10679.45312	3303.82373	1.101825476	1.346297264	2613.371582
640000	-10487.03711	3291.672852	1.097773194	1.427268624	2626.42041
645000	-10606.1416	3227.800537	1.076471806	1.318308711	2631.491211
650000	-10705.53418	3439.076172	1.146932244	1.465242863	2605.534424
655000	-10697.48633	3335.611328	1.112426639	1.563129306	2594.921631
660000	-10840.13867	3323.553223	1.108405352	1.570811152	2569.929199
665000	-10758.93066	3284.183594	1.095275521	1.544254303	2587.617188
670000	-10702.15234	3146.920654	1.04949832	1.526759386	2593.612793
675000	-10782.55078	3235.597168	1.079071999	1.55477643	2595.29126
680000	-10750.9834	3347.125244	1.116266608	1.37711823	2591.841309
685000	-10688.62695	3252.878906	1.08483541	1.472175837	2599.379883
690000	-10704.31348	3380.53125	1.127407551	1.672989011	2579.76709
695000	-10702.88867	3356.826172	1.119501829	1.636587262	2599.479492
700000	-10733.01953	3311.974609	1.104543805	1.602227807	2589.248779
705000	-10764.07227	3301.341064	1.100997567	1.55681181	2600.9646
710000	-10734.85938	3232.891602	1.078169703	1.311287165	2620.247559
715000	-10704.11133	3253.621338	1.085083008	1.441406488	2621.669922
720000	-10842.625	3334.472656	1.112046957	1.422088504	2582.280762
725000	-10798.92188	3368.541016	1.123408794	1.454605937	2596.808838
730000	-10665.96094	3243.84668	1.08182323	1.417994857	2617.014404
735000	-10652.53125	3247.374512	1.082999706	1.595555067	2584.888916
740000	-10510.39453	3389.395996	1.130363941	1.391276479	2626.093262
745000	-10714.77148	3321.812988	1.107824922	1.429384589	2611.41333
750000	-10706.02832	3240.557617	1.080726266	1.57535255	2588.660889
755000	-10729.17676	3253.732422	1.085120082	1.700991035	2592.243408
760000	-10763.44238	3247.189941	1.082938194	1.418321609	2609.960449
765000	-10797.69727	3357.521729	1.11973381	1.564159274	2589.944092
770000	-10756.19727	3358.087402	1.119922519	1.590095162	2573.759766
775000	-10708.03613	3370.866943	1.124184489	1.566696763	2600.131836
780000	-10830.10254	3385.565674	1.129086494	1.501651049	2595.201904
785000	-10570.66895	3282.989746	1.094877362	1.375409126	2637.151855
790000	-10749.6748	3313.230225	1.104962587	1.368775606	2616.954102
795000	-10699.90332	3250.121826	1.083915949	1.462460279	2619.253662
800000	-10684.60156	3250.95459	1.084193707	1.408325076	2597.344971
805000	-10556.25586	3303.725098	1.101792574	1.676994324	2616.081543
810000	-10743.41309	3291.460938	1.097702503	1.450704098	2603.854248
815000	-10693.91602	3250.43457	1.084020257	1.488406539	2606.227783
820000	-10751.92383	3278.921875	1.093520761	1.417548418	2613.696533
825000	-10835.4082	3348.657715	1.116777658	1.494889498	2583.837402
830000	-10661.56641	3338.727539	1.113465905	1.496765375	2605.36084
835000	-10732.87109	3299.980957	1.100543976	1.545237422	2599.23877
840000	-10703.97168	3184.072266	1.061888456	1.763977289	2578.845215
845000	-10585.74414	3281.95752	1.094533086	1.409182191	2618.35376
850000	-10738.4668	3345.649658	1.115774512	1.568873405	2600.152832
855000	-10751.77148	3218.579834	1.073396683	1.509834766	2579.773193
860000	-10700.83496	3270.619141	1.090751767	1.318290353	2616.92749
865000	-10666.16602	3450.63623	1.150787473	1.488570809	2613.352539
870000	-10609.95703	3356.489014	1.119389415	1.623396158	2617.386719
875000	-10527.61035	3270.351074	1.09066236	1.641523719	2610.664307
880000	-10684.68359	3392.767578	1.131488323	1.540321231	2614.031738
885000	-10687.5918	3324.154541	1.108605862	1.465149045	2609.237549
890000	-10706.21094	3320.663086	1.107441425	1.501313686	2601.664307
895000	-10798.6123	3231.114502	1.077576995	1.534818411	2574.945801
900000	-10833.78613	3215.833496	1.072480798	1.361943007	2579.391357
905000	-10656.58496	3260.829346	1.087486863	1.490005374	2626.33667
910000	-10693.58203	3321.234131	1.107631922	1.445980668	2606.704346
915000	-10847.41016	3331.048828	1.110905051	1.710254431	2588.252441
920000	-10659.13867	3303.953125	1.101868629	1.324117541	2631.793457
925000	-10636.69531	3293.169922	1.098272443	1.499406815	2608.948486
930000	-10761.52734	3193.884277	1.065160751	1.540620446	2587.128174
935000	-10834.29492	3334.804199	1.112157464	1.440747738	2575.854004
940000	-10769.04492	3296.807617	1.099485636	1.413911104	2593.861328
945000	-10645.09375	3132.429199	1.044665456	1.538954258	2610.609619
950000	-10837.72656	3323.824219	1.108495712	1.553130984	2565.249268
955000	-10724.76562	3248.687988	1.0834378	1.678388715	2583.868652
960000	-10626.52539	3293.916748	1.09852159	1.866024137	2596.492188
965000	-10863.50879	3221.319824	1.074310422	1.31381309	2605.007568
970000	-10568.12207	3214.246094	1.071951389	1.395751119	2624.29248
975000	-10660.73242	3266.563477	1.089399219	1.766539097	2599.212402
980000	-10655.91113	3293.640137	1.098429322	1.557773471	2605.670898
985000	-10701.66016	3357.207031	1.119628906	1.41640532	2618.708984
990000	-10661.33008	3250.115723	1.083913922	1.509892106	2610.524902
995000	-10691.37109	3344.111572	1.115261555	1.579081535	2598.59082
