timestep	potential_energy	kinetic_energy	temperature	pressure	volume
0	-396.2109375	0	0	-0.04874023795	16000
5000	-9217.423828	2929.7229	0.977062881	1.43343997	2467.260498
10000	-6549.030762	4552.675781	1.518317819	1.539222956	3078.678955
15000	-5690.221191	4901.753906	1.634735346	1.356040835	3456.533203
20000	-5513.390625	5200.290039	1.734297276	1.458696485	3499.32959
25000	-5514.733398	5227.613281	1.743409514	1.505994081	3476.750244
30000	-5330.83252	5026.472656	1.676329136	1.563634872	3524.776855
35000	-5493.178711	5322.846191	1.77516973	1.567162871	3469.373047
40000	-5483.839844	5186.942383	1.729845762	1.398528576	3486.168945
45000	-5602	5019.950195	1.674153924	1.467915058	3464.862061
50000	-5654.556641	5261.278809	1.754637003	1.4860183	3459.950928
55000	-5469.320801	5135.043457	1.712537527	1.545122743	3505.625732
60000	-5580.007324	4953.288086	1.651921988	1.354473829	3515.922119
65000	-5402.292969	4907.589844	1.636681676	1.583335519	3476.053955
70000	-5743.173828	4997.272949	1.666591048	1.443010449	3421.280029
75000	-5606.448242	5138.446289	1.71367228	1.669838428	3421.588867
80000	-5625.692383	5214.194824	1.738934517	1.342838883	3433.935547
85000	-5754.666016	5131.628418	1.711398602	1.496289253	3413.640625
90000	-5846.854004	5051.792969	1.684773445	1.559707522	3354.432373
95000	-5577.330078	5017.070312	1.673193455	1.608251572	3415.857666
100000	-5908.198242	5072.533691	1.691690445	1.554935098	3336.602295
105000	-5713.572266	5175.536621	1.726041913	1.598605633	3428.537598
110000	-6024.155762	4975.967773	1.659485698	1.473092318	3373.219238
115000	-6149.497559	5213.921875	1.738843441	1.53108573	3354.059326
120000	-6196.646973	4931.573242	1.644680142	1.352130294	3365.862061
125000	-6093.708008	5051.589844	1.684705734	1.523735762	3382.563965
130000	-5873.501953	5132.634277	1.711734056	1.51328373	3427.680908
135000	-5899.325195	5137.752441	1.713440895	1.433825016	3433.611084
140000	-5893.92041	5064.671875	1.689068556	1.566803932	3382.446777
145000	-6078.75	4908.174805	1.636876822	1.55210638	3343.382324
150000	-6219.653809	5041.084961	1.681202292	1.46473527	3378.762207
155000	-6063.489258	5086.745117	1.696429968	1.390108347	3403.633789
160000	-6201.642578	5072.759766	1.691765904	1.455007315	3324.480225
165000	-5929.080566	4917.711426	1.640057206	1.576096296	3385.374268
170000	-6051.888672	4984.114258	1.662202597	1.456972122	3402.075195
175000	-6241.641602	5057.554688	1.68669498	1.580150843	3353.25415
180000	-6241.876465	5124.518555	1.70902741	1.450587273	3419.186768
185000	-6346.918945	5058.860352	1.687130451	1.380209565	3391.416992
190000	-6283.393555	4908.749023	1.637068272	1.509407282	3372.072266
195000	-6280.956543	5199.280762	1.733960629	1.484833956	3379.78833
200000	-6304.993164	5103.111328	1.701888084	1.341207862	3406.113037
205000	-5997.635254	5235.858398	1.746159315	1.481892109	3481.587158
210000	-5937.884766	5102.733398	1.70176208	1.481373429	3438.490479
215000	-5914.805664	5204.288086	1.735630512	1.643213749	3344
220000	-5923.083496	4978.128906	1.660206437	1.444662452	3474.630371
225000	-5893.564941	5087.810547	1.696785331	1.429681063	3478.876221
230000	-6059.03125	5224.404785	1.742339492	1.503878951	3436.689941
235000	-6113.291504	5296.522461	1.7663908	1.418432236	3418.003418
240000	-5925.221191	5124.926758	1.709163547	1.46022594	3461.922852
245000	-5987.990234	5025.628906	1.676047683	1.347272277	3462.204102
250000	-5959.180664	5143.851562	1.715474963	1.68258357	3357.253174
255000	-5879.358398	5101.006836	1.701186299	1.572883368	3449.407471
260000	-6161.679688	5204.273926	1.735625863	1.478732586	3360.721436
265000	-5979.647461	5150.371094	1.717649221	1.461790562	3388.79541
270000	-5993.576172	5034.593262	1.679037333	1.638030052	3396.724365
275000	-6182.085938	5058.823242	1.687118053	1.654742956	3334.310547
280000	-6137.092773	4997.458984	1.666653037	1.515572429	3364.078369
285000	-6067.250977	4995.663086	1.66605413	1.729025722	3317.234131
290000	-6015.894043	5284.462891	1.762368917	1.48341918	3427.237061
295000	-6146.876953	5088.123047	1.69688952	1.569754481	3382.462646
300000	-5992.519531	5093.529297	1.69869256	1.455844164	3416.668701
305000	-6123.893066	5037.326172	1.679948807	1.3932302	3369.499268
310000	-6114.310547	5139.861816	1.714144349	1.586331248	3350.618896
315000	-6058.022461	5080.789062	1.694443583	1.605404377	3317.283936
320000	-5990.911621	5016.503906	1.673004508	1.627905846	3343.032471
325000	-5867.683594	5087.083984	1.696542978	1.457063437	3406.228027
330000	-6002.319336	5105.939453	1.702831268	1.540100336	3396.574463
335000	-5731.01123	5084.094238	1.695545912	1.382742167	3458.129395
340000	-5771.978516	5024.804688	1.675772786	1.469412923	3417.005615
345000	-5805.480957	5036.827148	1.679782391	1.585062981	3377.514404
350000	-5726.593262	4991.829102	1.664775491	1.322857618	3465.56958
355000	-6047.069336	5001.804688	1.668102384	1.493930697	3355.048584
360000	-6126.307617	5049.354492	1.683960199	1.591322184	3306.813232
365000	-5964.448242	5012.658203	1.671721935	1.56453824	3395.795898
370000	-6027.957031	5122.145508	1.708235979	1.524677277	3379.643799
375000	-6021.459961	5045.918945	1.682814479	1.36127007	3400.693359
380000	-6005.580078	5241.083984	1.747902036	1.430820584	3412.630859
385000	-6066.013184	5114.751953	1.705770254	1.549617887	3404.141602
390000	-5927.523438	5137.29834	1.713289499	1.637741327	3428.123047
395000	-6187.563477	5088.651855	1.69706583	1.367384195	3418.489014
400000	-6196.9375	5140.016602	1.714195967	1.5075562	3379.774658
405000	-6142.493164	5185.289062	1.729294419	1.679103136	3358.293457
410000	-6010.825195	5081.262695	1.694601536	1.398094893	3444.505859
415000	-6159.135742	5021.586914	1.674699664	1.525602579	3349.622314
420000	-6188.174805	5099.494629	1.700681925	1.380023003	3375.307373
425000	-5847.498047	4841.948242	1.614790201	1.560895205	3424.856201
430000	-5871.51709	4941.45752	1.647976518	1.34709847	3433.503418
435000	-5939.108887	5221.94873	1.741520405	1.46693182	3443.469482
440000	-6017.297852	5169.448242	1.724011421	1.668629646	3406.134033
445000	-5858.64209	5227.143555	1.743252873	1.512546897	3456.112061
450000	-5913.302734	5299.990234	1.76754725	1.550822854	3438.846924
455000	-5771.036133	4975.611328	1.659366846	1.483084798	3481.579102
460000	-5932.964844	5092.78125	1.698443055	1.544835448	3390.032227
465000	-5965.696289	5293.578125	1.765408754	1.460003257	3425.893555
470000	-5836.964355	5007.111328	1.669872046	1.363990903	3393.319092
475000	-5814.404297	5155.167969	1.71924901	1.370059013	3430.593994
480000	-5927.009766	5167.376465	1.723320484	1.451647282	3413.325195
485000	-5740.97168	5114.171875	1.705576777	1.402215242	3450.25415
490000	-5794.982422	5070.436035	1.690990925	1.54909575	3392.054199
495000	-5833.896484	5079.150391	1.693897128	1.452063203	3461.484863
500000	-6029.149902	5186.478516	1.729691029	1.545242429	3364.241699
505000	-6003.725586	5078.633301	1.693724632	1.590355992	3365.218506
510000	-6141.803711	5104.939941	1.702497959	1.56922555	3353.46167
515000	-5881.890137	4979.463379	1.660651565	1.5249511	3420.658691
520000	-5803.351562	4964.121582	1.655534983	1.342776537	3461.789795
525000	-5678.490234	5026.987305	1.676500797	1.533196688	3428.957275
530000	-5807.41748	5098.480469	1.700343728	1.465425014	3465.918701
535000	-5906.808594	5157.442383	1.720007539	1.379622698	3425.328369
540000	-5914.868164	5196.537598	1.733045816	1.693351507	3379.358887
545000	-6138.477539	5100.124023	1.700891852	1.472276449	3402.038574
550000	-5966.157227	5110.379395	1.704311967	1.518781424	3409.355957
555000	-6170.014648	5119.22998	1.707263708	1.553630948	3421.4021
560000	-5990.563477	5235.59375	1.746070981	1.49002111	3402.9104
565000	-6199.967285	4982.223145	1.66157186	1.563788414	3321.415527
570000	-6087.881836	5230.415527	1.744344115	1.551763535	3364.820312
575000	-6021.272461	5016.59668	1.673035502	1.458598495	3431.384766
580000	-6066.710449	5145.732422	1.716102242	1.52127707	3384.030273
585000	-6078.202148	5113.556152	1.705371499	1.620831847	3399.929688
590000	-6063.753906	5110.321777	1.704292774	1.553408861	3402.111816
595000	-6086.86377	5064.183594	1.688905716	1.646105528	3361.437256
600000	-6212.746094	5083.894531	1.695479274	1.551093936	3334.394531
605000	-6337.44043	4992.641602	1.665046453	1.397458792	3372.351074
610000	-6126.051758	5082.165039	1.694902539	1.364853144	3360.893066
615000	-6218.319824	5179.759277	1.727450252	1.511692286	3375.89502
620000	-6255.063477	5149.860352	1.717478871	1.430810809	3408.880859
625000	-6031.116211	5029.091797	1.677202582	1.462330103	3466.740234
630000	-6372.568848	5081.950195	1.694830894	1.530653834	3350.898926
635000	-6116.713867	5068.638184	1.690391302	1.40060544	3446.7146
640000	-6078.873535	5328.066406	1.776910663	1.60943675	3386.806641
645000	-6164.143066	4974.27832	1.658922315	1.526566386	3402.968262
650000	-6146.358398	5083.305664	1.695282936	1.497499228	3328.608887
655000	-5974.306641	5029.321289	1.677279115	1.457431197	3399.294922
660000	-5986.788574	4952.886719	1.651788235	1.507480025	3404.822021
665000	-6114.527344	5089.728516	1.697424889	1.527943015	3352.342529
670000	-6126.180176	4971.966797	1.658151388	1.454655528	3383.095215
675000	-5970.050293	5188.269531	1.730288386	1.306316495	3443.354248
680000	-6176.21582	4954.894531	1.652457833	1.374860525	3427.049316
685000	-5973.037109	5039.625	1.680715442	1.471038222	3434.212891
690000	-5927.306641	5260.373535	1.754335046	1.328333616	3466.670654
695000	-5975.521484	5166.398438	1.722994328	1.317845225	3484.965088
700000	-6105.169922	5097.188477	1.699912786	1.681464553	3363.956787
705000	-6335.141602	5179.212891	1.727267981	1.584365129	3322.179443
710000	-6352.790527	4981.054688	1.661182165	1.316436768	3409.79126
715000	-6478.416992	5058.664062	1.687064886	1.508046389	3308.792236
720000	-6389.529785	5093.837402	1.698795199	1.418868423	3366.927734
725000	-6269.712402	4986.109375	1.662867904	1.504170895	3369.602783
730000	-6147.575195	5117.609375	1.706723213	1.56795609	3366.425049
735000	-6099.929688	5039.893555	1.680804968	1.54434514	3409.370117
740000	-6255.837402	5228.759277	1.743791699	1.549076319	3352.896484
745000	-6263.84375	5243.17041	1.74859786	1.630416751	3348.880859
750000	-6180.661621	5109.088867	1.703881621	1.601835012	3339.104492
755000	-6363.755859	5235.82373	1.746147752	1.592175007	3380.693604
760000	-6208.046875	5039.13916	1.680553436	1.45026195	3415.293457
765000	-6088.936523	5074.049805	1.692196131	1.48832655	3399.415527
770000	-6216.388672	5090.386719	1.697644472	1.318343878	3445.57251
775000	-6186.513672	5142.239258	1.714937329	1.354345083	3408.102051
780000	-6056.760742	5227.44043	1.743351936	1.521102786	3478.376953
785000	-6264.429199	5041.271484	1.68126452	1.386587858	3434.742432
790000	-6225.707031	5124.71875	1.709094167	1.600361347	3375.7146
795000	-6121.579102	5180.782227	1.727791309	1.611873984	3379.374512
800000	-6085.112793	5084.655273	1.69573307	1.515364647	3434.840088
805000	-6137.635742	5273.873047	1.758837104	1.672682762	3368.985107
810000	-5960.952148	4957.723145	1.653401136	1.468598485	3452.270264
815000	-6267.32666	5158.547852	1.720376253	1.47848618	3372.402344
820000	-6266.629883	5101.015625	1.70118916	1.510012388	3354.518799
825000	-6460.392578	5109.382812	1.703979611	1.405233264	3391.831299
830000	-6337.01416	5102.182129	1.701578259	1.482645869	3419.19165
835000	-6278.363281	5321.522461	1.774728298	1.515428543	3425.685303
840000	-6151.003418	5009.683594	1.670729995	1.475669742	3477.513916
845000	-6255.375	4980.88623	1.661126018	1.330612302	3447.711914
850000	-6207.083008	5197.462891	1.73335433	1.468353629	3375.456055
855000	-6206.589844	5187.634766	1.730076671	1.527936459	3337.12085
860000	-6204.91748	5038.484863	1.680335164	1.72537148	3350.983154
865000	-6092.939941	5080.984375	1.694508791	1.575262189	3370.700928
870000	-5985.820312	5005.278809	1.669260979	1.540192842	3397.370361
875000	-6085.71875	5241.503906	1.748042107	1.43717289	3415.220703
880000	-5929.509766	5239.643555	1.747421622	1.600268126	3415.187988
885000	-6013.428711	5144.333984	1.715635896	1.406084776	3417.472656
890000	-5999.390137	5053.096191	1.685208082	1.592970848	3365.061523
895000	-5923.359375	5144.498047	1.715690613	1.712792993	3366.80127
900000	-5849.784668	4960.192871	1.654224753	1.515924811	3414.236572
905000	-5995.032715	5045.103027	1.682542324	1.307808757	3399.791992
910000	-6085.953125	5023.155273	1.675222754	1.321413279	3456.932861
915000	-6078.486816	5177.982422	1.726857662	1.406663299	3405.775879
920000	-6003.412109	5108.556641	1.703704119	1.463243484	3410.151611
925000	-6018.237793	5114.188477	1.70558238	1.500530362	3412.699951
930000	-6005.699219	5252.020508	1.751549363	1.482830882	3418.365723
935000	-6072.112305	5049.679688	1.68406868	1.440476775	3396.739746
940000	-5865.268555	4981.44043	1.661310911	1.42795217	3426.934814
945000	-5799.398438	5088.125	1.696890116	1.548325181	3368.905518
950000	-5839.692871	4898.797363	1.633749366	1.496681571	3380.070801
955000	-6076.718262	5050.120605	1.684215665	1.6280756	3343.632324
960000	-5760.453125	5099.452637	1.700667977	1.679310203	3355.883545
965000	-5761.528809	4894.39209	1.632280231	1.422053576	3422.638916
970000	-5900.1875	5142.775391	1.715116024	1.562890768	3379.719238
975000	-5851.655273	5052.828125	1.685118675	1.337028623	3428.657715
980000	-5844.911133	5146.480469	1.716351748	1.455347776	3382.886475
985000	-5854.255859	5071.986328	1.691507936	1.466779113	3425.546875
990000	-5994.389648	5121.330566	1.707964182	1.48277545	3422.383301
995000	-5947.668945	5074.914062	1.692484379	1.572755456	3393.027588
