timestep	potential_energy	kinetic_energy	temperature	pressure	volume
0	-381.4453125	0	0	-0.04692383111	16000
5000	-8294.71875	2868.468994	0.9566347003	1.308870435	2564.190186
10000	-5851.669922	4502.220703	1.50149107	1.610205173	3207.735596
15000	-5067.241211	5275.117188	1.759252071	1.519937277	3492.024414
20000	-4733.473145	5087.262695	1.696602583	1.54935503	3548.583984
25000	-4824.108398	5078.268555	1.693603039	1.449506164	3527.666992
30000	-4703.847168	5102.072754	1.701541781	1.456526875	3550.576172
35000	-4853.457031	4874.788574	1.625742435	1.534124851	3511.549072
40000	-4852.170898	5033.480469	1.678666234	1.43182826	3555.11084
45000	-4962.786133	5001.981934	1.668161392	1.555389643	3475.020996
50000	-5021.989258	5271.303711	1.757980227	1.532932401	3508.282471
55000	-4830.032227	4995.350586	1.665949941	1.536360502	3543.388672
60000	-4988.464844	5163.695801	1.722092986	1.575683355	3528.739014
65000	-4996.45166	5131.871094	1.711479545	1.476935148	3527.712891
70000	-5038.690918	5266.469727	1.75636816	1.548512697	3518.915283
75000	-5146.182617	5056.337891	1.686289191	1.395749807	3533.163818
80000	-5237.444336	4948.382324	1.650285959	1.273734093	3525.967529
85000	-5184.884277	5071.589355	1.691375494	1.565205336	3471.852783
90000	-5478.361328	5155.165039	1.719248056	1.489527345	3447.107178
95000	-5450.244141	5305.792969	1.769482493	1.540359139	3456.666748
100000	-5420.091797	5230.693359	1.744436741	1.39955914	3466.045898
105000	-5522.521484	5029.208008	1.677241325	1.624777079	3399.233643
110000	-5616.724609	4992.790039	1.665095925	1.486506701	3430.654785
115000	-5388.344727	5011.973633	1.671493649	1.533452511	3463.378174
120000	-5347.199219	5130.362305	1.710976362	1.501089931	3535.081543
125000	-5383.865234	5044.711914	1.682411909	1.52036202	3493.115234
130000	-5233.885742	5176.128418	1.726239324	1.457469702	3569.330811
135000	-5317.155273	5167.12793	1.723237634	1.50774169	3524.449707
140000	-5422.342773	5123.131348	1.708564758	1.325127244	3577.354004
145000	-5472.206055	5183.87793	1.728823781	1.661782742	3477.618896
150000	-5873.141602	5136.822266	1.713130713	1.576750636	3397.343506
155000	-5821.019531	4958.215332	1.653565288	1.406733513	3416.477295
160000	-5608.648438	5006.39502	1.669633269	1.3371346	3521.411865
165000	-5550.826172	5107.463867	1.703339696	1.460327387	3489.115479
170000	-5692.140137	5030.031738	1.677516103	1.467032075	3483.721436
175000	-5659.558594	5153.083008	1.718553662	1.559779882	3463.946045
180000	-5728.164551	5108.103516	1.703552961	1.538947701	3443.189697
185000	-5755.350586	5068.780273	1.690438747	1.643562555	3422.124756
190000	-5797.648438	5176.728516	1.726439476	1.667124867	3395.724365
195000	-5918.617188	5267.336914	1.756657362	1.572422743	3388.389404
200000	-5861.078613	5290.775391	1.764474034	1.570897698	3426.32251
205000	-5627.091797	5198.138672	1.733579755	1.328089356	3506.052246
210000	-5833.222656	5085.974609	1.696173072	1.504055738	3420.042725
215000	-5869.998047	4999.11084	1.667203903	1.454855323	3434.675049
220000	-5855.254395	5158.663086	1.720414639	1.528384089	3399.311768
225000	-5821.230469	5036.103516	1.679540992	1.415743828	3448.61499
230000	-5942.091797	5106.339844	1.702964783	1.457092285	3420.514893
235000	-5672.608887	5060.045898	1.687525749	1.39674902	3478.215576
240000	-5854.883789	5176.85498	1.726481676	1.554331541	3404.460693
245000	-5460.009766	4815.848633	1.606086016	1.366294265	3514.331055
250000	-5578.262207	5015.958008	1.672822475	1.4344697	3479.431152
255000	-5817.775391	5141.064453	1.714545488	1.400219679	3451.557373
260000	-5784.830078	5172.636719	1.725074887	1.420990348	3464.404785
265000	-5836.455078	5039.69043	1.680737257	1.433402538	3392.572021
270000	-5924.901367	5020.437012	1.674316168	1.389763713	3401.934326
275000	-5716.660156	5087.354492	1.69663322	1.395183086	3503.93042
280000	-5722.867188	5164.828125	1.722470641	1.445933342	3461.500488
285000	-5696.994141	5157.330078	1.719970107	1.694951177	3427.465576
290000	-5484.963867	4955.104492	1.652527809	1.411504507	3482.004639
295000	-5494.195312	5140.050293	1.714207292	1.553404927	3456.338867
300000	-5494.313965	5024.562988	1.675692201	1.569420099	3455.630127
305000	-5647.240234	5060.050781	1.687527418	1.688909054	3400.821289
310000	-5598.418945	4875.59375	1.626011014	1.584529757	3408.664795
315000	-5584.235352	5104.231934	1.702261806	1.494965076	3466.103516
320000	-5660.429199	5186.211426	1.729601979	1.530776024	3458.2146
325000	-5585.036133	4982.510742	1.661667824	1.561131835	3392.339111
330000	-5614.970703	5221.983398	1.741531968	1.579540253	3395.654053
335000	-5505.570312	5190.80127	1.731132746	1.566407323	3441.741943
340000	-5676.113281	5181.756836	1.728116393	1.425252557	3451.270996
345000	-5482.515625	5081.480469	1.694674253	1.448856592	3510.199951
350000	-5461.587891	5166.291504	1.722958684	1.612478137	3450.416504
355000	-5486.549805	5280.141602	1.760927677	1.520046234	3453.92334
360000	-5493.503906	5180.651367	1.727747679	1.524849176	3495.826416
365000	-5430.256836	5181.563477	1.728051901	1.520946383	3485.025635
370000	-5401.61084	5284.619141	1.762421012	1.398451924	3493.142822
375000	-5514.661133	5114.673828	1.705744147	1.536634445	3456.552979
380000	-5436.225586	5202.064941	1.73488915	1.587283254	3454.271484
385000	-5534.882812	5160.460938	1.721014261	1.576872587	3431.386963
390000	-5682.297852	5001.427734	1.667976618	1.409048796	3467.583252
395000	-5567.058594	4958.460938	1.653647184	1.512108684	3449.80835
400000	-5619.169922	5333.290039	1.778652787	1.555685401	3441.715576
405000	-5316.281738	4954.640625	1.652373075	1.550298095	3514.060547
410000	-5393.426758	5021.133789	1.674548626	1.306972742	3548.701416
415000	-5451.623535	5071.703125	1.691413522	1.445974469	3474.613281
420000	-5383.118164	5119.661621	1.707407594	1.490312696	3498.399414
425000	-5568.383789	5092.808594	1.698452115	1.579642534	3373.193604
430000	-5525.37207	5138.902344	1.713824391	1.507348418	3469.028564
435000	-5523.821777	4959.963379	1.654148221	1.381718636	3477.362305
440000	-5531.065918	5079.597656	1.694046259	1.527061105	3469.354248
445000	-5602.969238	5263.560547	1.755397916	1.450876117	3512.208008
450000	-5445.849121	5140.837891	1.71446991	1.50315702	3526.92627
455000	-5594.666992	5237.816406	1.746812224	1.563709497	3457.032715
460000	-5701.298828	5127.821777	1.710129023	1.424865365	3435.528564
465000	-5851.768555	5082.462891	1.695001841	1.477831841	3428.402344
470000	-5562.794922	5023.692871	1.675402045	1.334080935	3550.849609
475000	-5564.485352	5127.151855	1.709905624	1.476572871	3463.371582
480000	-5768.558594	5098.138672	1.700229764	1.385577798	3411.660156
485000	-5755.77832	5071.327637	1.691288233	1.35968101	3463.119873
490000	-5774.802246	5161.388672	1.721323609	1.452634215	3443.782715
495000	-5641.995605	5066.617188	1.689717293	1.374762297	3515.639648
500000	-5799.176758	4946.049316	1.64950788	1.477414489	3462.281738
505000	-5764.311523	5169.537109	1.724041104	1.61888063	3373.819092
510000	-5653.275391	5008.160156	1.670221925	1.474358559	3447.100586
515000	-5823.388672	5089.23291	1.697259665	1.606720805	3402.576904
520000	-5756.374512	5145.391113	1.715988398	1.632889628	3437.571533
525000	-5742.981445	5046.681152	1.683068633	1.497865796	3490.197266
530000	-5788.841797	4940.553711	1.647675157	1.472437501	3436.397705
535000	-5859.233398	5152.549805	1.718375802	1.553429127	3401.210205
540000	-5747.923828	4928.300781	1.643588781	1.540573597	3406.727539
545000	-5826.813477	4990.220703	1.664239049	1.392395496	3429.234131
550000	-5827.189453	5123.859375	1.708807588	1.525149584	3405.86084
555000	-5765.348633	5094.258789	1.698935747	1.536756992	3452.914307
560000	-5806.873047	5137.373047	1.713314414	1.613198638	3463.535645
565000	-5801.528809	5003.769531	1.668757558	1.396314263	3437.605469
570000	-5799.955078	5006.867676	1.669790864	1.485610366	3390.854248
575000	-5854.623535	5102.93457	1.701829195	1.332086682	3430.418701
580000	-5735.739258	5072.061523	1.691532969	1.64454937	3418.810791
585000	-5690.88623	4920.950684	1.641137481	1.625906467	3442.472412
590000	-5807.174805	4983.84082	1.662111402	1.447953105	3440.525879
595000	-5647.225586	5039.223145	1.68058145	1.501386166	3433.206543
600000	-5617.976562	5023.171875	1.675228238	1.473946929	3473.830078
605000	-5633.287598	5012.709473	1.671739101	1.409911513	3504.192383
610000	-5668.823242	5102.423828	1.701658845	1.517979622	3444.256836
615000	-5818.539062	5248.995117	1.750540376	1.571901798	3424.535889
620000	-5751.259277	5094.609375	1.699052691	1.401767969	3432.488037
625000	-5657.905273	5254.087891	1.75223875	1.531099558	3430.134277
630000	-5705.993652	5140.837891	1.71446991	1.480198383	3412.774414
635000	-5785.111328	5079.634766	1.694058657	1.511235595	3395.545166
640000	-5822.768555	5060.840332	1.687790751	1.502595782	3398.418701
645000	-5840.762695	4975.59668	1.659361959	1.426333308	3425.299316
650000	-6048.558105	5052.912109	1.685146689	1.496902704	3358.765381
655000	-5682.630371	5075.799805	1.69277966	1.497040868	3442.708984
660000	-5650.428711	5024.160156	1.675557852	1.534219861	3442.755127
665000	-5803.431641	5238.015625	1.746878743	1.537096262	3428.085693
670000	-5658.851562	5082.904297	1.695149064	1.590559959	3430.481689
675000	-5733.577148	5081.379883	1.694640636	1.396073341	3428.143311
680000	-5793.773438	5202.97998	1.735194325	1.703839183	3338.765625
685000	-5541.643555	4973.69043	1.658726215	1.417195678	3467.987061
690000	-5664.024414	5148.19043	1.716922045	1.434260964	3440.835693
695000	-5385.055664	5065.650391	1.689394832	1.474940538	3459.136963
700000	-5493.739746	5058.128906	1.68688643	1.454142332	3432.022705
705000	-5344.102539	5019.197266	1.67390275	1.431219816	3510.113525
710000	-5670.736328	5232.34082	1.744986176	1.487980366	3420.022217
715000	-5326.419434	5342.34082	1.781671166	1.533367276	3481.030762
720000	-5489.165039	5128.291992	1.710285902	1.473983288	3444.917969
725000	-5494.427246	5031.836914	1.67811811	1.414221764	3475.626221
730000	-5795.36377	5205.045898	1.735883355	1.330634594	3478.244629
735000	-5735.205566	5130.228516	1.710931659	1.518092871	3436.435303
740000	-5657.30957	5226.55127	1.743055344	1.33124423	3456.258057
745000	-5720.223633	5074.107422	1.692215323	1.426209927	3477.820312
750000	-5608.181641	5080.522461	1.694354773	1.491187453	3469.258057
755000	-5604.123047	4936.077637	1.646182418	1.572775126	3468.72876
760000	-5757.399902	5183.89209	1.728828549	1.49625504	3452.936523
765000	-5525.977051	4936.720703	1.646396875	1.407913446	3477.277588
770000	-5545.814453	5116.027344	1.706195593	1.611505508	3401.716309
775000	-5761.543457	5090.509766	1.69768548	1.572171211	3376.676025
780000	-5784.520996	5012.790039	1.671765924	1.517655134	3419.238281
785000	-5794.706055	5063.29541	1.688609481	1.444555998	3398.892822
790000	-5718.386719	5198.379883	1.733660221	1.344266176	3497.274414
795000	-5531.316895	5065.24707	1.689260364	1.509471059	3494.039307
800000	-5649.12793	5185.560547	1.729384899	1.606229901	3467.69043
805000	-5368.478027	5077.668945	1.693403125	1.723029137	3492.814209
810000	-5633.494141	5177.321289	1.726637125	1.36146152	3517.744385
815000	-5803.88916	5097.037109	1.699862361	1.413010836	3468.844971
820000	-5722.881836	5118.723633	1.707094789	1.409989238	3452.484375
825000	-5419.577148	5210.072266	1.737559557	1.380339026	3534.879395
830000	-5749.834473	5220.434082	1.741015315	1.505847931	3480.326416
835000	-5726.653809	5087.726562	1.696757317	1.457265496	3460.621338
840000	-5737.157227	5177.194336	1.726594806	1.403407812	3481.767822
845000	-5894.521484	4945.92334	1.649465919	1.62598002	3410.316406
850000	-5775.121582	5173.360352	1.725316167	1.472134233	3439.67627
855000	-5932.123535	5131.933105	1.711500168	1.497775674	3406.033936
860000	-5918.054688	5109.488281	1.704014778	1.606321931	3385.885498
865000	-5948.637695	4826.500977	1.609638572	1.606318235	3387.929443
870000	-5901.554688	5038.952148	1.680490971	1.405694604	3431.371094
875000	-5777.79248	5135.518555	1.712695956	1.547858834	3439.563721
880000	-5960.26123	5050.994141	1.684507012	1.546569347	3394.681885
885000	-5859.224121	5144.614746	1.715729475	1.478793979	3404.711182
890000	-5953.992188	5105.552734	1.702702284	1.511442661	3461.181885
895000	-6000.546387	5118.15332	1.70690465	1.532996774	3375.996338
900000	-5854.733398	5167.706055	1.723430514	1.508881807	3429.282471
905000	-5780.329102	5121.917969	1.708160162	1.527497053	3430.980469
910000	-5914.47998	5140.208984	1.714260221	1.502305865	3381.651123
915000	-5688.6875	5046.604492	1.683043122	1.425086498	3460.983398
920000	-5820.529297	5024.061035	1.675524831	1.443393588	3418.705811
925000	-5849.967773	4895.90918	1.632786155	1.368584037	3466.508789
930000	-5812.103516	5049.019531	1.6838485	1.447997332	3457.170166
935000	-5793.927734	5316.607422	1.773089051	1.498513579	3485.523682
940000	-5580.235352	5140.736328	1.714436054	1.565243125	3486.784668
945000	-5700.84375	5177.831055	1.726807117	1.749377489	3410.656982
950000	-5763.40918	5047.779297	1.683434844	1.417194605	3423.888428
955000	-5549.95459	5167.167969	1.723250985	1.551830053	3500.041016
960000	-5559.833496	5012.237305	1.671581626	1.539762139	3445.520508
965000	-5755.967773	5006.741699	1.669748783	1.406654	3454.163818
970000	-5585.607422	5056.758301	1.686429381	1.49015677	3441.258545
975000	-5508.706543	5095.208984	1.699252725	1.552181602	3445.905273
980000	-5672.476562	5180.202637	1.727598071	1.686052084	3349.17749
985000	-5653.307617	5095.644531	1.699397922	1.540086508	3401.938232
990000	-5618.602051	4932.555664	1.64500773	1.526518345	3461.966553
995000	-5530.692383	5124.095703	1.708886385	1.424609065	3521.817383
