timestep	potential_energy	kinetic_energy	temperature	pressure	volume
0	-358.6816406	0	0	-0.04412353411	16000
5000	-10906.8418	1749.672119	0.5835158229	1.612377524	2165.149658
10000	-10154.61719	2260.171143	0.7537673116	1.433948636	2384.049561
15000	-9688.419922	2660.876953	0.8874027133	1.646660566	2469.906738
20000	-9701.244141	2932.769531	0.9780789018	1.575574398	2536.654541
25000	-9824.439453	2861.912842	0.9544482231	1.410668731	2537.011963
30000	-9679.727539	2875.937012	0.9591252804	1.390125036	2559.609131
35000	-9694.125	2987.151367	0.9962152839	1.368659377	2563.321045
40000	-9538.416016	2978.699951	0.9933966994	1.8570925	2562.860107
45000	-9640.5	3022.948975	1.008153796	1.457616806	2571.031738
50000	-9679.577148	3092.299805	1.031282306	1.655563235	2542.827881
55000	-9665.558594	2904.600098	0.9686844349	1.501529455	2561.854248
60000	-9639.654297	2909.826172	0.9704272747	1.370642543	2582.782715
65000	-9640.881836	2991.436035	0.997644186	1.53067565	2575.83374
70000	-9731.34375	3071.114502	1.02421701	1.597668171	2559.644043
75000	-9655.572266	2922.686768	0.9747163057	1.417277336	2578.883789
80000	-9801.56543	2962.806641	0.9880962968	1.224499464	2567.818115
85000	-9783.191406	3066.793213	1.022775769	1.355689883	2581.130127
90000	-9634.754883	2935.246094	0.9789048433	1.688203573	2567.023438
95000	-9770.649414	2939.211182	0.980227232	1.400821447	2571.999268
100000	-9835.956055	2971.548828	0.9910117984	1.386445284	2572.694336
105000	-9639.681641	2954.000732	0.9851595163	1.452071667	2578.104248
110000	-9688.053711	3014.277832	1.005261898	1.557464838	2556.095215
115000	-9622.96875	3098.532959	1.033361077	1.681438088	2569.090576
120000	-9703.207031	3031.035645	1.010850668	1.706465244	2545.8396
125000	-9757.113281	3060.666992	1.02073276	1.780595303	2539.725342
130000	-9636.998047	2991.707031	0.9977346063	1.465255976	2581.796387
135000	-9626.503906	3057.204834	1.019578099	1.60270524	2569.547119
140000	-9555.212891	3011.010254	1.004172206	1.630251884	2590.801514
145000	-9735.142578	2949.94043	0.983805418	1.512023449	2557.683105
150000	-9759.373047	2959.460938	0.9869804978	1.477224827	2556.47998
155000	-9854.644531	2980.455078	0.9939820766	1.476720929	2544.267822
160000	-9770.775391	2964.128906	0.9885372519	1.485873461	2573.85791
165000	-9698.883789	3058.424805	1.019984961	1.411565781	2578.939209
170000	-9642.65625	2955.195312	0.9855579138	1.667489886	2575.977539
175000	-9799.023438	2955.884766	0.9857878685	1.521954179	2565.063477
180000	-9751.150391	3016.721436	1.006076932	1.446735501	2581.539795
185000	-9869.236328	3072.872559	1.024803281	1.576675415	2548.749512
190000	-9738.478516	2994.814453	0.9987708926	1.617275476	2565.393066
195000	-9738.357422	2933.059814	0.9781756997	1.605310321	2566.805908
200000	-9709.514648	3023.794434	1.008435726	1.398596883	2584.957031
205000	-9716.03125	3080.85498	1.027465463	1.866122961	2549.572754
210000	-9737.043945	3029.625244	1.010380268	1.483585477	2583.108398
215000	-9784.708984	2990.466797	0.99732095	1.485837936	2570.543457
220000	-9811.792969	2896.193848	0.9658809304	1.565737724	2548.98291
225000	-9839.412109	2941.394043	0.9809551835	1.685252786	2552.152344
230000	-9781.775391	2995.897217	0.9991319776	1.502978325	2568.485352
235000	-9739.148438	2989.318115	0.996937871	1.633277416	2562.696777
240000	-9812.073242	3078.143555	1.026561141	1.367103815	2571.706787
245000	-9697.610352	2991.659668	0.997718811	1.519377112	2560.180908
250000	-9717.418945	3005.671875	1.002391815	1.454735041	2596.108154
255000	-9838.105469	3074.442871	1.025326967	1.213558674	2582.508057
260000	-9796.232422	3022.182861	1.007898211	1.776836753	2553.391846
265000	-9717.334961	2937.984131	0.9798179865	1.607872248	2571.378906
270000	-9681.919922	2951.309082	0.9842618704	1.397702575	2592.955566
275000	-9672.079102	3017.125488	1.006211638	1.52301836	2591.689697
280000	-9818.636719	3055.240723	1.018923044	1.553832889	2559.210449
285000	-9771.302734	2988.744873	0.9967467189	1.583763719	2567.539795
290000	-9864.726562	2984.201172	0.99523139	1.395508051	2560.711182
295000	-9725.451172	3020.212646	1.007241249	1.56263411	2565.777588
300000	-9833.546875	3016.544678	1.006017923	1.406006217	2564.916992
305000	-9924.879883	3057.950684	1.019826889	1.486946344	2537.078369
310000	-9843.960938	2928.88208	0.9767824411	1.441882849	2561.664795
315000	-9919.833984	2982.608887	0.9947003722	1.317561746	2558.424072
320000	-9843.132812	2997.350342	0.9996166229	1.388741374	2563.341553
325000	-9815.542969	3001.053711	1.00085175	1.577895284	2559.412109
330000	-9864.750977	2920.313477	0.9739248157	1.378650665	2559.828857
335000	-9816.077148	3061.915527	1.021149158	1.576671839	2561.344727
340000	-9737.979492	3045.40625	1.015643239	1.427661777	2595.099854
345000	-9847.078125	3025.712158	1.009075284	1.330828309	2582.387207
350000	-9868.478516	3017.015625	1.006175041	1.461494803	2560.472412
355000	-9700.269531	2998.789062	1.00009644	1.58345747	2584.222168
360000	-9674.654297	3050.826172	1.017450809	1.677380323	2573.961426
365000	-9772.993164	3030.457031	1.010657668	1.481470227	2581.103027
370000	-9702.700195	2993.595703	0.9983644485	1.559827328	2584.030762
375000	-9964.650391	2990.705078	0.997400403	1.50080049	2530.422363
380000	-10011.58203	2937.854248	0.9797746539	1.606355667	2523.488281
385000	-9998.544922	3056.688232	1.019405842	1.488452077	2551.845947
390000	-9740.004883	2952.783203	0.9847534895	1.547078133	2579.006592
395000	-9878.700195	3034.636475	1.012051582	1.600644827	2551.828613
400000	-9923.341797	2989.740723	0.997078836	1.537415385	2542.347168
405000	-9860.509766	3071.282471	1.024273038	1.430054784	2560.005615
410000	-9845.795898	2955.420898	0.9856331348	1.495569587	2553.837646
415000	-9838.59082	3051.995605	1.017840862	1.588606596	2556.131592
420000	-9820.379883	2956.10791	0.9858622551	1.394515038	2566.142334
425000	-9706.585938	3006.617188	1.002707124	1.588036299	2570.181396
430000	-9821.40625	2959.151367	0.9868772626	1.587690711	2558.849609
435000	-9859.630859	2886.432861	0.9626256227	1.688230276	2546.616699
440000	-9968.628906	3091.209961	1.030918837	1.522992373	2527.263672
445000	-9797.152344	2952.035156	0.9845039845	1.449922681	2586.587891
450000	-9881.285156	2979.945312	0.9938120246	1.651325345	2544.830811
455000	-9879.330078	2971.80127	0.9910960197	1.488506079	2547.832031
460000	-9888.980469	2995.502197	0.9990002513	1.362965941	2554.495605
465000	-9756.791016	2921.175293	0.9742122293	1.547870159	2579.067383
470000	-9826.038086	3107.306152	1.03628695	1.739994645	2546.406982
475000	-9834.956055	2951.420166	0.9842988849	1.608164549	2556.58374
480000	-9782.828125	2951.656494	0.9843777418	1.590983391	2564.75
485000	-9868.446289	3016.635742	1.006048322	1.444451809	2571.290771
490000	-9785.042969	2992.559082	0.9980187416	1.628973722	2562.326172
495000	-9809.021484	3012.980957	1.004829407	1.455730915	2586.613037
500000	-9791.015625	2972.115479	0.9912008047	1.70803082	2553.691406
505000	-9752.859375	2949.072754	0.9835160375	1.616084337	2579.026855
510000	-9831.636719	3048.627686	1.016717672	1.413136005	2566.841064
515000	-9787.519531	2995.345703	0.9989480972	1.361583948	2586.969727
520000	-9727.660156	3060.054443	1.020528436	1.58150959	2573.527344
525000	-9749.892578	3049.682617	1.017069459	1.431668401	2582.461182
530000	-9851.732422	2910.581055	0.9706790447	1.638679266	2550.695801
535000	-9872.580078	3049.342285	1.016955972	1.398004889	2568.825439
540000	-9808.755859	3082.725342	1.028089166	1.624980092	2566.126709
545000	-9767.603516	3007.927979	1.003144264	1.568512082	2576.883057
550000	-9847.144531	3041.68457	1.014402151	1.433848143	2575.764648
555000	-9776.505859	2973.341797	0.9916097522	1.497648597	2561.494629
560000	-9826.848633	2960.866211	0.9874491692	1.604943395	2556.342529
565000	-9860.601562	3028.602539	1.01003921	1.454246402	2554.008057
570000	-9697.308594	2959.928711	0.9871364832	1.430903554	2581.632812
575000	-9768.698242	3065.575684	1.022369742	1.594084501	2568.794434
580000	-9854.141602	2966.370117	0.9892846942	1.512681365	2552.071533
585000	-9795.75	3067.822266	1.023118973	1.392570138	2582.9104
590000	-9838.882812	2997.789551	0.9997630715	1.489316821	2565.30249
595000	-9777.375	3088.831543	1.030125618	1.759925008	2546.324951
600000	-9858.732422	3108.579102	1.036711454	1.492772102	2570.714355
605000	-9821.001953	3002.877441	1.001459956	1.574261546	2551.730225
610000	-9794.175781	3007.764404	1.003089666	1.388839126	2575.781006
615000	-9720.623047	3089.978516	1.030508161	1.571838737	2569.669434
620000	-9725.447266	3069.795898	1.023777246	1.570005298	2579.268066
625000	-9719.388672	3093.860107	1.031802654	1.323930383	2590.352783
630000	-9694.558594	3096.276367	1.032608509	1.339383602	2595.889648
635000	-9746.535156	2980.00293	0.9938312769	1.486388326	2569.941895
640000	-9788.210938	3004.85791	1.002120376	1.435124874	2567.487061
645000	-9757.510742	3000.53418	1.00067842	1.467933655	2572.018311
650000	-9789.052734	3064.470215	1.022001147	1.234493017	2578.432373
655000	-9908.125	2975.312988	0.9922671914	1.359244704	2561.254395
660000	-9866.917969	2960.379639	0.9872868657	1.4271909	2538.374268
665000	-9756.253906	3049.140137	1.016888499	1.35291338	2584.307129
670000	-9796.276367	3029.674316	1.010396719	1.575921893	2551.644775
675000	-9854.158203	3060.358398	1.020629764	1.470457673	2563.883789
680000	-9689.166016	2972.314697	0.9912672043	1.34284699	2594.522705
685000	-9821.748047	2989.264648	0.9969200492	1.566393018	2554.101562
690000	-9797.59375	2980.345215	0.9939454198	1.527881145	2555.585693
695000	-9799.070312	2986.830811	0.9961083531	1.580742359	2552.793213
700000	-9817.652344	3031.716309	1.011077642	1.446107626	2569.16626
705000	-9719.621094	2993.748535	0.9984154105	1.584501028	2561.384033
710000	-9764.146484	3035.037842	1.012185454	1.626897931	2559.534912
715000	-9848.545898	2993.682129	0.9983932972	1.47195375	2566.788818
720000	-9743.779297	3010.39917	1.003968358	1.559395671	2551.878906
725000	-9664.78125	3046.009277	1.015844345	1.330796838	2587.630859
730000	-9790.330078	3088.105469	1.029883504	1.860127211	2535.251709
735000	-9750.611328	2992.797852	0.9980983734	1.165884137	2593.424316
740000	-9775.738281	3095.604492	1.032384396	1.347765207	2572.913574
745000	-9779.636719	2940.562988	0.9806780219	1.659557581	2540.947998
750000	-9780.461914	3012.678223	1.004728436	1.475310445	2552.612061
755000	-9623.442383	3019.481201	1.006997228	1.403252602	2600.931885
760000	-9745.765625	3028.805176	1.010106802	1.652806401	2565.982178
765000	-9745.850586	3070.612305	1.02404952	1.664847493	2558.922363
770000	-9769.672852	3124.499512	1.042020917	1.623303533	2562.787842
775000	-9770.764648	3049.26416	1.016929865	1.48701036	2571.226562
780000	-9707.765625	3026.509766	1.00934124	1.475741267	2590.395752
785000	-9753.094727	3073.008789	1.0248487	1.572841525	2578.431641
790000	-9805.258789	3025.432617	1.008982062	1.618347764	2551.270508
795000	-9831.007812	3027.383301	1.009632587	1.531784058	2563.902588
800000	-9757.423828	3025.233643	1.008915663	1.503273964	2562.4646
805000	-9839	3021.868164	1.007793307	1.727654934	2559.511963
810000	-9721.855469	3085.208984	1.028917432	1.624495864	2560.44751
815000	-9672.870117	3060.866211	1.02079916	1.490336418	2588.268066
820000	-9781.544922	3072.982422	1.024839878	1.470872998	2579.32373
825000	-9873.200195	3006.342773	1.002615571	1.577300072	2557.904297
830000	-9746.382812	2892.67334	0.9647068381	1.508600116	2571.473389
835000	-9812.351562	2997.968262	0.9998226762	1.440116882	2570.185547
840000	-9808.259766	3115.102051	1.038886786	1.526509166	2569.541016
845000	-9768.822266	3026.063477	1.009192467	1.567671776	2573.718994
850000	-9663.363281	2943.556152	0.9816762805	1.407479405	2606.228516
855000	-9778.980469	3059.799561	1.020443439	1.464168668	2569.020996
860000	-9929.916016	2945.39209	0.9822885394	1.460988402	2542.012695
865000	-9742.020508	2993.274902	0.9982574582	1.529799938	2570.441162
870000	-9752.150391	2859.083496	0.953504622	1.337520838	2587.740234
875000	-9861.113281	3023.787598	1.008433461	1.548407197	2549.730225
880000	-9817.670898	3004.520996	1.00200808	1.549686313	2557.772217
885000	-9734.357422	3032.877441	1.011464953	1.528460026	2573.039307
890000	-9835.520508	3103.023926	1.034858823	1.520334363	2557.867188
895000	-9854	3017.328125	1.00627923	1.517343998	2549.56543
900000	-9841.301758	2969.426758	0.9903041124	1.549341679	2556.061279
905000	-9868.179688	3002.644531	1.001382232	1.456134558	2548.805908
910000	-9797.772461	2919.768555	0.9737430811	1.574407578	2552.731934
915000	-9831.570312	3023.033203	1.00818181	1.620342731	2556.826416
920000	-9803.603516	2888.735352	0.9633935094	1.504092455	2559.054688
925000	-9893.507812	2941.956055	0.9811426401	1.273315072	2554.135254
930000	-9883.776367	2932.52124	0.9779961109	1.515393853	2537.717529
935000	-9832.935547	2896.290283	0.9659130573	1.47803688	2561.898438
940000	-9770.794922	2931.413574	0.9776266813	1.417212844	2570.227295
945000	-9902.003906	3093.976074	1.031841278	1.391711473	2564.731934
950000	-9815.177734	2972.114502	0.9912004471	1.599936366	2549.913818
955000	-9723.458984	2933.65918	0.9783756137	1.509053826	2574.193604
960000	-9680.619141	2995.463379	0.9989873171	1.610374689	2562.933105
965000	-9814.929688	2968.019043	0.9898346066	1.425201178	2568.180664
970000	-9766.898438	2969.938232	0.9904747009	1.535286665	2568.974365
975000	-9833.522461	2923.416748	0.9749597907	1.352228045	2576.782227
980000	-9682.771484	2984.162598	0.9952185154	1.630457282	2576.113037
985000	-9773.714844	3204.540039	1.06871438	1.406142235	2588.022949
990000	-9550.700195	3006.532227	1.002678752	1.416169524	2610.162598
995000	-9671.010742	2999.473633	1.000324726	1.464032412	2591.255127
