timestep	potential_energy	kinetic_energy	temperature	pressure	volume
0	-373.5703125	0	0	-0.04595508054	16000
5000	-5690.302246	4931.272461	1.644579887	1.502634883	3229.606445
10000	-3675.34668	6572.673828	2.191987276	1.596847773	4175.714844
15000	-3267.900391	6218.881836	2.073997736	1.589563131	4275.276855
20000	-3630.308105	5935.960449	1.979643345	1.442736745	4068.773193
25000	-3688.462402	5536.517578	1.84642911	1.508853078	3875.83252
30000	-3732.92334	5741.325195	1.914732456	1.577530622	3807.599609
35000	-3759.407715	5583.784668	1.86219275	1.565796375	3857.156494
40000	-3641.601562	5684.400391	1.895748019	1.485910773	3928.061035
45000	-3698.917236	5586.089844	1.862961531	1.562071681	3907.071777
50000	-3706.32666	5647.288086	1.883371115	1.530637026	3900.040283
55000	-3605.255371	5695.492188	1.899447203	1.490657449	3972.379395
60000	-3727.119873	5993.270996	1.998756409	1.521504879	3914.707764
65000	-3679.716553	5735.77832	1.912882566	1.458274245	3980.700684
70000	-3946.181641	5861.426758	1.95478642	1.587651968	3832.212646
75000	-3786.670898	5905.46875	1.969474435	1.577332616	3893.559082
80000	-3689.816895	5766.265625	1.923050165	1.540295005	3903.201172
85000	-3733.727539	5930.750488	1.977905869	1.513038516	3915.789551
90000	-3600.416748	5737.310059	1.913393497	1.438517809	3948.84082
95000	-3584.797119	5757.254883	1.920045018	1.563538671	3868.687988
100000	-3548.167969	5507.546387	1.836767197	1.445660949	3968.743408
105000	-3674.521729	5575.003906	1.859264374	1.406648874	3904.473877
110000	-3713.376953	5533.601562	1.8454566	1.409667253	3942.117676
115000	-3771.678467	5812.844727	1.938584208	1.446822047	3901.183594
120000	-3675.16626	5752.241699	1.918373108	1.487905025	3919.174561
125000	-3649.804688	5634.250488	1.879023075	1.480778098	3914.774902
130000	-3608.209473	5683.75293	1.895532131	1.511355519	3937.458252
135000	-3710.541748	5672.161133	1.891666293	1.469214439	3871.128418
140000	-3591.72876	5594.88623	1.865895033	1.642374992	3900.614502
145000	-3749.245605	5758.795898	1.920558929	1.430679679	3897.581299
150000	-3847.701416	5600.800781	1.867867589	1.43868351	3908.275391
155000	-3774.799805	5590.989258	1.864595413	1.526975632	3830.422852
160000	-3713.493652	5648.600098	1.883808613	1.373845577	3918.228271
165000	-3700.361084	5849.409668	1.950778723	1.598106027	3978.87085
170000	-3714.858643	5883.383789	1.962109089	1.363384962	3985.701416
175000	-3667.278809	5752.417969	1.918431878	1.520094514	3910.642578
180000	-3707.16333	5803.456055	1.935453176	1.441278577	3974.555176
185000	-3726.36084	5678.504883	1.8937819	1.460306525	3894.914307
190000	-3650.20752	5723.154297	1.908672452	1.421553731	3943.491943
195000	-3570.010254	5729.567871	1.910811424	1.474889398	3969.036133
200000	-3788.252686	5829.264648	1.944060326	1.588583231	3863.644287
205000	-3648.039551	5685.842285	1.896228909	1.646474242	3864.836426
210000	-3610.868408	5762.21582	1.921699524	1.388025999	3954.21875
215000	-3705.062988	5745.396484	1.91609025	1.427439094	3909.83374
220000	-3517.597412	5506.129883	1.836294889	1.454506636	4015.32959
225000	-3673.708008	5554.177246	1.852318645	1.482516408	3870.810547
230000	-3773.504639	5685.09375	1.895979285	1.571869135	3880.137451
235000	-3787.506348	5758.873535	1.920584917	1.407117605	3977.144287
240000	-3761.543457	5686.285645	1.896376848	1.47760272	3912.816162
245000	-3625.200684	5808.189941	1.937031865	1.466544867	3919.52417
250000	-3703.451172	5787.15918	1.930018187	1.542737126	3858.629883
255000	-3632.716553	5626.039062	1.876284599	1.478221059	3940.793701
260000	-3596.104492	5800.047852	1.934316516	1.521812916	3956.495361
265000	-3554.275635	5537.78125	1.846850514	1.499457717	3977.388428
270000	-3546.937988	5787.974609	1.930290103	1.471347332	3980.839844
275000	-3558.732422	5763.867188	1.922250271	1.642683864	3847.620361
280000	-3802.752441	5699.290039	1.900713801	1.394047856	3893.39502
285000	-3551.742432	5648.712402	1.883846164	1.591745973	3900.478027
290000	-3641.033936	5548.015625	1.850263715	1.516222835	3909.379883
295000	-3690.180176	5788.857422	1.93058455	1.477206111	3909.459961
300000	-3659.838867	5723.685547	1.908849716	1.355144858	4022.336426
305000	-3446.08252	5706.083496	1.902979374	1.499466896	3984.861572
310000	-3612.667969	5541.530762	1.84810102	1.402546883	4000.908691
315000	-3654.846191	5680.337891	1.894393206	1.463611245	3938.799072
320000	-3608.927734	5669.381836	1.890739322	1.501119375	3939.742432
325000	-3614.311523	5666.958984	1.889931321	1.553540826	3896.537842
330000	-3689.090088	5626.013672	1.876276135	1.458339453	3863.064941
335000	-3705.772949	5475.183105	1.825974107	1.578914523	3815.957275
340000	-3583.333496	5617.000977	1.873270392	1.395537019	4001.285889
345000	-3732.070068	5740.554688	1.91447556	1.373587012	3928.130371
350000	-3532.325195	5716.115723	1.906325102	1.374336123	3980.997559
355000	-3681.485596	5844.662109	1.949195385	1.631018043	3891.098145
360000	-3637.983398	5780.015625	1.927635789	1.505251169	3941.736084
365000	-3671.782715	5643.945801	1.882256508	1.491340637	3973.919434
370000	-3678.075195	5698.029785	1.900293469	1.386645436	4007.317383
375000	-3735.412109	5631.510742	1.878109336	1.488074183	3895.8479
380000	-3663.321289	5702.169922	1.901674151	1.366579413	3924.357666
385000	-3626.966309	5653.957031	1.885595202	1.620548487	3853.316162
390000	-3601.842773	5766.478516	1.923121095	1.498475432	3963.308105
395000	-3579.36377	5660.848633	1.887893558	1.483851433	3957.490723
400000	-3601.981934	5644.381836	1.882401824	1.511983991	3902.503174
405000	-3765.807129	5607.34082	1.870048642	1.425111771	3912.183594
410000	-3694.754395	5612.72168	1.871843219	1.584807158	3840.442139
415000	-3564.288818	5633.818359	1.878878951	1.471639156	3947.987305
420000	-3867.529785	5748.201172	1.917025685	1.476009488	3889.890137
425000	-3581.311279	5656.361328	1.886397004	1.523921967	3939.34668
430000	-3504.154541	5632.775391	1.878531098	1.516821027	3918.291992
435000	-3795.373291	5872.809082	1.958582401	1.620996356	3859.449463
440000	-3701.321777	5525.345703	1.842703342	1.489367247	3924.658447
445000	-3730.043945	5690.223633	1.897690177	1.549157619	3863.892822
450000	-3569.732178	5714.817871	1.905892253	1.425725698	4028.916748
455000	-3601.422119	5715.617188	1.906158924	1.389065742	4026.195801
460000	-3594.769531	5517.992676	1.840251088	1.582805395	3858.676025
465000	-3541.020996	5727.858887	1.910241485	1.615017772	3920.265869
470000	-3597.25293	5715.110352	1.905989885	1.490333557	3957.937256
475000	-3629.51123	5756.861328	1.919913769	1.442662597	3975.429688
480000	-3712.5625	5705.943848	1.902932763	1.428408027	3897.866943
485000	-3776.215088	5529.038574	1.843934894	1.383237839	3879.458008
490000	-3601.946533	5606.529297	1.869778037	1.710943699	3853.140625
495000	-3650.47168	5472.882812	1.825206995	1.529692292	3932.456299
500000	-3526.271484	5641.334961	1.881385803	1.613982916	3950.241455
505000	-3614.86377	5758.682617	1.92052114	1.508351088	3909.067871
510000	-3600.712891	5637.503418	1.88010788	1.506474257	3897.933105
515000	-3781.98291	5660.403809	1.887745261	1.537804961	3839.414062
520000	-3615.121582	5680.938965	1.894593716	1.528598547	3902.48999
525000	-3682.570312	5584.501953	1.862431884	1.426522732	3895.388184
530000	-3725.16748	5659.522461	1.887451291	1.46706593	3906.531006
535000	-3583.202637	5588.332031	1.863709211	1.407654524	3920.974121
540000	-3570.073242	5653.939453	1.885589361	1.462931156	3893.239014
545000	-3585.515625	5701.32373	1.901391983	1.357803822	3964.877197
550000	-3689.535645	5873.599609	1.958845973	1.508612514	3906.141846
555000	-3581.178711	5864.678223	1.955870748	1.409633517	3962.380127
560000	-3619.993652	5617.990234	1.873600245	1.553025842	3900.938965
565000	-3619.845703	5717.505859	1.906788707	1.577562928	3834.635498
570000	-3760.549316	5701.03125	1.90129447	1.368997693	3937.918945
575000	-3876.056152	5556.265625	1.853015065	1.486245036	3797.268799
580000	-3601.416016	5552.953613	1.851910591	1.62070787	3847.623047
585000	-3867.069336	5767.157227	1.923347473	1.579295754	3822.348633
590000	-3564.070312	5730.271484	1.911046028	1.527030945	3943.409424
595000	-3739.228271	5848.645996	1.950523973	1.613690853	3894.162109
600000	-3781.752441	5862.405273	1.955112696	1.42490077	3910.518311
605000	-3745.083496	5665.736328	1.889523625	1.510792017	3931.164307
610000	-3744.819824	5546.610352	1.849795103	1.496769071	3882.39502
615000	-3809.628906	5752.045898	1.9183079	1.610789299	3864.388184
620000	-3646.641113	5584.78418	1.862526059	1.515077829	3873.596924
625000	-3714.357422	5800.759766	1.934553981	1.424390078	3881.191895
630000	-3608.202637	5652.027832	1.88495183	1.434291005	3946.400879
635000	-3643.345215	5906.928711	1.969961286	1.41811192	3945.200195
640000	-3668.990234	5637.824219	1.88021493	1.451801062	3913.575928
645000	-3648.023438	5597.107422	1.866635799	1.559426546	3847.245117
650000	-3532.243164	5583.023438	1.861938834	1.430064201	3989.685059
655000	-3634.286621	5867.912109	1.956949234	1.48856616	3934.446045
660000	-3738.725586	5634.493652	1.879104137	1.474126458	3917.946045
665000	-3767.375732	5529.986328	1.844250917	1.575393558	3816.120361
670000	-3646.688477	5683.631836	1.895491719	1.560161829	3859.395264
675000	-3737.128906	5542.617676	1.848463535	1.428658724	3904.211914
680000	-3625.838379	5608.530273	1.870445371	1.50856185	3908.0625
685000	-3697.449707	5875.748047	1.95956254	1.45507884	3908.931641
690000	-3740.711182	5759.844727	1.920908809	1.510573506	3905.11377
695000	-3697.683594	5586.381348	1.863058686	1.437848568	3928.730469
700000	-3783.702637	5785.698242	1.929530859	1.466999769	3904.724121
705000	-3590.428467	5585.169922	1.862654686	1.606510282	3899.410156
710000	-3660.373535	5484.024902	1.828922868	1.397679567	3906.871338
715000	-3708.058594	5866.193359	1.956376076	1.432760358	3929.459229
720000	-3733.916992	5831.282227	1.944733143	1.597924113	3904.680176
725000	-3820.400879	5641.198242	1.881340146	1.472431421	3857.936523
730000	-3621.828613	5708.00293	1.903619528	1.422137618	3949.263916
735000	-3720.683838	5665.80127	1.889545202	1.490899324	3897.35376
740000	-3825.033447	5511.216797	1.837991357	1.440770864	3875.412842
745000	-3779.232666	5722.817871	1.908560276	1.579038382	3829.988037
750000	-3903.47168	5883.637695	1.962193727	1.424232602	3874.505615
755000	-3705.090576	5675.557617	1.89279902	1.306088448	4007.86792
760000	-3737.251953	5711.786133	1.904881239	1.509134412	3928.087891
765000	-3788.696777	5569.892578	1.857559681	1.358237505	3900.314697
770000	-3674.003418	5679.970703	1.894270778	1.616189003	3850.575439
775000	-3599.146973	5690.720703	1.897855878	1.363419294	4023.955566
780000	-3671.325684	5548.158691	1.850311399	1.449243665	3959.75415
785000	-3762.013184	5900.756836	1.967903018	1.483558774	3881.513428
790000	-3792.169678	5628.677734	1.877164602	1.461632252	3859.690674
795000	-3711.017578	5706.109375	1.902988076	1.609893084	3851.200684
800000	-3698.195312	5576.568359	1.859786034	1.526886225	3886.279297
805000	-3648.160156	5801.500488	1.934800982	1.527598619	3939.774658
810000	-3573.691406	5680.81543	1.894552469	1.552316189	3895.369385
815000	-3709.444824	5599.402344	1.867401242	1.428755164	3921.468994
820000	-3633.552734	5565.592773	1.856125712	1.370702147	3945.520752
825000	-3793.95166	5659.40625	1.887412548	1.446781635	3891.295166
830000	-3694.058838	5588.171875	1.863655806	1.614998817	3813.109375
835000	-3685.666992	5749.693359	1.917523265	1.604563475	3883.132324
840000	-3696.211182	5663.137695	1.888656974	1.599520206	3924.733643
845000	-3669.624756	5606.149902	1.869651556	1.59122622	3848.267578
850000	-3706.913574	5847.704102	1.950209856	1.600161195	3895.636475
855000	-3510.197754	5799.003418	1.933968186	1.526371121	3994.123535
860000	-3678.413086	5735.804688	1.912891388	1.485937953	3928.179688
865000	-3669.080566	5630.847656	1.877888203	1.662947774	3863.489014
870000	-3640.082764	5702.057617	1.90163672	1.618727684	3808.451904
875000	-3630.441406	5612.644531	1.87181747	1.529919744	3891.188965
880000	-3636.127441	5697.597656	1.900149345	1.549910426	3931.054443
885000	-3620.157227	5724.713867	1.909192562	1.437497139	3931.000977
890000	-3669.565918	5605.728516	1.869511008	1.484741092	3872.356689
895000	-3613.376465	5667.425781	1.890087008	1.645200968	3891.552979
900000	-3732.816406	5750.796875	1.917891264	1.400752187	3894.033447
905000	-3730.969971	5666.438477	1.889757752	1.547919512	3882.583008
910000	-3766.381348	5916.208008	1.973055959	1.458647013	3929.936279
915000	-3623.444824	5798.683594	1.933861494	1.546027541	3925.128418
920000	-3752.888184	5546.944824	1.849906683	1.418150783	3917.510742
925000	-3710.132324	5807.737793	1.936881065	1.57838738	3861.240234
930000	-3719.40918	5678.954102	1.893931746	1.498901367	3858.930908
935000	-3762.154297	5574.92041	1.859236479	1.480442643	3811.995117
940000	-3622.98999	5624.941895	1.875918627	1.495889783	3924.039551
945000	-3736.763184	5733.417969	1.912095428	1.353232145	3958.022949
950000	-3580.009766	5766.133789	1.923006177	1.509840012	3909.400391
955000	-3678.762695	5786.645508	1.929846883	1.622957826	3920.08667
960000	-3785.609375	5453.52002	1.818749428	1.353156567	3955.780029
965000	-3621.330566	5612.025391	1.871610999	1.42969811	3958.063721
970000	-3699.596924	5845.255859	1.949393392	1.485033393	3944.044678
975000	-3519.343262	5622.34668	1.875053167	1.467081666	4007.926025
980000	-3700.807129	5734.449707	1.912439466	1.415309906	3932.881348
985000	-3468.771484	5734.029297	1.912299275	1.532708287	3968.66748
990000	-3673.953369	5851.265137	1.951397419	1.51261723	3936.789307
995000	-3741.852539	5856.492676	1.953140855	1.562242627	3893.979248
