timestep	potential_energy	kinetic_energy	temperature	pressure	volume
0	-388.828125	0	0	-0.04783203453	16000
5000	-12012.75586	1671.012695	0.557282865	1.745540738	2156.804199
10000	-11131.98633	2412.708984	0.8046386838	1.51571691	2357.131348
15000	-10482.5293	2723.756836	0.9083731771	1.47975111	2486.977539
20000	-10140.22168	2795.131836	0.9321767092	1.31790185	2559.059326
25000	-10151.4668	3023.641602	1.008384705	1.401739478	2575.709717
30000	-10089.18359	3073.172852	1.024903417	1.547558546	2569.940674
35000	-10129.72168	3043.611572	1.015044689	1.610761166	2554.911377
40000	-10032.93652	2962.637695	0.9880399704	1.326959848	2603.770996
45000	-10109.25684	3039.900635	1.013807178	1.44482708	2573.494385
50000	-10051.24023	2924.255615	0.9752395153	1.557372689	2580.859619
55000	-10055.31641	3020.122559	1.007211208	1.710078359	2553.436279
60000	-10218.83496	3032.729492	1.011415601	1.596247196	2548.17041
65000	-10029.50586	2942.125	0.9811989665	1.460319877	2561.162598
70000	-10184.52344	3037.539551	1.013019681	1.402606845	2557.654053
75000	-9989.751953	3003.667969	1.001723528	1.528381586	2556.208984
80000	-10033.69922	3053.795654	1.018441081	1.5746454	2562.200684
85000	-10096.7373	3025.595459	1.009036422	1.392465115	2583.226562
90000	-10056.22168	2959.357422	0.9869459867	1.598742366	2551.875732
95000	-10100.00195	2971.275635	0.9909207225	1.325188637	2593.910156
100000	-10081.75391	2939.588379	0.9803529978	1.599908233	2570.49585
105000	-10082.03711	3021.825684	1.007779121	1.420562506	2577.27124
110000	-10184.25293	3027.849365	1.009788036	1.571674109	2559.021729
115000	-10177.0918	2989.067383	0.9968542457	1.382403016	2564.61499
120000	-10217.78223	2929.695312	0.9770536423	1.533268332	2543.050049
125000	-10107.02051	2964.676758	0.9887199998	1.406919003	2570.503418
130000	-10072.64551	3032.803711	1.011440277	1.473204851	2554.811523
135000	-10061.37598	2974.549316	0.9920125008	1.548638105	2557.249756
140000	-10146.25781	2997.523438	0.9996743798	1.425856352	2555.317383
145000	-10061.04688	2964.266602	0.9885832071	1.505309105	2565.211426
150000	-10132.32617	2970.03833	0.9905080795	1.435374618	2567.143799
155000	-10086.09375	3086.661377	1.029401898	1.499024749	2567.214111
160000	-10020.14062	2959.773438	0.9870847464	1.220105529	2607.495605
165000	-10002.81641	2991.535889	0.997677505	1.342457175	2580.409912
170000	-10097.13574	2959.859863	0.9871135354	1.65524435	2559.109863
175000	-10250.66895	2998.155029	0.999884963	1.518744707	2543.973877
180000	-10236.61914	2973.653809	0.9917138219	1.358124256	2559.770752
185000	-9977.285156	2955.546387	0.9856749773	1.540390611	2582.233887
190000	-10156.375	3043.225098	1.014915824	1.450174451	2558.901367
195000	-10069.75195	3017.291748	1.006267071	1.520055532	2584.903809
200000	-9966.90625	2960.662109	0.9873811007	1.694011092	2576.159668
205000	-10151.74023	3056.158203	1.019229054	1.522736192	2547.470215
210000	-10135.09766	3040.702393	1.014074564	1.490202308	2562.440186
215000	-10063.58203	3041.349609	1.014290333	1.524477363	2573.35083
220000	-10022.74902	2969.627441	0.9903710485	1.361902356	2597.25708
225000	-10026.98242	3034.16748	1.01189518	1.405204415	2583.085449
230000	-9835.513672	3055.030518	1.018852949	1.53490591	2602.658447
235000	-10034.25781	2888.991211	0.9634788632	1.461089015	2562.609619
240000	-10151.21973	3032.564453	1.011360526	1.572491169	2562.60498
245000	-10114.28027	2992.9021	0.9981331229	1.517617464	2564.199707
250000	-10160.04785	3025.414795	1.008976102	1.543280005	2549.672363
255000	-10158.4209	2957.043945	0.9861744642	1.585392714	2542.324951
260000	-10075.65625	3024.577148	1.008696795	1.633179188	2559.901855
265000	-10024.29492	3071.537598	1.024358034	1.515044212	2576.692871
270000	-10078.11914	3018.697266	1.006735802	1.292932987	2594.105469
275000	-10081.96875	3107.435547	1.036330104	1.423500657	2574.095459
280000	-9926.261719	2953.779785	0.985085845	1.703982115	2578.246582
285000	-10096.94531	3038.053223	1.013190985	1.540135026	2561.249023
290000	-10082.86426	2989.817627	0.997104466	1.470206141	2566.63623
295000	-10070.45703	3034.44458	1.011987567	1.5096699	2572.222656
300000	-10020.32617	3069.118164	1.023551226	1.711681247	2571.296875
305000	-10043.13965	2911.834961	0.9710972309	1.551639795	2574.003418
310000	-10089.07031	3005.307129	1.002270222	1.559404016	2555.381592
315000	-10140.14844	2953.973145	0.9851503372	1.407537818	2570.466309
320000	-10233.90332	3004.476074	1.00199306	1.584425092	2529.560547
325000	-10126.14453	2945.54834	0.9823406339	1.480333209	2562.154053
330000	-10183.80664	2926.355469	0.9759398103	1.484767318	2542.269287
335000	-10176.2168	3045.76416	1.015762687	1.305640459	2559.953125
340000	-10104.60156	3018.171875	1.006560564	1.310866594	2595.246826
345000	-10084.30859	3083.397949	1.028313518	1.676205158	2565.870117
350000	-10142.04688	2982.821777	0.9947713614	1.369350672	2566.516602
355000	-10114.89355	2949.076416	0.9835172892	1.420496345	2564.367188
360000	-10129.7998	2928.569336	0.976678133	1.475905657	2562.6604
365000	-10153.28418	3115.695312	1.039084673	1.41004622	2566.234131
370000	-10078.99609	3011.527344	1.004344702	1.419374108	2577.787109
375000	-10025.27832	3054.798096	1.018775463	1.437198162	2593.344727
380000	-10054.27344	3100.256348	1.033935785	1.527692676	2568.565918
385000	-10118.96777	2963.794189	0.9884256721	1.469775319	2553.03418
390000	-10190.42188	2940.664062	0.9807117581	1.376416206	2553.266602
395000	-10201.79883	2949.558838	0.9836781621	1.425204158	2549.656982
400000	-10179.89648	3033.559082	1.011692286	1.568077207	2538.709473
405000	-10066.72461	2925.155273	0.9755395651	1.611760497	2565.9375
410000	-10173.4502	3101.289795	1.034280419	1.642654419	2562.694824
415000	-10038.84375	3087.961426	1.029835463	1.571058989	2582.821533
420000	-10188.72656	3063.406738	1.02164638	1.471507192	2563.033691
425000	-10018.90332	2958.118896	0.9865329266	1.440810442	2575.994385
430000	-10092.49316	3040.080566	1.01386714	1.52684474	2565.751221
435000	-10101.02344	2929.11084	0.9768587351	1.429119349	2566.41333
440000	-10042.11133	3057.984863	1.019838214	1.545160651	2569.573486
445000	-10101.10352	2988.458008	0.9966510534	1.362704635	2560.227539
450000	-10140.47559	3126.358887	1.042641044	1.633490443	2560.870605
455000	-10066.09277	3052.980469	1.018169284	1.855618954	2536.372314
460000	-10005.08984	2965.427734	0.9889704585	1.760709643	2562.567871
465000	-10125.60254	3037.444336	1.012987971	1.414081097	2579.7854
470000	-10080.47266	2950.480469	0.9839855433	1.302761078	2581.405518
475000	-10117.54492	2991.266846	0.9975878	1.465386629	2572.21167
480000	-10044.91797	3026.058838	1.009190917	1.420141339	2579.781982
485000	-10084.0166	3079.212891	1.026917815	1.427955389	2577.249023
490000	-10030.9082	3005.371582	1.002291679	1.475111008	2581.411621
495000	-10022.67578	2972.803223	0.9914301634	1.612172842	2578.731201
500000	-9985.908203	3047.947021	1.016490579	1.479992867	2581.624756
505000	-10151.5957	3054.710449	1.018746257	1.441249847	2570.005615
510000	-9993.912109	2939.087891	0.9801861048	1.281042457	2574.718994
515000	-10226.74609	2935.154785	0.9788743854	1.299879193	2561.526367
520000	-10067.9375	2885.026611	0.9621566534	1.541248202	2557.648193
525000	-10199.625	2951.597168	0.9843579531	1.429527044	2559.571289
530000	-10123.36816	2976.257324	0.9925820827	1.386340022	2555.620117
535000	-10170.28711	2929.717285	0.9770609736	1.696043015	2547.971191
540000	-10107.44531	2962.554199	0.988012135	1.474423766	2562.927002
545000	-10091.39844	3063.255859	1.021596074	1.486537814	2575.729492
550000	-10216.25	3043.905273	1.015142679	1.558817744	2547.458984
555000	-10024.92188	2942.82373	0.9814320207	1.316961527	2607.733398
560000	-10000.82422	3062.5	1.021344066	1.544026613	2565.91333
565000	-10092.4209	3015.263672	1.005590677	1.677946091	2531.347656
570000	-10014.68066	2961.679199	0.9877203107	1.470086455	2571.035156
575000	-10080.79102	3099.439209	1.033663273	1.644452453	2549.635254
580000	-10178.85742	3095.735352	1.032428026	1.470298767	2580.691406
585000	-9986.010742	3027.689453	1.00973475	1.546761394	2583.789307
590000	-10126.78516	3021.477295	1.007663012	1.396820426	2566.32959
595000	-10018.25586	2972.843262	0.9914435148	1.734048486	2552.908203
600000	-10214.50586	3007.7229	1.003075838	1.343606353	2573.114014
605000	-10208.60742	2919.968262	0.9738097191	1.502415061	2537.071045
610000	-10126.67578	2986.895508	0.99612993	1.445283175	2560.488525
615000	-10133.43359	3063.999512	1.021844149	1.445680499	2570.467529
620000	-10099.49609	3069.913086	1.023816347	1.727522373	2531.829102
625000	-10054.90625	2968.898926	0.9901280999	1.351480961	2604.324463
630000	-10094.98438	2985.181152	0.9955582023	1.616008997	2550.129883
635000	-10040.37891	2941.952637	0.9811415076	1.384536982	2575.578369
640000	-9966.382812	2987.622314	0.9963723421	1.513857245	2580.944336
645000	-10233.72559	3037.164551	1.01289463	1.491226196	2559.528076
650000	-9985.09082	2912.241211	0.9712327123	1.249172211	2592.460205
655000	-10005.56641	2994.416748	0.9986382723	1.593685985	2572.247559
660000	-10063.68457	2942.666504	0.9813795686	1.376887679	2580.873291
665000	-10179.78906	2955.42334	0.9856339693	1.460510731	2564.639893
670000	-10112.47656	2991.812744	0.9977698326	1.678379893	2550.789307
675000	-10213.02051	3000.109375	1.000536799	1.467778683	2548.407715
680000	-10195.40039	2939.867188	0.980445981	1.618858457	2530.937744
685000	-10106.86426	3040.893066	1.014138103	1.752708316	2561.742188
690000	-10079.44922	3000.718506	1.000739932	1.307779908	2563.407715
695000	-10042.54102	2957.644043	0.986374557	1.507009387	2589.39624
700000	-10074.46875	2992.222168	0.9979063869	1.611801147	2546.527344
705000	-10204.91797	2924.799316	0.9754208326	1.624027729	2543.916016
710000	-10015.76367	2969.710938	0.9903988838	1.541271687	2546.129395
715000	-10022.01465	3056.739746	1.019423008	1.435219765	2580.930176
720000	-10143.58203	3068.188232	1.023241043	1.428140521	2558.256836
725000	-10196.02246	2994.874756	0.998791039	1.472888947	2557.879883
730000	-10019.35449	2961.265137	0.9875822067	1.497671247	2577.233398
735000	-10050.98828	2958.223633	0.9865678549	1.479461432	2558.40332
740000	-10075.59766	2983.849609	0.9951141477	1.491511106	2567.362061
745000	-10008.13379	2954.471436	0.985316515	1.469486952	2586.219238
750000	-10074.80762	2950.900879	0.9841257334	1.617780089	2565.74585
755000	-10144.34766	2976.107422	0.9925321341	1.338941693	2560.286377
760000	-10029.83008	2943.121094	0.9815311432	1.548555017	2576.055176
765000	-10118.47266	2983.756104	0.9950829148	1.6714468	2550.725342
770000	-10094.99121	2932.932861	0.9781333804	1.383091927	2558.566895
775000	-10102.48242	2936.093262	0.9791873693	1.507293701	2567.182373
780000	-10076.47168	2990.828125	0.9974414706	1.593107104	2571.859131
785000	-10039.47168	3086.400879	1.029314995	1.558744431	2585.772217
790000	-10105.16406	3100.446045	1.033999085	1.182465076	2589.662109
795000	-9956.916992	2969.716797	0.9904008508	1.514626265	2573.525391
800000	-10171.08984	3048.524902	1.01668334	1.493834734	2558.950928
805000	-10131.1084	2852.444336	0.9512904286	1.419818282	2573.194336
810000	-10202.82715	3098.52002	1.033356667	1.681510806	2537.914795
815000	-10120.26758	3027.739502	1.009751439	1.35191071	2589.409912
820000	-10156.91016	2961.158691	0.9875466824	1.570589066	2538.643066
825000	-10160.19922	2982.24707	0.9945796728	1.35593915	2564.42334
830000	-10245.6377	2976.95459	0.9928146601	1.309349179	2549.087891
835000	-10172.81641	2865.279541	0.9555709958	1.493298531	2542.29126
840000	-10167.77734	2985.733887	0.9957425594	1.471924305	2555.473145
845000	-10128.62793	3083.166992	1.028236508	1.467435241	2561.197021
850000	-10000.15625	2874.165771	0.9585345387	1.373158932	2585.244141
855000	-10091.72266	3031.939941	1.011152267	1.381399512	2554.140137
860000	-10078.26758	2954.614502	0.9853641987	1.613854289	2547.388428
865000	-10174.59277	3029.838135	1.010451317	1.567047	2550.768311
870000	-10064.08301	2952.176758	0.9845512509	1.642392874	2540.974121
875000	-10048.25879	2974.549316	0.9920125008	1.350906968	2575.624512
880000	-10143.7959	2957.5896	0.9863564372	1.504212141	2555.474365
885000	-10143.4668	2936.980957	0.9794834256	1.551725626	2549.54248
890000	-10090.82031	3038.526611	1.013348937	1.462132692	2573.484131
895000	-10076.81445	2895.763184	0.9657372832	1.508330822	2568.287354
900000	-10230.1875	2961.204102	0.9875618219	1.259448171	2587.378662
905000	-10081.57031	2979.691406	0.993727386	1.446489692	2584.1604
910000	-10079.56055	2964.71875	0.9887340069	1.354668856	2567.064697
915000	-10112.44238	3020.513184	1.007341385	1.629754901	2549.612549
920000	-10022.24609	2948.897461	0.9834575653	1.788198113	2575.257324
925000	-10112.84668	3050.578369	1.017368197	1.316840291	2577.678711
930000	-10129.84082	3071.307373	1.024281263	1.421728134	2555.64624
935000	-9978.514648	2996.998535	0.999499321	1.592877507	2567.781006
940000	-9983.879883	3057.626709	1.019718766	1.729612708	2575.279053
945000	-10016.4043	3102.384277	1.034645438	1.384539723	2586.589355
950000	-9969.700195	2894.844238	0.9654308558	1.310952544	2593.190186
955000	-10162.74219	3138.901855	1.046824098	1.256140471	2586.579102
960000	-10021.95117	3021.060547	1.007524014	1.455046296	2583.602051
965000	-10197.97949	3004.05542	1.001852751	1.429932237	2566.333496
970000	-10118.02832	2923.540283	0.9750009775	1.340997934	2566.419922
975000	-10175.89551	2934.051758	0.9785065651	1.500818729	2542.230957
980000	-10139.32812	3026.630859	1.009381652	1.581875205	2556.088379
985000	-10115.24023	3052.990967	1.018172741	1.60587275	2569.998047
990000	-10188.79688	2990.794922	0.9974303842	1.653006315	2546.548096
995000	-10157.75586	2955.791016	0.9857565761	1.410211205	2566.992432
