timestep	potential_energy	kinetic_energy	temperature	pressure	volume
0	-358.6816406	0	0	-0.04412353411	16000
5000	-10408.91113	1957.480835	0.6528200507	1.605762482	2214.470703
10000	-9257.259766	2670.103271	0.8904796839	1.545864463	2462.730469
15000	-8986.620117	2986.682617	0.9960589409	1.574828148	2573.522705
20000	-8934.408203	3139.479004	1.047016501	1.455240846	2640.09375
25000	-8947.321289	3280.365234	1.094002128	1.556913018	2641.194092
30000	-8914.96582	3204.745361	1.068782926	1.687967658	2671.280029
35000	-8908.329102	3343.274414	1.114982367	1.417555451	2704.601074
40000	-9046.236328	3292.189941	1.09794569	1.686362147	2653.718262
45000	-9134.365234	3428.556641	1.143423915	1.425393105	2667.622559
50000	-9198.65918	3311.925049	1.104527354	1.466218352	2661.264893
55000	-8941.064453	3219.951416	1.073854089	1.470837235	2689.168457
60000	-9135.328125	3393.499756	1.131732464	1.479914069	2677.042969
65000	-9112.822266	3273.688965	1.091775537	1.430688858	2697.309326
70000	-9079.530273	3259.122803	1.086917758	1.709738731	2672.874512
75000	-9049.498047	3374.993408	1.125560641	1.539303422	2691.940918
80000	-9018.867188	3330.353027	1.11067307	1.804184437	2679.516357
85000	-9045.362305	3306.631348	1.102761865	1.270121336	2707.422607
90000	-9046.655273	3321.52832	1.107730031	1.474669218	2700.026367
95000	-9090.566406	3291.35498	1.097667217	1.549130917	2681.679688
100000	-9039.708984	3293.687012	1.098444939	1.335402846	2717.084473
105000	-9010.9375	3304.209961	1.101954341	1.499453425	2697.060059
110000	-9254.923828	3266.786377	1.089473605	1.694293499	2649.493408
115000	-9196.544922	3378.37793	1.126689315	1.658201218	2652.005615
120000	-9184.629883	3280.820801	1.094154	1.702081323	2656.47998
125000	-9057.544922	3241.774902	1.081132293	1.435167432	2706.792969
130000	-9160.068359	3297.11792	1.099589109	1.405148864	2687.05957
135000	-9235.467773	3355.22998	1.11896956	1.536331296	2666.808594
140000	-9142.978516	3289.135742	1.096927047	1.614164472	2673.875732
145000	-9282.939453	3396.056641	1.132585168	1.373645663	2657.54834
150000	-9186.970703	3254.672852	1.085433722	1.401403069	2683.850342
155000	-9066.337891	3189.686523	1.063760757	1.44429636	2701.842773
160000	-9193.808594	3270.596924	1.090744376	1.446595192	2654.40918
165000	-9246.164062	3381.931885	1.127874613	1.419912696	2673.173828
170000	-9117.070312	3269.552979	1.090396285	1.415797234	2705.102051
175000	-9186.487305	3372.818848	1.124835372	1.397464514	2699.628174
180000	-9213.902344	3247.61377	1.083079457	1.436397433	2686.186035
185000	-9367.422852	3347.9104	1.116528392	1.707372069	2636.571777
190000	-9275.541016	3274.680176	1.092106104	1.54686296	2663.92041
195000	-9374.724609	3267.311035	1.089648485	1.562971592	2649.746582
200000	-9277.880859	3331.518555	1.111061811	1.450308204	2658.337646
205000	-9230.826172	3415.115234	1.138941288	1.631165385	2653.722412
210000	-9051.850586	3276.634277	1.092757821	1.437859535	2707.752441
215000	-9053.003906	3323.894531	1.108519197	1.566442132	2686.758545
220000	-9250.269531	3352.976562	1.118217945	1.304937124	2682.390137
225000	-9260.584961	3342.055664	1.114575863	1.585282922	2664.187744
230000	-9200.885742	3241.28418	1.080968618	1.521756172	2673.950928
235000	-9179.354492	3354.870605	1.118849635	1.517578721	2696.735107
240000	-9198.171875	3262.775635	1.088135958	1.509664893	2679.549072
245000	-9260.935547	3350.302002	1.117326021	1.464790821	2677.93335
250000	-9200.927734	3321.631104	1.107764244	1.624022365	2652.498779
255000	-9320.547852	3395.700684	1.132466555	1.509252191	2648.312012
260000	-9315.758789	3207.097656	1.069567323	1.607274413	2648.315186
265000	-9189.566406	3241.268066	1.080963254	1.156603217	2695.664795
270000	-9281.439453	3344.36499	1.115346074	1.614792228	2656.758057
275000	-9295.355469	3196.705078	1.066101432	1.498409152	2668.872803
280000	-9330.389648	3258.930664	1.086853743	1.574881077	2644.293213
285000	-9244.208008	3233.010742	1.0782094	1.484532714	2677.51001
290000	-9247.027344	3245.706543	1.082443476	1.610024452	2680.188965
295000	-9359.154297	3344.198242	1.115290403	1.306302428	2668.532227
300000	-9312.441406	3294.535645	1.098727942	1.666104436	2645.205322
305000	-9278.041016	3130.677246	1.044081211	1.449236512	2667.684326
310000	-9353.392578	3282.356934	1.094666362	1.404440761	2652.346191
315000	-9287.4375	3274.125977	1.091921329	1.340838671	2694.701172
320000	-9270.079102	3218.472168	1.073360801	1.314419627	2670.098389
325000	-9248.728516	3333.338379	1.111668706	1.471848845	2679.287598
330000	-9306.800781	3264.684082	1.088772416	1.63752234	2625.575195
335000	-9268.646484	3300.092041	1.10058105	1.573125005	2661.333252
340000	-9165.839844	3328.403809	1.110023022	1.304452419	2700.515869
345000	-9243.884766	3294.992188	1.098880172	1.451466084	2666.41626
350000	-9315.65918	3253.888428	1.085172057	1.412116051	2655.498535
355000	-9211.947266	3286.039551	1.095894456	1.714130998	2642.610352
360000	-9183.634766	3257.363281	1.08633101	1.370785236	2671.748779
365000	-9230.387695	3267.434082	1.089689612	1.633163929	2656.8396
370000	-9346.985352	3276.904785	1.092848063	1.484363675	2649.900635
375000	-9327.933594	3302.258789	1.101303577	1.585868716	2649.661621
380000	-9391.304688	3235.701416	1.079106688	1.497606158	2647.375732
385000	-9434.117188	3211.332031	1.070979595	1.669867277	2620.800293
390000	-9376.771484	3305.130371	1.102261305	1.52346766	2658.302246
395000	-9177.615234	3305.127441	1.102260351	1.513864279	2689.96167
400000	-9309.022461	3350.094238	1.117256761	1.647146702	2641.223145
405000	-9338.193359	3137.884277	1.046484709	1.346274734	2658.557617
410000	-9403.957031	3279.615723	1.093752146	1.607643127	2629.900146
415000	-9350.114258	3248.614746	1.083413363	1.377974629	2660.072266
420000	-9289.887695	3303.922363	1.101858377	1.669033051	2656.920654
425000	-9209.308594	3350.147217	1.117274404	1.478667259	2685.03125
430000	-9257.077148	3299.684082	1.100444913	1.489409566	2658.029785
435000	-9223.71875	3354.692383	1.118790269	1.494003773	2666.450195
440000	-9261.623047	3268.498047	1.090044379	1.432615519	2667.841553
445000	-9249.081055	3297.262207	1.09963727	1.541369915	2666.750977
450000	-9216.457031	3204.830811	1.068811417	1.504798532	2671.697998
455000	-9334.424805	3162.491211	1.054691076	1.622969508	2629.604248
460000	-9402.023438	3188.495117	1.063363433	1.297472119	2668.573975
465000	-9174.253906	3269.587891	1.090407848	1.59506917	2662.824707
470000	-9194.449219	3321.802002	1.107821226	1.503035426	2678.111328
475000	-9206.06543	3222.550781	1.074720979	1.464007735	2696.967773
480000	-9233.973633	3302.884033	1.101512194	1.483592153	2665.915283
485000	-9190.5625	3327.752441	1.109805703	1.728541255	2666.829346
490000	-9218.613281	3209.111816	1.070239067	1.804039955	2655.637939
495000	-9361.769531	3300.096191	1.100582361	1.633958459	2633.745361
500000	-9407.595703	3222.567139	1.074726462	1.392771125	2660.68457
505000	-9402.255859	3226.854004	1.076156139	1.581100345	2638.490234
510000	-9250.182617	3190.441406	1.064012527	1.548164129	2655.924805
515000	-9250.609375	3266.19043	1.089274764	1.5490731	2665.673828
520000	-9216.060547	3199.459961	1.067020178	1.657970309	2656.305908
525000	-9278.152344	3267.424316	1.089686275	1.471028209	2677.897217
530000	-9305.433594	3319.361816	1.107007504	1.832694769	2636.569092
535000	-9261.586914	3287.095947	1.096246839	1.421422958	2680.509521
540000	-9267.001953	3260.481201	1.087370753	1.489746451	2672.773193
545000	-9274.720703	3250.449463	1.084025145	1.592304468	2662.140625
550000	-9361.832031	3274.495361	1.092044473	1.469486952	2655.174805
555000	-9373.529297	3267.487305	1.089707375	1.318553329	2669.736328
560000	-9273.381836	3278.765137	1.093468428	1.388579607	2676.969971
565000	-9238.445312	3254.898438	1.085508943	1.515235662	2671.503662
570000	-9253.53125	3262.207031	1.087946296	1.409249067	2674.112549
575000	-9314.880859	3373.719727	1.125135899	1.477692246	2671.876953
580000	-9260.345703	3453.606934	1.151778221	1.472318411	2671.375244
585000	-9189.306641	3251.470703	1.084365845	1.28974247	2680.093018
590000	-9307.501953	3274.989258	1.09220922	1.660739422	2656.064697
595000	-9206.824219	3240.989502	1.080870271	1.569398522	2678.091064
600000	-9387.300781	3336.080566	1.11258316	1.440959811	2650.561279
605000	-9238.682617	3278.944092	1.093528152	1.416197538	2674.684082
610000	-9297.188477	3349.114502	1.116930008	1.532917619	2656.955811
615000	-9276.094727	3362.404053	1.12136209	1.274830461	2677.687744
620000	-9233.001953	3296.172607	1.09927392	1.4542799	2693.356934
625000	-9313.976562	3416.336426	1.139348507	1.6350137	2661.880127
630000	-9152.009766	3293.578613	1.098408818	1.471951246	2696.228027
635000	-9213.24707	3395.080811	1.132259727	1.430780411	2693.78833
640000	-9154.699219	3318.454102	1.106704712	1.532734275	2683.079102
645000	-9191.599609	3439.224121	1.146981597	1.3451581	2677.359863
650000	-9307.076172	3299.546875	1.100399137	1.525363564	2667.141357
655000	-9192.956055	3287.999023	1.096547961	1.510730982	2684.63916
660000	-9317.90332	3274.322754	1.091986895	1.419266701	2647.987061
665000	-9395.380859	3242.788086	1.081470132	1.418183088	2634.213623
670000	-9302.114258	3249.832031	1.08381927	1.496135235	2643.256104
675000	-9064.400391	3266.052734	1.089228868	1.61611414	2675.629639
680000	-9263.53418	3282.01416	1.09455204	1.656694651	2648.126953
685000	-9269.636719	3281.135254	1.094258904	1.319818974	2674.046631
690000	-9271.703125	3373.726074	1.125137925	1.234155178	2685.727783
695000	-9219.949219	3229.686523	1.077100754	1.594851375	2677.531494
700000	-9243.59082	3144.541504	1.048704863	1.530406594	2646.664551
705000	-9371.837891	3341.042725	1.114238024	1.525602579	2643.624756
710000	-9279.701172	3281.088135	1.094243169	1.486214161	2655.667725
715000	-9219.553711	3279.437256	1.09369266	1.399006009	2700.129883
720000	-9125.804688	3331.681152	1.111115932	1.242767215	2709.174072
725000	-9137.59082	3381.575684	1.127755761	1.508366346	2699.56665
730000	-9249.428711	3353.470703	1.118382812	1.53831315	2655.071289
735000	-9099.047852	3415.231445	1.138980031	1.460855961	2693.079346
740000	-9214.484375	3361.545166	1.12107563	1.393396616	2690.391113
745000	-9123.4375	3404.221924	1.135308385	1.55436182	2695.143799
750000	-9133.095703	3260.845703	1.087492347	1.527382374	2684.125488
755000	-9347.066406	3357.094727	1.119591355	1.576302767	2646.003662
760000	-9258.848633	3282.984863	1.094875813	1.641088963	2649.253174
765000	-9254.930664	3284.857178	1.095500231	1.461723447	2683.954834
770000	-9280.736328	3323.17041	1.108277678	1.66656363	2660.940186
775000	-9276.308594	3266.305908	1.089313388	1.52627027	2660.084717
780000	-9247.363281	3359.888184	1.120522976	1.371080399	2675.847656
785000	-9187.428711	3413.018066	1.138241887	1.585535765	2683.006836
790000	-9280.210938	3426.358887	1.142691016	1.632485509	2664.634033
795000	-9328.646484	3419.251221	1.140320659	1.474480987	2671.945068
800000	-9370.234375	3401.820068	1.134507298	1.302019954	2667.196289
805000	-9245.776367	3336.168213	1.112612367	1.887683868	2648.983398
810000	-9254.539062	3339.911865	1.113860965	1.589766502	2671.917969
815000	-9206.197266	3297.700928	1.09978354	1.626831651	2662.386963
820000	-9381.025391	3207.134766	1.06957972	1.439982414	2664.955322
825000	-9460.039062	3280.56543	1.094068885	1.46787715	2632.23584
830000	-9343.443359	3184.515137	1.062036157	1.4900769	2651.914551
835000	-9252.587891	3287.713379	1.096452713	1.496956468	2655.671875
840000	-9417.34668	3223.963379	1.075192094	1.317810297	2663.732666
845000	-9247.551758	3205.008057	1.068870544	1.425569654	2682.360352
850000	-9238.717773	3283.968506	1.095203757	1.394737601	2682.738281
855000	-9137.458008	3186.019287	1.062537789	1.377177596	2712.88501
860000	-9266.197266	3334.881836	1.112183452	1.594292879	2668.830566
865000	-9281.819336	3410.057129	1.137254357	1.75736177	2647.014893
870000	-9200.942383	3284.750488	1.095464587	1.613332629	2675.112061
875000	-9184.65625	3293.710938	1.098452926	1.496079087	2678.282227
880000	-9303.257812	3269.768066	1.09046793	1.416283727	2676.43335
885000	-9317.921875	3241.251221	1.080957532	1.264009237	2677.683105
890000	-9296.792969	3379.196777	1.126962423	1.55224514	2655.73291
895000	-9122.883789	3229.255859	1.076957107	1.525401473	2677.18042
900000	-9286.321289	3249.827881	1.083817959	1.493793964	2674.822998
905000	-9365.586914	3275.494629	1.092377782	1.371280551	2651.445068
910000	-9246.383789	3235.818848	1.079145908	1.582175374	2662.044434
915000	-9260.224609	3231.782227	1.077799678	1.278711677	2684.412109
920000	-9245.393555	3318.168945	1.106609702	1.72241199	2646.978516
925000	-9295.867188	3296.190674	1.099279881	1.594041824	2659.15332
930000	-9189.824219	3301.933838	1.101195216	1.585495591	2667.246826
935000	-9307.833984	3313.69751	1.105118394	1.543766975	2661.437744
940000	-9333.744141	3177.947998	1.059845924	1.570077538	2632.150146
945000	-9247.447266	3405.727051	1.135810256	1.529944181	2663.751953
950000	-9227.818359	3320.065918	1.107242346	1.599295497	2658.319824
955000	-9266.333008	3255.143555	1.08559072	1.456151605	2678.361572
960000	-9322.106445	3357.246826	1.119642138	1.418473959	2667.735596
965000	-9277.428711	3402.226074	1.13464272	1.555798411	2668.662109
970000	-9285.206055	3215.71167	1.072440147	1.470499635	2663.688965
975000	-9237.847656	3226.363281	1.075992465	1.408991456	2678.980225
980000	-9240.068359	3387.483643	1.129726171	1.473963261	2678.666016
985000	-9296.55957	3383.102295	1.128264904	1.608464837	2649.243408
990000	-9248.361328	3245.557129	1.082393646	1.598878026	2654.801758
995000	-9250.119141	3212.687988	1.071431756	1.309812307	2695.300293
