timestep	potential_energy	kinetic_energy	temperature	pressure	volume
0	-396.2109375	0	0	-0.04874023795	16000
5000	-8450.408203	3303.546387	1.101733088	1.538650632	2567.61499
10000	-5912.676758	5054.381836	1.685636878	1.54438138	3269.178467
15000	-5168.450195	5629.367188	1.877394438	1.559048295	3584.814209
20000	-4785.724609	5489.498047	1.830748081	1.468416691	3753.502197
25000	-5021.387695	5651.320312	1.884715915	1.555513859	3626.47998
30000	-5048.774414	5607.288086	1.870031118	1.461830139	3563.540039
35000	-4941.507812	5348.732422	1.783802748	1.392798185	3685.692871
40000	-4827.791016	5421.131836	1.807947993	1.524304032	3666.070801
45000	-4941.843262	5433.741211	1.81215322	1.556285024	3645.898682
50000	-5079.216797	5325.141602	1.775935173	1.415215373	3607.570557
55000	-4996.936523	5259.500977	1.754044056	1.584110379	3548.622559
60000	-5045.28418	5373.893555	1.792194009	1.532577515	3594.814697
65000	-5063.279297	5251.138672	1.751255274	1.387296677	3611.722656
70000	-5072.655273	5504.374023	1.835709214	1.582708836	3598.209473
75000	-5008.75293	5149.712891	1.717429757	1.510585427	3589.847168
80000	-5056.508789	5380.044922	1.794245481	1.563649893	3552.265869
85000	-5025.119629	5045.418945	1.682647705	1.527277231	3590.405762
90000	-5158.094727	5371.869141	1.791518927	1.581957817	3529.175293
95000	-4894.084961	5471.633789	1.824790359	1.549516797	3606.742432
100000	-4969.142578	5400.389648	1.801030517	1.526328325	3598.501465
105000	-4755.646973	5614.889648	1.872566223	1.606658816	3635.552734
110000	-4952.52832	5511.052246	1.837936401	1.321602225	3650.523682
115000	-4826.685547	5592.728027	1.865175366	1.487220287	3692.366211
120000	-4941.813477	5394.979492	1.799226165	1.443713784	3662.41748
125000	-5006.972168	5280.621094	1.761087656	1.495150685	3584.595703
130000	-5029.855957	5288.586914	1.763744235	1.353959799	3629.987549
135000	-4909.827148	5530.780273	1.8445158	1.512573719	3676.318115
140000	-4759.186523	5499.589355	1.834113598	1.570711613	3678.338135
145000	-4872.612305	5277.414062	1.76001811	1.600769281	3631.207031
150000	-4946.518555	5468.967773	1.823901296	1.354843736	3634.24292
155000	-4921.227539	5413.998047	1.805568814	1.503070831	3599.741943
160000	-4927.696289	5392.958008	1.798552036	1.538757801	3583.632568
165000	-5131.43457	5562.552734	1.855111837	1.688895464	3475.511963
170000	-5041.935059	5302.186035	1.768279552	1.610788465	3535.197266
175000	-4778.748047	5436.197266	1.812972307	1.555180669	3651.614502
180000	-4829.994141	5268.421875	1.757019162	1.341777802	3674.506104
185000	-5033.432617	5306.961914	1.769872308	1.343559265	3631.77002
190000	-5068.057617	5418.865723	1.807192206	1.529972315	3568.700195
195000	-4843.489258	5510.518066	1.837758303	1.632012486	3570.683105
200000	-4981.166016	5634.652344	1.879157066	1.495091438	3632.935059
205000	-4915.936523	5406.388672	1.803031087	1.459094405	3600.607178
210000	-4903.742188	5474.888672	1.825875878	1.499544382	3636.077881
215000	-4883.769531	5480.456055	1.827732563	1.466717362	3671.024902
220000	-4802.650391	5358.44873	1.787043214	1.614772201	3634.922119
225000	-4861.77002	5572.094238	1.85829401	1.622712731	3594.535645
230000	-5045.881836	5229.099609	1.743905187	1.365313411	3640.108154
235000	-4899.492188	5521.260742	1.841341019	1.482401609	3622.494385
240000	-4899.250977	5504.761719	1.835838556	1.548446655	3597.084473
245000	-5007.517578	5592.322266	1.865040064	1.580022931	3574.489258
250000	-5049.370117	5451.352539	1.818026543	1.442612052	3593.967041
255000	-4985.698242	5505.029297	1.835927844	1.516437054	3594.427246
260000	-5095.569336	5272.229492	1.75828898	1.652126193	3542.737793
265000	-5216.181641	5311.366211	1.771341085	1.404189229	3584.655762
270000	-5216.239258	5253.59082	1.75207305	1.423201442	3605.968506
275000	-5129.789062	5428.083008	1.810266256	1.53409946	3579.187256
280000	-5184.745117	5347.228516	1.783301234	1.374536157	3609.186035
285000	-5030.272949	5303.646484	1.768766642	1.479636669	3676.664307
290000	-4967.554199	5341.595703	1.781422615	1.656733632	3613.123047
295000	-4989.664062	5409.952148	1.804219604	1.477603555	3559.471191
300000	-5052.469238	5477.424316	1.826721549	1.523415804	3554.665039
305000	-5061.671875	5354.963867	1.785880923	1.551469564	3541.788818
310000	-4825.007324	5419.820312	1.807510614	1.673203468	3618.459229
315000	-4854.268555	5568.967773	1.857251287	1.441587448	3663.672119
320000	-4889.355469	5344.111328	1.78226161	1.402177811	3656.314209
325000	-4987.505859	5333.195801	1.778621316	1.384267926	3627.662109
330000	-5024.624023	5397.672852	1.800124407	1.377292037	3600.708008
335000	-4912.412109	5289.165527	1.763937235	1.349060893	3676.334473
340000	-5087.665039	5453.210938	1.818646312	1.405744314	3612.425049
345000	-5049.086914	5437.366211	1.813362122	1.512859941	3647.530029
350000	-4855.243652	5420.342773	1.807684779	1.463376284	3660.783447
355000	-5121	5488.108398	1.830284715	1.435232043	3594.230225
360000	-5132.644043	5506.07666	1.836277127	1.562052011	3514.485352
365000	-5070.04248	5348.212891	1.783629537	1.402920127	3539.668701
370000	-4966.049805	5232.914062	1.745177388	1.65020752	3574.260498
375000	-4995.386719	5247.223633	1.749949574	1.580608606	3586.500977
380000	-5177.133789	5452.674805	1.818467617	1.544195771	3548.871582
385000	-5066.770508	5236.57666	1.746398807	1.487981081	3619.794678
390000	-5022.605469	5592.370605	1.865056157	1.400843978	3646.58374
395000	-4975.444824	5462.408691	1.821713805	1.652588367	3563.597168
400000	-5014.401367	5308.678711	1.77044487	1.352067351	3603.902832
405000	-5005.54541	5459.678711	1.820803404	1.465237021	3642.623291
410000	-5065.713867	5635.536621	1.87945199	1.42531085	3659.851074
415000	-4847.588379	5626.282227	1.876365662	1.596844077	3629.466553
420000	-4988.194824	5440.119629	1.814280391	1.482836723	3633.658447
425000	-5093.199219	5484.193359	1.828979015	1.534041166	3583.950195
430000	-4953.1875	5386.223145	1.796305895	1.498967767	3646.570801
435000	-4907.454102	5463.462891	1.822065353	1.51440227	3653.337891
440000	-4920.655273	5273.830566	1.758823037	1.463694215	3627.833008
445000	-4922.404785	5397.984863	1.800228477	1.378317356	3654.41626
450000	-4914.851562	5458.552734	1.820427895	1.33219707	3700.810059
455000	-4925.276367	5301.538574	1.768063664	1.539631844	3632.541504
460000	-5009.230957	5317.855469	1.77350533	1.462921739	3658.846191
465000	-4952.165039	5428.65918	1.810458302	1.543433428	3640.346191
470000	-5115.766602	5333.426758	1.778698325	1.523996234	3601.565674
475000	-5051.283203	5682.361328	1.895068049	1.516186118	3605.829346
480000	-4894.854004	5468.272461	1.823669434	1.592741013	3631.148193
485000	-5161.851562	5317.035156	1.773231745	1.294720888	3603.5896
490000	-4878.736328	5271.270508	1.75796926	1.431800961	3694.29126
495000	-5094.902344	5403.048828	1.801917315	1.615573645	3550.352295
500000	-5085.029297	5282.595703	1.761746168	1.456231475	3607.029541
505000	-4998.404785	5227.634277	1.743416548	1.566808224	3596.416992
510000	-5091.064453	5284.714355	1.762452722	1.430812359	3617.299561
515000	-5058.86377	5436.040527	1.812919974	1.500475764	3579.429688
520000	-5103.166016	5461.74707	1.821493149	1.617443204	3549.185303
525000	-5047.544434	5528.706055	1.843824029	1.490710735	3610.738281
530000	-5091.38916	5400.90625	1.801202774	1.444993973	3595.702881
535000	-5114.635742	5389.141113	1.797279119	1.635633111	3573.032959
540000	-5191.161621	5446.333984	1.816352844	1.498198152	3601.962891
545000	-5168.129883	5524.841309	1.842535138	1.371596694	3626.784668
550000	-5032.84082	5201.288086	1.734630108	1.272720218	3668.552246
555000	-5189.47998	5246.686523	1.749770403	1.552568316	3551.3396
560000	-5375.65918	5268.25	1.756961823	1.502706647	3533.246826
565000	-5303.672363	5361.345215	1.788009167	1.502840281	3546.225586
570000	-5032.379883	5499.614258	1.834121823	1.622151732	3534.871826
575000	-5182.546387	5448.631836	1.817119241	1.528392911	3549.341309
580000	-5102.386719	5429.17041	1.810628891	1.355664253	3595.173584
585000	-5095.164062	5446.838867	1.816521287	1.455816984	3572.96167
590000	-5026.532715	5554.221191	1.852333307	1.518226147	3624.147461
595000	-4974.31543	5361.382324	1.788021564	1.450174928	3669.688721
600000	-5020.040527	5492.637207	1.831794977	1.629205227	3548.916992
605000	-5200.080078	5343.171387	1.781948209	1.537421346	3533.795898
610000	-5031.134766	5431.329102	1.811348796	1.332008004	3648.438965
615000	-5075.868164	5531.788574	1.844851971	1.385978103	3628.625732
620000	-5132.373047	5372.233398	1.791640401	1.623372316	3576.455566
625000	-5055.248535	5426.026367	1.809580326	1.529842257	3534.39917
630000	-5066.243652	5474.526367	1.825755119	1.489655852	3589.563965
635000	-4944.547363	5519.319336	1.840693474	1.52180016	3604.206299
640000	-4957.666992	5379.641602	1.794111013	1.348115444	3738.208984
645000	-4983.583008	5363.110352	1.788597822	1.505316377	3609.137451
650000	-5069.916992	5332.945801	1.778537989	1.524862409	3587.064209
655000	-4882.953613	5414.041992	1.805583477	1.605170012	3634.748291
660000	-4993.075195	5460.690918	1.821140885	1.472770095	3614.840332
665000	-5146.762695	5388.006348	1.79690063	1.507024288	3626.740479
670000	-5435.611816	5362.472168	1.788385034	1.519427061	3518.252197
675000	-5157.230469	5548.30957	1.850361824	1.481169939	3575.669922
680000	-5015.316406	5439.900391	1.814207315	1.543278694	3639.319336
685000	-5034.400391	5433.048828	1.811922312	1.300833583	3650.174072
690000	-5125.341797	5593.392578	1.865396976	1.502044797	3595.263672
695000	-5004.07373	5311.693359	1.771450281	1.404024482	3649.780273
700000	-5021.553711	5331.17627	1.777947783	1.395091653	3629.489014
705000	-4896.624023	5316.637695	1.773099184	1.469973326	3668.085938
710000	-5005.830078	5433.716309	1.812144876	1.411402345	3666.763916
715000	-4948.316895	5422.26416	1.808325648	1.454066753	3684.414307
720000	-4920.907227	5163.548828	1.722043991	1.546372175	3688.29541
725000	-5156.310059	5375.373047	1.792687416	1.607425094	3598.77417
730000	-5040.804688	5427.983398	1.810232997	1.391415477	3690.341309
735000	-5098.522949	5372.671875	1.791786551	1.417262793	3643.463135
740000	-5156.170898	5584.432129	1.862408638	1.567502022	3572.073486
745000	-5237.805176	5433.417969	1.812045455	1.64001143	3513.952148
750000	-5146.288574	5290.067383	1.764238	1.437538862	3583.876709
755000	-5235.493164	5513.847168	1.838868499	1.410770655	3627.601807
760000	-5298.54834	5399.275879	1.80065906	1.623260856	3605.459717
765000	-5316.358887	5366.374023	1.789686203	1.560145259	3601.499512
770000	-5217.573242	5369.864258	1.790850282	1.617272019	3567.038818
775000	-5326.936523	5343.585938	1.782086372	1.540018439	3550.391602
780000	-5324.937988	5302.620605	1.768424511	1.412186146	3588.933105
785000	-5403.71582	5354.358398	1.785678983	1.328982949	3613.828857
790000	-5241.333984	5540.261719	1.847677827	1.43087709	3600.302246
795000	-5267.426758	5286.82666	1.763157248	1.502705097	3642.568604
800000	-5143.865723	5198.779785	1.733793497	1.581214309	3588.794678
805000	-5296.239258	5355.518066	1.786065817	1.39941144	3604.06665
810000	-5176.645508	5148.696289	1.717090726	1.569994092	3585.228271
815000	-5223.178711	5260.412109	1.75434792	1.417652607	3500.189453
820000	-5054.569336	5378.256836	1.793649197	1.567625046	3568.910645
825000	-5104.69873	5502.13916	1.834963918	1.415096164	3550.025879
830000	-5116.282227	5431.719727	1.811479092	1.517242551	3611.954346
835000	-5142.941895	5305.975098	1.769543171	1.459585547	3610.068115
840000	-5246.194336	5357.499023	1.786726475	1.578995705	3523.011475
845000	-5159.60498	5413.381348	1.805363178	1.503023028	3551.435303
850000	-5120.609375	5568.192383	1.856992722	1.682243228	3562.325684
855000	-5072.790039	5378.018066	1.793569565	1.535258412	3583.991211
860000	-5192.196289	5463.839844	1.822191119	1.37230134	3565.884277
865000	-4998.717773	5457.061523	1.819930553	1.457341194	3629.670898
870000	-5120.842773	5216.040039	1.739549875	1.362895489	3610.044434
875000	-5202.650391	5519.206055	1.840655684	1.543914557	3534.630859
880000	-5232.995117	5400.185547	1.800962448	1.529529333	3547.575195
885000	-5030.085938	5372.316406	1.791668057	1.452040195	3613.286865
890000	-4970.269531	5290.194336	1.764280319	1.491383672	3584.844727
895000	-4990.881836	5363.738281	1.788807273	1.523956776	3582.015381
900000	-5056.726074	5354.649414	1.785776138	1.506456852	3598.094482
905000	-4874.790039	5404.65332	1.802452445	1.449420452	3671.040527
910000	-4921.496094	5430.355957	1.811024189	1.515564203	3704.84668
915000	-5006.439453	5262.418945	1.755017161	1.464672685	3664.857422
920000	-4990.849121	5174.287598	1.725625396	1.485216141	3602.781006
925000	-4975.563477	5212.343262	1.738317013	1.328130007	3648.678223
930000	-4993.760742	5493.902832	1.832217097	1.512832522	3598.737549
935000	-5000.026367	5442.27832	1.815000296	1.396379113	3621.780273
940000	-4980.839355	5501.450195	1.834734201	1.441634178	3648.566406
945000	-4866.627441	5569.250977	1.8573457	1.423654795	3656.779785
950000	-4955.084961	5475.781738	1.826173782	1.559052587	3648.050049
955000	-4847.544434	5479.138672	1.827293277	1.526091456	3645.466797
960000	-4938.083984	5514.455566	1.839071512	1.546194196	3598.242432
965000	-4993.643555	5271.026855	1.757887959	1.352396488	3624.782959
970000	-4943.018555	5402.007324	1.801569939	1.462642074	3651.635742
975000	-4934.15332	5419.029297	1.807246804	1.407623887	3666.937988
980000	-5098.391602	5430.516602	1.811077833	1.552725673	3568.309814
985000	-4989.040527	5267.761719	1.756798983	1.434240937	3643.878906
990000	-5008.431152	5634.478027	1.879099011	1.666479588	3597.722656
995000	-5161.101074	5373.113281	1.791933775	1.418063045	3581.099121
