timestep	potential_energy	kinetic_energy	temperature	pressure	volume
0	-366.0644531	0	0	-0.04503174126	16000
5000	-8594.236328	2785.844238	0.9290792942	1.571620107	2448.246094
10000	-6726.555664	4117.151367	1.373070359	1.582371354	3003.712646
15000	-6423.275391	4441.425781	1.481215954	1.589156628	3155.847412
20000	-6113.367188	4498.217773	1.500156045	1.604085684	3165.321777
25000	-6039.673828	4455.930176	1.486053109	1.461798787	3245.928223
30000	-6007.639648	4444.533203	1.48225224	1.511194944	3243.162842
35000	-6116.404297	4424.698242	1.475637317	1.41220355	3229.574707
40000	-6314.683594	4449.225586	1.483817101	1.473090172	3220.604004
45000	-6133.35791	4476.96582	1.493068576	1.525404572	3208.506592
50000	-6389.603516	4537.501953	1.513257384	1.63032198	3166.766602
55000	-6118.294922	4549.440918	1.517238975	1.534259558	3229.874268
60000	-6453.314941	4601.755859	1.534685969	1.608354926	3196.597656
65000	-6703.94043	4353.531738	1.451903224	1.474590421	3124.496338
70000	-6479.828125	4301.803711	1.434651971	1.476194859	3177.64624
75000	-6449.182617	4312.392578	1.438183308	1.702829123	3153.505127
80000	-6656.003906	4438.338867	1.480186462	1.509328365	3177.175781
85000	-6433.984863	4412.063477	1.471423626	1.561348677	3195.044189
90000	-6659.625	4471.202148	1.491146326	1.64622426	3141.08252
95000	-6831.95459	4399.892578	1.46736455	1.337102652	3180.188232
100000	-6737.39502	4365.353516	1.455845833	1.584515214	3164.479492
105000	-7060.328125	4506.873047	1.503042579	1.401955605	3105.93042
110000	-7022.425781	4475.529297	1.492589474	1.583265185	3134.713135
115000	-6839.589844	4415.741211	1.47265017	1.474734068	3153.267822
120000	-7075.055664	4586.342285	1.529545546	1.647415161	3105.05957
125000	-6934.657227	4568.585938	1.523623824	1.540338159	3140.881348
130000	-7155.610352	4565.161133	1.52248168	1.607140303	3116.592773
135000	-7170.665527	4568.808105	1.523697972	1.598889828	3093.467529
140000	-7215.932617	4572.474609	1.524920702	1.363954902	3123.676758
145000	-7262.76123	4476.629395	1.492956281	1.583586931	3117.96582
150000	-7184.263672	4431.163086	1.477793336	1.297528028	3143.49585
155000	-7081.286133	4325.300781	1.442488194	1.420552969	3164.867188
160000	-7036.165039	4438.812012	1.480344176	1.624714732	3161.25293
165000	-7039.786621	4730.791016	1.577719212	1.692419887	3129.992676
170000	-7040.828125	4604.19873	1.535500765	1.621071458	3129.685547
175000	-6866.84082	4547.254883	1.516509891	1.446602345	3156.49292
180000	-6932.48291	4474.271484	1.492169976	1.359827399	3187.975098
185000	-6816.548828	4363.456055	1.455212951	1.490772843	3175.28833
190000	-6928.703613	4518.305664	1.506855369	1.498725414	3143.845459
195000	-6981.668945	4388.304688	1.463500023	1.311015368	3215.215088
200000	-6909.513184	4514.130859	1.505463123	1.516171336	3177.551758
205000	-6963.981445	4284.46582	1.428869724	1.384163857	3158.128662
210000	-7043.311523	4559.844727	1.52070868	1.717314482	3114.733887
215000	-6867.007812	4433.65918	1.478625774	1.432903171	3147.422363
220000	-6990.621094	4460.333008	1.487521529	1.582668662	3124.825439
225000	-6983.50293	4584.345703	1.528879762	1.561760068	3141.157471
230000	-6936.181152	4508.331055	1.503528833	1.44062674	3151.427246
235000	-6873.369141	4385.833008	1.462675691	1.479806423	3162.491699
240000	-6952.152344	4545.211914	1.515828609	1.66858077	3120.000977
245000	-6868.416992	4471.339844	1.491192222	1.517530084	3135.550293
250000	-6906.049805	4388.117676	1.463437676	1.555668116	3146.55249
255000	-6928.842773	4439.701172	1.480640769	1.651113033	3130.4375
260000	-7021.754395	4455.328125	1.485852361	1.366871953	3202.58374
265000	-7032.540039	4487.875977	1.496707082	1.430972219	3169.899414
270000	-7031.180664	4459.572266	1.487267733	1.503932118	3132.12085
275000	-6955.071777	4512.807617	1.505021811	1.710900784	3107.249512
280000	-7183.770508	4660.148926	1.554160118	1.474303484	3107.212891
285000	-7059.439941	4449.708984	1.483978391	1.42356801	3146.265381
290000	-7007.003418	4461.239258	1.487823725	1.415450811	3171.113281
295000	-6970.943848	4435.70752	1.479308844	1.481611967	3154.952637
300000	-7054.566406	4352.086914	1.45142138	1.550526261	3134.784912
305000	-7122.429688	4453.677246	1.485301733	1.453938603	3132.476074
310000	-7111.871094	4297.603516	1.433251143	1.536245704	3090.643066
315000	-7055.977539	4422.307617	1.474840045	1.545364261	3083.422363
320000	-7117.524902	4537.787109	1.513352394	1.645335674	3103.677246
325000	-7115.422852	4452.759766	1.484995842	1.319691539	3149.64624
330000	-7025.048828	4376.628418	1.459606051	1.460580468	3176.760254
335000	-7049.457031	4632.383789	1.544900417	1.452258229	3141.48584
340000	-6986.59082	4585.608887	1.529301047	1.599054456	3130.337402
345000	-6851.722656	4467.787109	1.490007401	1.493040204	3180.105469
350000	-7105.676758	4544.914062	1.515729308	1.57890594	3069.938965
355000	-6994.741211	4502.092285	1.501448154	1.641235232	3073.310059
360000	-6904.634766	4580.064453	1.527451873	1.506439567	3163.572266
365000	-7160.078125	4498.466797	1.500239134	1.531939507	3103.568604
370000	-6921.783691	4600.953125	1.534418344	1.506217837	3136.33252
375000	-7111.314453	4543.436523	1.515236497	1.627216101	3132.500977
380000	-6989.121094	4556.726562	1.519668698	1.504598498	3178.321533
385000	-7054.347168	4500.3125	1.500854611	1.615735531	3126.041992
390000	-7030.006836	4444.158691	1.482127309	1.523296356	3138.098389
395000	-6971.97168	4574.641602	1.525643349	1.697347522	3123.359619
400000	-6866.68457	4515.649902	1.505969644	1.668398976	3126.436035
405000	-6894.660156	4350.024902	1.450733662	1.565830112	3139.891113
410000	-7011.641602	4461.999023	1.488077044	1.414955497	3129.387939
415000	-7025.861816	4491.737305	1.497994781	1.25147748	3164.028809
420000	-6875.734375	4529.635254	1.510633826	1.226160169	3207.179443
425000	-6899.561035	4542.657227	1.514976621	1.334741592	3201.421387
430000	-7089.183105	4489.858398	1.497368217	1.638411641	3105.242188
435000	-7081.52832	4649.632812	1.550652981	1.73352325	3091.017334
440000	-7172.525391	4407.156738	1.46978724	1.629164696	3120.385986
445000	-7169.729492	4512.651367	1.504969716	1.494177222	3102.530762
450000	-6994.724609	4551.024414	1.517767072	1.408976436	3152.38501
455000	-6920.871582	4526.128906	1.509464383	1.518567085	3160.374268
460000	-6697.679199	4577.958984	1.52674973	1.567872524	3211.13501
465000	-7147.483887	4674.538086	1.558958888	1.560924053	3112.761719
470000	-6825.841797	4481.737305	1.494659781	1.572002292	3131.950684
475000	-7136.556641	4477.735352	1.493325114	1.444538116	3101.540039
480000	-7234.658203	4591.06543	1.531120777	1.676742196	3097.659668
485000	-6861.174316	4473.243652	1.49182713	1.357358932	3191.670654
490000	-6840.608887	4467.058594	1.489764452	1.515972376	3175.101562
495000	-7034.54541	4535.571289	1.512613416	1.268677473	3169.357178
500000	-7033.25	4468.463379	1.490232944	1.508795381	3118.108643
505000	-7184.933594	4524.942383	1.509068727	1.540448666	3107.073975
510000	-7009.894531	4471.373535	1.491203547	1.377259254	3170.599609
515000	-7125.245605	4438.31543	1.480178595	1.568274379	3127.770996
520000	-7098.431152	4494.634766	1.498961091	1.484710932	3142.673584
525000	-7053.97168	4612.503906	1.538270473	1.472031713	3154.26001
530000	-6951.23291	4530.298828	1.510855079	1.40370667	3154.318115
535000	-7098.614746	4549.666992	1.517314315	1.389720678	3091.371338
540000	-6762.92041	4523.646484	1.508636475	1.599840164	3167.604736
545000	-7048.344727	4549.522461	1.517266154	1.511194468	3142.852295
550000	-6835.665527	4574.139648	1.525475979	1.619081855	3147.244629
555000	-7076.208984	4491.883789	1.498043656	1.46176517	3114.470215
560000	-6972.685547	4410.085449	1.470763922	1.642358541	3126.684814
565000	-7192.517578	4639.136719	1.547152519	1.403746605	3133.798096
570000	-6994.409668	4614.266602	1.538858294	1.4187603	3188.527344
575000	-7074.884766	4635.612305	1.545977116	1.529124856	3146.115723
580000	-6949.125977	4532.831055	1.511699557	1.540082932	3168.232178
585000	-6984.068359	4580.834473	1.527708769	1.616163015	3142.116211
590000	-7072.926758	4484.636719	1.495626807	1.466855764	3145.551514
595000	-7117.907227	4510.682617	1.504313111	1.501376987	3105.980225
600000	-6908.07373	4405.754883	1.469319701	1.343660593	3155.134033
605000	-7029.857422	4522.869141	1.508377314	1.477042794	3139.544922
610000	-6977.327148	4546.178223	1.516150832	1.518858314	3127.905762
615000	-6969.924316	4448.353027	1.483526111	1.501321077	3152.013916
620000	-6983.212891	4323.303711	1.441822171	1.420294523	3152.861816
625000	-7128.05957	4481.40918	1.494550347	1.227452636	3195.095947
630000	-7078.27832	4511.976562	1.504744649	1.480670214	3136.906494
635000	-7027.710938	4297.606934	1.433252335	1.525502324	3117.180908
640000	-7084.927734	4582.112793	1.528135061	1.549467683	3129.020752
645000	-7001.44043	4492.466797	1.498238087	1.509465933	3139.397461
650000	-6808.260742	4541.748047	1.514673352	1.404860973	3199.754883
655000	-6765.945312	4483.399414	1.495214105	1.421329141	3201.89624
660000	-6894.731934	4535.241211	1.512503386	1.326512337	3187.977539
665000	-7123.243164	4537.79248	1.513354182	1.464716434	3133.175049
670000	-7164.448242	4414.290039	1.472166181	1.486087561	3127.378662
675000	-7072.702148	4436.55957	1.479593039	1.438316703	3134.237305
680000	-7109.694336	4478.048828	1.493429661	1.469389677	3144.524658
685000	-7151.538574	4640.651367	1.547657728	1.517705321	3113.914062
690000	-6987.894531	4532.022949	1.511430025	1.337617517	3169.404053
695000	-7053.3125	4434.665527	1.478961349	1.174973369	3190.852295
700000	-7170.188477	4570.72168	1.5243361	1.625403523	3077.376221
705000	-6964.570312	4456.702148	1.486310601	1.523115635	3139.413574
710000	-7081.820801	4501.751465	1.501334548	1.493076086	3119.349609
715000	-6889.273438	4473.77002	1.492002726	1.697343946	3160.036621
720000	-6976.596191	4645.192383	1.549172044	1.613878369	3136.655273
725000	-6983.912598	4490.732422	1.497659683	1.365036368	3172.274902
730000	-6887.112793	4465.882324	1.489372134	1.407807708	3197.573975
735000	-7117.638184	4421.104492	1.474438787	1.557742476	3134.912109
740000	-7085.894043	4656.088379	1.552805901	1.52409029	3117.798096
745000	-6947.013184	4503.30957	1.501854181	1.555272341	3180.343262
750000	-7006.509766	4587.950195	1.530081868	1.30959332	3223.680176
755000	-6951.276855	4603.418457	1.535240531	1.436084747	3161.403809
760000	-6966.297852	4638.695801	1.547005534	1.606520295	3157.532227
765000	-7047.071289	4458.346191	1.486858845	1.487342358	3164.537109
770000	-6991.602539	4497.48584	1.499911904	1.483247519	3138.394287
775000	-7078.541992	4511.513184	1.504590034	1.431770325	3129.691162
780000	-7075.54541	4503.250977	1.501834631	1.547426105	3128.346924
785000	-7148.358887	4487.044922	1.49642992	1.502019763	3118.241699
790000	-7116.628418	4372.17627	1.458121181	1.496674538	3115.888916
795000	-7074.641602	4373.362305	1.458516717	1.479619145	3134.310791
800000	-7077.723145	4391.161133	1.464452624	1.376307964	3137.721924
805000	-7118.075195	4511.155273	1.504470706	1.693782091	3116.281738
810000	-6945.71875	4453.085449	1.485104442	1.4488585	3135.103027
815000	-6918.304688	4470.282227	1.490839601	1.731913924	3113.961426
820000	-6928.047852	4592.692871	1.531663537	1.593962193	3143.927002
825000	-7159.935059	4344.911621	1.449028492	1.624721527	3075.735352
830000	-7007.402344	4538.698242	1.513656259	1.528658271	3158.540771
835000	-7051.96875	4620.473633	1.540928364	1.3471452	3165.318115
840000	-7028.000977	4428.047852	1.476754427	1.508493662	3119.479248
845000	-6906.461914	4567.359863	1.523214936	1.389557242	3201.27832
850000	-7088.641113	4799.11084	1.600503922	1.45898807	3134.692139
855000	-7009.271973	4560.737305	1.521006346	1.639390111	3150.128174
860000	-7054.229492	4529.967285	1.510744572	1.295084715	3195.502686
865000	-7042.458984	4552.179688	1.518152356	1.557490587	3143.595947
870000	-7059.063965	4441.316406	1.481179476	1.516616344	3129.561523
875000	-7130.883789	4471.72168	1.491319656	1.481787324	3155.796387
880000	-7087.59375	4431.385254	1.477867365	1.493631005	3150.347656
885000	-7069.871094	4558.92334	1.520401359	1.467839122	3157.826416
890000	-6959.414062	4446.27832	1.48283422	1.663867235	3163.440674
895000	-7109.629883	4498.202148	1.5001508	1.713673592	3129.714844
900000	-7068.073242	4385.511719	1.462568521	1.451103926	3174.282959
905000	-7123.682617	4531.115723	1.511127472	1.446509361	3123.990479
910000	-7041.778809	4491.910156	1.498052478	1.630617142	3140.27002
915000	-7096.884277	4416.080078	1.472763181	1.577672839	3141.383057
920000	-7109.537598	4399.655762	1.467285633	1.449845791	3165.914551
925000	-7294.890137	4556.686523	1.519655347	1.581968427	3108.729736
930000	-7269.922852	4366.562012	1.456248879	1.384748816	3127.851074
935000	-7182.453125	4430.780273	1.477665663	1.548453808	3101.905029
940000	-7262.618164	4565.583984	1.522622705	1.573143959	3091.42334
945000	-7021.491211	4535.744141	1.512671113	1.656163454	3110.419922
950000	-7248.595215	4510.875488	1.504377365	1.618904233	3066.176758
955000	-7078.412109	4432.391113	1.47820282	1.317804217	3148.855713
960000	-7152.243652	4559.666992	1.520649433	1.552098036	3116.777344
965000	-6920.830566	4502.900391	1.501717687	1.702464581	3157.62915
970000	-6957.77832	4644.186523	1.548836589	1.421172738	3163.453857
975000	-6940.637695	4489.969727	1.497405291	1.738569617	3173.183105
980000	-6832.213867	4397.48584	1.466561913	1.436783075	3182.818359
985000	-6928.119141	4464.88623	1.489040017	1.457931757	3157.186768
990000	-7212.963379	4629.586914	1.543967724	1.420787096	3107.211914
995000	-6887.584473	4543.366699	1.515213251	1.443276048	3194.589355
