timestep	potential_energy	kinetic_energy	temperature	pressure	volume
0	-381.4453125	0	0	-0.04692383111	16000
5000	-8303.666016	3119.664795	1.040408492	1.376421571	2570.501221
10000	-6213.457031	4387.104492	1.463099718	1.41571784	3117.149414
15000	-5682.974609	4841.454102	1.614625454	1.381736279	3349.233154
20000	-5583.36084	4699.15332	1.567168117	1.667928219	3350.945557
25000	-5722.543457	4823.461426	1.608624816	1.565082192	3324.187012
30000	-5991.760254	4750.492188	1.584289551	1.396947384	3328.093018
35000	-5825.349121	4821.790039	1.608067393	1.422609091	3365.070312
40000	-5846.45166	4840.960938	1.614460945	1.532539725	3359.67334
45000	-5827.638184	4738.05957	1.580143332	1.360855103	3386.801514
50000	-5682.976562	4866.586914	1.623007178	1.633151531	3328.835693
55000	-5661.39502	4791.28418	1.597893715	1.494483232	3339.391113
60000	-5539.849609	4871.754883	1.624730706	1.777520299	3340.897705
65000	-5343.290039	4834.267578	1.612228751	1.471810222	3408.050781
70000	-5498.821289	4795.895508	1.599431634	1.523106694	3345.891602
75000	-5795.922852	4659.90625	1.554079175	1.543236256	3318.460449
80000	-5663.647461	4793.575195	1.598657727	1.538428068	3343.929932
85000	-5814.34668	4751.847656	1.584741592	1.382950544	3348.520996
90000	-6016.614258	4808.15332	1.603519559	1.513471007	3343.327637
95000	-6210.203613	4781.614746	1.594668984	1.217675447	3367.010986
100000	-6256.896484	4707.321289	1.569892049	1.308921099	3349.500488
105000	-6471.812988	4815.516113	1.605975032	1.712507486	3227.222168
110000	-6428.770996	4901.054688	1.634502172	1.483287096	3269.936768
115000	-6620.310547	4870.40918	1.624281883	1.413120389	3226.88501
120000	-6614.650391	4771.60498	1.591330767	1.397801518	3285.209229
125000	-6706.629883	4931.682617	1.64471662	1.56217587	3232.339844
130000	-6474.42041	4759.598633	1.587326646	1.444814444	3296.181152
135000	-6745.435547	4803.980469	1.60212791	1.231355667	3277.203613
140000	-6657.998535	4844.133789	1.615519047	1.543913126	3253.911377
145000	-6879.80957	4900.291992	1.634247899	1.363400698	3263.359375
150000	-6696.365234	4705.405273	1.569253087	1.399594426	3290.317383
155000	-6630.174805	4861.196777	1.621209621	1.705302596	3199.318604
160000	-6691.541504	4684.925293	1.562422991	1.45206666	3257.025391
165000	-6578.438477	4770.879883	1.591088891	1.49886322	3261.571289
170000	-6738.70752	4732.239258	1.578202248	1.537536979	3223.543945
175000	-6601.451172	4837.851562	1.613423944	1.252192259	3333.098389
180000	-6389.40625	4936.321289	1.646263599	1.539060831	3340.613037
185000	-6495.15332	4715.570801	1.57264328	1.500830054	3348.487793
190000	-6601.666016	4985.622559	1.662705541	1.441568851	3271.030518
195000	-6608.980469	4778.829102	1.593739986	1.484623909	3324.839844
200000	-6413.54834	4697.26416	1.566538095	1.583604693	3283.632324
205000	-6583.072266	4846.76709	1.616397262	1.3819139	3245.551025
210000	-6465.89502	4840.562012	1.614327908	1.446095586	3239.268555
215000	-6379.52002	4826.797852	1.609737515	1.30896914	3313.100586
220000	-6395.136719	4815.763672	1.606057644	1.449713707	3324.834473
225000	-6411.387695	4927.738281	1.643401146	1.625896573	3254.034668
230000	-6425.799805	4708.694336	1.570350051	1.396097779	3278.30835
235000	-6653.858398	4666.404297	1.556246281	1.412019253	3246.966553
240000	-6630.674805	4887.592285	1.630012512	1.537170529	3245.800781
245000	-6723.966797	4835.404297	1.612607837	1.507353544	3236.450684
250000	-6485.766602	4670.680664	1.557672501	1.57265842	3252.946533
255000	-6579.310547	4849.344727	1.61725688	1.63634789	3240.207031
260000	-6582.094727	4779.876953	1.594089389	1.605538487	3278.116699
265000	-6452.083496	4876.970703	1.626470208	1.458978415	3316.111816
270000	-6659.102539	4772.223145	1.59153688	1.446420908	3292.072021
275000	-6813.075195	4764.489746	1.588957787	1.499982238	3202.996338
280000	-6670.94043	4818.905273	1.607105374	1.528479934	3210.773193
285000	-6587.537598	4839.958496	1.614126563	1.602348089	3231.975098
290000	-6413.437012	4799.251953	1.600551009	1.445701122	3336.569336
295000	-6492.492188	5015.033203	1.672514081	1.65071404	3271.026367
300000	-6430.069824	4724.489746	1.57561779	1.633200407	3262.884521
305000	-6416.676758	4737.007812	1.5797925	1.63126564	3297.640137
310000	-6618.787109	4834.788086	1.61240232	1.436388135	3252.834229
315000	-6839.008301	4789.078125	1.597157955	1.544674635	3232.098145
320000	-6815.497559	4883.131836	1.628524899	1.403988957	3285.916016
325000	-6833.242188	4773.208984	1.591865659	1.519193649	3246.33374
330000	-6995.394531	4638.163086	1.546827793	1.371860027	3228.969238
335000	-6770.970215	4858.091797	1.62017405	1.50375104	3236.621582
340000	-6979.553223	4796.589844	1.599663138	1.395548344	3228.712646
345000	-7157.640625	4740.790039	1.581053972	1.638995409	3135.080566
350000	-6909.270508	4793.495117	1.598631024	1.51110971	3214.685059
355000	-6823.650391	4724.956055	1.575773239	1.514275789	3238.780762
360000	-6479.728516	4727.141113	1.576501966	1.492177725	3256.89624
365000	-6695.59082	4721.17627	1.57451272	1.364547253	3285.224365
370000	-6728.40332	4872.75	1.625062585	1.593573809	3266.7146
375000	-6551.498535	4811.198242	1.604535103	1.522498608	3284.369873
380000	-6749.923828	4799.775879	1.600725651	1.551168203	3234.111084
385000	-6677.674316	4780.958008	1.594449997	1.575934887	3236.293701
390000	-6525.489746	4806.303223	1.602902532	1.721803308	3267.866943
395000	-6609.740234	4730.15625	1.577507615	1.510772943	3269.380371
400000	-6846.834473	4763.986816	1.588790059	1.591864586	3196.973877
405000	-6883.707031	4893.717285	1.632055163	1.570666909	3217.513184
410000	-6552.865234	4806.567383	1.602990627	1.56918335	3262.063965
415000	-6582.189453	4731.338867	1.577901959	1.413029552	3324.720215
420000	-6570.956055	5021.471191	1.67466116	1.698079467	3250.855957
425000	-6517.884277	4829.494141	1.610636711	1.49517107	3297.326904
430000	-6507.510742	4748.128906	1.583501458	1.36734271	3267.987549
435000	-6714.392578	4964.936523	1.65580678	1.453882575	3298.150146
440000	-6465.723633	4892.742188	1.63172996	1.426586151	3306.986084
445000	-6731.028809	4814.548828	1.605652452	1.482143998	3235.584473
450000	-6437.45752	4711.802734	1.571386695	1.616344571	3251.288818
455000	-6470.714355	4904.291504	1.635581732	1.550426364	3266.383545
460000	-6612.462891	4800.586426	1.600996017	1.548110962	3250.547607
465000	-6872.90625	4790.557617	1.597651362	1.540341139	3263.004883
470000	-6747.907227	4822.244629	1.608219028	1.788066864	3194.651855
475000	-6711.977539	4756.999023	1.586459637	1.453072071	3254.685547
480000	-6752.070312	4761.444336	1.587942123	1.458268404	3284.447021
485000	-6429.893555	4811.897461	1.604768276	1.539950371	3297.592041
490000	-6398.897461	4735.752441	1.579373837	1.528296351	3273.399658
495000	-6884.524414	4850.419922	1.617615461	1.524652362	3219.716309
500000	-6761.958008	4715.825195	1.572728157	1.520584226	3236.169678
505000	-6827.546387	4725.016113	1.575793266	1.373629689	3236.370117
510000	-6789.289062	4901.454102	1.634635448	1.641516805	3198.113037
515000	-6659.916992	4789.581055	1.597325683	1.702178955	3219.367432
520000	-6659.243164	4817.796387	1.606735587	1.461168885	3255.375
525000	-6650.163574	4866.57373	1.623002768	1.4519912	3241.748535
530000	-6670.827148	4814.533691	1.605647445	1.611634612	3216.664551
535000	-6628.371094	4797.836426	1.60007894	1.706163526	3197.42749
540000	-6778.73877	4783.817871	1.595403671	1.741013288	3164.088623
545000	-6728.975586	4727.588379	1.576651216	1.475562453	3237.290771
550000	-6622.803223	4873.767578	1.625401974	1.669261932	3244.318604
555000	-6730.964844	4936.765625	1.646411777	1.402510762	3275.788086
560000	-6394.649414	4862.396973	1.621609807	1.475744486	3316.9729
565000	-6497.362305	4806.362305	1.60292232	1.495586514	3268.92749
570000	-6701.136719	4928.642578	1.643702745	1.534033895	3232.484863
575000	-6548.84375	4878.981445	1.62714076	1.494064331	3278.777832
580000	-6738.533203	4571.17041	1.524485707	1.362435341	3278.262939
585000	-6699.064453	4713.20459	1.571854234	1.545058131	3235.108887
590000	-6602.828125	4837.484375	1.613301516	1.427252173	3288.853516
595000	-6589.168945	4753.140625	1.585172892	1.503158212	3254.682861
600000	-6596.369141	4723.240234	1.575201035	1.328423619	3288.796875
605000	-6496.417969	4600.570312	1.534290671	1.511936307	3275.826416
610000	-6697.668945	4884.243652	1.62889576	1.570812464	3215.731445
615000	-6625.3125	4779.714844	1.594035387	1.639775157	3226.327148
620000	-6659.765625	4833.058105	1.611825347	1.444867015	3260.575195
625000	-6615.442871	4766.777344	1.589720726	1.610777736	3242.990723
630000	-6747.775879	4735.307129	1.579225421	1.461421132	3246.179443
635000	-6302.961914	4808.558594	1.603654742	1.532472014	3347.303467
640000	-6327.72168	5004.341797	1.668948412	1.471386433	3360.793457
645000	-6187.49707	4819.196289	1.607202411	1.575666308	3320.021973
650000	-6476.14502	4803.697266	1.602033496	1.533178091	3262.86084
655000	-6488.009766	4735.503418	1.579290867	1.485039473	3269.798828
660000	-6548.147949	4721.418945	1.574593663	1.359048247	3277.987305
665000	-6636.82373	4776.216797	1.592868805	1.627179146	3200.511475
670000	-6449.274902	4810.326172	1.604244232	1.677478671	3264.527832
675000	-6491.282715	4861.443359	1.621291876	1.535953045	3249.978027
680000	-6518.260254	4790.503906	1.597633481	1.536355972	3228.461426
685000	-6522.045898	4683.591309	1.561978102	1.486429453	3300.202637
690000	-6597.905273	4909.049805	1.637168527	1.645720243	3235.855957
695000	-6775.597656	4807.764648	1.603389978	1.430658817	3215.164062
700000	-6726.518555	4804.562988	1.602322221	1.367775559	3281.470703
705000	-6668.584961	4819.789062	1.60740006	1.519508362	3238.055176
710000	-6519.052246	4973.615234	1.658701181	1.710914493	3217.979248
715000	-6718.211426	4643.654297	1.548659205	1.383486271	3268.885254
720000	-6796.529297	4912.027344	1.63816154	1.485786438	3262.904053
725000	-6769.935547	4747.384766	1.583253264	1.3692137	3238.90332
730000	-6702.290039	4928.056641	1.643507361	1.542495847	3217.797363
735000	-6636.351562	4892.228516	1.631558657	1.448005438	3302.9375
740000	-6606.482422	4838.601074	1.613673925	1.551499486	3306.302734
745000	-6651.759766	5002.838867	1.668447256	1.556946516	3252.121826
750000	-6951.921875	4843.395508	1.61527288	1.328829527	3240.661865
755000	-6841.443848	4840.733398	1.614385009	1.40841341	3265.578857
760000	-6883.84375	4847.777344	1.616734147	1.434398532	3259.618408
765000	-6765.978516	4753.199707	1.585192561	1.247570515	3293.579102
770000	-6716.899902	4687.608887	1.563318014	1.589824915	3237.122559
775000	-6801.979492	4887.744141	1.630063176	1.407966375	3249.100342
780000	-6862.266602	4781.256836	1.594549656	1.480077744	3267.248535
785000	-6822.297363	4820.09668	1.607502699	1.415183187	3273.451904
790000	-6535.379395	4712.296875	1.571551442	1.335195065	3336.978027
795000	-6629.493652	4904.135254	1.635529518	1.661471725	3254.824951
800000	-6785.189453	4896.017578	1.632822275	1.612823725	3230.633301
805000	-6717.72168	4740.627441	1.580999732	1.572835326	3237.525635
810000	-6737.87793	4718.036133	1.573465466	1.457170248	3215.323242
815000	-6757.771484	4751.669922	1.584682345	1.346963882	3266.099609
820000	-6712.535645	4773.187012	1.591858268	1.429143071	3233.989746
825000	-6732.935547	4963.212402	1.655231833	1.473621845	3211.361084
830000	-6770.946777	4722.207031	1.57485652	1.366941929	3285.513672
835000	-6568.20752	4762.323242	1.588235259	1.561733484	3270.372559
840000	-6609.80957	4699.583008	1.567311406	1.616837144	3240.712402
845000	-6525.920898	4785.101074	1.595831633	1.558714747	3258.717529
850000	-6635.470703	4910.232422	1.63756299	1.80302918	3222.746338
855000	-6692.050781	4927.22998	1.64323163	1.264989376	3276.173828
860000	-6777.292969	4820.931641	1.607781172	1.353827715	3299.631592
865000	-6860.625977	4766.645508	1.589676738	1.52453351	3218.759277
870000	-6822.686523	4812.250488	1.604885936	1.42659831	3253.959717
875000	-6966.332031	4846.478516	1.61630106	1.423104048	3230.308838
880000	-6794.337891	4826.032227	1.609482169	1.645593524	3245.14917
885000	-6886.986328	4873.858887	1.625432372	1.529157758	3212.121826
890000	-6753.936035	4681.574707	1.561305642	1.554996967	3245.350342
895000	-6803.77832	4792.004395	1.598133922	1.616732597	3224.304932
900000	-6903.733398	4679.342285	1.560561061	1.352072001	3276.666748
905000	-6776.852539	4789.822754	1.597406387	1.638739467	3228.628418
910000	-6907.626953	4861.849609	1.621427298	1.415472984	3252.868164
915000	-6908.428711	4700.876465	1.567742705	1.495341539	3218.753906
920000	-6783.885254	4838.820312	1.613747001	1.518502712	3226.366455
925000	-6691.740234	4861.072266	1.621168017	1.530373335	3229.888916
930000	-6774.15332	4845.109375	1.615844488	1.475647092	3252.588135
935000	-6760.961914	4767.216309	1.589867115	1.554800034	3216.74707
940000	-6779.552734	4721.717773	1.574693322	1.332829952	3258.0354
945000	-6630.510742	4771.989258	1.591458917	1.59196949	3272.80127
950000	-6652.442871	4741.810059	1.581394076	1.614896178	3250.551758
955000	-6851.998047	4887.416992	1.62995398	1.469729781	3223.550293
960000	-6746.991211	4852.043457	1.61815691	1.755603671	3196.691895
965000	-6829.493164	4690.416016	1.564254165	1.367233515	3242.407227
970000	-6637.640625	4719.792969	1.57405138	1.582058191	3257.910156
975000	-6743.945312	4786.806641	1.596400499	1.624504924	3222.460205
980000	-6743.041016	4602.487793	1.53493011	1.333057761	3279.161133
985000	-6798.055664	4792.632812	1.598343492	1.290454268	3300.424561
990000	-6636.279297	4926.525391	1.642996669	1.699969411	3238.572754
995000	-6672.589844	4805.116699	1.602506876	1.486701727	3268.777588
