timestep	potential_energy	kinetic_energy	temperature	pressure	volume
0	-403.59375	0	0	-0.04964844137	16000
5000	-8917.730469	3382.497559	1.128063202	1.650663495	2568.476807
10000	-6706.803223	4834.372559	1.61226368	1.422605276	3169.40625
15000	-5803.923828	5571.593262	1.858126879	1.565441966	3504.96167
20000	-5547.00293	5666.125488	1.889653444	1.489829302	3643.781738
25000	-5503.760742	5735.396484	1.912755251	1.326291323	3724.821289
30000	-5521.179688	5715.230469	1.90602994	1.366533637	3688.122559
35000	-5464.641602	5762.641113	1.921841383	1.623710632	3641.981689
40000	-5486.330566	5819.186035	1.9406991	1.543343782	3689.889404
45000	-5389.513184	5658.376465	1.887069106	1.549959421	3675.973145
50000	-5323.365234	5860.199707	1.954377174	1.516228676	3701.490234
55000	-5365.702148	5737.780273	1.913550258	1.463960767	3680.195312
60000	-5489.928223	5594.116211	1.865638256	1.485666156	3642.38623
65000	-5414.28125	5858.956543	1.953962564	1.505441189	3669.391846
70000	-5243.950195	5688.419434	1.897088408	1.659126043	3654.740967
75000	-5393.975586	5552.09375	1.851623774	1.479638815	3717.140137
80000	-5334.117188	5767.198242	1.923361182	1.602641106	3667.008057
85000	-5472.356445	5941.046387	1.981339574	1.600194335	3650.492188
90000	-5512.523926	5681.885742	1.894909382	1.467459559	3650.54834
95000	-5488.929688	5516.1875	1.839649081	1.381176472	3659.276855
100000	-5583.989746	5663.20459	1.888679266	1.556845188	3589.685791
105000	-5506.682617	5576.336914	1.859708905	1.491967082	3608.706055
110000	-5395.524902	5615.966797	1.872925401	1.487030387	3682.750732
115000	-5498.181152	5576.62207	1.859804034	1.440835834	3650.41626
120000	-5411.015625	5768.422363	1.923769355	1.587858319	3660.746582
125000	-5555.481934	5833	1.945306063	1.60296154	3568.665039
130000	-5514.793945	5823.366211	1.942093134	1.546588421	3622.334717
135000	-5425.702148	5775.18457	1.926024556	1.403167367	3680.197998
140000	-5337.787109	5642.263672	1.881695509	1.421338439	3718.252441
145000	-5395.401367	5598.128418	1.86697638	1.537960052	3700.76416
150000	-5418.000488	5677.010742	1.893283606	1.593115091	3652.852295
155000	-5437.602539	5758.617676	1.920499563	1.490403771	3673.374023
160000	-5466.030273	5774.633301	1.925840735	1.518365026	3663.794189
165000	-5408.671875	5656.183594	1.886337757	1.569154263	3635.436768
170000	-5353.375	5624.534668	1.875782847	1.663847685	3672.800537
175000	-5614.369141	5660.808105	1.887880087	1.580383658	3618.464111
180000	-5508.964844	5837.120605	1.946680307	1.463753819	3644.494629
185000	-5557.087891	5825.854004	1.942922831	1.388722897	3679.992676
190000	-5483.448242	5643.455078	1.882092834	1.413526177	3696.008301
195000	-5374.79248	5821.915039	1.941609263	1.528041363	3640.626709
200000	-5517.97168	5656.144531	1.886324763	1.56057477	3626.413818
205000	-5536.246094	5550.182617	1.850986481	1.261309028	3670.080566
210000	-5607.685547	5629.578125	1.87746489	1.69240129	3564.39624
215000	-5564.793945	5665.241699	1.88935864	1.534050941	3581.971436
220000	-5537.507812	5695.445312	1.899431586	1.351760626	3663.083008
225000	-5603.771484	5733.293457	1.912053943	1.380757451	3634.404785
230000	-5433.600586	5688.833984	1.897226691	1.639980197	3617.581299
235000	-5380.451172	5448.901855	1.817209244	1.538369656	3682.577881
240000	-5526.743164	5762.87793	1.9219203	1.549829602	3599.556396
245000	-5472.625977	5600.180664	1.867660761	1.62071681	3669.591797
250000	-5444.745117	5741.241699	1.91470468	1.46244216	3663.364746
255000	-5512.930176	5556.860352	1.853213429	1.43676722	3662.794434
260000	-5442.166992	5716.290039	1.906383276	1.627295732	3650.324463
265000	-5608.032715	5875.700195	1.959546566	1.694083571	3532.270752
270000	-5578.143555	5828.508789	1.943808198	1.604174256	3570.477539
275000	-5452.513184	5745.874512	1.916249752	1.34901166	3668.342285
280000	-5411.391113	5804.768555	1.935890913	1.398613334	3734.918457
285000	-5337.761719	5609.948242	1.870918274	1.36347127	3705.565674
290000	-5470.969727	5819.51123	1.940807581	1.607483506	3609.576172
295000	-5539.096191	5698.547363	1.900466084	1.670805812	3633.43457
300000	-5414.255371	5754.624023	1.919167638	1.537755132	3691.642822
305000	-5505.518066	5870.482422	1.957806468	1.589181304	3675.922363
310000	-5469.399414	5732.780273	1.911882758	1.599495411	3585.161621
315000	-5574.61377	5774.063477	1.925650716	1.682327032	3594.60083
320000	-5385.100586	5659.285156	1.887372136	1.565249205	3656.281738
325000	-5442.089844	5727.208008	1.910024405	1.45202601	3641.350586
330000	-5350.90625	5614.524414	1.872444391	1.568723559	3689.865234
335000	-5367.091309	5739.416992	1.914096117	1.58057189	3629.168457
340000	-5440.178711	5664.744141	1.8891927	1.543259144	3663.053223
345000	-5349.120605	5740.93457	1.91460228	1.561251163	3674.481201
350000	-5418.450195	5743.651367	1.91550827	1.551585913	3653.665283
355000	-5356.196289	5633.450195	1.878756166	1.447281718	3708.86499
360000	-5436.610352	5689.638184	1.897494912	1.487357616	3670.477783
365000	-5305.547852	5597.700684	1.866833687	1.352327228	3799.784668
370000	-5427.932129	5682.722656	1.89518857	1.399606228	3709.136475
375000	-5231.086914	5841.270508	1.948064208	1.48892355	3753.66748
380000	-5417.477051	5780.135742	1.927675843	1.500256896	3670.124268
385000	-5379.894531	5644.69873	1.882507563	1.429064512	3720.482666
390000	-5434.331055	5696.25293	1.89970088	1.449935079	3653.248047
395000	-5396.766602	5542.057617	1.848276734	1.553964019	3687.273438
400000	-5656.680176	5716.294922	1.906384945	1.63992238	3549.64917
405000	-5558.460449	5462.890625	1.821874499	1.422911406	3625.54834
410000	-5483.713379	5631.07373	1.877963662	1.551019669	3590.614746
415000	-5505.209961	5691.269531	1.898038983	1.592998505	3621.52124
420000	-5468.771484	5872.48584	1.958474636	1.538511395	3666.92334
425000	-5556.893555	5882.076172	1.961672902	1.649055481	3570.580322
430000	-5547.045898	5812.310547	1.93840611	1.482166648	3615.679932
435000	-5541.477539	5471.363281	1.824700117	1.413376212	3645.530029
440000	-5403.131836	5648.243164	1.883689642	1.484022021	3660.893799
445000	-5389.374023	5588.755859	1.863850594	1.441919923	3710.515625
450000	-5392.375	5688.879883	1.89724195	1.617013097	3643.313721
455000	-5425.9375	5732.58252	1.911816835	1.417268872	3707.824463
460000	-5460.722656	5749.282227	1.917386174	1.503589034	3659.858887
465000	-5375.311523	5702.665039	1.901839375	1.4166466	3739.396973
470000	-5362.855469	5761.761719	1.921548128	1.512298107	3720.516357
475000	-5412.070312	5795.289551	1.932729602	1.595825195	3602.064697
480000	-5477.032227	5810.123047	1.937676549	1.47080183	3697.026855
485000	-5298.678223	5592.881836	1.865226626	1.399227262	3756.580811
490000	-5505.446289	5881.496094	1.961479545	1.698375225	3640.7854
495000	-5624.138672	5798.549805	1.93381691	1.507119656	3612.802979
500000	-5466.234375	5721.954102	1.908272266	1.296902657	3675.799561
505000	-5385.627441	5668.547852	1.890461206	1.415738225	3688.581787
510000	-5475.688965	5690.875488	1.897907495	1.57477057	3620.896484
515000	-5548.589844	5667.590332	1.890141964	1.552941203	3596.726562
520000	-5541.282227	5531.013672	1.844593525	1.594447255	3608.348389
525000	-5422.240723	5573.37207	1.858720064	1.533335328	3646.816895
530000	-5416.77832	5557.825195	1.853535175	1.471227884	3693.899414
535000	-5572.471191	5591.718262	1.8648386	1.437883258	3658.631348
540000	-5481.524414	5557.563965	1.853448153	1.480499864	3661.260498
545000	-5552.989258	5767.530273	1.923471928	1.518639445	3638.758301
550000	-5536.807129	5723.074707	1.908645988	1.643181562	3589.882812
555000	-5397.196289	5690.876953	1.897907972	1.467960477	3686.528564
560000	-5399.459473	5652.430664	1.885086179	1.568042278	3660.792969
565000	-5493.319824	5831.303711	1.944740295	1.357640505	3684.692871
570000	-5400.103516	5701.172363	1.901341558	1.735191941	3653.3396
575000	-5316.176758	5789.397461	1.930764556	1.541754127	3709.856445
580000	-5424.850586	5735.645996	1.912838459	1.522514939	3675.114746
585000	-5461.022949	5685.667969	1.896170855	1.516884327	3638.216797
590000	-5617.024902	5664.618164	1.889150739	1.405890703	3630.452637
595000	-5423.015137	5817.527832	1.940146089	1.547450185	3654.641357
600000	-5406.993652	5761.17334	1.92135191	1.476663232	3683.256104
605000	-5385.363281	5713.062988	1.905307055	1.472856283	3713.305176
610000	-5433.380859	5540.151367	1.847640991	1.367097259	3693.775146
615000	-5328.931641	5640.753418	1.88119185	1.748742461	3634.962891
620000	-5498.34668	5837.175781	1.946698666	1.467805505	3670.245117
625000	-5455.922363	5834.136719	1.945685148	1.353453875	3680.700684
630000	-5598.51123	5703.600586	1.902151346	1.514662385	3615.17041
635000	-5546.028809	5629.496094	1.877437472	1.46949625	3650.583496
640000	-5512.116211	5647.584961	1.883470178	1.623696923	3589.98584
645000	-5565.649414	5604.648438	1.869150758	1.433181286	3658.47998
650000	-5409.277344	5746.704102	1.916526318	1.506605983	3695.332764
655000	-5367.890625	5626.086914	1.876300573	1.481232166	3728.64917
660000	-5402.035156	5777.369629	1.926753283	1.568317652	3658.296875
665000	-5425.735352	5745.67041	1.916181684	1.423851132	3670.874023
670000	-5335.091797	5642.769531	1.88186419	1.481171131	3687.147705
675000	-5509.179688	5700.278809	1.901043534	1.40462172	3634.993652
680000	-5629.689453	5768.748047	1.923878074	1.548018098	3562.222412
685000	-5522.324219	5681.37793	1.894740105	1.415246367	3650.309326
690000	-5445.337891	5653.227051	1.885351777	1.408411741	3687.132324
695000	-5429.642578	5610.944336	1.87125051	1.55455339	3690.542725
700000	-5511.280762	5871.748047	1.958228588	1.565251708	3650.081787
705000	-5521.245605	5688.721191	1.897189021	1.461128473	3650.708252
710000	-5438.395508	5837.899414	1.946940064	1.499948978	3662.424316
715000	-5584.618164	5746.192383	1.916355729	1.522574782	3619.947998
720000	-5448.624023	5546.144531	1.849639773	1.532688379	3667.60083
725000	-5462.566406	5671.036133	1.891291142	1.536257386	3669.866943
730000	-5491.800781	5642.816406	1.881879807	1.514084339	3654.642822
735000	-5390.501953	5826.134766	1.943016529	1.571188211	3647.716309
740000	-5291.355469	5806.867676	1.93659091	1.514577627	3763.435791
745000	-5315.109863	5712.364258	1.905074	1.476382732	3683.327393
750000	-5475.944336	5627.44043	1.8767519	1.50208199	3642.706055
755000	-5533.905273	5789.487305	1.930794597	1.575493932	3634.431152
760000	-5575.441895	5747.883789	1.916919827	1.555811763	3618.447998
765000	-5677.352539	5717.275391	1.906711936	1.510900497	3568.697754
770000	-5403.463867	5670.699707	1.891178846	1.39339447	3669.102051
775000	-5290.249023	5722.691406	1.908518076	1.610850811	3685.342041
780000	-5443.597656	5732.942383	1.911936879	1.478506923	3646.555664
785000	-5428.344727	5940.768066	1.98124671	1.571406364	3653.432617
790000	-5375.481445	5704.330566	1.902394772	1.57966423	3643.077393
795000	-5474.300293	5469.371094	1.824035764	1.38514483	3685.97168
800000	-5518.755859	5653.424316	1.885417581	1.481478333	3626.099854
805000	-5408.958008	5669.347656	1.890727997	1.342169046	3700.17627
810000	-5351.404785	5717.374023	1.906744838	1.631368041	3661.104736
815000	-5445.28418	5740.110352	1.914327383	1.368782997	3729.91333
820000	-5498.469727	5741.892578	1.914921761	1.436189175	3637.176514
825000	-5511.233398	5470.60791	1.824448228	1.512294531	3628.369385
830000	-5532.644043	5651.810059	1.884879231	1.470028281	3598.875
835000	-5380.969238	5519.558105	1.840773106	1.568291306	3684.99292
840000	-5353.335938	5742.631348	1.915168047	1.419711947	3713.608643
845000	-5257.415527	5707.263672	1.903373003	1.431443214	3733.140137
850000	-5237.104004	5844.096191	1.949006677	1.595804453	3699.223389
855000	-5508.249023	5817.119141	1.940009832	1.498702526	3638.494629
860000	-5336.983887	5947.950684	1.983642101	1.416470051	3758.349365
865000	-5347.148438	5995.978027	1.999659181	1.728343964	3669.793945
870000	-5440.365234	5774.447754	1.925778866	1.322037101	3723.166992
875000	-5517.500977	5782.482422	1.928458452	1.520496249	3643.971924
880000	-5405.806641	5807.917969	1.936941147	1.658938169	3638.721436
885000	-5542.777344	5621.467773	1.874760032	1.345020294	3638.094971
890000	-5429.997559	5635.564453	1.879461288	1.394082189	3707.244141
895000	-5431.253906	5619.219238	1.874010205	1.534099579	3641.554443
900000	-5365.630371	5613.846191	1.872218251	1.559206128	3645.624756
905000	-5466.411133	5621.958008	1.874923587	1.611312389	3609.035889
910000	-5529.643555	5798.94873	1.933949947	1.343240619	3734.757324
915000	-5414.931641	5515.712891	1.839490771	1.40730834	3689.862549
920000	-5484.057617	5638.282715	1.880367875	1.60311079	3629.089355
925000	-5399.748047	5713.866699	1.905575037	1.57130909	3684.924072
930000	-5336.776367	5762.262695	1.92171514	1.516174793	3700.602295
935000	-5493.038574	5740.155273	1.914342284	1.640568972	3621.778564
940000	-5399.146973	5692.453125	1.898433685	1.615643263	3671.235107
945000	-5280.288086	5701.284668	1.901378989	1.496186972	3740.838623
950000	-5305.510742	5612.668945	1.871825576	1.57726562	3707.230225
955000	-5382.164062	5611.963867	1.871590495	1.385526776	3702.245117
960000	-5465.44043	5475.774414	1.826171279	1.490983725	3646.755371
965000	-5520.764648	5577.667969	1.860152841	1.38773191	3662.177734
970000	-5461.25	5560.222656	1.854334831	1.53684926	3582.199463
975000	-5611.742188	5595.583984	1.866127729	1.557231307	3602.248535
980000	-5634.665039	5663.607422	1.888813615	1.566378236	3554.571777
985000	-5505.722656	5568.323242	1.857036352	1.467876434	3636.658936
990000	-5507.641602	5492.073242	1.831606984	1.467758656	3673.770508
995000	-5604.666992	5759.291992	1.920724392	1.463937402	3620.919922
