timestep	potential_energy	kinetic_energy	temperature	pressure	volume
0	-388.828125	0	0	-0.04783203453	16000
5000	-10397.90039	2000.360229	0.6671203375	1.331863284	2264.927979
10000	-8564.663086	3276.436523	1.092691898	1.511687517	2680.55542
15000	-8053.208984	3923.516113	1.308493018	1.440433264	2896.009766
20000	-7814.077637	4200.746094	1.40094924	1.318466902	2976.37085
25000	-7711.990234	4228.476562	1.410197377	1.48052597	3012.181396
30000	-7596.82959	4211.509766	1.40453887	1.445639968	3047.720703
35000	-7764.280762	4239.228516	1.413783073	1.549902797	2986.041016
40000	-7539.635254	4046.309814	1.349444747	1.49952817	3026.47583
45000	-7494.322266	4127.699219	1.376588106	1.532814384	3027.007568
50000	-7656.429688	4210.557617	1.404221416	1.404494405	3004.921631
55000	-7801.232422	4300.255859	1.434135795	1.446746707	2986.853027
60000	-7678.12793	4374.598633	1.458929062	1.325039268	3041.345703
65000	-7578.247559	4129.595703	1.377220511	1.505503178	3045.280029
70000	-7837.762207	4392.0625	1.46475327	1.419234753	2986.949463
75000	-8094.908691	4138.710938	1.380260468	1.560387731	2957.869141
80000	-8283.154297	4269.1875	1.423774481	1.484153748	2982.948486
85000	-8345.052734	4214.600098	1.405569553	1.554945469	2943.47583
90000	-8697.045898	4247.12793	1.416417599	1.304077029	2927.745605
95000	-8605.902344	4142.181641	1.38141799	1.301817656	2952.95459
100000	-8518.979492	4145.320312	1.382464767	1.52181232	2950.787842
105000	-8526.912109	4195.542969	1.399214029	1.466787457	2933.787842
110000	-8600.271484	4201.067871	1.401056528	1.452616453	2949.268799
115000	-8547.772461	4117.461914	1.373173952	1.618417621	2909.19751
120000	-8640.051758	4008.702637	1.336902738	1.463689446	2903.410156
125000	-8623.587891	4177.466797	1.393185616	1.781324863	2897.455566
130000	-8504.019531	4116.458984	1.372839451	1.533897996	2937.789551
135000	-8495.956055	4102.571289	1.368207932	1.342172146	2973.032471
140000	-8758.8125	4248.53125	1.416885614	1.336361408	2918.586426
145000	-8488.800781	4217.59082	1.406566978	1.692242742	2949.215332
150000	-8520.429688	4212.81543	1.404974341	1.635999441	2958.842041
155000	-8716.341797	4211.447754	1.404518247	1.504088879	2905.319336
160000	-8566.494141	4119.492188	1.373851061	1.357192516	2949.634277
165000	-8542.025391	4292.950684	1.431699514	1.520913124	2921.662354
170000	-8514.519531	4166.715332	1.389599919	1.497317076	2955.845215
175000	-8636.025391	4210.324707	1.404143691	1.405536652	2944.350586
180000	-8421.830078	4233.884277	1.412000775	1.606458306	2950.679443
185000	-8497.232422	4248.518066	1.416881204	1.519269824	2939.203369
190000	-8554.458008	4170.060059	1.39071548	1.319640517	2987.886963
195000	-8593.019531	4294.799805	1.432316184	1.572466254	2951.337646
200000	-8648.089844	4132.262695	1.378110051	1.53553915	2925.675537
205000	-8620.657227	4225.713867	1.409276009	1.578207612	2939.427246
210000	-8564.214844	4200.810547	1.400970697	1.400377393	2939.761963
215000	-8607.911133	4215.738281	1.405949116	1.432431579	2952.165771
220000	-8433.65332	4140.478516	1.380849957	1.500660419	2966.61084
225000	-8634.234375	4222.372559	1.40816164	1.411723137	2945.652588
230000	-8409.995117	4136.192383	1.379420519	1.732827425	2953.299561
235000	-8380.339844	4087.661621	1.363235593	1.600218892	2952.777832
240000	-8575.589844	4142.012207	1.381361485	1.208040237	2973.584717
245000	-8505.966797	4278.720703	1.426953793	1.441833377	2944.666016
250000	-8272.5625	4289.186523	1.430444121	1.573275924	2973.691895
255000	-8361.431641	4169.948242	1.390678167	1.641014099	2949.818604
260000	-8450.712891	4211.891113	1.404666066	1.45670867	2953.61499
265000	-8480.183594	4242.862305	1.414994955	1.557325363	2956.510742
270000	-8470.683594	4251.312012	1.417812943	1.326153755	2971.179932
275000	-8486.512695	4283.04541	1.428396106	1.381382465	2995.469238
280000	-8404.085938	4260.79248	1.420974731	1.460562706	3005.378662
285000	-8477.228516	4168.727539	1.390271068	1.365427971	2978.019531
290000	-8612.765625	4325.073242	1.442412376	1.580169439	2934.339111
295000	-8710.376953	4315.750488	1.43930316	1.580136418	2938.859375
300000	-8525.232422	4259.835938	1.420655727	1.482735038	2975.020508
305000	-8569.292969	4154.339844	1.385472775	1.677172303	2932.825684
310000	-8561.367188	4202.610352	1.401570916	1.755927086	2934.262207
315000	-8338.285156	4135.742676	1.379270554	1.502087355	2966.965332
320000	-8533.054688	4334.146484	1.445438266	1.614381552	2929.442139
325000	-8441.382812	4217.038086	1.406382561	1.553939104	2969.077393
330000	-8528.746094	4142.525879	1.381532788	1.602802157	2921.806641
335000	-8520.124023	4194.116211	1.398738146	1.520917892	2913.959229
340000	-8458.157227	4114.819824	1.372292757	1.700067639	2922.24707
345000	-8649.1875	4246.890625	1.416338444	1.317576528	2933.103271
350000	-8587.891602	4121.785156	1.374615788	1.692846537	2928.093262
355000	-8482.853516	4027.34375	1.343119502	1.486964822	2973.094971
360000	-8631.501953	4235.466797	1.412528634	1.677980781	2936.113525
365000	-8636.935547	4298.859375	1.433670044	1.552402496	2937.943115
370000	-8517.148438	4229.904785	1.410673618	1.581009746	2935.034668
375000	-8387.443359	4134.665039	1.378911138	1.441005111	2952.138672
380000	-8462.260742	4182.56543	1.394886017	1.533084512	2956.956055
385000	-8569.830078	4194.470703	1.398856401	1.613135576	2944.710449
390000	-8745.242188	4168.538574	1.390208006	1.398771286	2916.562988
395000	-8623.019531	4075.152588	1.359063745	1.62264955	2914.334961
400000	-8575.806641	4121.591797	1.374551296	1.5375911	2932.036865
405000	-8536.724609	4111.902344	1.371319771	1.579548955	2924.167725
410000	-8566.478516	4164.292969	1.388792157	1.569496989	2917.323242
415000	-8531.083984	4152.978516	1.385018706	1.693447471	2939.204102
420000	-8457.643555	4207.733398	1.403279543	1.55405724	2944.605225
425000	-8426.699219	4174.356445	1.392148256	1.377994895	2970.986816
430000	-8623.37793	4216.158691	1.406089306	1.48171711	2919.158447
435000	-8595.978516	4151.206055	1.384427667	1.468856573	2943.25708
440000	-8683.570312	4180.097168	1.394062757	1.388758659	2929.544678
445000	-8626.373047	4147.095703	1.38305676	1.354687095	2944.294434
450000	-8627.980469	4251.932617	1.418019891	1.392867446	2939.685547
455000	-8627.314453	4128.160156	1.376741767	1.478652358	2923.689697
460000	-8612.650391	4251.469727	1.417865515	1.479198217	2951.716553
465000	-8466.279297	4361.762695	1.454648256	1.480170369	2960.920654
470000	-8488.287109	4189.72168	1.397272587	1.713808656	2935.7771
475000	-8529.628906	4119.578613	1.37387991	1.427256346	2941.212646
480000	-8369.487305	4130.618164	1.377561569	1.484817982	2961.302734
485000	-8551.230469	4140.920898	1.380997539	1.408694863	2942.165283
490000	-8642.021484	4105.050293	1.369034648	1.508293033	2918.695801
495000	-8481.744141	4251.632812	1.417919993	1.455715656	2950.709229
500000	-8457.296875	4073.804199	1.358614087	1.586144447	2934.66748
505000	-8599.504883	4191.312012	1.397802949	1.55706954	2932.676514
510000	-8673.614258	4213.772461	1.405293465	1.652540803	2904.764648
515000	-8553.932617	4092.109131	1.364718795	1.368604422	2961.030273
520000	-8652.419922	4230.807129	1.410974622	1.495369554	2927.157227
525000	-8550.141602	4187.777832	1.396624327	1.534540057	2960.412109
530000	-8577.988281	4182.083008	1.394725084	1.420651317	2938.21167
535000	-8585.767578	4213.835938	1.405314684	1.636686683	2918.321533
540000	-8567.338867	4182.111328	1.394734502	1.567175388	2927.706543
545000	-8698.651367	4258.0625	1.420064211	1.584327459	2897.919189
550000	-8588.466797	4182.836426	1.394976377	1.490921617	2915.363525
555000	-8503.818359	4113.470703	1.371842861	1.512937903	2957.559814
560000	-8637.108398	4235.837891	1.412652373	1.388275146	2952.484863
565000	-8548.298828	4320.426758	1.440862775	1.726964116	2909.811768
570000	-8437.532227	4161.760742	1.387947559	1.375091314	2979.132324
575000	-8643.068359	4112.513672	1.371523738	1.496570945	2927.945068
580000	-8753.478516	4293.654297	1.431934118	1.430812836	2905.759033
585000	-8579.960938	4202.178711	1.401427031	1.547290564	2943.424316
590000	-8565.869141	4273.037598	1.425058484	1.652263999	2921.189453
595000	-8502.311523	4136.937988	1.379669189	1.321165323	2951.550781
600000	-8558.444336	4143.953125	1.382008791	1.637473941	2908.099609
605000	-8566.476562	4098.129883	1.366726756	1.439954996	2952.979004
610000	-8566.224609	4104.836426	1.368963361	1.502377272	2928.406738
615000	-8507.071289	4211.978516	1.404695272	1.627623916	2909.786865
620000	-8615.289062	4245.756836	1.415960312	1.413491726	2925.293701
625000	-8462.536133	4144	1.382024407	1.759388447	2899.840088
630000	-8756.803711	4221.161621	1.407757759	1.646194458	2887.894531
635000	-8591.495117	4111.734375	1.371263862	1.610744119	2939.048828
640000	-8602.9375	4158.90918	1.386996627	1.514036894	2936.29834
645000	-8688.50293	4126.433594	1.376165986	1.466945171	2928.959473
650000	-8619.802734	4190.231934	1.397442698	1.49530232	2943.453857
655000	-8426.464844	4212.535645	1.404881001	1.550124168	2960.04126
660000	-8443.948242	4192.206055	1.398101091	1.542971849	2953.092529
665000	-8481.633789	4166.014648	1.389366269	1.52624166	2946.379883
670000	-8669.34375	4300.712891	1.434288144	1.541998267	2901.867676
675000	-8610.823242	4259.929688	1.42068696	1.506077766	2904.47168
680000	-8498.455078	4306.332031	1.436162114	1.416207433	2941.344971
685000	-8488.014648	4181.811035	1.394634366	1.527249694	2940.076172
690000	-8556.922852	4318.543457	1.440234661	1.607375979	2950.494385
695000	-8603.923828	4247.962402	1.416695833	1.384689569	2956.871582
700000	-8589.273438	4217.271484	1.406460404	1.544480085	2914.373779
705000	-8582.169922	4135.75	1.379273057	1.322503805	2945.317627
710000	-8630.666016	4325.788574	1.442650914	1.854686737	2896.608643
715000	-8539.049805	4224.953613	1.40902245	1.56408453	2928.466553
720000	-8648.106445	4211.813965	1.404640317	1.526118994	2947.964355
725000	-8636.808594	4270.740723	1.424292445	1.40086031	2952.547852
730000	-8656.65918	4217.399414	1.406503081	1.52719593	2919.609863
735000	-8723.683594	4034.868164	1.345628858	1.283281326	2918.537598
740000	-8583.088867	4164.895508	1.388993025	1.4046911	2955.609131
745000	-8535.460938	4348.595215	1.450256944	1.502983689	2957.971436
750000	-8528.930664	4030.417236	1.344144583	1.304055452	2981.692139
755000	-8610.488281	4177.706055	1.393265367	1.537290812	2917.424805
760000	-8884.751953	4205.421387	1.402508378	1.545398831	2894.916992
765000	-8824.731445	4022.153564	1.341388583	1.478315234	2886.31665
770000	-8714.954102	4114.890625	1.37231636	1.512115121	2908.063721
775000	-8700.964844	4249.209961	1.417111874	1.3470577	2947.149658
780000	-8547.983398	4199.15332	1.400418043	1.545593023	2952.073975
785000	-8530.007812	4210.066406	1.404057503	1.512366891	2945.114014
790000	-8523.003906	4290.866699	1.431004405	1.65294528	2941.139404
795000	-8632.425781	4171.776855	1.391287923	1.356253982	2959.734375
800000	-8639.375	4190.490234	1.397528887	1.555619597	2914.397217
805000	-8559.123047	4123.19043	1.3750844	1.664195538	2927.512695
810000	-8507.732422	4205.310547	1.402471423	1.524681807	2923.908936
815000	-8657.620117	4071.828613	1.357955217	1.451846838	2922.348389
820000	-8740.050781	4235.214844	1.412444592	1.65264082	2859.652832
825000	-8317.77832	4108.22998	1.370095134	1.519658804	2968.514404
830000	-8355.048828	4204.137207	1.402080178	1.624808192	2926.786621
835000	-8532.197266	4271.318359	1.424485087	1.31114161	2959.056152
840000	-8436.365234	4147.768555	1.383281231	1.493546605	2957.105713
845000	-8576.464844	4195.578125	1.399225712	1.682785273	2919.552246
850000	-8785.46582	3989.857422	1.330617785	1.461523414	2898.169922
855000	-8741.462891	4020.209229	1.340740204	1.348433137	2930.921387
860000	-8616.830078	4216.477539	1.406195641	1.493482232	2927.526611
865000	-8571.580078	4333.62793	1.445265293	1.52684164	2913.052246
870000	-8486.085938	4081.896973	1.361312985	1.637130618	2927.359375
875000	-8524.148438	4134.303711	1.378790736	1.400297165	2972.120361
880000	-8577.558594	4252.141113	1.418089509	1.469467163	2934.605957
885000	-8391.298828	4163.691406	1.388591528	1.538808346	2949.100586
890000	-8579.28125	4165.373047	1.389152288	1.525047183	2934.004639
895000	-8521.283203	4304.085449	1.435412884	1.484716058	2990.967285
900000	-8588.810547	4234.666016	1.412261486	1.414718032	2941.591553
905000	-8438.345703	4077.71875	1.359919548	1.582652807	2954.091309
910000	-8782.228516	4166.901367	1.389662027	1.520339012	2866.698486
915000	-8581.929688	4101.900391	1.367984176	1.565435529	2918.684326
920000	-8602.892578	4282.368164	1.428170204	1.601785898	2919.165771
925000	-8660.049805	4242.615234	1.414912581	1.644794464	2898.694092
930000	-8358.820312	4131.87793	1.377981663	1.462586522	2979.993408
935000	-8472.447266	4120.717773	1.37425971	1.714657664	2926.172363
940000	-8478.069336	4187.964844	1.396686673	1.289043665	2958.949951
945000	-8712.050781	4115.086426	1.372381687	1.51292038	2929.770264
950000	-8831.71582	4211.706055	1.404604316	1.77132678	2851.652832
955000	-8626.795898	4174.983398	1.392357349	1.499270916	2920.835938
960000	-8563.025391	4145.200684	1.382424831	1.520713449	2944.727539
965000	-8494.935547	4162.689941	1.388257504	1.585308433	2926.381836
970000	-8578.875	4186.500488	1.396198273	1.516687632	2942.400635
975000	-8366.875977	4234.77002	1.412296176	1.479125977	2916.246582
980000	-8488.06543	4170.398438	1.390828252	1.503535867	2929.135986
985000	-8378.443359	4120.743164	1.374268293	1.581674337	2966.872314
990000	-8535.624023	4327.083008	1.443082571	1.515176535	2920.821777
995000	-8525.638672	4105.754883	1.369269609	1.39753139	2964.630371
