timestep	potential_energy	kinetic_energy	temperature	pressure	volume
0	-366.0644531	0	0	-0.04503174126	16000
5000	-8954.919922	2522.242676	0.8411681652	1.614909053	2384.801758
10000	-7327.693848	3762.722168	1.25486815	1.325561285	2851.862305
15000	-6905.451172	3989.71582	1.330570579	1.502212644	3005.612061
20000	-7019.473145	4108.378906	1.370144725	1.736966014	3000.859619
25000	-7149.801758	4065.78418	1.355939388	1.365949988	3014.089355
30000	-7094.55957	4126.938477	1.376334429	1.427908897	3032.688721
35000	-7059.957031	4272.983398	1.425040364	1.593511701	2997.69751
40000	-7026.101562	4193.739746	1.398612618	1.579563975	3063.390137
45000	-7094.741211	4277.386719	1.426508904	1.506711364	3064.71167
50000	-7469.425293	4220.39502	1.407502174	1.641596913	2984.542725
55000	-7474.075195	4102.78125	1.368277907	1.426423192	3024.489502
60000	-7448.816406	4209.150879	1.403752208	1.807747126	2968.890381
65000	-7755.807617	4226.354004	1.409489512	1.71045959	2935.317627
70000	-7710.599609	4222.510254	1.408207536	1.55662322	2964.222656
75000	-7576.123047	4199.986328	1.400695801	1.593241572	2997.871094
80000	-7853.245605	4197.523438	1.399874449	1.548105478	2971.658936
85000	-7628.769531	4291.362305	1.431169748	1.35006237	3045.009033
90000	-7530.924805	4221.75	1.407953978	1.469007254	3031.216309
95000	-7539.300781	4196.390625	1.399496675	1.430508256	3023.586914
100000	-7583.939453	4284.48584	1.4288764	1.641847849	2987.120605
105000	-7791.295898	4228.960938	1.410358906	1.493337154	2982.318848
110000	-7565.196777	4009.880371	1.337295532	1.572532773	3008.26001
115000	-7684.757812	4204.173828	1.402092338	1.601453543	2980.39917
120000	-7676.708984	4102.106445	1.36805284	1.584917426	2977.772705
125000	-7734.39209	4175.123535	1.392404079	1.33901	3008.218018
130000	-7672.459473	4235.513184	1.412544012	1.527072906	3009.036133
135000	-7825.404297	4209.413574	1.403839827	1.426694393	2978.633057
140000	-7761.341797	4167.029297	1.389704704	1.753820539	2976.570068
145000	-7895.431641	4210.460938	1.40418911	1.23641789	2969.296143
150000	-7663.228516	4075.782959	1.35927403	1.48243463	3000.225098
155000	-7816.083984	4089.762207	1.363936067	1.420309305	2977.265137
160000	-7575.628906	4137.371582	1.37981379	1.258606076	3050.015869
165000	-7731.713867	4169.378418	1.390488148	1.343504906	3012.438477
170000	-7585.341309	4145.37793	1.382483959	1.560341835	3019.798584
175000	-7662.004883	4221.193359	1.407768369	1.475497246	3009.693359
180000	-7885.450684	4252.073242	1.418066859	1.269576669	3017.761719
185000	-7849.578125	4233.037109	1.411718249	1.441824555	2976.081787
190000	-7678.599609	4237.295898	1.413138628	1.399216056	3048.10791
195000	-7674.224609	4155.457031	1.385845304	1.620424509	3002.521729
200000	-7664.870117	4185.525391	1.39587307	1.569182277	3031.848145
205000	-7747.081543	4163.598633	1.388560534	1.564822674	2991.705322
210000	-7889.350586	4137.583008	1.379884362	1.444441795	2963.035645
215000	-7748.546875	4192.091797	1.398063064	1.478247285	2987.508789
220000	-7733.372559	4076.327148	1.359455466	1.40318346	3005.932617
225000	-7889.01416	4221.65332	1.407921791	1.464676738	3000.555664
230000	-7745.527344	4195.280762	1.39912653	1.688232064	3005.406494
235000	-7593.555664	4222.882812	1.408331871	1.632977843	3026.184082
240000	-7818.380859	4158.754395	1.386945009	1.325181961	3001.346191
245000	-7817.227539	4155.202148	1.385760307	1.225577116	3018.693115
250000	-7531.459961	4060.330078	1.354120493	1.543007493	3004.190186
255000	-7712.807617	4186.063477	1.396052599	1.443524003	2969.859863
260000	-7772.429688	4223.487305	1.408533454	1.369940639	3026.987793
265000	-7580.749023	4319.584961	1.440582037	1.657701135	3011.076172
270000	-7597.714844	4164.635254	1.38890624	1.650229454	2990.219238
275000	-7731.617188	4208.559082	1.403554797	1.633767009	2960.274902
280000	-7716.878906	4332.875977	1.445014596	1.644563079	2980.802734
285000	-7678.883789	4155.230469	1.385769725	1.323635221	3018.914307
290000	-7739.38623	4276.520508	1.42621994	1.424831867	3013.275879
295000	-7744.262207	4191.689453	1.397928834	1.487610698	3003.362793
300000	-7857.574219	4223.038574	1.408383727	1.396462083	2997.33252
305000	-7663.157227	4122.827148	1.374963284	1.512982845	3008.862549
310000	-7901.934082	4124.191406	1.375418186	1.553037286	2960.930176
315000	-7826.303711	4023.592285	1.341868401	1.408234358	2998.934082
320000	-7828.297852	4233.458008	1.411858678	1.503993511	2978.099365
325000	-7952.229492	4097.195312	1.366415024	1.527482748	2971.589111
330000	-7957.235352	4184.077637	1.395390272	1.255559087	2980.966553
335000	-7857.86084	4139.381348	1.380484104	1.665018916	2992.540527
340000	-7864.584961	4232.216797	1.411444664	1.512137771	2984.792236
345000	-7922.629883	4084.037109	1.362026811	1.692654133	2950.108887
350000	-8036.936523	4170.665039	1.390917182	1.549268126	2946.864502
355000	-7871.416016	4039.400635	1.347140551	1.543092012	2987.032227
360000	-7740.069336	4135.146484	1.379071712	1.395228148	2982.037109
365000	-7812.640625	4287.100586	1.429748416	1.462768912	2998.858398
370000	-7841.574219	4223.666992	1.408593297	1.469994903	2962.333008
375000	-7877.79248	4202.928711	1.401677132	1.698753238	2951.003662
380000	-7684.033203	4132.507812	1.37819171	1.646928668	3025.617676
385000	-7698.6875	4187.94043	1.396678567	1.483625174	3024.067627
390000	-7815.18457	4316.158691	1.439439297	1.589392185	2993.547363
395000	-7773.872559	4227.713379	1.409942865	1.453766942	2988.873535
400000	-7703.704102	4217.213867	1.406441212	1.663316607	2988.473877
405000	-7562.595703	4148.731445	1.383602381	1.617958426	3027.327393
410000	-7650.651367	4187.181641	1.396425486	1.655605316	2976.577881
415000	-7849.283203	4126.997559	1.376354098	1.405115962	3009.518311
420000	-7922.042969	4066.534424	1.356189609	1.453244209	2975.192871
425000	-7889.11377	4111.873047	1.371309996	1.603025198	2972.628418
430000	-7780.772949	4300.383789	1.434178352	1.437185168	2997.23291
435000	-7779.896484	4186.116211	1.396070123	1.449910641	2995.077393
440000	-7827.58252	4310.685547	1.437614083	1.353310585	3002.938965
445000	-7826.662109	4212.213867	1.404773712	1.566116452	2973.55127
450000	-7614.360352	4225.765625	1.409293294	1.437387586	3013.188721
455000	-7688.914062	4214.875	1.405661225	1.412710667	2998.815674
460000	-7789.545898	4138.627441	1.380232692	1.380986691	3020.320557
465000	-7795.939453	4258.928711	1.420353174	1.376877069	2991.143311
470000	-7830.603516	4301.765625	1.434639215	1.509019256	2969.559814
475000	-7601.168457	4238.070312	1.413396835	1.375338078	3031.020752
480000	-7812.275391	4199.745117	1.400615454	1.385331273	2995.250488
485000	-7753.678711	4113.349121	1.37180233	1.559464693	2985.340576
490000	-7657.476074	4287.700195	1.429948449	1.76388967	2961.942871
495000	-7447.825684	4173.669922	1.391919255	1.498300076	3066.218018
500000	-7512.894531	4267.533203	1.42322278	1.434413433	3050.4729
505000	-7683.94043	4259.0625	1.420397758	1.608332276	2984.491943
510000	-7770.099121	4216.038574	1.406049252	1.469141722	3000.834717
515000	-7832.523926	4292.671875	1.431606531	1.433500528	2988.878662
520000	-7681.103027	4065.895996	1.355976701	1.402310491	3035.64502
525000	-7781.246094	4200.775391	1.400959015	1.449025631	2992.397461
530000	-7622.546387	4229.249023	1.410454988	1.660520434	3004.347412
535000	-7717.841797	4190.506836	1.39753437	1.447763562	3019.253418
540000	-7781.227539	4218.540527	1.406883717	1.363626122	3014.136475
545000	-7649.436523	4173.170898	1.391752839	1.417825937	3014.699707
550000	-7715.689453	4231.612305	1.411243081	1.450703502	3008.225342
555000	-7677.880859	4219.255859	1.407122254	1.570585847	2987.61499
560000	-7694.346191	4132.387695	1.378151655	1.534129381	2991.885498
565000	-7889.15332	4170.662598	1.390916348	1.415195465	2991.672363
570000	-7871.633789	4226.025391	1.40937984	1.622716188	2939.572998
575000	-7839.648438	4165.264648	1.389116168	1.387330055	2969.244141
580000	-7865.901367	4153.373047	1.385150313	1.469922423	2961.787354
585000	-7673.954102	4145.287598	1.382453799	1.458253503	3015.300293
590000	-7737.099609	4261.140625	1.421090841	1.509453177	2999.29248
595000	-7705.266113	4195.09668	1.399065137	1.400194764	3026.288086
600000	-7908.771484	4288.831055	1.430325508	1.342646718	3007.56665
605000	-7825.207031	4008.929688	1.336978436	1.452878714	2972.01123
610000	-7706.438965	4075.619873	1.35921967	1.369790435	3013.219727
615000	-7602.774414	4341.777344	1.447983146	1.517037868	3008.655273
620000	-7640.938477	4216.491211	1.406200171	1.667736053	2986.595215
625000	-7879.631348	4134.337891	1.378802061	1.50434351	2967.692627
630000	-7842.275879	4163.258789	1.388447165	1.493817806	2992.1521
635000	-7782.257812	4197.232422	1.399777412	1.491833091	3005.149658
640000	-7993.051758	4302.359375	1.434837222	1.498359323	2955.90625
645000	-7809.651855	4285.053711	1.429065824	1.49547708	2979.364502
650000	-7726.771484	4079.044678	1.360361814	1.445388198	3008.373535
655000	-7700.32373	4126.305176	1.37612319	1.450029016	2992.98291
660000	-7773.824219	4132.535156	1.378200889	1.482672811	3012.768555
665000	-7900.194336	4167.785645	1.389956951	1.451644063	3006.208252
670000	-7798.681641	4257.109375	1.419746399	1.630206823	2985.852783
675000	-7810.609375	4261.704102	1.421278715	1.501121879	2985.887207
680000	-8004.552734	4183.994141	1.395362496	1.60047698	2972.000732
685000	-7823.927734	4219.45166	1.407187581	1.41995585	3011.425781
690000	-7747.124023	4280.672852	1.427604795	1.485373974	3015.984131
695000	-7857.217773	4243.986328	1.415369868	1.812537909	2944.162598
700000	-7733.583984	4341.676758	1.447949648	1.511332154	3006.832275
705000	-7754.189453	4249.523438	1.41721642	1.533377171	3001.418457
710000	-7581.285156	4149.147461	1.383741021	1.583072901	3010.508789
715000	-7720.692383	4257	1.419709921	1.705089211	2944.246094
720000	-7464.44873	4041.47998	1.347833991	1.313393474	3056.228271
725000	-7775.24707	4363.650879	1.455278039	1.54279542	2986.418457
730000	-7829.080078	4144.65332	1.382242322	1.412164569	3022.401123
735000	-7662.589355	4181.25293	1.39444828	1.371291757	3036.929688
740000	-7751.981934	4273.994141	1.425377488	1.515074849	2981.16626
745000	-7797.283203	4204.813477	1.402305722	1.650134921	2971.533691
750000	-7739.216797	4262.007812	1.421380043	1.456035137	3022.361816
755000	-7763.73584	4089.857422	1.363967896	1.445811987	3002.441406
760000	-7692.539551	4231.912109	1.411343098	1.513427019	2986.663818
765000	-7674.277344	4128.652344	1.376905918	1.422237515	3009.635742
770000	-7625.736328	4082.203369	1.361415267	1.606802344	3013.20459
775000	-7733.331055	4091.322266	1.364456415	1.429547429	3002.660645
780000	-7894.741211	4186.803711	1.396299481	1.50675106	2978.182373
785000	-7739.503418	4249.958984	1.417361736	1.428762078	3023.280029
790000	-7749.139648	4094.98877	1.365679145	1.505405307	3003.512939
795000	-7895.323242	4205.569336	1.402557731	1.539140821	2959.422363
800000	-7733.479492	4206.173828	1.402759314	1.520039558	2982.274902
805000	-7550.364258	4283.149902	1.428430915	1.713476062	3001.525391
810000	-7502.772461	4204.433594	1.402179003	1.433480382	3046.752441
815000	-7766.599121	4123.267578	1.375110149	1.569720268	2988.842041
820000	-7732.986328	4102.075684	1.368042588	1.571908951	2969.468018
825000	-7864.893555	4034.074463	1.345364213	1.520143747	2968.040039
830000	-7653.586914	4231.04248	1.411053061	1.62334156	2997.648682
835000	-7715.706055	4208.384277	1.403496504	1.444090486	3008.419922
840000	-7575.199707	4259.254883	1.420461893	1.411568165	3031.639893
845000	-7631.900391	4164.566406	1.388883233	1.487886071	2992.159424
850000	-7720.984375	4150.370117	1.384148836	1.411260843	2995.02417
855000	-7590.67334	4157.444336	1.386508107	1.488335013	3032.387451
860000	-7632.363281	4264.112793	1.422082067	1.397231579	3013.746094
865000	-7529.87207	4260.910645	1.421014071	1.492538333	3038.229492
870000	-7603.239258	4227.082031	1.409732223	1.483296394	3004.356445
875000	-7476.598633	4197.716309	1.399938822	1.431316257	3056.429199
880000	-7563.086426	4346.202148	1.449458838	1.579868317	3028.70752
885000	-7495.969727	4096.57959	1.366209626	1.523349047	3025.826416
890000	-7633.666992	4311.773438	1.437976837	1.747843742	2992.923828
895000	-7663.716309	4287.567383	1.429904103	1.378213763	3005.11084
900000	-7663.592773	4120.07373	1.374045014	1.504431725	2988.862061
905000	-7680.476562	4277.779297	1.426639795	1.489560246	2966.150391
910000	-7690.70752	4217.244141	1.406451344	1.3481673	2993.151367
915000	-7658.655762	4108.140137	1.370065093	1.309409976	3035.459229
920000	-7744.808594	4122.251953	1.374771476	1.450106382	3008.101562
925000	-7747.652832	4277.105469	1.426415086	1.391601682	3017.41333
930000	-7658.980469	4144.008301	1.382027149	1.399491906	3036.844971
935000	-7652.394531	4192.410645	1.398169398	1.454339862	3003.17749
940000	-7863.381836	4227.663574	1.409926176	1.337596416	2989.820312
945000	-7670.59668	4136.302734	1.379457355	1.480724812	3026.110107
950000	-7776.491211	4418.635742	1.473615408	1.557628989	2989.22998
955000	-7798.025391	4110.808594	1.37095511	1.638786912	2988.22876
960000	-7811.045898	4305.962891	1.43603909	1.470907807	2997.209473
965000	-7833.386719	4204.450195	1.402184486	1.433321714	3009.279541
970000	-7754.955566	4197.472656	1.399857521	1.520403385	2994.255371
975000	-7728.118652	4215.088379	1.405732393	1.852238894	2932.524414
980000	-7728.118652	4055.943604	1.352657557	1.383411527	3015.087158
985000	-7930.884766	4127.761719	1.376608968	1.587447882	2938.04248
990000	-7789.702148	4004.695557	1.335566401	1.577869534	2997.186279
995000	-7691.043457	4168.086426	1.390057206	1.643446207	2964.053711
