timestep	potential_energy	kinetic_energy	temperature	pressure	volume
0	-373.5703125	0	0	-0.04595508054	16000
5000	-10440.07617	2035.290771	0.6787696481	1.513601065	2251.717529
10000	-9301.251953	2968.609375	0.9900314808	1.451002359	2563.993652
15000	-8734.578125	3333.62793	1.111765265	1.555345297	2710.401611
20000	-8544.297852	3494.571289	1.165439844	1.47181797	2755.716797
25000	-8543.803711	3450.231689	1.150652647	1.267554641	2785.590576
30000	-8590.453125	3522.579346	1.174780488	1.670874476	2767.186768
35000	-8457.503906	3489.57251	1.163772821	1.514070392	2769.506348
40000	-8528.330078	3521.407471	1.17438972	1.343381882	2773.344727
45000	-8535.664062	3561.866455	1.187882781	1.530990839	2797.194824
50000	-8678.014648	3595.343994	1.199047565	1.45177722	2776.898438
55000	-8786.634766	3578.470459	1.193420291	1.665401936	2747.815186
60000	-8976.90918	3515.858643	1.172539234	1.738240957	2749.705078
65000	-9151.642578	3560.855957	1.187545776	1.311255693	2749.661133
70000	-9204.363281	3485.191895	1.162311792	1.577434182	2724.595215
75000	-9150.994141	3551.553467	1.184443474	1.507961988	2749.504883
80000	-9227.681641	3546.464111	1.182746172	1.336856365	2749.756104
85000	-9320.236328	3500.726074	1.167492509	1.504995465	2717.309814
90000	-9421.202148	3493.115479	1.164954305	1.382266045	2713.077148
95000	-9437.415039	3645.821777	1.215881944	1.535049558	2713.428467
100000	-9434.470703	3616.657471	1.206155658	1.45451951	2719.865479
105000	-9169.021484	3548.74707	1.183507442	1.495554447	2742.086914
110000	-9182.064453	3541.7854	1.181185722	1.463201761	2751.22583
115000	-9329.008789	3564.799561	1.188861012	1.601804614	2728.95874
120000	-9188.975586	3666.191895	1.222675323	1.405125141	2780.460693
125000	-9185.927734	3643.200195	1.215007663	1.491994977	2757.822998
130000	-9120.959961	3547.16333	1.182979345	1.640792489	2742.710449
135000	-9219.15625	3653.184326	1.218337297	1.333973765	2753.377197
140000	-9157.326172	3722.023438	1.241295218	1.549012661	2739.895508
145000	-9215.072266	3625.717773	1.209177256	1.491637588	2762.70459
150000	-9201.886719	3620.542969	1.207451463	1.333942771	2759.386475
155000	-9070.380859	3582.553467	1.194781899	1.33053875	2773.953369
160000	-9212.192383	3639.618896	1.213813305	1.719480276	2725.949219
165000	-9238.850586	3579.986816	1.193925977	1.389047503	2756.757812
170000	-9194.956055	3684.703613	1.228849053	1.672965169	2754.288086
175000	-9238.089844	3609.115234	1.203640223	1.455960155	2764.118408
180000	-9251.757812	3666.631836	1.22282207	1.538640141	2727.564453
185000	-9289.482422	3572.431152	1.191406131	1.373515248	2761.387451
190000	-9223.563477	3641.042236	1.214287877	1.434487581	2756.575684
195000	-9285.113281	3671.330566	1.224389076	1.60555768	2753.073486
200000	-9289.34082	3540.170166	1.180647135	1.799794555	2724.496826
205000	-9356.585938	3613.930664	1.20524621	1.349775195	2734.072998
210000	-9259.128906	3584.281982	1.195358396	1.512885094	2741.819336
215000	-9328.566406	3464.297363	1.155343533	1.239295959	2766.475586
220000	-9193.550781	3580.135742	1.193975568	1.324688077	2768.671143
225000	-9283.78418	3556.439941	1.186073065	1.684356093	2724.74707
230000	-9146.03125	3582.263672	1.194685221	1.524731636	2756.568604
235000	-9105.78418	3611.773193	1.204526663	1.34976089	2781.528564
240000	-9377.473633	3618.328125	1.206712723	1.463604808	2737.782959
245000	-9443.515625	3654.845703	1.218891382	1.280118465	2742.765381
250000	-9276.966797	3567.030518	1.189604998	1.587042332	2740.907715
255000	-9291.577148	3579.763184	1.193851352	1.682780862	2730.226562
260000	-9438.0625	3600.650391	1.200817227	1.564511538	2700.550781
265000	-9378.193359	3681.957031	1.227933049	1.587469459	2715.859863
270000	-9320.40332	3451.657227	1.151128054	1.576051474	2727.151367
275000	-9141.636719	3549.257812	1.183677793	1.454970598	2746.0625
280000	-9259.916016	3608.616699	1.203474045	1.60116303	2724.300537
285000	-9201.149414	3625.357666	1.209057093	1.734583139	2717.276855
290000	-8955.542969	3563.869629	1.18855083	1.388980508	2796.802002
295000	-9228.726562	3750.797363	1.250891328	1.483104706	2736.987793
300000	-8980.550781	3604.325439	1.202042818	1.657279968	2779.085205
305000	-9281.759766	3727.29834	1.24305439	1.417503834	2730.836426
310000	-9223.646484	3593.661621	1.198486447	1.354509473	2736.809326
315000	-9497.352539	3607.969727	1.203258276	1.462361455	2704.444824
320000	-9396.584961	3607.23584	1.203013539	1.271060705	2744.614258
325000	-9201.894531	3675.342773	1.225727201	1.57574904	2744.729492
330000	-9231.003906	3619.640625	1.207150459	1.544093847	2741.605957
335000	-9268.060547	3637.01709	1.21294558	1.570457697	2742.679932
340000	-9301.036133	3656.812744	1.219547391	1.542638898	2744.947021
345000	-9267.189453	3637.479248	1.213099718	1.476364493	2741.00293
350000	-9293.955078	3653.656738	1.218494892	1.574588895	2729.188965
355000	-9332.37793	3572.680176	1.19148922	1.587877989	2710.096924
360000	-9324.333008	3480.927246	1.160889626	1.455187917	2728.939697
365000	-9199.817383	3602.131348	1.201311111	1.369199038	2751.807617
370000	-9314.677734	3584.591064	1.195461512	1.53679955	2731.881592
375000	-9283.916992	3637.116699	1.212978721	1.323325515	2768.742188
380000	-9218.890625	3626.281006	1.20936501	1.433255434	2751.247803
385000	-9143.599609	3529.262207	1.177009225	1.582984686	2753.560059
390000	-9253.155273	3608.659668	1.20348835	1.321490288	2766.754883
395000	-9249.442383	3562.148682	1.187976956	1.72096467	2718.374023
400000	-9340.205078	3646.17627	1.21600008	1.538887858	2730.816162
405000	-9259.939453	3728.593018	1.243486166	1.744964123	2715.652832
410000	-9282.986328	3573.154053	1.191647172	1.690730333	2721.441406
415000	-9386.948242	3545.071289	1.182281613	1.454998016	2731.683838
420000	-9244.52832	3541.045166	1.18093884	1.469126582	2765.573486
425000	-9390.255859	3605.689453	1.202497721	1.524431229	2715.325928
430000	-9199.609375	3602.919434	1.201573968	1.532369137	2751.104004
435000	-9253.958984	3656.705566	1.219511628	1.335903883	2747
440000	-9343.691406	3635.418457	1.212412357	1.308552265	2746.675293
445000	-9179.102539	3681.723389	1.227855086	1.573113322	2739.75708
450000	-9295.62207	3575.253174	1.192347288	1.601963878	2722.832764
455000	-9106.521484	3492.445068	1.164730787	1.408368111	2756.966797
460000	-9140.476562	3568.234619	1.190006614	1.629873872	2748.445312
465000	-9083.458008	3507.629395	1.169794679	1.495959282	2778.87207
470000	-9061.831055	3547.56543	1.183113456	1.680892348	2751.370361
475000	-9175.079102	3542.759766	1.181510687	1.449771285	2756.793945
480000	-9337.154297	3649.156738	1.216994166	1.474723697	2739.025146
485000	-9212.620117	3663.324707	1.221719146	1.612732291	2741.014404
490000	-9342.433594	3559.117676	1.186966062	1.529173851	2737.277588
495000	-9308.192383	3530.953613	1.177573323	1.181217909	2766.067139
500000	-9290.765625	3618.927246	1.206912637	1.553918004	2729.558594
505000	-9324.835938	3680.52002	1.227453828	1.5373348	2733.086426
510000	-9291.306641	3677.369873	1.226403236	1.33529377	2753.012695
515000	-9292.371094	3561.055664	1.187612414	1.387420535	2761.086182
520000	-9290.895508	3591.489014	1.197761893	1.549595356	2744.803711
525000	-9384.786133	3606.529297	1.202777863	1.337757826	2753.914795
530000	-9350.447266	3566.019531	1.189267874	1.410766006	2740.780762
535000	-9235.501953	3683.882812	1.22857523	1.597554922	2723.625
540000	-9423.338867	3590.489502	1.197428584	1.547160625	2708.056885
545000	-9286.222656	3586.958008	1.196250796	1.565889239	2720.947998
550000	-9317.816406	3579.092285	1.193627596	1.38711524	2730.341309
555000	-9278.060547	3555.602051	1.185793638	1.790480018	2715.074707
560000	-9282.855469	3570.636719	1.1908077	1.342693686	2763.764404
565000	-9294.392578	3485.134277	1.1622926	1.318522453	2755.978271
570000	-9346.262695	3538.022461	1.179930806	1.331976891	2749.320312
575000	-9226.770508	3672.07373	1.224636912	1.448102713	2761.243652
580000	-9374.324219	3569.631348	1.190472364	1.59774971	2718.624512
585000	-9252.657227	3529.821777	1.177195907	1.494236588	2741.051025
590000	-9302.087891	3591.465332	1.197754025	1.478465438	2742.234375
595000	-9336.648438	3584.138916	1.195310712	1.570793629	2733.777832
600000	-9351.322266	3620.235352	1.207348824	1.401051521	2742.665283
605000	-9415.52832	3572.474365	1.191420555	1.552623749	2699.867188
610000	-9145.713867	3564.70752	1.188830256	1.441733837	2772.004395
615000	-9294.542969	3574.56665	1.192118287	1.470386624	2743.444336
620000	-9270.039062	3557.162109	1.186313868	1.421995163	2740.720703
625000	-9336.424805	3626.282715	1.209365606	1.597070217	2728.40332
630000	-9222.045898	3572.649414	1.191478968	1.514407396	2718.260986
635000	-9492.259766	3660.620605	1.220817327	1.776657581	2674.376465
640000	-9314.783203	3521.969727	1.174577236	1.313094616	2753.37085
645000	-9220.53125	3522.626709	1.174796343	1.713781238	2739.932861
650000	-9337.326172	3612.65625	1.204821229	1.659451723	2728.318115
655000	-9370.238281	3501.615723	1.167789221	1.565454483	2733.820801
660000	-9412.407227	3532.345459	1.178037524	1.408605456	2714.788574
665000	-9313.326172	3635.718262	1.212512374	1.551015496	2726.440186
670000	-9326.96582	3543.97583	1.181916237	1.399832368	2743.195068
675000	-9263.585938	3634.40625	1.212074876	1.382537365	2758.090332
680000	-9239.818359	3543.82666	1.181866527	1.409471393	2778.092285
685000	-9269.525391	3606.506592	1.202770233	1.323390007	2771.198486
690000	-9155.710938	3494.490234	1.165412784	1.570979357	2771.77124
695000	-9213.029297	3539.554688	1.180441856	1.481204271	2762.403564
700000	-9315.59375	3548.887695	1.183554411	1.612308264	2731.672363
705000	-9304.206055	3630.816895	1.210877776	1.625228763	2736.009033
710000	-9237.341797	3586.325439	1.196039915	1.371873498	2766.516846
715000	-9326.599609	3589.935547	1.19724381	1.557818294	2745.843994
720000	-9140.96875	3559.567627	1.187116146	1.360314012	2781.728027
725000	-9278.150391	3705.20166	1.23568511	1.456921458	2760.324219
730000	-9271.414062	3710.577637	1.237478018	1.451524258	2740.867432
735000	-9153.931641	3600.271729	1.200690985	1.338614941	2768.5625
740000	-9158.576172	3614.513184	1.205440521	1.378256559	2767.993896
745000	-9231.756836	3627.453613	1.209756136	1.4031111	2758.756836
750000	-9192.857422	3709.517822	1.237124562	1.533803225	2768.346436
755000	-9258.486328	3615.571289	1.205793381	1.828448534	2729.755615
760000	-9270.868164	3620.17334	1.2073282	1.578903198	2735.868652
765000	-9366.976562	3622.700195	1.208170891	1.493670583	2727.793213
770000	-9300.722656	3599.329346	1.20037663	1.677055717	2734.861816
775000	-9080.457031	3557.662598	1.186480761	1.404735088	2795.011963
780000	-9212.621094	3676.652588	1.226163983	1.568547964	2743.339111
785000	-9279.328125	3562.088379	1.18795681	1.523059249	2726.947998
790000	-9238.65918	3592.621094	1.198139429	1.446765184	2733.820068
795000	-9188.588867	3662.040771	1.221290946	1.775697231	2755.843018
800000	-9255.162109	3644.204102	1.215342402	1.538926959	2770.282715
805000	-9214.335938	3686.927246	1.229590535	1.512168407	2758.454102
810000	-9298.241211	3619.187744	1.206999421	1.320999384	2755.83374
815000	-9245.728516	3610.088379	1.203964829	1.713196635	2740.710693
820000	-9247.320312	3531.208008	1.1776582	1.483250141	2743.244629
825000	-9415.460938	3539.463867	1.180411577	1.466589689	2739.658936
830000	-9300.128906	3531.768555	1.17784512	1.448364615	2742.401855
835000	-9333.181641	3582.51709	1.19476974	1.378400326	2726.870605
840000	-9191.705078	3601.522949	1.201108217	1.326449513	2782.228027
845000	-9132.053711	3706.002441	1.235952139	1.536335111	2755.002686
850000	-9211.431641	3626.057373	1.209290504	1.428893209	2751.908203
855000	-9326.336914	3662.902832	1.221578479	1.616803527	2714.531006
860000	-9303.248047	3468.584717	1.156773329	1.355673432	2747.903564
865000	-9171.341797	3589.506836	1.197100878	1.447576165	2757.322021
870000	-9084.666016	3471.342285	1.157693028	1.37583375	2762.150879
875000	-9185.575195	3559.128418	1.186969638	1.604417682	2732.507324
880000	-9238.473633	3697.183838	1.233011127	1.439974189	2743.183105
885000	-9116.239258	3609.504395	1.203770041	1.571878195	2758.476074
890000	-9195.191406	3506.89209	1.169548869	1.442316055	2757.097412
895000	-9206.269531	3402.374023	1.134692073	1.35998404	2765.879639
900000	-9225.521484	3653.512695	1.218446851	1.495158792	2736.775635
905000	-9283.572266	3578.475098	1.193421841	1.527339101	2735.227051
910000	-9305.191406	3474.949463	1.158895969	1.490503311	2735.465332
915000	-9369.138672	3592.66626	1.198154569	1.412293077	2730.499268
920000	-9211.463867	3616.186523	1.20599854	1.509307981	2755.530518
925000	-9323.231445	3724.531982	1.24213171	1.425164938	2733.175293
930000	-9192.525391	3602.0979	1.201300025	1.460803032	2770.481201
935000	-9272.241211	3691.955811	1.231267571	1.425362706	2753.409912
940000	-9093.164062	3554.26416	1.185347438	1.305904627	2773.514893
945000	-9223.048828	3654.786865	1.218871713	1.760923505	2739.529297
950000	-9260.820312	3510.916748	1.170891047	1.497561693	2747.351318
955000	-9221.481445	3688.195801	1.230013609	1.324179411	2762.244629
960000	-9190.519531	3702.53125	1.234794497	1.493078113	2751.481445
965000	-9209.212891	3664.902344	1.222245336	1.678933144	2738.476318
970000	-9418.31543	3644.148926	1.215324044	1.321086645	2737.1521
975000	-9364.804688	3619.375977	1.207062244	1.465056062	2731.692139
980000	-9180.40918	3563.06958	1.188284039	1.565231442	2771.442627
985000	-9216.022461	3662.072754	1.221301556	1.465644121	2764.197998
990000	-9299.222656	3704.485352	1.235446215	1.504764438	2725.797119
995000	-9314.328125	3591.702148	1.197833061	1.617982864	2729.933105
