timestep	potential_energy	kinetic_energy	temperature	pressure	volume
0	-373.5703125	0	0	-0.04595508054	16000
5000	-7677.839844	3608.340332	1.203381896	1.617100835	2668.597656
10000	-5742.676758	4929.512695	1.643992901	1.518237948	3286.201416
15000	-5247.994141	4915.147461	1.639202118	1.445258141	3453.265137
20000	-5288.729004	4779.363281	1.593918085	1.540496826	3419.473145
25000	-5352.350586	4946.956055	1.649810314	1.608938694	3375.004883
30000	-5495.226562	4786.636719	1.596343756	1.509743333	3388.445801
35000	-5580.230469	4728.374512	1.576913357	1.336741209	3411.446777
40000	-5627.222656	4855.364258	1.619264483	1.567892551	3337.407471
45000	-5603.362305	4711.916016	1.571424484	1.332251191	3434.126953
50000	-5802.084961	4731.586914	1.577984691	1.511532426	3360.116455
55000	-5723.457031	4756.604492	1.58632803	1.680587053	3310.617432
60000	-5991.291992	4919.974609	1.640812039	1.438311338	3284.697754
65000	-5964.25	4847.75	1.616725087	1.568446755	3266.10498
70000	-6035.154297	4789.385742	1.597260594	1.352340698	3296.340088
75000	-5871.491211	4763.208008	1.588530302	1.321407676	3338.588379
80000	-6112.948242	4847.061035	1.616495371	1.423562884	3288.744385
85000	-6190.974121	4726.701172	1.576355338	1.36167419	3307.119873
90000	-6360.869629	4798.320312	1.600240231	1.481425166	3295.9729
95000	-5975.773438	4685.59082	1.562644958	1.58069849	3341.428467
100000	-6034.760742	4736.375977	1.579581857	1.576148391	3328.687744
105000	-6207.62207	4902.21582	1.634889483	1.414595842	3346.875732
110000	-6174.894531	4818.540039	1.606983542	1.477932453	3315.378418
115000	-6362.066895	4681.42627	1.561256051	1.485808492	3273.32251
120000	-6293.25293	4728.454102	1.57693994	1.539828658	3261.809082
125000	-6276.994629	4780.09375	1.594161749	1.468233109	3272.929199
130000	-6016.917969	4774.454102	1.592280865	1.569529772	3309.745605
135000	-6140.047363	4876.211914	1.626217127	1.498613119	3309.237305
140000	-6156.125977	4710.985352	1.571114063	1.470934749	3321.401855
145000	-6108.143555	4769.644043	1.590676785	1.641544819	3294.539795
150000	-6233.829102	4791.53418	1.597977161	1.490817189	3303.91626
155000	-6188.959961	4881.994629	1.628145695	1.572135687	3326.222168
160000	-6236.375	4844.926758	1.615783572	1.473114967	3282.053223
165000	-6285.955078	4821.533203	1.607981801	1.497959614	3301.187744
170000	-6465.30957	4611.706543	1.538004518	1.479659677	3282.01123
175000	-6471.985352	4585.120117	1.529137969	1.514884114	3282.357666
180000	-6482.96582	4687.630371	1.563325167	1.524960399	3233.057129
185000	-6196.253906	4831.583984	1.611333728	1.403533101	3318.304688
190000	-6191.205078	4712.489258	1.571615577	1.418745399	3309.524658
195000	-6296.050781	4937.958008	1.646809459	1.546080232	3302.542725
200000	-6305.67627	4659.454102	1.553928375	1.300601721	3353.063477
205000	-6415.456055	4824.587402	1.609000325	1.734738827	3262.76709
210000	-6350.28125	4678.511719	1.560284138	1.489578366	3249.021973
215000	-6399.577637	4852.357422	1.618261695	1.4837116	3292.323486
220000	-6496.698242	4869.191406	1.623875737	1.496908903	3280.17749
225000	-6463.912109	4681.453125	1.561265111	1.454501748	3233.91333
230000	-6226.644043	4757.564453	1.586648226	1.596252799	3254.499268
235000	-6283.983398	4772.141113	1.591509461	1.499815464	3346.660645
240000	-6229.453613	4640.601562	1.547641039	1.449434042	3283.106201
245000	-6246.954102	4732.985352	1.578451037	1.717898846	3272.080566
250000	-6447.509766	4908.393066	1.636949539	1.626138091	3230.645996
255000	-6226.196289	4699.577637	1.567309618	1.406275511	3297.269287
260000	-6372.154785	4693.149414	1.565165758	1.62847662	3224.470947
265000	-6474.073242	4665.007812	1.55578053	1.338284492	3296.047119
270000	-6456.844727	4644.662109	1.548995256	1.422961354	3273.510742
275000	-6379.174316	4749.634277	1.584003448	1.569843292	3281.411865
280000	-6374.414551	4681.467773	1.561269999	1.645639658	3269.473633
285000	-6376.529297	4872.857422	1.625098467	1.461857796	3300.089844
290000	-6290.543457	4796.431152	1.599610209	1.451063991	3350.420898
295000	-6277.010742	4741.104492	1.581158757	1.402272344	3378.407715
300000	-6370.478027	4743.388672	1.581920624	1.408636093	3323.687744
305000	-6341.642578	4850.13623	1.617520928	1.651322365	3279.135742
310000	-6132.369629	4667.42627	1.5565871	1.392277956	3322.742188
315000	-6561.100098	4790.366211	1.597587585	1.389779687	3269.884521
320000	-6524.904297	4650.751953	1.551026225	1.500570536	3253.545654
325000	-6521.91748	4789.155273	1.597183704	1.403962851	3278.106445
330000	-6568.696777	4657.285645	1.553205252	1.278860927	3319.604492
335000	-6338.610352	4897.716309	1.633388877	1.505226254	3291.693848
340000	-6554.692383	4782.27832	1.594890237	1.417232275	3309.70874
345000	-6495.669922	4854.677246	1.619035363	1.484231234	3283.299561
350000	-6415.204102	4831.568359	1.611328483	1.647364736	3264.650635
355000	-6546.862305	4729.336426	1.577234149	1.607354045	3247.674072
360000	-6380.36377	4763.709961	1.588697672	1.508408189	3282.61377
365000	-6146.349121	4857.726562	1.620052218	1.688830853	3323.254883
370000	-6202.042969	4899.208496	1.633886456	1.708135486	3269.093506
375000	-6273.091309	4760.615234	1.587665677	1.621444941	3276.805176
380000	-6241.953125	4839.267578	1.613896251	1.537727118	3288.603271
385000	-6617.954102	4885.854492	1.629432917	1.473273396	3261.81543
390000	-6610.560547	4790.28125	1.597559214	1.598120093	3246.933594
395000	-6325.751953	4733.983887	1.578784108	1.541113019	3316.16626
400000	-6579.779785	4813.09082	1.605166197	1.449972868	3281.61084
405000	-6434.631836	4944.129883	1.648867726	1.609924674	3320.678223
410000	-6434.364258	4825.226562	1.609213471	1.420228243	3309.190674
415000	-6405.158203	4779.384766	1.593925238	1.505866528	3275.155273
420000	-6473.99707	4656.158691	1.552829385	1.60094893	3271.696045
425000	-6485.002441	4833.019043	1.611812353	1.531608105	3273.241455
430000	-6523.358398	4711.116211	1.571157694	1.49448812	3294.831055
435000	-6413.088867	4690.30957	1.56421864	1.536337256	3267.602539
440000	-6450.030273	4771.688477	1.591358542	1.582520843	3290.923584
445000	-6373.645996	4678.153809	1.56016469	1.501742959	3264.531006
450000	-6285.310547	4850.760742	1.617729187	1.322260737	3341.24707
455000	-6199.346191	4863.303223	1.621912122	1.436296821	3341.371826
460000	-6352.647461	4884.534668	1.628992796	1.704163432	3241.93042
465000	-6409.860352	4773.321289	1.59190309	1.440075397	3280.689941
470000	-6462.236816	4738.608398	1.580326319	1.626886368	3218.386963
475000	-6314.399414	4860.200195	1.620877266	1.439403296	3289.911377
480000	-6395.075195	4824.189453	1.608867645	1.31698072	3320.857666
485000	-6231.491699	4636.421875	1.546247125	1.442340493	3309.996338
490000	-6099.829102	4807.607422	1.603337526	1.586366177	3319.664795
495000	-6423.837891	4856.674316	1.619701385	1.232622147	3351.067871
500000	-6263.541016	4735.119629	1.579162836	1.447067142	3293.852783
505000	-6331.868652	4811.624023	1.604677081	1.610075712	3260.252441
510000	-6361.707031	4785.075195	1.59582305	1.422048211	3311.304688
515000	-6483.643555	4689.65332	1.563999772	1.652528524	3240.381348
520000	-6577.455078	4808.06543	1.603490233	1.621706605	3221.510986
525000	-6452.072754	4690.587891	1.564311504	1.405934691	3271.865479
530000	-6671.592773	4837.203125	1.613207698	1.652400613	3192.127686
535000	-6475.779297	4777.583008	1.593324423	1.435825467	3277.395264
540000	-6483.740234	4685.645508	1.562663198	1.412366033	3272.087158
545000	-6345.209961	4795.583984	1.599327683	1.2806499	3332.691406
550000	-6523.802734	4759.619629	1.58733356	1.622035742	3254.38623
555000	-6453.081055	4764.488281	1.58895731	1.596752644	3252.196289
560000	-6405.320801	4787.37793	1.596590996	1.392186999	3317.152344
565000	-6320.287598	4863.069336	1.62183404	1.615678549	3292.672607
570000	-6385.444336	4855.325195	1.61925137	1.383309007	3329.720459
575000	-6397.594727	4672.490723	1.558276057	1.659317613	3261.266357
580000	-6547.022461	4777.155273	1.593181729	1.346282721	3265.531494
585000	-6526.196777	4813.919434	1.605442643	1.583478332	3272.507324
590000	-6447.805664	4848.525391	1.616983652	1.398287058	3301.533936
595000	-6590.870605	4914.552734	1.639003754	1.483803034	3273.054932
600000	-6371.501953	4807.746094	1.60338378	1.469204307	3293.401855
605000	-6286.424316	4649.165039	1.550496936	1.430035472	3288.623779
610000	-6502.865723	4852.206543	1.618211389	1.531688094	3240.958496
615000	-6289.246094	4768.332031	1.590239167	1.488122225	3263.281738
620000	-6243.500977	4678.609863	1.560316801	1.529199481	3311.919678
625000	-6314.038086	4735.21582	1.579194903	1.402928829	3346.528564
630000	-6273.064453	4920.319824	1.640927076	1.720791101	3262.829102
635000	-6413.564453	4774.566406	1.592318296	1.659982324	3258.435547
640000	-6316.649414	4835.590332	1.612669826	1.5294348	3288.805908
645000	-6422.723633	4762.332031	1.588238239	1.408473134	3306.947754
650000	-6704.342773	4887.34668	1.629930615	1.475443006	3238.68457
655000	-6583.415039	4787.283203	1.596559405	1.54157865	3261.716309
660000	-6568.087891	4958.247559	1.653576016	1.344173789	3333.30835
665000	-6514.505859	4851.793945	1.618073702	1.618475199	3316.807617
670000	-6616.076172	4944.106445	1.648859978	1.5667454	3230.832031
675000	-6562.27832	4919.308594	1.640589833	1.527968884	3267.632812
680000	-6596.239258	4947.814941	1.650096774	1.449512124	3277.178955
685000	-6534.365234	4798.651367	1.600350738	1.545591116	3253.48877
690000	-6405.342285	4757.198242	1.586526036	1.683938026	3232.123291
695000	-6261.116211	4765.969727	1.589451313	1.55939889	3280.736816
700000	-6497.352539	4823.115723	1.608509541	1.548983693	3242.347168
705000	-6487.15918	4926.72998	1.643064857	1.700713754	3249.577148
710000	-6274.681641	4814.401855	1.605603456	1.639000893	3308.145752
715000	-6039.706055	4834.845703	1.612421513	1.528695226	3359.613037
720000	-6274.63623	4900.321289	1.634257555	1.496589303	3319.779053
725000	-6353.108398	4949.92041	1.650798917	1.578624129	3254.817627
730000	-6752.604492	4880.311035	1.627584219	1.562994957	3219.950684
735000	-6486.657227	4878.317383	1.62691927	1.465736508	3303.770752
740000	-6401.009766	4843.126465	1.615183115	1.304183602	3351.560059
745000	-6307.119141	4833.239258	1.611885786	1.602339268	3294.963135
750000	-6212.904297	4915.830078	1.639429808	1.558562279	3327.206055
755000	-6489.666504	4846.958008	1.616460919	1.425224781	3260.171631
760000	-6589.314941	4791.581055	1.597992778	1.47795403	3290.708008
765000	-6487.111328	4845.271973	1.615898609	1.511660814	3318.877197
770000	-6562.262695	4849.490234	1.617305398	1.463756084	3300.751465
775000	-6255.757812	4720.008789	1.574123383	1.472213387	3347.659912
780000	-6291.62793	4797.60498	1.600001693	1.47642529	3328.289307
785000	-6105.598633	4881.264648	1.627902269	1.700702906	3346.617188
790000	-6248.291016	4744.783203	1.582385659	1.328612208	3365.862061
795000	-6477.987305	4959.55957	1.654013634	1.321140647	3278.377441
800000	-6227.422852	4808.649902	1.603685141	1.443892002	3327.161865
805000	-6177.191406	4864.561523	1.622331738	1.443675756	3309.841553
810000	-6066.058594	4790.585938	1.597660899	1.472291708	3346.596924
815000	-6154.633301	4698.005859	1.566785455	1.440639138	3313.035645
820000	-6094.339844	4835.435547	1.612618208	1.357203364	3310.182129
825000	-6201.556641	4690.27832	1.564208269	1.383091331	3303.231934
830000	-6247.654785	4838.748535	1.61372304	1.525077939	3287.606934
835000	-5984.840332	4786.869141	1.596421361	1.497284055	3313.202393
840000	-6236.658203	4806.793945	1.603066206	1.37450242	3324.753174
845000	-5991.680664	4788.625	1.597006917	1.504805088	3365.8396
850000	-6301.018066	4694.943359	1.56576407	1.480979085	3313.812744
855000	-6464.208008	4861.702148	1.621378183	1.423596621	3291.240234
860000	-6405.935547	4870.81543	1.624417424	1.499704123	3282.24707
865000	-6356.241211	4936.762207	1.646410704	1.58001852	3289.515869
870000	-6419.782715	4827.74707	1.610054135	1.531016231	3251.477051
875000	-6354.691895	4814.036133	1.605481505	1.353555202	3313.902344
880000	-6163.296875	4895.327637	1.632592201	1.563174009	3284.004883
885000	-6430.422363	4755.655273	1.586011529	1.375390172	3295.759521
890000	-6211.19043	5028.045898	1.676853776	1.678468347	3265.166992
895000	-6397.886719	4675.118652	1.559152484	1.574206114	3289.713135
900000	-6533.286621	4803.346191	1.601916432	1.391587853	3285.354492
905000	-6423.192871	4894.08252	1.632176995	1.496762037	3255.122314
910000	-6363.114258	4812.914062	1.605107307	1.378861785	3314.709961
915000	-6397.842773	4831.223633	1.611213565	1.511139989	3302.168701
920000	-6562.583984	4784.861328	1.595751762	1.390182614	3260.24707
925000	-6505.73291	4729.98877	1.577451706	1.442445159	3269.17749
930000	-6491.580078	4827.061035	1.609825253	1.521716595	3246.9104
935000	-6467.000977	4569.036133	1.523774028	1.533666134	3279.836914
940000	-6471.293945	4805.744141	1.602716088	1.406791329	3297.813232
945000	-6404.075195	4642.480469	1.548267722	1.525987744	3282.849609
950000	-6441.672852	4826.517578	1.609644055	1.676218033	3242.393311
955000	-6506.293945	4762.493652	1.588292122	1.361918092	3320.023438
960000	-6520.577637	4790.853516	1.597750068	1.572795153	3248.593506
965000	-6429.474609	4982.837891	1.6617769	1.593748927	3293.768799
970000	-6263.898438	4712.641602	1.571666479	1.604701757	3323.92627
975000	-6280.651855	4736.788574	1.579719424	1.567271113	3307.969482
980000	-6531.625	4871.572754	1.624670029	1.477435589	3230.124512
985000	-6631.780273	4674.651855	1.558996797	1.619412661	3242.500488
990000	-6476.329102	4757.092285	1.58649075	1.416216731	3265.758301
995000	-6444.388672	4985.791504	1.662761927	1.432750106	3282.577393
