timestep	potential_energy	kinetic_energy	temperature	pressure	volume
0	-351.421875	0	0	-0.04323047027	16000
5000	-8040.895508	3723.583252	1.241815329	1.639047265	2645.117188
10000	-5759.370605	5378.151367	1.79361403	1.681564808	3406.143799
15000	-4933.462402	6037.060059	2.013360023	1.412454486	3900.492188
20000	-4763.058594	6241.145508	2.081422567	1.5881567	3951.369385
25000	-4737.558594	5920.861328	1.974607825	1.453046203	3987.696045
30000	-4928.996094	5842.422852	1.948448539	1.45383656	3890.330566
35000	-5010.866211	5586.143555	1.862979412	1.355431557	3825.361572
40000	-5080.427734	5537.506836	1.846759081	1.391079187	3803.573242
45000	-5237.658203	5704.213867	1.902355909	1.434792399	3728.096191
50000	-5136.084961	5804.473633	1.935792565	1.54065764	3727.244385
55000	-5091.021484	5684.746094	1.895863414	1.449216723	3797.061523
60000	-5128.127441	5769.83252	1.924239635	1.533396482	3735.893799
65000	-5091.950684	5677.296875	1.893379092	1.452437758	3769.164551
70000	-5084.523438	5541.602539	1.848124981	1.475938201	3757.680176
75000	-5120.348633	5802.429199	1.935110688	1.482265353	3738.753662
80000	-5075.118652	5640.327148	1.881049633	1.487943649	3799.936768
85000	-5100.451172	5804.480469	1.93579483	1.461556315	3760.786133
90000	-5090.371582	5636.165039	1.87966156	1.449211836	3779.357422
95000	-4940.899414	5624.32959	1.875714421	1.485284448	3844.108643
100000	-4999.290527	5735.380859	1.912750006	1.528921008	3787.185547
105000	-5043.536133	5766.232422	1.923039079	1.424717188	3817.808594
110000	-4983.15918	5895.026367	1.965991855	1.527948499	3818.692627
115000	-4993.836426	5774.727539	1.925872207	1.504224539	3794.091064
120000	-5137.201172	5681.310547	1.894717574	1.527323127	3769.006592
125000	-5109.030762	5603.84375	1.868882418	1.294121146	3811.184082
130000	-5129.123047	5655.1875	1.886005521	1.452689171	3772.171875
135000	-5125.493652	5529.607422	1.844124556	1.467375755	3771.693359
140000	-5078.285156	5621.138672	1.87465024	1.5974648	3745.494141
145000	-5027.254883	5706.620117	1.903158307	1.740354896	3749.76416
150000	-5200.280273	5683.5625	1.895468593	1.410645127	3746.467041
155000	-5077.512695	5580.710938	1.861167669	1.369126797	3791.535156
160000	-5047.552734	5784.084473	1.928992748	1.674654603	3717.519043
165000	-5076.186523	5551.416504	1.851397872	1.484289646	3770.663574
170000	-5126.617676	5791.236328	1.931377888	1.521625042	3743.705322
175000	-5314.46875	5765.481445	1.92278862	1.435176253	3668.935547
180000	-5041.347656	5445.616211	1.816113472	1.504211545	3771.716064
185000	-5109.661133	5564.168945	1.855650902	1.484829783	3743.682617
190000	-5054.131348	5732.371582	1.911746502	1.680959225	3707.631592
195000	-4939.644531	5591.044434	1.864613891	1.669800162	3772.817627
200000	-5247.83252	5719.092773	1.907317996	1.606721163	3698.825928
205000	-5167.326172	5725.262207	1.909375429	1.368669271	3797.782959
210000	-5162.236816	5863.864258	1.955599308	1.472581744	3763.68457
215000	-5066.256836	5816.147461	1.939685702	1.457284927	3807.260986
220000	-5063.797852	5743.959473	1.915611029	1.293681026	3816.885254
225000	-5065.261719	5642.498047	1.881773591	1.400995135	3814.218994
230000	-5142.723633	5634.080566	1.878966451	1.465548992	3764.063721
235000	-5048.804199	5659.30957	1.887380242	1.53804481	3765.683105
240000	-5141.311035	5774.218262	1.925702333	1.491495132	3724.699707
245000	-5149.182617	5724.685547	1.909183145	1.48623395	3762.651855
250000	-5112.181152	5750.960938	1.917945981	1.435763359	3802.733887
255000	-5030.478516	5713.710449	1.905522943	1.530849457	3815.497559
260000	-4992.810547	5787.060547	1.929985285	1.463974833	3809.399902
265000	-5105.739258	5791.052246	1.931316495	1.49324429	3764.439941
270000	-5130.705078	5822.920898	1.941944718	1.382327557	3779.82373
275000	-5049.167969	5487.635254	1.830126882	1.385984302	3814.980957
280000	-5088.443848	5717.886719	1.906915784	1.49268198	3757.05542
285000	-5166.694336	5658.600586	1.88714385	1.305963635	3789.735352
290000	-5030.355469	5660.910645	1.887914181	1.58055985	3774.850098
295000	-5098.961426	5661.757812	1.888196826	1.505843163	3737.467529
300000	-5161.917969	5755.794434	1.919558048	1.405655742	3761.613281
305000	-5044.798828	5492.795898	1.831847906	1.365373015	3829.766357
310000	-5193.59668	5721.611328	1.908157945	1.423261166	3771.569336
315000	-5034.473633	5618.105469	1.873638749	1.461053371	3807.635254
320000	-5230.373535	5756.756348	1.91987884	1.522047162	3702.466064
325000	-5103.465332	5712.053711	1.904970407	1.632219911	3713.779053
330000	-5105.430664	5810.740723	1.937882543	1.542397857	3742.446777
335000	-5013.917969	5801.90625	1.934936285	1.456705213	3836.82959
340000	-5102.408203	5909.360352	1.970772266	1.62618041	3738.054443
345000	-5082.883789	5834.965332	1.945961475	1.472139001	3768.881592
350000	-5161.519531	5621.853027	1.874888539	1.577620268	3693.937012
355000	-5135.214844	5553.062988	1.851947069	1.564692855	3717.37207
360000	-5164.590332	5638.363281	1.880394697	1.487001419	3726.634521
365000	-5136.014648	5677.646484	1.893495679	1.463109612	3730.603027
370000	-5203.471191	5708.203125	1.903686285	1.519166946	3700.44873
375000	-5153.637695	5784.021484	1.928971767	1.568896651	3705.617432
380000	-5132.885742	5636.126465	1.879648685	1.535819769	3739.203125
385000	-5150.148926	5593.039551	1.865279198	1.465655923	3756.74707
390000	-5174.199219	5772.34375	1.9250772	1.586867213	3718.456787
395000	-5031.143555	5627.927246	1.876914263	1.410072803	3825.524658
400000	-5030.764648	5578.949219	1.860580087	1.649865627	3753.64502
405000	-5214.319336	5684.125977	1.895656586	1.5562886	3699.681152
410000	-5015.09375	5532.295898	1.845021248	1.504420161	3788.561279
415000	-5136.904785	5686.894531	1.896579862	1.456327438	3754.166748
420000	-5181.280762	5827.457031	1.943457484	1.56963253	3719.091064
425000	-5098.083008	5637.040039	1.879953384	1.410731316	3797.058105
430000	-5083.776367	5573.237305	1.858675122	1.545758486	3758.860107
435000	-5077.425781	5782.395996	1.928429604	1.514032006	3787.11792
440000	-5066.900391	5888.376953	1.963774323	1.734270453	3724.22168
445000	-5127.912109	5816.114258	1.939674616	1.446565151	3781.378174
450000	-5152.277344	5762.421875	1.921768188	1.429805398	3776.366211
455000	-5071.283203	5611.925781	1.87157774	1.586116552	3735.333496
460000	-5084.743164	5822.784668	1.94189918	1.424464822	3798.013672
465000	-5065.700195	5755.094727	1.919324636	1.536863089	3796.147705
470000	-5111.699219	5682.671387	1.895171404	1.418093204	3772.182617
475000	-5184.367676	5765.405762	1.922763348	1.444574475	3744.210205
480000	-4961.587402	5654.094727	1.885641098	1.515960932	3801.981934
485000	-5003.629395	5831.182617	1.944700003	1.602241993	3800.439697
490000	-5024.229004	5761.402344	1.921428204	1.517150998	3805.296875
495000	-5043.549805	5728.869629	1.910578609	1.726673961	3683.155273
500000	-5129.986328	5451.569824	1.818099022	1.340465426	3799.093018
505000	-5036.517578	5585.03125	1.862608433	1.526061773	3757.095459
510000	-5172.275391	5670.379883	1.891072273	1.654087424	3684.503662
515000	-5271.652344	5767.953125	1.923612952	1.734297037	3619.930176
520000	-5042.291016	5439.625	1.814115405	1.403087854	3815.607666
525000	-5101.958984	5751.079102	1.917985439	1.462178469	3790.042969
530000	-5195.926758	5704.609863	1.902487874	1.779239058	3644.625
535000	-5142.825684	5580.688965	1.861160278	1.423479438	3778.313477
540000	-5107.860352	5814.518555	1.939142466	1.545044661	3768.297607
545000	-5062.728516	5888.366211	1.963770747	1.570473313	3733.425293
550000	-5129.697266	5617.742188	1.873517513	1.517416477	3726.728027
555000	-5083.467773	5884.215332	1.96238637	1.510517597	3778.619385
560000	-5040.806641	5738.386719	1.913752556	1.49458003	3789.951172
565000	-5051.672363	5708.550781	1.903802276	1.380310655	3828.307129
570000	-5144.275391	5635.197266	1.879338861	1.450507164	3762.916992
575000	-5036.12793	5621.808594	1.874873757	1.483018279	3802.269287
580000	-5041.030273	5513.10791	1.838621974	1.394761324	3816.549561
585000	-5049.678711	5597.676758	1.8668257	1.407546282	3796.050293
590000	-5105.149414	5771.596191	1.924827933	1.503662109	3776.136475
595000	-5122.705078	5753.402344	1.91876018	1.571302176	3722.394775
600000	-5112.499512	5624.844727	1.875886202	1.498619437	3737.253174
605000	-5094.674805	5726.922363	1.909929156	1.471133232	3771.550293
610000	-5183.208984	5699.507812	1.9007864	1.646364689	3700.884277
615000	-5037.925781	5554.455078	1.85241127	1.466208816	3790.460938
620000	-5074.134766	5658.711914	1.887180924	1.452898383	3760.820068
625000	-5033.43457	5527.71582	1.8434937	1.353176594	3833.87793
630000	-5205.248047	5871.886719	1.958274722	1.557352185	3704.45874
635000	-5116.768555	5815.525879	1.939478397	1.46588099	3787.561035
640000	-5051.267578	5750.046875	1.917641163	1.628240466	3774.314941
645000	-5147.330078	5558.380859	1.853720546	1.586558223	3705.624756
650000	-5129.450195	5843.342773	1.948755383	1.599488735	3722.375732
655000	-5131.973633	5739.925781	1.914265752	1.294317722	3837.510498
660000	-5256.333008	5859.94043	1.954290748	1.533500791	3702.055664
665000	-5037.418945	5500.393555	1.834381819	1.590204597	3749.576172
670000	-5105.638672	5508.430664	1.83706212	1.531932592	3727.098145
675000	-5154.922363	5649.459961	1.88409543	1.441325665	3799.266602
680000	-5033.199219	5591.68457	1.864827275	1.592306852	3763.768066
685000	-5008.802734	5569.413086	1.857399821	1.537930846	3798.547852
690000	-5146.43457	5731.238281	1.911368489	1.487506151	3726.143799
695000	-5170.350586	5784.288086	1.929060578	1.517382741	3742.445068
700000	-5046.547363	5707.460938	1.903438807	1.475291133	3812.793701
705000	-5019.629883	5414.113281	1.805607319	1.489541769	3794.722412
710000	-5139.598633	5773.279785	1.925389409	1.476008415	3757.642822
715000	-5054.088867	5805.205078	1.936036468	1.483637094	3794.537109
720000	-5011.639648	5683.58252	1.895475268	1.418023109	3834.819092
725000	-5025.725586	5722.513672	1.908458829	1.512622714	3792.054199
730000	-5070.208008	5669.360352	1.890732169	1.503510952	3795.583252
735000	-5034.853516	5666.521484	1.889785409	1.637119293	3754.287598
740000	-5175.577637	5689.958008	1.897601485	1.441303372	3733.732666
745000	-5150.761719	5654.942383	1.885923862	1.375523806	3768.477539
750000	-5068.537109	5639.803711	1.880875111	1.572591186	3754.798096
755000	-4963.34668	5766.311523	1.923065424	1.642570257	3807.603516
760000	-5071.238281	5568.052734	1.856946111	1.627156496	3703.313477
765000	-5102.699219	5744.291504	1.915721774	1.509566069	3746.303467
770000	-5100.74707	5660.640625	1.887824178	1.364413738	3787.625
775000	-5137.228516	5548.852539	1.850542903	1.330305099	3771.377197
780000	-5183.625977	5647.870117	1.883565187	1.342307687	3779.680176
785000	-5115.635254	5607.450195	1.87008512	1.522906303	3776.53418
790000	-5210.649414	5836.214844	1.946378231	1.578161478	3687.839355
795000	-5088.200195	5704.286133	1.90237999	1.432442069	3796.084229
800000	-5038.166504	5604.146484	1.868983388	1.417741776	3820.855957
805000	-5148.34668	5602.423828	1.868408918	1.597205997	3688.331543
810000	-5149.21582	5538.052734	1.846941113	1.365470648	3766.702148
815000	-5066.36084	5565.980469	1.856255054	1.530897856	3788.201416
820000	-4968.125488	5632.690918	1.878502965	1.489550114	3833.311768
825000	-5055.330078	5692.438477	1.898428798	1.353805423	3814.654541
830000	-5154.651367	5684.192383	1.895678639	1.586486697	3717.404785
835000	-5122.238281	5604.733398	1.86917913	1.425135255	3771.454102
840000	-4994.056641	5758.539062	1.920473337	1.780691743	3741.418213
845000	-4953.500977	5645.407227	1.882743835	1.598341942	3818.220703
850000	-4860.607422	5566.408691	1.856397867	1.466465831	3882.902344
855000	-5056.328613	5849.522949	1.950816512	1.367041588	3835.937256
860000	-5069.258789	5550.839844	1.851205587	1.401744604	3789.43457
865000	-5084.505859	5699.71875	1.900856733	1.410863519	3804.615234
870000	-5026.429688	5736.546387	1.913138747	1.55356431	3744.112061
875000	-5026.387695	5766.284668	1.923056483	1.48141253	3844.246338
880000	-4965.608398	5684.054688	1.895632744	1.509861469	3811.466309
885000	-5026.6875	5807.587891	1.936831117	1.566436768	3786.078369
890000	-4996.344238	5812.467285	1.938458443	1.69026196	3744.610107
895000	-5079.275391	5814.341797	1.939083576	1.500838757	3786.328613
900000	-5057.62793	5714.172363	1.90567708	1.365898848	3814.250732
905000	-5129.265625	5829.257812	1.944058061	1.569605112	3749.543457
910000	-5105.797852	5823.216309	1.942043185	1.40814364	3778.833496
915000	-5060.650879	5771.071289	1.924652815	1.428599715	3799.501953
920000	-5093.556641	5595.720215	1.866173267	1.649114847	3724.198486
925000	-5024.080078	5780.154297	1.927682042	1.570285201	3760.02002
930000	-5025.28418	5714.369141	1.905742645	1.508112192	3807.084961
935000	-5125.28125	5756.418945	1.919766307	1.401195645	3757.617432
940000	-5066.951172	5690.862305	1.897903085	1.437876225	3801.358643
945000	-4967.742676	5464.860352	1.822531462	1.362989783	3855.11499
950000	-5142.983398	5750.794922	1.917890668	1.605651379	3704.344482
955000	-5127.598633	5505.506348	1.836086869	1.32002902	3791.820068
960000	-5138.931152	5631.125977	1.877981067	1.462213993	3766.542236
965000	-5034.97168	5586.608398	1.863134384	1.428597569	3785.544434
970000	-5080.004883	5688.90918	1.897251725	1.403792739	3799.397461
975000	-5095.580078	5640.722656	1.881181598	1.570538282	3765.800049
980000	-5219.915039	5915.93457	1.972964764	1.533535957	3694.759033
985000	-5035.868164	5557.768555	1.85351634	1.405379057	3823.49707
990000	-5002.008789	5710.433594	1.904430151	1.349086165	3865.677979
995000	-5096.067871	5877.820312	1.960253596	1.486333013	3786.813965
