timestep	potential_energy	kinetic_energy	temperature	pressure	volume
0	-396.2109375	0	0	-0.04874023795	16000
5000	-10156.93945	2388.923828	0.7967063189	1.699151397	2331.893311
10000	-7837.029785	3691.173096	1.231006622	1.291171074	2800.256592
15000	-7398.780762	4122.48584	1.374849439	1.486875296	3018.929443
20000	-7328.494141	4440.167969	1.480796456	1.175090313	3117.335693
25000	-7058.925781	4438.083008	1.480101109	1.562915444	3133.981201
30000	-7143.429199	4456.743164	1.48632431	1.44539547	3114.862305
35000	-7071.804688	4359.637695	1.453939557	1.556189299	3102.841309
40000	-7311.95752	4555.564453	1.519281149	1.531616926	3066.939941
45000	-7297.516113	4506.47168	1.502908707	1.560042262	3097.428955
50000	-7228.14209	4643.371094	1.548564672	1.544499278	3088.93335
55000	-7376.27002	4521.654297	1.507972121	1.519242406	3099.520508
60000	-7471.082031	4403.26709	1.468490005	1.376374841	3126.53833
65000	-7598.744629	4518.52002	1.506926894	1.371820569	3077.45874
70000	-7723.311523	4425.132812	1.475782156	1.685474634	3041.12793
75000	-7992.951172	4522.493652	1.508252025	1.373255372	3033.786133
80000	-7951.189453	4375.555664	1.459248185	1.431478381	3064.583252
85000	-7831.232422	4448.773926	1.483666539	1.335381389	3085.169434
90000	-7984.541016	4450.502441	1.484243035	1.478398919	3087.306396
95000	-8009.174316	4562.88623	1.521723032	1.557465553	3074.706299
100000	-7896.788086	4574.640137	1.525642872	1.448217154	3098.356689
105000	-7922.186523	4356.091797	1.452757001	1.576246142	3072.552979
110000	-7864.682617	4470.946289	1.491060972	1.394195676	3110.584229
115000	-8082.193848	4538.206055	1.513492107	1.498648167	3061.084473
120000	-8149.31543	4629.477539	1.543931246	1.532207966	3038.782959
125000	-7914.858887	4530.944824	1.51107049	1.535068274	3061.016357
130000	-7780.687988	4564.219727	1.522167683	1.412847757	3091.512695
135000	-7988.756348	4637.013672	1.546444535	1.690243244	3038.955566
140000	-7903.546875	4560.337891	1.52087307	1.384456277	3085.256592
145000	-7907.549805	4497.21875	1.499822855	1.506319165	3070.008057
150000	-8010.907227	4509.915039	1.50405705	1.622714639	3037.652588
155000	-8292.217773	4567.567871	1.523284316	1.460022092	2999.649902
160000	-8211.923828	4559.938477	1.520739913	1.553681374	3023.510742
165000	-8008.485352	4398.414062	1.4668715	1.479140997	3054.610107
170000	-8224.490234	4441.043945	1.481088519	1.458031058	3057.37085
175000	-8049.137207	4449.319336	1.483848453	1.517522335	3096.526855
180000	-8316.245117	4525.655273	1.509306431	1.334628224	3032.375488
185000	-8348.838867	4484.081055	1.495441437	1.330685973	3054.119873
190000	-8124.168457	4522.400879	1.508221149	1.61068809	3050.993896
195000	-8174.261719	4448.932617	1.483719468	1.414987087	3062.550049
200000	-8300.447266	4516.454102	1.506237864	1.475528955	3022.744141
205000	-8214.916016	4466.861328	1.489698648	1.419695735	3051.106201
210000	-8135.580566	4426.862305	1.47635901	1.565433979	3060.422119
215000	-8233.270508	4530.920898	1.511062503	1.630621195	3036.422607
220000	-8032.552734	4559.18457	1.520488501	1.494172454	3059.678223
225000	-8163.807617	4464.713379	1.48898232	1.485024571	3027.22168
230000	-8205.441406	4545.375977	1.515883327	1.606004953	3029.773682
235000	-7951.602539	4492.838379	1.498362064	1.431368589	3086.578369
240000	-8065.474121	4382.628906	1.461607099	1.490807176	3080.557617
245000	-7987.751953	4370.608398	1.457598329	1.32743609	3100.069336
250000	-8088.794922	4382.383301	1.461525202	1.468720198	3065.061523
255000	-7904.478027	4553.195312	1.51849103	1.519315124	3061.583252
260000	-7869.199219	4364.595215	1.455592871	1.443958879	3079.080322
265000	-7999.635742	4722.298828	1.574887156	1.403555274	3084.092529
270000	-8000.871094	4498.285156	1.500178576	1.519295573	3087.475586
275000	-7839.467773	4458.20752	1.486812592	1.459248304	3105.401855
280000	-7799.799805	4585.304688	1.5291996	1.543668509	3044.460449
285000	-8173.747559	4562.710938	1.5216645	1.451592922	3015.947998
290000	-7964.860352	4438.673828	1.480298162	1.517489314	3063.833984
295000	-7884.640625	4382.758789	1.461650491	1.405206919	3104.474854
300000	-8155.348633	4483.371094	1.495204687	1.369835138	3056.521973
305000	-8151.495117	4477.029297	1.493089676	1.651813984	3020.975586
310000	-7985.225098	4448.451172	1.483558893	1.380882621	3081.484863
315000	-8011.158203	4538.333496	1.513534665	1.623042226	3064.943115
320000	-8012.736328	4498.905762	1.500385523	1.602934599	3023.715576
325000	-8024.602539	4223.859375	1.408657551	1.495635629	3073.042725
330000	-7920.564941	4507.287598	1.503180861	1.47674346	3076.174561
335000	-7947.637207	4566.163574	1.522815943	1.610546589	3053.286621
340000	-7892.619629	4713.135254	1.571831107	1.541748643	3078.315918
345000	-7792.258301	4560.97168	1.521084428	1.550717235	3071.478271
350000	-7991.942871	4473.172363	1.491803408	1.34241271	3101.370605
355000	-8203.578125	4608.947266	1.537084341	1.492051959	3012.434082
360000	-8119.701172	4454.899414	1.485709429	1.598062158	3006.030518
365000	-7939.820312	4404.163086	1.468788862	1.515496612	3068.655273
370000	-8018.992188	4465.616699	1.489283562	1.525889516	3058.687744
375000	-7938.642578	4474.901367	1.492380023	1.443415642	3054.56958
380000	-7913.621094	4560.487305	1.520922899	1.38890624	3101.427246
385000	-7850.00293	4443.640625	1.481954575	1.446427941	3090.172607
390000	-8147.3125	4626.55957	1.542958021	1.560438275	3043.680176
395000	-8119.482422	4489.459961	1.497235298	1.419607878	3038.849854
400000	-8029.025391	4507.418457	1.503224492	1.540974021	3077.911133
405000	-8019.706055	4497.338867	1.499862909	1.460671782	3058.562256
410000	-7979.601562	4555.111328	1.519130111	1.706097126	3023.645508
415000	-7913.606445	4599.537598	1.533946276	1.610131621	3053.573486
420000	-8045.405273	4434.396484	1.478871703	1.545310736	3032.088867
425000	-8098.52832	4493.121582	1.498456478	1.616966128	3026.657715
430000	-8062.465332	4436.261719	1.479493737	1.516206145	3042.174316
435000	-7930.816895	4453.092285	1.485106707	1.602487683	3045.342041
440000	-7726.032715	4577.749023	1.526679754	1.587702394	3097.327148
445000	-7730.274414	4606.265625	1.536190033	1.497029066	3075.204102
450000	-7871.988281	4548.280762	1.516852021	1.501326084	3057.708008
455000	-7725.044922	4431.049805	1.477755547	1.448808908	3103.87915
460000	-7666.482422	4338.766602	1.446979046	1.534044147	3106.780762
465000	-7790.355957	4419.847656	1.474019647	1.454217434	3078.940674
470000	-7864.638184	4497.694336	1.499981523	1.453180313	3096.991699
475000	-7928.604004	4503.341797	1.50186491	1.51484549	3048.290039
480000	-8058.712891	4578.899414	1.52706337	1.413123012	3018.779785
485000	-7983.514648	4455.84082	1.486023307	1.522788644	3038.173584
490000	-8042.200684	4524.055176	1.50877285	1.748285651	3004.359375
495000	-8171.569336	4546.779785	1.516351461	1.547260642	3039.417725
500000	-8036.333984	4428.458984	1.476891518	1.482267499	3030.499756
505000	-8109.914062	4527.367188	1.509877443	1.331429958	3062.421387
510000	-8098.027344	4444.84668	1.482356787	1.55759871	3062.674805
515000	-8115.867188	4591.089355	1.531128764	1.37635684	3077.883545
520000	-7917.618652	4447.842773	1.483355999	1.464361429	3087.985107
525000	-7904.867676	4489.419922	1.497221947	1.65486145	3058.835938
530000	-8099.417969	4311.929688	1.438028932	1.351080298	3048.442383
535000	-8072.62793	4393.935059	1.465377808	1.334442139	3062.168701
540000	-8089.724121	4572.56543	1.524950981	1.540890694	3044.859619
545000	-8162.463379	4497.335449	1.499861836	1.471165299	3008.025391
550000	-8160.304688	4496.449707	1.499566436	1.424253106	3011.345947
555000	-8230.345703	4501.506836	1.501253009	1.594934702	2991.432617
560000	-8126.223145	4496.10498	1.499451399	1.550207615	3001.231445
565000	-8140.729004	4445.815918	1.482680082	1.566670775	3040.842041
570000	-7955.264648	4508.076172	1.503443837	1.487311602	3047.018555
575000	-7948.280762	4541.427246	1.514566422	1.474650264	3041.883301
580000	-7932.129883	4443.758789	1.481994033	1.526664019	3071.726318
585000	-7803.120117	4599.376953	1.533892632	1.240517616	3121.969238
590000	-7883.232422	4588.045898	1.530113697	1.657033682	3092.750732
595000	-8076.619141	4674.734375	1.559024334	1.539986014	3078.030029
600000	-8059.854492	4588.366699	1.530220747	1.533690691	3066.608154
605000	-7681.499023	4440.976074	1.481065989	1.263542175	3106.461426
610000	-7860.161133	4395.55957	1.465919495	1.639096379	3047
615000	-7907.038086	4481.90625	1.494716167	1.527083039	3058.350586
620000	-7996.201172	4615.597168	1.539302111	1.359360218	3078.412109
625000	-7970.596191	4421.947266	1.474719882	1.316565752	3130.594238
630000	-7918.682617	4439.956543	1.480725884	1.602983117	3070.857178
635000	-8101.570312	4588.902344	1.530399323	1.591718435	3003.944336
640000	-8146.084961	4565.368164	1.522550702	1.534439802	3035.837646
645000	-8167.318359	4416.721191	1.472976923	1.478593707	3038.664062
650000	-8123.032227	4573.476562	1.525254846	1.549374819	3040.480957
655000	-7884.933594	4526.104492	1.509456277	1.409256577	3075.444824
660000	-7973.634766	4446.725586	1.482983351	1.638831615	3075.791992
665000	-8082.447266	4668.986328	1.557107329	1.359584808	3064.43335
670000	-8164.604492	4351.398926	1.451191902	1.186152577	3071.32251
675000	-8175.56543	4502.905273	1.501719356	1.39648962	3047.700439
680000	-8209.316406	4479.40625	1.493882418	1.625201702	3045.140869
685000	-8159.777344	4524.139648	1.508800983	1.463891983	3050.776855
690000	-8050.347168	4451.00293	1.484409928	1.529979944	3103.038574
695000	-7979.148438	4540.420898	1.514230847	1.710756898	3070.596924
700000	-7996.766602	4426.737305	1.476317286	1.441691875	3110.407715
705000	-8155.290039	4583.983887	1.528759003	1.516175389	3053.090088
710000	-8302.735352	4539.580078	1.513950348	1.507805705	3018.599854
715000	-8188.827637	4447.19873	1.483141184	1.384690166	3055.504883
720000	-8178.432617	4450.921387	1.484382749	1.486990333	3068.628906
725000	-8092.871094	4521.427734	1.507896543	1.624255061	3029.858398
730000	-8028.955566	4550.611328	1.517629266	1.366049051	3068.231445
735000	-8110.819336	4457.63916	1.486623049	1.538800597	3050.110352
740000	-8144.194336	4495.39502	1.499214649	1.595412135	3034.294678
745000	-8164.34375	4539.740723	1.514003992	1.479674578	3028.947998
750000	-8038.026367	4451.899902	1.484709024	1.381585479	3085.494141
755000	-7896.306641	4595.961914	1.532753706	1.576125503	3090.824463
760000	-8046.188965	4560.324219	1.52086854	1.446223378	3038.397217
765000	-7899.706543	4433.802734	1.478673577	1.470423222	3073.14624
770000	-8218.12793	4470.126953	1.490787745	1.363445401	3029.597168
775000	-8089.876953	4513.274902	1.505177617	1.391056895	3079.140625
780000	-8053.04248	4272.214355	1.424783945	1.513496876	3033.782471
785000	-8056.100586	4589.458984	1.530585051	1.457437634	3018.060059
790000	-7995.203125	4515.286133	1.505848408	1.73692596	2985.693604
795000	-7948.275391	4481.994629	1.494745612	1.60916841	3065.213867
800000	-8003.328613	4548.825195	1.517033577	1.499230027	3050.717041
805000	-8049.022461	4535.1875	1.512485504	1.443551302	3054.090088
810000	-7998.928711	4398.951172	1.467050672	1.357344627	3086.353027
815000	-8135.914062	4495.534668	1.49926126	1.500080347	3037.118652
820000	-8227.080078	4409.830078	1.470678806	1.53950572	3028.853027
825000	-7893.376953	4444.477539	1.482233644	1.382868052	3093.503662
830000	-8231.691406	4530.119141	1.510795116	1.454539418	3032.590576
835000	-8050.514648	4444.880371	1.482367992	1.36972177	3057.741455
840000	-8219.828125	4394.136719	1.465445042	1.706449628	2989.632568
845000	-8381.675781	4320.038086	1.440733075	1.603552938	2991.574951
850000	-8335.962891	4512.09668	1.504784703	1.441798449	3029.087646
855000	-8393.884766	4567.297852	1.523194313	1.517280579	2992.846191
860000	-8288.766602	4597.762695	1.533354282	1.491908073	3051.145264
865000	-8150.078125	4397.3125	1.466504097	1.602293968	3001.128662
870000	-8005.629395	4459.392578	1.48720789	1.407593727	3078.962158
875000	-7951.966797	4406.091797	1.469431996	1.49282527	3094.18335
880000	-7909.40625	4642.089844	1.548137426	1.521329165	3064.436523
885000	-7998.328613	4516.229492	1.506163001	1.229721308	3121.328857
890000	-7851.080078	4484.071289	1.495438218	1.630446196	3036.229004
895000	-7941.606934	4468.037109	1.490090847	1.346114755	3108.874023
900000	-7777.182129	4491.606445	1.49795115	1.497209907	3078.977295
905000	-8039.762207	4400.258789	1.467486739	1.288121819	3096.365234
910000	-8120.730469	4389.128906	1.46377492	1.516433358	3026.659912
915000	-7755.620117	4450.530762	1.484252453	1.491504073	3096.499268
920000	-8107.049805	4383.054199	1.461748958	1.439984918	3019.099121
925000	-8032.30127	4454.044434	1.48542428	1.552567482	3039.368164
930000	-8117.547852	4338.716797	1.446962476	1.448364854	3035.046387
935000	-8123.255859	4514.812988	1.505690575	1.568990707	3016.036621
940000	-7900.351074	4299.142578	1.433764458	1.376561642	3110.401367
945000	-8077.818359	4484.679199	1.495640993	1.590782166	3044.182861
950000	-7940.810059	4495.860352	1.49936986	1.430271983	3070.955566
955000	-7879.079102	4553.82373	1.5187006	1.434262753	3099.488281
960000	-7883.302734	4351.589844	1.451255679	1.178067923	3115.906006
965000	-8044.809082	4510.234375	1.504163623	1.408478379	3038.466309
970000	-8061.450195	4403.357422	1.468520164	1.689564109	2998.999512
975000	-7881.975586	4402.212891	1.468138456	1.549408793	3042.331299
980000	-7990.935059	4685.795898	1.562713385	1.712161899	3048.562012
985000	-7953.380859	4545.239258	1.515837669	1.320540428	3148.525146
990000	-7962.736816	4345.315918	1.449163318	1.448343515	3106.72998
995000	-7996.339355	4502.039551	1.501430631	1.587999821	3051.805176
