timestep	potential_energy	kinetic_energy	temperature	pressure	volume
0	-221.4843903	0	0	-0.05449219048	8000
5000	-7415.148438	758.6610718	0.5062803626	1.862354875	1091.694458
10000	-7218.163086	972.6671143	0.6490938663	1.293089986	1123.714355
15000	-7562.577637	871.5041504	0.5815843344	1.357394457	1085.414551
20000	-7711.798828	873.7196045	0.5830628276	1.619218469	1064.745728
25000	-7712.954102	825.7965698	0.5510821342	1.435371876	1067.307007
30000	-7736.421875	927.6625366	0.6190607548	1.680734515	1062.258789
35000	-7709.495605	889.9614258	0.593901515	1.491603494	1067.105347
40000	-7663.854492	896.7897949	0.5984583497	1.336699247	1075.175171
45000	-7677.896484	945.4716797	0.6309453845	1.856050968	1065.399536
50000	-7662.168945	949.4007568	0.6335673928	1.880418897	1066.0979
55000	-7706.332031	881.8214111	0.5884694457	1.278626442	1071.623047
60000	-7718.544922	868.6496582	0.5796794891	1.418271065	1068.265015
65000	-7695.856934	906.9116211	0.6052129865	1.523088098	1068.815796
70000	-7701.464844	915.5588379	0.6109835505	1.3932513	1069.97998
75000	-7664.630859	917.8162842	0.6124899983	1.291479588	1075.355591
80000	-7706.031738	921.2568359	0.6147860289	1.824219108	1062.449707
85000	-7721.57373	902.3575439	0.6021738648	1.468903065	1066.577515
90000	-7755.657715	879.9193726	0.5872001052	1.753036737	1058.736572
95000	-7850.63916	886.9997559	0.5919250846	1.558631182	1053.553955
100000	-8136.539551	920.397583	0.6142126322	1.445675015	1032.329102
105000	-8296.775391	911.1313477	0.6080289483	1.389964461	1017.769043
110000	-8390.584961	922.9744263	0.6159322262	1.760728955	1005.201721
115000	-8480.685547	874.8538818	0.583819747	1.615532517	1000.158813
120000	-8536.109375	840.045166	0.5605906844	1.362165093	999.2194214
125000	-8502.890625	845.2560425	0.564068079	1.5872159	998.5861816
130000	-8461.100586	926.7755127	0.618468821	1.23343122	1007.301025
135000	-8421.773438	947.8765259	0.6325502396	1.702919722	1003.535217
140000	-8442.219727	911.1496582	0.6080411673	1.347304106	1007.164429
145000	-8506.338867	875.8543091	0.5844873786	1.380255222	1000.772705
150000	-8547.540039	862.274292	0.5754249692	1.59170258	994.4102783
155000	-8541.868164	887.1971436	0.5920568109	1.303476214	999.6132202
160000	-8477.682617	922.2388306	0.6154413223	1.606832385	1000.253845
165000	-8469.03125	956.9946899	0.6386350989	1.373880863	1004.515808
170000	-8472.935547	926.1882935	0.6180769205	1.729313016	998.7860107
175000	-8478.931641	859.0300293	0.5732599497	1.39265883	1002.341003
180000	-8516.013672	852.1328735	0.5686572194	1.154558182	1003.371216
185000	-8534.580078	890.2515869	0.5940951705	1.584404349	995.9845581
190000	-8491.864258	899.2836914	0.600122571	1.531282783	1000.224609
195000	-8464.894531	934.9467163	0.623921752	1.924168468	997.0928955
200000	-8499.412109	949.4849243	0.6336236	1.769334793	996.7388306
205000	-8512.296875	894.2761841	0.5967808962	1.713339686	996.0581665
210000	-8530.78418	861.385376	0.5748317838	1.458060145	997.5678711
215000	-8562.931641	909.5690918	0.6069864035	1.770548463	991.656189
220000	-8509.923828	938.4802856	0.6262798309	1.635356784	997.4569702
225000	-8482.274414	948.0289307	0.6326519251	1.305151463	1004.227661
230000	-8448.532227	905.1661377	0.6040481329	1.362465024	1005.989746
235000	-8504.333008	899.0609741	0.5999739766	1.755818844	996.0664062
240000	-8525.042969	858.6339722	0.5729956627	1.228633523	1001.109009
245000	-8559.399414	917.7928467	0.6124743819	1.639811158	993.5684814
250000	-8444.299805	860.0247803	0.5739237666	1.370230556	1005.338684
255000	-8426.181641	893.3365479	0.5961538553	1.262391329	1008.750977
260000	-8470.369141	921.4468384	0.6149128079	1.109372735	1007.514648
265000	-8510.021484	890.5189209	0.5942735672	1.653959751	996.7819214
270000	-8531.553711	850.2827148	0.5674225688	1.463336587	997.2116699
275000	-8518.705078	848.4391479	0.5661923289	1.545544386	997.2853394
280000	-8488.609375	891.6650391	0.595038414	1.649238706	998.3457642
285000	-8468.400391	920.0743408	0.613996923	1.363312244	1004.00708
290000	-8473.15625	929.8843384	0.6205434203	1.416146278	1003.232727
295000	-8516.701172	920.0699463	0.6139939427	1.293654442	1001.161133
300000	-8523.538086	859.3474121	0.5734717846	1.814825654	993.5895996
305000	-8528.302734	873.9838867	0.5832391977	1.241848826	1001.021179
310000	-8531.939453	940.374939	0.6275441647	1.662200689	995.78479
315000	-8466.162109	913.5450439	0.6096397042	1.732626796	999.1973877
320000	-8480.242188	920.9700928	0.6145946383	1.242818594	1004.958557
325000	-8504.138672	883.9520874	0.5898913145	1.131065607	1004.683594
330000	-8542.600586	884.3682861	0.5901690125	1.232247829	1000.333923
335000	-8519.640625	873.6785889	0.5830354095	1.473553538	998.192627
340000	-8492.142578	914.8425293	0.6105055213	1.57190001	999.6378174
345000	-8435.425781	886.7741699	0.5917745829	1.596569419	1003.346252
350000	-8494.347656	925.6223145	0.6176992655	1.067243695	1006.769836
355000	-8537.535156	928.8905029	0.6198801994	1.745393276	993.7608032
360000	-8533.920898	883.2532959	0.5894249678	1.050396323	1003.522034
365000	-8540.041016	925.4630127	0.6175929308	1.104667902	1002.308044
370000	-8484.623047	927.907959	0.6192245483	1.379732966	1002.739624
375000	-8444.150391	875.0914307	0.5839782953	1.702474236	1000.922058
380000	-8501.515625	892.8771973	0.5958473086	1.606508255	998.0680542
385000	-8546.837891	897.9671631	0.5992439985	1.399249077	997.446167
390000	-8547.142578	911.9442139	0.6085714102	2.041866779	989.1322021
395000	-8543.257812	956.6872559	0.6384299397	1.857824683	992.0113525
400000	-8485.21875	948.1462402	0.6327302456	1.940121412	995.3825684
405000	-8497.380859	939.6538086	0.6270629168	1.404500842	1001.725342
410000	-8508.691406	903.5280762	0.6029550433	1.298145413	1001.896912
415000	-8524.462891	873.201416	0.5827170014	1.503754139	998.2349243
420000	-8519.854492	880.9341431	0.5878773332	1.594276309	996.282959
425000	-8501.019531	919.6746826	0.6137301922	1.51211834	999.6109619
430000	-8502.816406	953.7244873	0.6364527941	1.533092618	999.5983276
435000	-8493.505859	922.5465088	0.6156466603	1.531166673	1000.144775
440000	-8530.095703	901.699707	0.6017348766	1.572793961	996.5033569
445000	-8524.825195	881.6170654	0.5883330703	1.430640221	998.3652344
450000	-8520.84082	900.5698242	0.6009808779	1.78825748	994.0631714
455000	-8488.28125	899.428894	0.6002194881	1.661378384	998.0780029
460000	-8509.998047	953.425415	0.6362531781	1.329183102	1001.660339
465000	-8471.432617	887.2952881	0.5921223164	1.494405508	1002.138428
470000	-8507.188477	866.6883545	0.5783706307	1.585809231	997.8563843
475000	-8524.729492	876.3300171	0.5848048329	1.28269124	1000.337952
480000	-8485.304688	904.4868774	0.6035948396	1.957509875	994.409729
485000	-8449.1875	881.7327881	0.5884102583	1.234096289	1007.501404
490000	-8461.742188	892.434082	0.59555161	1.619848251	1000.95929
495000	-8518.435547	903.6953735	0.6030666828	1.316320896	1000.811035
500000	-8504.355469	866.2159424	0.5780553818	0.9230108857	1007.48645
505000	-8520.550781	891.7503662	0.5950953364	1.395286798	999.5237427
510000	-8490.652344	898.0809937	0.5993199944	1.576905131	999.6438599
515000	-8491.40918	945.4138184	0.6309068203	1.482209086	1000.950684
520000	-8465.100586	899.6461182	0.6003644466	1.132883191	1007.242981
525000	-8509.183594	888.1177979	0.5926712155	1.599246621	997.8494873
530000	-8520.688477	881.4029541	0.5881901383	1.313442349	1000.856567
535000	-8537.386719	911.5466309	0.6083060503	1.848692775	991.9729004
540000	-8485.007812	876.9353027	0.5852087736	1.387587667	1002.260742
545000	-8476.876953	901.5767212	0.601652801	1.86249733	996.5476074
550000	-8478.34375	905.0328369	0.6039592028	1.339002371	1003.461243
555000	-8490.142578	902.3637085	0.6021779776	1.465154767	1001.048096
560000	-8499.021484	896.3393555	0.5981577635	1.854157329	995.1264648
565000	-8474.197266	857.1658936	0.5720159411	1.070700407	1007.212708
570000	-8503.644531	889.3526611	0.5934952497	1.407910943	1000.383728
575000	-8508.910156	914.302063	0.6101448536	1.186105371	1003.558167
580000	-8503.921875	914.8660278	0.6105211973	1.337837458	1001.700745
585000	-8496.529297	920.7911377	0.6144752502	1.388018847	1001.660034
590000	-8521.078125	937.4829102	0.6256142259	1.796339512	994.6206055
595000	-8501.277344	897.7875977	0.5991241932	1.230860949	1003.397827
600000	-8484.80957	869.7731934	0.580429256	1.522952437	1000.326172
605000	-8506.617188	887.6314087	0.5923466086	1.936275959	993.2124634
610000	-8469.318359	871.3905029	0.5815085173	1.318465948	1004.14502
615000	-8498.362305	918.7749023	0.613129735	1.339426398	1002.355652
620000	-8454.654297	896.2127686	0.5980732441	1.559261441	1002.028687
625000	-8513.679688	926.2169189	0.6180960536	1.989881516	991.8414307
630000	-8529.457031	894.8466187	0.5971615911	1.729245305	994.0041504
635000	-8480.818359	852.4050293	0.5688388944	1.300013542	1003.319031
640000	-8491.766602	908.5195312	0.6062859893	1.740444899	997.5072632
645000	-8469.383789	907.2901611	0.605465591	1.378800154	1003.651611
650000	-8519.908203	934.2059326	0.6234273911	2.025777578	991.5075073
655000	-8524.920898	889.5779419	0.5936456323	1.323301315	1000.384583
660000	-8484.748047	851.4006348	0.5681685805	1.480676413	1000.612122
665000	-8489.115234	864.789978	0.5771037936	1.291896701	1003.039185
670000	-8521.195312	933.5392456	0.622982502	1.674144864	995.9559937
675000	-8496.616211	938.9211426	0.6265740395	1.653705001	998.1866455
680000	-8499.666016	905.621582	0.604352057	1.478364706	1000.295044
685000	-8541.537109	899.5106201	0.6002740264	1.550320148	995.8775024
690000	-8495.538086	866.6403198	0.5783385634	1.556626081	999.1396484
695000	-8485.663086	920.7109375	0.6144217253	1.523166299	1000.871155
700000	-8477.197266	929.8482056	0.62051934	1.617128253	1000.266968
705000	-8471.956055	882.897644	0.5891876221	1.449478388	1002.250183
710000	-8514.071289	880.8661499	0.5878319144	1.688224435	995.9143066
715000	-8547.083984	887.8293457	0.5924786925	1.645768762	993.7619629
720000	-8491.205078	863.0220947	0.5759239793	1.229437232	1003.826599
725000	-8479.416016	921.5686035	0.6149940491	1.512969851	1001.40625
730000	-8477.060547	939.3597412	0.6268666983	1.685386539	999.3395386
735000	-8456.101562	885.4179688	0.5908695459	1.732188821	999.7319946
740000	-8508.957031	887.0028076	0.5919271111	1.799465775	994.9676514
745000	-8529.574219	889.6858521	0.5937176347	1.727195024	994.3684082
750000	-8526.671875	906.1181641	0.6046834588	1.531413317	997.1851196
755000	-8492.974609	922.0678101	0.615327239	1.559118032	999.6269531
760000	-8443.740234	875.1956787	0.5840478539	1.598530412	1002.852295
765000	-8479.087891	890.5852051	0.5943177938	1.488531947	1001.140259
770000	-8524.75	883.8010254	0.5897904634	1.709715843	994.5838623
775000	-8557.173828	899.6607666	0.6003742218	1.044120789	1001.676697
780000	-8493.766602	901.8190308	0.6018145084	1.528131723	999.6158447
785000	-8448.768555	912.0380859	0.6086340547	1.409769297	1005.16272
790000	-8447.953125	888.4625244	0.5929012299	1.55304718	1002.782898
795000	-8524.568359	907.8625488	0.6058475375	1.690011978	995.2057495
800000	-8508.255859	844.6092529	0.5636364818	1.684703469	996.1271973
805000	-8548.930664	893.7388916	0.5964223742	1.653453946	993.9138184
810000	-8472.822266	892.7808838	0.5957830548	1.569834352	1000.691406
815000	-8485.181641	955.6031494	0.6377064586	1.73175025	998.0557861
820000	-8462.976562	884.5443726	0.5902865529	1.293215513	1005.652832
825000	-8532.603516	893.220459	0.5960763693	1.43040061	998.3418579
830000	-8528.652344	852.9899292	0.5692291856	1.044054031	1003.480469
835000	-8488.183594	876.531311	0.5849391818	1.436461806	1001.499329
840000	-8462.242188	913.7907104	0.609803617	1.303301454	1005.910156
845000	-8459.210938	928.5256348	0.6196367145	1.202940702	1007.122498
850000	-8498.349609	910.3753662	0.6075244546	1.750634313	996.3634644
855000	-8523.416016	884.6427002	0.5903521776	1.88607657	992.6871338
860000	-8518.222656	855.9650879	0.5712146163	1.488157034	998.1400757
865000	-8513.467773	893.9058838	0.5965337753	1.457311749	999.1739502
870000	-8494.474609	935.2921753	0.6241523027	1.681479216	998.6176147
875000	-8458.814453	920.0075684	0.6139523387	1.302973986	1006.096252
880000	-8506.663086	899.7003174	0.6004006267	1.678383112	997.0146484
885000	-8536.242188	877.2568359	0.5854233503	1.166968942	1001.503662
890000	-8503.386719	849.6960449	0.5670310855	1.620948553	997.777771
895000	-8486.899414	898.986145	0.5999240279	1.573317409	999.7185059
900000	-8465.335938	919.7435913	0.613776207	1.202185631	1006.789307
905000	-8492.207031	939.5545654	0.626996696	1.68822825	998.2763672
910000	-8530.478516	915.7130127	0.6110864282	1.59148109	996.097229
915000	-8501.227539	845.7363281	0.5643886328	1.329180956	1001.222717
920000	-8508.535156	884.1765137	0.5900410414	1.765283585	995.4526978
925000	-8501.892578	905.7247314	0.6044209003	1.518337369	999.572937
930000	-8483.136719	913.8707886	0.6098570824	1.472171187	1001.408875
935000	-8500.652344	926.6317139	0.6183728576	1.085534215	1005.778625
940000	-8496.171875	886.0307007	0.5912784338	1.277417183	1003.239014
945000	-8482.576172	850.4693604	0.5675471425	1.375887394	1002.50946
950000	-8523.723633	895.9420776	0.597892642	1.720755458	994.7537842
955000	-8500.455078	898.8968506	0.5998644233	1.434687138	1000.577454
960000	-8479.095703	929.1323242	0.6200416088	1.578922749	1000.685364
965000	-8473.021484	908.7631836	0.6064485908	1.46089375	1001.998596
970000	-8492.018555	866.2593994	0.5780843496	1.669285655	998.4172363
975000	-8524.171875	857.0891113	0.5719647408	1.092980385	1003.281433
980000	-8511.816406	878.4424438	0.5862145424	1.609658003	997.3381348
985000	-8531.429688	959.3153076	0.6401837468	1.737929106	994.5576782
990000	-8479.507812	922.866394	0.6158601046	1.589137316	1000.354248
995000	-8500.758789	906.0098267	0.6046111584	1.660848856	997.4632568
