timestep	potential_energy	kinetic_energy	temperature	pressure	volume
0	-221.4843903	0	0	-0.05449219048	8000
5000	-6172.54834	1260.233643	0.8409967422	1.325285673	1270.778442
10000	-5789.67627	1792.093628	1.195924997	1.497573972	1325.968018
15000	-6772.638672	1373.044067	0.9162790179	1.420796752	1174.295532
20000	-7214.194336	1175.149292	0.7842171192	1.345863223	1123.916626
25000	-7272.373535	1089.822998	0.7272759676	1.71681428	1109.576904
30000	-7315.138672	1054.110962	0.7034441233	1.378722191	1109.495972
35000	-7347.100586	1062.253662	0.7088779807	1.475985885	1105.220825
40000	-7416.353516	1049.997559	0.700699091	1.291559577	1102.329224
45000	-7350.684082	1044.842285	0.6972587705	1.360689878	1107.68396
50000	-7368.68457	1082.023926	0.7220713496	1.569145679	1103.040405
55000	-7334.294922	1037.550293	0.6923925877	1.408162475	1109.077515
60000	-7437.154297	1035.696533	0.6911554933	1.582360148	1094.501221
65000	-7426.298828	1051.527344	0.7017199397	1.706680894	1092.660889
70000	-7413.564453	1094.000488	0.7300637364	1.721147299	1094.035156
75000	-7391.236328	1053.538086	0.7030618191	1.576299071	1099.473999
80000	-7446.999512	1031.823242	0.6885707378	1.629224539	1092.587158
85000	-7351.838867	1055.369873	0.7042841911	1.378661633	1107.006226
90000	-7359.036621	1077.167969	0.7188308239	1.497917056	1104.952271
95000	-7451.257812	1077.124512	0.7188017964	1.589468718	1094.16272
100000	-7412.61377	1060.568115	0.7077531815	1.289984584	1102.173706
105000	-7398.713867	1004.44458	0.6703000069	1.637076378	1096.736938
110000	-7409.088867	1034.195801	0.690154016	1.464039207	1100.735352
115000	-7350.595215	1034.951294	0.6906582117	1.478168964	1105.194092
120000	-7369.453613	1038.697021	0.6931578517	1.462547421	1103.234985
125000	-7417.084473	1034.810791	0.6905644536	1.425127864	1099.677002
130000	-7336.685547	1032.718384	0.6891680956	1.16734457	1112.864014
135000	-7334.869141	1059.663086	0.7071492076	1.647991419	1104.254272
140000	-7324.277832	1020.828003	0.6812332273	1.650630474	1104.349731
145000	-7402.768066	1077.890747	0.7193131447	1.438700676	1100.319092
150000	-7401.828125	1001.463501	0.6683106422	1.333800912	1101.82373
155000	-7328.489746	1059.909668	0.707313776	1.382257462	1109.627563
160000	-7396.581055	1067.014404	0.7120550275	1.684334517	1096.923218
165000	-7353.443359	1076.418945	0.7183309793	1.58852756	1103.71521
170000	-7384.358887	1061.732056	0.7085298896	1.544491649	1099.96106
175000	-7354.814453	1090.46814	0.7277064919	1.133610249	1112.973755
180000	-7358.862305	1065.796753	0.7112424374	1.636263013	1100.995239
185000	-7397.078125	1041.46228	0.6950032115	1.437177896	1101.897217
190000	-7425.081543	1041.097412	0.6947597265	1.740415335	1092.741699
195000	-7397.009766	1056.463745	0.7050141692	1.347807288	1102.373413
200000	-7441.26416	1053.493896	0.7030323148	1.766981959	1090.931763
205000	-7399.068848	1032.340576	0.6889159679	1.617380619	1097.140747
210000	-7362.861328	1073.473389	0.7163652778	1.603119612	1102.646973
215000	-7422.703613	1045.370117	0.6976110339	1.335873246	1101.435425
220000	-7413.49707	1016.005554	0.6780150533	1.88727951	1091.45459
225000	-7433.739258	1020.9552	0.6813181043	1.504511952	1096.771729
230000	-7349.436523	1040.775635	0.694544971	1.453259826	1105.456543
235000	-7394.856934	1076.526123	0.7184025049	1.455557466	1100.420288
240000	-7430.086914	1055.216797	0.7041820288	1.892978668	1089.530151
245000	-7415.18457	1050.857422	0.7012729049	1.411713123	1099.896484
250000	-7381.394531	1023.263306	0.6828584075	1.385686755	1104.056885
255000	-7357.172852	1013.535767	0.6763668656	1.280819774	1108.340088
260000	-7398.083008	1001.345032	0.6682316065	1.50236547	1099.008301
265000	-7432.610352	1036.861816	0.6919331551	1.396177888	1098.295898
270000	-7392.380859	1065.933716	0.7113338113	1.898545146	1093.290527
275000	-7424.530273	1064.780762	0.7105644345	1.680893302	1094.86377
280000	-7369.529297	1072.126221	0.7154662609	1.760821104	1098.719604
285000	-7449.308594	1066.501587	0.7117127776	1.504519224	1096.113281
290000	-7383.713379	1052.057129	0.7020735145	1.424539685	1103.579834
295000	-7352.653809	1121.186768	0.748206079	1.484167576	1105.730957
300000	-7352.948242	1052.432373	0.7023239136	1.589644432	1103.509888
305000	-7420.322266	1060.634033	0.7077971697	1.405944109	1100.627441
310000	-7408.465332	1048.280518	0.6995532513	1.399564028	1101.773926
315000	-7350.439941	1040.959351	0.6946675777	1.161224484	1111.819092
320000	-7373.764648	1059.477783	0.7070255876	1.34500587	1105.209473
325000	-7363.823242	1031.395386	0.6882852316	1.515628934	1102.931641
330000	-7316.479492	1057.32251	0.7055872679	1.311473489	1112.422485
335000	-7374.380859	1008.020752	0.6726865172	1.446501851	1102.168945
340000	-7350.083496	1065.252197	0.7108790278	1.435261011	1106.061035
345000	-7401.111328	1067.283447	0.7122345567	0.9797178507	1110.66687
350000	-7409.836914	1089.239258	0.7268863916	1.63423872	1098.186279
355000	-7369.006348	1055.469971	0.7043510079	1.173989415	1109.015015
360000	-7351.863281	1026.071289	0.6847322583	1.242626548	1109.97876
365000	-7386.241211	1031.360352	0.6882618666	1.460738182	1101.934448
370000	-7441.392578	1009.070679	0.6733871698	1.455968499	1096.175049
375000	-7362.827637	1081.068359	0.7214336991	1.425124168	1106.407837
380000	-7396.912109	1034.894043	0.6906200051	1.45026958	1101.738525
385000	-7438.357422	1000.736694	0.6678256392	1.519704938	1094.898438
390000	-7464.823242	1027.883789	0.6859418154	1.559879184	1091.831299
395000	-7406.452148	1055.345825	0.7042681575	1.371750474	1101.550537
400000	-7448.687012	1061.901855	0.708643198	1.52639246	1095.330078
405000	-7367.437988	1035.564697	0.6910675168	1.41780591	1106.066284
410000	-7381.938965	1049.532471	0.7003887296	1.498784065	1102.016846
415000	-7369.367188	1037.366699	0.6922701001	1.52373445	1101.890503
420000	-7369.592773	1040.901733	0.6946291327	1.716127992	1100.426636
425000	-7432.723633	1077.566772	0.7190969586	1.878032565	1088.847778
430000	-7390.77002	1014.772034	0.6771919131	1.336629152	1102.625
435000	-7361.938477	1057.099365	0.7054383755	1.394456625	1106.719116
440000	-7302.936523	1079.44165	0.7203481197	1.785592318	1104.16748
445000	-7401.916504	1036.778076	0.6918772459	1.427022576	1101.224365
450000	-7411.638672	1022.699158	0.6824819446	1.322801471	1102.194214
455000	-7345.669922	1025.846436	0.6845822334	1.341384172	1108.4021
460000	-7364.013672	1095.282593	0.7309193015	1.446122289	1105.467896
465000	-7279.839844	1049.402832	0.7003021836	1.528009892	1111.780762
470000	-7383.767578	1074.980835	0.717371285	1.593137383	1100.117432
475000	-7430.012695	1072.984985	0.7160393596	1.76736176	1091.45752
480000	-7421.37793	1048.394287	0.6996291876	1.689074278	1094.969238
485000	-7383.606445	1046.432373	0.698319912	1.070043802	1109.780884
490000	-7329.490234	1078.994263	0.7200495601	1.671113253	1104.762695
495000	-7395.087891	1028.577271	0.6864045858	1.842691541	1094.044922
500000	-7422.539062	1046.415771	0.6983088255	1.289957404	1101.517822
505000	-7439.510742	1049.961426	0.7006749511	1.434208274	1098.081787
510000	-7419.581055	1044.501221	0.6970311999	1.625040889	1095.51001
515000	-7403.682617	997.4430542	0.6656276584	1.670654178	1095.469238
520000	-7356.036133	1047.848633	0.6992650032	1.704050779	1100.407471
525000	-7321.631836	1033.093262	0.6894182563	1.604105353	1105.797974
530000	-7432.03418	1036.349243	0.691591084	1.314600229	1099.842529
535000	-7396.934082	1026.801025	0.6852192283	1.630635262	1096.950562
540000	-7442.469238	1047.419678	0.6989787817	1.453269124	1095.724121
545000	-7383.407227	1016.972778	0.678660512	1.370231986	1104.505249
550000	-7396.197266	1048.631958	0.6997877955	1.814563513	1094.17981
555000	-7377.630859	1047.910889	0.6993065476	1.648844123	1098.770142
560000	-7400.144531	1004.661743	0.6704449654	1.455320716	1100.695679
565000	-7447.40332	1067.850586	0.7126129866	1.443583131	1096.512817
570000	-7389.231445	1049.81958	0.7005802989	1.306152463	1105.593994
575000	-7365.796875	1040.870728	0.6946084499	1.496071935	1103.043457
580000	-7402.426758	1062.956665	0.7093471289	1.572257757	1098.485107
585000	-7384.023438	1084.860718	0.7239644527	1.68137753	1099.635498
590000	-7411.538086	1084.815063	0.7239339948	1.748424172	1094.242065
595000	-7421.186523	1006.867065	0.6719166636	1.606578588	1095.455933
600000	-7358.050781	1015.786133	0.6778686047	1.300546885	1107.417236
605000	-7418.294922	1066.877441	0.711963594	1.545483232	1096.981934
610000	-7411.506348	1056.019531	0.7047177553	1.99037075	1089.009766
615000	-7424.847656	1065.252441	0.7108792067	1.404276013	1098.679077
620000	-7375.638672	1057.549927	0.7057390213	1.467872024	1103.222656
625000	-7370.438965	1096.521118	0.7317458391	1.54504025	1102.452515
630000	-7381.348145	1081.119141	0.7214675546	1.324676633	1106.352173
635000	-7381.294922	1040.090576	0.6940878034	1.481528163	1103.2771
640000	-7329.225586	1079.931152	0.7206748128	1.74543643	1103.00647
645000	-7359.46582	1060.377319	0.7076258659	1.919156194	1096.231689
650000	-7341.483398	1065.546265	0.7110752463	1.51106441	1105.262939
655000	-7390.204102	1054.402344	0.7036385536	1.672028661	1097.889282
660000	-7466.423828	1084.896362	0.723988235	1.573033929	1092.446289
665000	-7430.178711	1050.110229	0.7007742524	1.27394712	1100.98999
670000	-7387.479492	1062.498901	0.7090416551	1.262776136	1105.766113
675000	-7418.877441	1072.361816	0.715623498	1.476995468	1099.393555
680000	-7395.655762	1082.873779	0.7226384878	1.35628593	1104.199951
685000	-7352.753906	1035.909668	0.6912977695	1.941742897	1095.497192
690000	-7409.813965	1109.956177	0.7407115102	1.603384256	1097.570557
695000	-7414.029297	1098.928955	0.7333526611	1.711352825	1095.21814
700000	-7362.604492	1001.924194	0.668618083	1.568921685	1100.7677
705000	-7371.132812	1063.570068	0.7097564936	1.572110057	1102.110596
710000	-7287.707031	1051.292114	0.7015630007	1.396585584	1113.153809
715000	-7391.986328	1085.368896	0.7243036032	1.351618528	1104.245728
720000	-7401.71875	1034.474731	0.6903401613	1.287880063	1103.952393
725000	-7418.571289	1101.869019	0.7353146672	1.442963481	1099.905029
730000	-7401.580078	1088.133789	0.726148665	1.416513562	1102.631714
735000	-7398.050781	1081.406128	0.7216590643	1.754507303	1094.929443
740000	-7405.481445	1025.64917	0.6844505668	1.501061916	1098.69519
745000	-7413.375	1062.68042	0.7091627717	1.349001765	1102.015381
750000	-7438.575195	1026.153931	0.6847873926	1.559834123	1095.717407
755000	-7462.756348	1021.221191	0.6814956069	1.622582793	1091.338379
760000	-7424.169922	988.1212158	0.6594069004	1.218070269	1102.156128
765000	-7407.689453	1060.689209	0.7078340054	1.473988056	1099.153442
770000	-7433.40918	1067.5	0.7123790383	1.872888446	1089.8479
775000	-7453.886719	1027.364624	0.6855953336	1.571686864	1093.797974
780000	-7393.345703	1048.651978	0.699801147	1.638112664	1097.80957
785000	-7388.248535	1029.850708	0.6872544289	1.571117401	1099.822144
790000	-7412.024902	1067.451904	0.712346971	1.283686399	1102.690918
795000	-7379.306641	1048.474609	0.6996827722	1.654669166	1099.244507
800000	-7392.292969	1091.272095	0.7282429934	1.585768342	1100.009277
805000	-7379.137695	1065.298706	0.7109100819	1.470191717	1102.002197
810000	-7381.963867	1061.967773	0.7086871862	1.566255569	1100.110107
815000	-7391.041992	999.9379883	0.6672926545	1.398099899	1101.096802
820000	-7426.020508	1107.964966	0.7393826842	1.306726575	1101.664062
825000	-7386.135742	1015.772705	0.677859664	1.441387296	1101.116943
830000	-7330.196289	1049.9375	0.700658977	1.288567543	1110.376221
835000	-7360.144531	1069.090332	0.7134403586	1.517692208	1104.936646
840000	-7398.959961	1092.634277	0.7291520238	1.702079892	1096.946655
845000	-7385.126953	1057.543213	0.705734551	1.569049478	1100.732544
850000	-7354.550293	1050.325806	0.700918138	1.580699325	1102.784424
855000	-7317.988281	1095.460205	0.7310378551	1.451399922	1110.075073
860000	-7346.656738	1045.765381	0.6978747845	1.642303228	1103.993286
865000	-7376.859375	1101.804932	0.7352719307	1.750376463	1097.746826
870000	-7408.075195	1041.802124	0.6952300072	1.580641747	1097.209961
875000	-7321.999023	1020.670166	0.6811279058	1.886781693	1100.454224
880000	-7416.606445	1022.947754	0.6826478243	1.19861722	1102.567871
885000	-7387.65625	1048.680298	0.6998200417	1.605247259	1098.632446
890000	-7411.97168	1040.439941	0.6943209767	1.359988689	1101.217285
895000	-7367.107422	1041.584839	0.6950849891	1.516609788	1102.96521
900000	-7392.1875	1049.388062	0.7002923489	1.855976939	1094.819946
905000	-7384.036133	1041.580078	0.69508183	1.70236361	1097.826904
910000	-7471.585449	1057.793335	0.705901444	1.049227834	1100.893066
915000	-7399.171875	1066.394287	0.7116411924	1.229894638	1105.697266
920000	-7373.943848	1041.786621	0.695219636	1.757012129	1097.243042
925000	-7338.172852	1028.556152	0.6863905191	1.501573443	1105.955811
930000	-7411.938965	1021.960938	0.6819893122	1.177721381	1103.919678
935000	-7373.496582	1011.465942	0.6749856472	1.440533996	1103.161621
940000	-7409.695312	1076.970947	0.7186993361	1.442467928	1100.543213
945000	-7376.763672	1067.829102	0.7125986814	1.504498959	1102.458008
950000	-7368.618164	1138.697876	0.759891808	1.800761104	1097.572998
955000	-7363.591797	1041.258911	0.6948674917	1.984203458	1094.10083
960000	-7353.77832	980.9485474	0.6546203494	1.037539244	1112.692505
965000	-7346.978516	1040.210083	0.6941675544	1.831475139	1099.118042
970000	-7342.401367	1055.383301	0.7042931914	1.694313049	1102.506592
975000	-7376.118164	1051.12207	0.7014495134	1.726110101	1097.164551
980000	-7396.136719	1029.774902	0.6872038245	1.561197996	1099.596313
985000	-7431.929688	1033.129639	0.6894425154	1.352185965	1099.558716
990000	-7402.713867	1051.240845	0.7015287876	1.598344088	1097.16272
995000	-7390.250977	1029.585693	0.6870775223	1.309724808	1105.552979
