timestep	potential_energy	kinetic_energy	temperature	pressure	volume
0	-221.4843903	0	0	-0.05449219048	8000
5000	-6515.742188	1377.854004	0.9194888473	1.887899518	1197.545044
10000	-7910.858887	819.6580811	0.5469856858	1.441503406	1049.652954
15000	-8523.623047	312.7653809	0.2087189704	1.577989578	991.5689087
20000	-8680.027344	220.0062866	0.1468176842	1.49611485	980.6254272
25000	-8535.076172	416.0223389	0.2776258588	1.494570971	994.0506592
30000	-8273.1875	717.3972168	0.4787435532	1.480164766	1016.912354
35000	-8697.242188	414.4371338	0.2765679955	1.46231842	982.1472168
40000	-9096.951172	289.5341492	0.1932159811	1.790994287	951.2946167
45000	-8979.204102	436.2166138	0.2911021709	1.692476988	961.1276855
50000	-8807.025391	630.8192139	0.4209671021	1.403774381	977.0110474
55000	-9128.453125	375.6890869	0.2507100999	1.318274498	954.4811401
60000	-9213.050781	316.9864502	0.2115358412	1.542407513	946.0733032
65000	-8929.589844	569.4328003	0.3800018728	1.620811105	965.3109131
70000	-8913.332031	523.5447388	0.3493792117	1.566065311	966.6595459
75000	-9202.686523	303.0994873	0.2022686005	1.596497536	946.1519165
80000	-9116.570312	393.9359131	0.2628868222	1.817272902	949.6165771
85000	-8814.673828	632.3461914	0.4219861329	1.392784119	976.5415039
90000	-9099.413086	412.0314941	0.2749626338	1.227651119	957.6397705
95000	-9222.538086	314.7941589	0.2100728452	1.468731761	946.1907959
100000	-8964.253906	523.3341064	0.3492386341	1.193481445	968.1618042
105000	-8896.239258	562.572998	0.375424087	1.605762362	967.6704712
110000	-9191.713867	324.0275879	0.2162346244	1.660652757	946.0388184
115000	-9139.789062	376.4628296	0.251226455	1.143226981	955.8347168
120000	-8839.301758	618.2818604	0.4126005173	1.620996475	971.9281006
125000	-9068.621094	433.4587402	0.2892617583	1.646955729	955.118042
130000	-9214.712891	313.5523682	0.2092441618	1.514233351	946.3137207
135000	-8982.195312	486.8717346	0.324906081	1.532462835	962.3035278
140000	-8880.171875	567.427124	0.3786634207	1.549057126	969.6417847
145000	-9172.995117	334.0160217	0.2229002565	1.53010416	948.9694214
150000	-9140.390625	361.4351196	0.2411979437	1.510720015	951.2525024
155000	-8847.90625	597.4896851	0.3987251818	1.389844894	974.097168
160000	-9055.732422	453.7323914	0.302791059	1.856623173	953.3632812
165000	-9199.384766	305.6720886	0.2039853781	1.472971439	947.5510864
170000	-8994.46875	479.0895996	0.3197127879	1.543499231	961.2057495
175000	-8877.996094	571.1977539	0.3811796904	1.277602434	973.1231079
180000	-9179.200195	354.1672974	0.2363478839	1.36960113	950.5028076
185000	-9162.917969	368.473877	0.2458951473	1.277034998	952.8526001
190000	-8855.134766	586.211792	0.3911990523	1.556048751	971.2764893
195000	-9044.947266	464.0766602	0.3096941411	1.292733908	960.7487793
200000	-9201.228516	316.4111938	0.2111519575	1.527612925	947.0709229
205000	-9023.210938	482.1134644	0.3217307031	1.398368359	961.2296753
210000	-8887.029297	584.6762695	0.3901743591	1.295889974	972.4624634
215000	-9163.029297	350.5917358	0.2339617908	1.245230436	952.9257202
220000	-9143.674805	353.562561	0.2359443158	1.399787068	952.432373
225000	-8875.52832	586.4639893	0.3913673759	1.52007854	970.4208374
230000	-9043.425781	468.0508118	0.31234622	1.568133116	957.8254395
235000	-9189.980469	312.2324524	0.2083633393	1.189674616	951.5175781
240000	-9007.039062	461.0109558	0.3076483011	1.57814002	959.6898193
245000	-8907.222656	589.6091309	0.3934662342	1.33263278	970.5139771
250000	-9156.046875	358.5575867	0.2392776757	1.633452296	948.878479
255000	-9138.076172	366.449646	0.2445443124	1.543315291	951.0131226
260000	-8895.916016	592.3481445	0.3952940702	1.374875784	970.5150757
265000	-9052.496094	464.1903381	0.3097699881	1.458975554	958.4213867
270000	-9191.746094	329.4182739	0.219832018	1.411610484	948.9086304
275000	-9011.387695	486.2526245	0.3244929016	1.541454434	960.2759399
280000	-8897.46875	541.2124634	0.3611694872	1.186255097	972.8887939
285000	-9157.924805	355.636322	0.2373282164	1.710064888	947.8806763
290000	-9122.279297	377.9256592	0.2522026598	1.572050095	951.8046265
295000	-8880.517578	568.5289917	0.3793987334	1.481735706	970.4954834
300000	-9058.364258	441.5245056	0.294644326	1.373400331	958.7576294
305000	-9170.99707	330.7228394	0.2207026035	1.507330298	949.2376709
310000	-8970.40625	477.6768799	0.3187700212	1.398575902	964.6001587
315000	-8927.515625	544.2442627	0.3631927073	1.68894279	964.2354126
320000	-9168.260742	360.9784851	0.2408932149	1.431224704	950.5716553
325000	-9118.351562	397.8073425	0.2654703557	1.499568224	953.3668823
330000	-8894.719727	586.378418	0.3913102746	1.684947491	967.4901733
335000	-9051.283203	412.5101624	0.2752820551	1.466516733	957.9589233
340000	-9166.126953	334.2374878	0.2230480462	1.685884595	947.4829102
345000	-8986.083984	510.9847412	0.3409974873	1.565693378	961.6321411
350000	-8956.930664	546.8636475	0.3649407029	1.485503435	964.8353271
355000	-9158.239258	346.1760254	0.2310150415	1.36583972	951.8550415
360000	-9109.249023	412.5652466	0.2753188312	1.448126793	954.5462646
365000	-8909.897461	590.1322632	0.3938153386	1.484861255	968.5320435
370000	-9088.472656	424.9073792	0.28355515	1.331932187	957.317627
375000	-9160.5	344.1091919	0.2296357602	1.618997455	948.7610474
380000	-8966.967773	522.1085205	0.348420769	1.720143437	961.3952637
385000	-8970.129883	511.0103149	0.341014564	1.749862313	960.8334961
390000	-9173.958984	359.2039795	0.2397090346	1.431896687	950.3793945
395000	-9069.731445	421.4888306	0.2812738419	1.563547134	955.6148071
400000	-8895.293945	562.367981	0.3752872944	1.663828373	967.1678467
405000	-9087.77832	389.2478638	0.2597583234	1.384689331	956.3088989
410000	-9155.933594	369.1410828	0.246340394	1.632672071	949.026001
415000	-8945.466797	538.7077637	0.359498024	1.681779385	963.4185181
420000	-8993.654297	483.8832092	0.3229117095	1.539582133	961.6134644
425000	-9157.845703	343.1579285	0.2290009558	1.307838321	952.5458984
430000	-9038.166992	448.6702881	0.299412936	1.575668216	957.6811523
435000	-8931.552734	568.0588989	0.3790850341	1.422196507	967.8896484
440000	-9124.117188	386.9475708	0.2582232654	1.497501969	952.5257568
445000	-9131.234375	376.3840637	0.2511738837	1.200644732	955.7508545
450000	-8934.831055	554.932373	0.3703252375	1.635188699	965.012146
455000	-9031.224609	458.1614075	0.3057467043	1.222245693	962.8345947
460000	-9168.859375	361.1245117	0.2409906685	1.570530772	948.7127075
465000	-9012.837891	469.8165283	0.3135245442	1.359668016	962.3099365
470000	-8940.388672	534.2348022	0.3565130532	1.403779387	967.2805786
475000	-9124.162109	360.8329773	0.240796119	1.572019458	951.5970459
480000	-9103.443359	396.591217	0.2646588087	1.638852477	952.3291016
485000	-8931.823242	557.1088867	0.3717777133	1.502114654	966.8130493
490000	-9055.404297	427.1488037	0.2850509286	1.483430862	957.4902344
495000	-9140.976562	354.833313	0.2367923409	1.482998848	951.4744873
500000	-8997.216797	507.4317017	0.3386264443	1.53300941	961.4100342
505000	-8961.289062	499.1899414	0.3331264257	1.405702949	965.5800171
510000	-9149.597656	370.8237915	0.2474633306	1.601700306	949.802124
515000	-9084.631836	433.2340088	0.289111793	1.712326288	953.1847534
520000	-8918.015625	539.1490479	0.3597925007	1.514489651	967.1079712
525000	-9083.013672	407.6772461	0.2720568776	1.569586158	954.5149536
530000	-9139.62793	381.6010437	0.2546553612	1.314600587	953.7097168
535000	-8947.683594	505.2019348	0.3371384442	1.35639441	966.8734741
540000	-9010.864258	484.3088989	0.3231957853	1.350772262	962.3238525
545000	-9146.808594	360.5997925	0.2406405061	1.404756069	952.1720581
550000	-9056.915039	465.0670166	0.3103550375	1.532180786	957.2354126
555000	-8939.424805	538.5321655	0.3593808413	1.726431966	963.4085083
560000	-9112.835938	391.1182251	0.2610065043	1.571885824	952.8237915
565000	-9099.420898	375.2918091	0.2504449785	1.624366641	952.4838867
570000	-8948.669922	546.1763916	0.364482075	1.672283649	963.2561035
575000	-9041.295898	460.2001038	0.3071071804	1.365815043	960.2468872
580000	-9147.740234	355.812561	0.2374458164	1.422970414	951.8292847
585000	-9006.444336	471.5232544	0.3146634996	1.492518663	961.0722656
590000	-8968.454102	534.4503174	0.3566568792	1.437028646	964.6799927
595000	-9133.042969	379.2588806	0.2530923486	1.644184589	950.3793945
600000	-9094.573242	407.9173889	0.2722171545	1.636306405	953.0877686
605000	-8947.804688	556.0782471	0.3710899353	1.523579955	965.2108154
610000	-9055.845703	426.0579834	0.2843229771	1.761522055	954.3314209
615000	-9153.857422	381.3479919	0.2544864714	1.493601441	950.6595459
620000	-8987.902344	500.5356445	0.3340244591	1.692300558	959.9916382
625000	-8986.992188	508.4802246	0.3393261433	1.379395962	964.0237427
630000	-9145.261719	378.0366821	0.2522767484	1.443307757	952.0599365
635000	-9082.6875	442.8554077	0.295532465	1.656264901	953.7734985
640000	-8968.052734	569.3428955	0.3799418807	1.45195365	964.7612915
645000	-9088.844727	408.999054	0.2729389668	1.414814591	956.0384521
650000	-9126.796875	381.3807678	0.2545083463	1.446209073	953.1002808
655000	-8977.067383	532.7539673	0.355524838	1.544456482	962.6906128
660000	-9003.498047	464.2922363	0.309837997	1.219967365	964.4638062
665000	-9130.647461	363.1402588	0.2423358411	1.638234019	950.260437
670000	-9037.327148	456.534729	0.3046611547	1.66225338	957.0789795
675000	-8966.744141	531.8693237	0.3549344838	1.396947742	965.1040649
680000	-9120.339844	402.7965393	0.2687998414	1.51546371	952.8813477
685000	-9099.708008	401.4880371	0.2679266334	1.560011029	953.5536499
690000	-8951.767578	529.366333	0.353264153	1.369465709	966.600769
695000	-9042.019531	435.4880981	0.2906160057	1.874853492	953.8937988
700000	-9139.917969	383.1138306	0.255664885	1.559523344	950.9489746
705000	-8977.305664	463.7510986	0.3094768822	1.60413909	961.56604
710000	-8987.536133	503.8238831	0.3362188041	1.500129938	962.3540039
715000	-9126.955078	380.537323	0.2539454997	1.465595722	952.927063
720000	-9066.896484	432.7159424	0.2887660563	1.669692278	954.6991577
725000	-8954.324219	537.3244629	0.3585748971	1.918983579	959.93927
730000	-9066.224609	399.1597595	0.2663728893	1.472462654	956.7502441
735000	-9113.189453	386.4795532	0.2579109371	1.276843071	955.7830811
740000	-8972.419922	510.9563599	0.3409785628	1.495057583	963.6181641
745000	-9019.047852	475.5737305	0.3173665106	1.620111823	958.6572266
750000	-9139.117188	390.3999634	0.2605271637	1.486219406	951.9197998
755000	-9054.720703	471.8169556	0.3148595095	1.49331665	957.9285889
760000	-8977.847656	526.0704346	0.351064682	1.335987568	965.2155762
765000	-9095.254883	395.4521484	0.2638986707	1.276491523	957.1722412
770000	-9083.030273	397.6030273	0.2653340101	1.492518306	955.4172363
775000	-8952.919922	501.6988525	0.3348007202	1.430152416	965.8776855
780000	-9062	457.0352478	0.3049951792	1.409845471	958.3095703
785000	-9128.970703	388.5595703	0.25929901	1.559657454	951.678772
790000	-9010.449219	482.0629578	0.3216969967	1.40787065	962.0296631
795000	-8990.886719	492.572876	0.3287106454	1.277157187	964.8825073
800000	-9122.364258	397.8032227	0.2654676139	1.516794086	952.7044067
805000	-9077.886719	437.0127869	0.2916334867	1.323185802	958.1554565
810000	-8970.295898	522.4590454	0.3486546874	1.400389791	964.7994995
815000	-9082.064453	428.5743408	0.2860022187	1.460244417	956.2089233
820000	-9109.052734	397.6282959	0.2653508782	1.651537418	951.992981
825000	-8991.916016	504.9849854	0.3369936645	1.443910837	963.1989136
830000	-9027.898438	473.6906128	0.3161098659	1.627007365	957.9605713
835000	-9118.224609	389.2565308	0.2597641349	1.428566813	953.713623
840000	-9035.744141	457.2406921	0.3051322699	1.27964735	961.4331055
845000	-8985.803711	506.6527405	0.3381066024	1.321322322	964.7183228
850000	-9096.3125	401.0505371	0.26763466	1.438420415	955.2034912
855000	-9085.967773	416.4143066	0.2778874338	1.518896103	955.1577759
860000	-8980.735352	518.6851807	0.346136272	1.581071734	962.1384277
865000	-9050.458984	437.9260254	0.2922429442	1.355113506	959.5353394
870000	-9107.603516	390.3587036	0.2604996264	1.639841914	952.1313477
875000	-9004.083008	477.7351685	0.3188089132	1.502641082	960.9494019
880000	-9001.482422	479.7093201	0.3201263547	1.440590382	962.0048828
885000	-9121.063477	407.5678101	0.2719838619	1.480260372	953.1975708
890000	-9057.399414	439.5010376	0.2932939827	1.821023345	953.7022095
895000	-8979.738281	508.1670837	0.3391171694	1.562389374	962.3807983
900000	-9079.570312	416.2569885	0.2777824402	1.210287333	958.9663086
905000	-9100.050781	411.9133911	0.2748838067	1.291375399	956.9586182
910000	-8985.850586	495.2664185	0.3305081129	1.199018955	966.1105347
915000	-9037.410156	458.0704346	0.3056859672	1.237447977	962.0154419
920000	-9120.601562	404.6773071	0.2700549364	1.748494864	950.3954468
925000	-9018.827148	458.5754395	0.3060230017	1.20187521	963.6505127
930000	-8997.865234	493.8876953	0.3295880556	1.69910419	959.3027344
935000	-9103.074219	407.9969482	0.2722702324	1.589045882	953.300354
940000	-9076.845703	441.5681152	0.294673413	1.348540187	957.7654419
945000	-8986.130859	505.4020081	0.3372719586	1.427388787	963.3706055
950000	-9066.46875	435.2547607	0.2904603183	1.576917648	955.9376831
955000	-9090.976562	403.5570984	0.269307375	1.645867944	953.2130127
960000	-9018.304688	496.1696777	0.3311108947	1.619194746	958.9011841
965000	-9036.021484	482.1400146	0.3217484355	1.779207468	955.8668823
970000	-9098.484375	404.128418	0.2696886361	1.553148627	953.7704468
975000	-9032.929688	439.0959778	0.2930236757	1.239583611	962.055603
980000	-8995.441406	487.4481812	0.3252907395	1.547233105	961.354248
985000	-9092.230469	423.7132568	0.2827582657	1.54101634	954.7052612
990000	-9087.646484	431.9346313	0.2882446647	1.544373274	955.1343994
995000	-8997.347656	492.6737671	0.3287779689	1.495711565	961.6455688
