timestep	potential_energy	kinetic_energy	temperature	pressure	volume
0	-221.4843903	0	0	-0.05449219048	8000
5000	-6150.160156	1342.841797	0.8961240053	1.209035873	1275.391602
10000	-5617.072266	2011.382446	1.342263937	1.52827549	1354.869751
15000	-6409.139648	1556.427368	1.03865695	1.385698915	1226.126831
20000	-6847.95459	1287.521484	0.8592068553	1.193391442	1173.063843
25000	-7050.891602	1220.501465	0.8144821525	1.465524793	1140.332031
30000	-7129.443359	1234.164062	0.8235996366	1.465427399	1132.599243
35000	-7104.96875	1164.513306	0.7771193385	1.665126085	1129.331421
40000	-7064.265625	1183.376953	0.7897076607	1.277788639	1143.69458
45000	-7046.191406	1223.200195	0.8162831068	1.518648267	1138.640747
50000	-7084.050293	1194.969971	0.7974441051	1.545488358	1134.557251
55000	-7054.165527	1209.30542	0.8070106506	0.9665921926	1151.372192
60000	-7100.303223	1234.188599	0.8236160278	1.382934332	1134.744873
65000	-7066.473633	1202.234375	0.8022918701	1.436024189	1139.192993
70000	-7146.745117	1191.423096	0.7950771451	0.9834418297	1139.457642
75000	-7132.574707	1158.490234	0.7730999589	1.662536144	1125.676147
80000	-7093.858398	1212.991211	0.8094702959	1.819023728	1128.255981
85000	-7110.356445	1177.018311	0.7854643464	1.313063025	1136.715088
90000	-7079.716309	1210.003418	0.8074764609	1.238695741	1141.078003
95000	-7127.488281	1241.970825	0.8288093805	1.289198279	1136.85376
100000	-7092.13916	1224.575317	0.8172007799	1.468133688	1135.258179
105000	-7063.488281	1133.588257	0.7564820051	1.717747092	1132.592285
110000	-7088.894531	1154.222168	0.7702516913	1.570241928	1132.693359
115000	-7075.268555	1205.12793	0.8042228818	1.390707493	1138.942993
120000	-7090.776367	1198.753906	0.7999692559	1.579500675	1132.806763
125000	-7114.334473	1154.925293	0.7707208991	1.361066937	1133.386719
130000	-7064.393066	1176.37207	0.7850331068	1.608742714	1136.522217
135000	-7126.785645	1170.990723	0.781441927	1.885571241	1122.521362
140000	-7156.024414	1168.907104	0.7800514698	1.094534039	1136.347046
145000	-7155.316406	1208.085327	0.8061964512	1.797053576	1121.49585
150000	-7043.435547	1146.578003	0.7651504874	1.372243762	1141.625122
155000	-7173.361328	1204.115356	0.8035471439	1.505887985	1126.033325
160000	-7185.225586	1174.016479	0.7834611535	1.515917063	1124.097534
165000	-7075.00293	1128.422363	0.7530345917	1.425021291	1137.031006
170000	-7052.373047	1245.047852	0.8308627605	1.681036472	1134.254639
175000	-7055.054199	1224.846313	0.8173816204	1.379313231	1141.156128
180000	-7122.567383	1185.858154	0.7913634777	1.552848816	1130.70459
185000	-7154.40918	1177.050781	0.7854860425	1.406693697	1130.306519
190000	-7121.751953	1246.188477	0.8316239715	1.602660775	1130.00354
195000	-7087.428711	1215.580322	0.8111981153	1.73028791	1131.162109
200000	-7133.396484	1200.894165	0.8013975024	1.658355832	1126.812012
205000	-7054.561523	1180.457397	0.7877593637	1.520007849	1138.773193
210000	-7105.740234	1199.304443	0.800336659	1.25929594	1138.140625
215000	-7082.667969	1234.314575	0.8237000704	1.456074595	1136.825317
220000	-7126.282715	1147.116455	0.7655098438	1.055327535	1139.479858
225000	-7095.399414	1212.947754	0.8094412684	1.248474121	1138.861938
230000	-7010.631836	1229.52002	0.8205005527	1.78538835	1138.557007
235000	-7169.103516	1235.021484	0.8241718411	1.801977515	1121.61499
240000	-7072.765625	1179.434814	0.7870769501	1.283654094	1142.560059
245000	-7148.498047	1239.67041	0.8272742033	1.340335488	1132.722534
250000	-7097.756836	1181.871826	0.7887032628	1.67564559	1130.881592
255000	-7058.036133	1175.247681	0.7842827439	1.441435337	1137.580322
260000	-7004.946289	1189.970947	0.7941080928	1.352496147	1148.976196
265000	-7110.396484	1206.235962	0.8049622774	1.637969851	1130.5354
270000	-7078.811035	1177.103149	0.7855209708	1.775381207	1129.489624
275000	-7094.499512	1155.309082	0.7709770203	1.122594118	1141.626709
280000	-7157.65332	1192.024414	0.7954784036	1.684785962	1124.434448
285000	-7057.658203	1174.778076	0.7839693427	1.572077513	1135.820068
290000	-7044.961914	1243.134399	0.8295858502	1.425889015	1141.520142
295000	-7120.870117	1259.585938	0.840564549	1.356904745	1134.882446
300000	-7037.077148	1158.226562	0.772924006	1.276153564	1145.075317
305000	-7058.740234	1229.832642	0.8207091689	1.83536315	1131.727417
310000	-7071.574219	1227.011475	0.8188264966	1.526172757	1135.986328
315000	-7063.689941	1222.95166	0.8161172271	1.242972493	1142.67981
320000	-7047.068359	1175.359131	0.7843571305	1.412745953	1141.679199
325000	-7100.591797	1215.087646	0.8108693361	1.258845091	1139.582764
330000	-7119.764648	1213.078857	0.8095287681	1.371617198	1133.442505
335000	-7013.154297	1205.025513	0.8041545153	1.306165695	1147.841309
340000	-7078.495117	1176.821655	0.785333097	1.060826778	1146.765259
345000	-7090.567383	1145.769775	0.764611125	1.49346602	1134.26062
350000	-7151.719238	1198.457764	0.7997716069	1.327314734	1129.59729
355000	-7072.573242	1229.343506	0.8203827143	1.633862376	1134.260986
360000	-7049.771973	1187.905273	0.7927296162	1.498010755	1138.698608
365000	-7050.29248	1207.567383	0.8058508039	1.4753474	1140.700317
370000	-7164.75293	1183.554688	0.7898262739	1.693986893	1121.64502
375000	-6986.457031	1166.481201	0.7784326077	1.318050504	1149.322632
380000	-7029.157715	1152.989624	0.7694292068	1.318977237	1144.449707
385000	-7143.880859	1218.400391	0.8130800128	1.607631445	1126.773926
390000	-7106.712891	1207.896606	0.8060705066	1.482195735	1133.727417
395000	-7051.933594	1184.983276	0.7907796502	1.593929768	1136.782349
400000	-7036.22168	1185.745361	0.791288197	1.393815756	1142.450684
405000	-7083.13623	1178.100952	0.7861868143	1.360116959	1137.289429
410000	-7127.933594	1203.313843	0.8030122519	1.521783233	1130.831909
415000	-7061.051758	1176.76416	0.7852947712	1.402777553	1139.608643
420000	-7041.408691	1200.470947	0.8011150956	1.624081492	1138.376099
425000	-7115.547363	1209.904541	0.8074104786	1.51117003	1132.363281
430000	-7100.435547	1193.546875	0.7964944243	1.564298987	1132.732544
435000	-7132.798828	1149.628052	0.7671859264	1.519207001	1129.345093
440000	-7090.594727	1211.385498	0.8083987236	1.429371238	1137.741211
445000	-7088.090332	1160.991577	0.774769187	1.957115889	1123.627808
450000	-7040.84082	1129.684448	0.7538768649	1.535543084	1139.282227
455000	-7083.191406	1201.283203	0.8016571403	1.296720386	1140.279907
460000	-7099.274902	1166.358398	0.7783506513	1.451055765	1134.941284
465000	-7057.398438	1186.094849	0.79152143	1.473834157	1139.22937
470000	-7160.102051	1213.575317	0.8098601103	1.510264039	1127.189453
475000	-7059.545898	1123.366943	0.7496609688	1.457839847	1138.070801
480000	-7098.058594	1186.964844	0.7921020389	1.611446857	1131.165161
485000	-7029.279785	1196.405273	0.7984019518	1.512390852	1141.973267
490000	-7128.674805	1210.963379	0.8081170321	1.47500217	1131.216064
495000	-7056.697754	1235.440186	0.8244512677	1.452278256	1139.243164
500000	-7046.820312	1209.553467	0.8071761727	1.693147421	1136.646729
505000	-6997.966309	1144.904907	0.7640339732	1.290989399	1148.933105
510000	-7092.990234	1166.371582	0.7783594131	1.700770736	1131.293701
515000	-7092.31543	1185.209717	0.790930748	1.375709653	1136.116821
520000	-7114.874512	1201.848389	0.8020343184	0.9541941285	1143.778076
525000	-7072.700684	1133.412354	0.756364584	1.470694542	1135.762085
530000	-7041.400391	1163.822754	0.776658535	1.654216886	1135.865723
535000	-7070.407227	1185.719482	0.7912709117	1.652080297	1133.293457
540000	-7105.86084	1162.874268	0.7760255337	1.889230132	1124.320312
545000	-7069.264648	1222.874634	0.8160658479	1.558109045	1135.250977
550000	-7115.575195	1212.285278	0.8089991808	1.345035195	1135.802856
555000	-7034.779297	1218.429443	0.8130993843	1.156352043	1149.124878
560000	-7080.220703	1237.021973	0.8255068064	1.785068393	1129.660645
565000	-7037.675781	1199.160889	0.8002408743	1.720511317	1137.236694
570000	-7119.104492	1240.920654	0.8281085491	1.452775359	1134.138306
575000	-7149.51416	1194.384277	0.7970532775	1.724543571	1124.514282
580000	-7128.136719	1205.709229	0.8046107888	1.510587096	1130.933716
585000	-7074.129395	1111.696167	0.7418726683	1.531253576	1135.191895
590000	-7086.113281	1205.833008	0.8046934009	1.398153901	1137.817505
595000	-7014.841797	1243.732178	0.8299847841	1.632994175	1141.527344
600000	-7138.722168	1230.202881	0.8209562302	1.889419913	1121.889648
605000	-7058.708496	1201.136719	0.8015593886	1.643631458	1135.040283
610000	-7100.144043	1209.16748	0.8069185615	1.331877589	1137.604248
615000	-7064.195312	1253.062012	0.8362109065	1.705065608	1132.685547
620000	-7002.333008	1212.564453	0.8091855049	1.800559163	1136.869873
625000	-7095.539062	1196.966797	0.7987766266	1.452708244	1136.385986
630000	-7184.750488	1188.328613	0.7930120826	1.832855225	1116.937134
635000	-7079.380859	1184.57605	0.7905079126	1.661261559	1131.259888
640000	-7073.467773	1172.197021	0.7822469473	1.365401626	1138.660034
645000	-7079.995605	1198.17749	0.7995845675	1.682180643	1130.257568
650000	-7065.21875	1156.255737	0.7716087699	1.435032845	1137.282593
655000	-7087.844727	1231.672119	0.821936667	1.362488389	1139.115479
660000	-7022.411133	1160.906982	0.7747127414	1.355859637	1145.177002
665000	-7079.962891	1164.977295	0.7774289846	1.536884785	1134.466919
670000	-7052.777344	1282.650879	0.8559565544	1.546916842	1138.667236
675000	-7049.765625	1194.715088	0.7972739935	1.697451234	1134.879639
680000	-7019.547852	1207.766846	0.805983901	1.65763104	1137.789795
685000	-7062.916992	1189.358032	0.7936990857	1.418268323	1139.491089
690000	-7084.517578	1149.922241	0.7673822045	1.567347646	1132.799072
695000	-7042.699219	1251.570923	0.8352158666	1.5635041	1139.005981
700000	-7057.823242	1170.040771	0.780807972	1.405481935	1139.376831
705000	-7082.033203	1141.798462	0.7619609237	1.294935703	1139.958374
710000	-7097.166016	1192.482666	0.795784235	1.462199926	1135.72229
715000	-7143.775391	1191.119629	0.7948746681	1.611371636	1126.462036
720000	-7100.192383	1175.432129	0.7844058275	1.302598476	1136.604126
725000	-7057.616699	1181.426392	0.7884060144	1.171928167	1146.323608
730000	-7095.908691	1252.489258	0.8358286619	1.526354671	1134.269897
735000	-7048.824707	1216.945557	0.8121091723	1.218381405	1145.898071
740000	-7068.446777	1234.692871	0.8239525557	1.784923315	1131.775269
745000	-7118.854492	1160.758667	0.7746137381	1.575974107	1129.328003
750000	-7167.91748	1196.694824	0.7985951304	1.686191201	1124.17395
755000	-7188.117188	1133.739136	0.7565826774	1.514122486	1123.588135
760000	-7240.941406	1233.526733	0.8231743574	1.44455564	1118.793213
765000	-7065.727539	1206.934814	0.8054286242	1.666093826	1134.98645
770000	-7050.257812	1206.333008	0.8050270677	1.135298014	1146.806641
775000	-7134.295898	1194.880493	0.7973843813	1.701341867	1124.900391
780000	-7096.333496	1182.845947	0.7893533111	1.460053325	1135.181885
785000	-7054.507324	1183.684326	0.7899128199	1.358392715	1141.59375
790000	-7053.640625	1196.527588	0.7984835505	1.475076675	1139.701416
795000	-7015.38623	1210.524414	0.8078241348	1.400915384	1147.241455
800000	-7067.150391	1161.502319	0.7751100063	1.622734904	1135.407959
805000	-7080.227539	1154.19043	0.7702305317	1.398368597	1137.638306
810000	-7181.865723	1245.027344	0.8308491111	1.447347641	1127.213623
815000	-7020.701172	1161.064453	0.7748178244	1.410390735	1144.440308
820000	-7095.038574	1179.668213	0.787232697	1.475324392	1135.704468
825000	-7094.503906	1158.162354	0.7728811502	1.143856764	1142.169922
830000	-7075.87207	1240.668457	0.8279402852	1.458864927	1138.018677
835000	-7055.560059	1223.406616	0.8164208531	1.425399661	1141.281616
840000	-7085.991211	1247.767822	0.8326779008	1.85994935	1127.820068
845000	-7108.522461	1132.426636	0.7557067871	1.317622542	1136.268555
850000	-7109.501953	1180.303467	0.7876566648	1.642989993	1128.802734
855000	-7094.345703	1185.054077	0.7908269167	1.577260971	1131.425171
860000	-7122.043457	1205.995361	0.8048017025	1.321174979	1135.798584
865000	-7085.858398	1244.551758	0.8305317163	1.383648276	1139.259033
870000	-7101.766602	1161.181152	0.774895668	1.525493622	1133.71936
875000	-7057.328125	1177.243896	0.7856149077	1.41055274	1140.762817
880000	-7078.519531	1185.381592	0.7910454273	1.655287981	1132.115845
885000	-7032.456543	1193.598389	0.7965288162	1.321901798	1144.739258
890000	-7070.361328	1199.186035	0.8002576232	1.413295746	1138.255493
895000	-7098.859375	1164.578857	0.7771630883	1.778209686	1129.223755
900000	-7125.597656	1191.314941	0.7950049639	1.257629275	1134.797119
905000	-7143.231934	1152.140625	0.7688626051	1.649024248	1125.73645
910000	-7044.09082	1175.639893	0.7845444679	1.535771489	1138.591064
915000	-7042.589844	1215.945801	0.811441958	1.586345077	1138.201782
920000	-7039.619629	1172.07666	0.7821666002	1.385344625	1142.643921
925000	-7082.337891	1206.572021	0.8051865697	1.551152468	1135.365967
930000	-7125.564941	1242.106323	0.8288998008	1.596121669	1128.85144
935000	-7035.591797	1230.65271	0.8212563992	1.521823764	1141.808838
940000	-7118.028809	1217.374634	0.8123955131	1.295679927	1135.486816
945000	-7091.700195	1137.584961	0.7591491342	1.470545888	1134.268799
950000	-7089.146973	1225.275879	0.8176682591	1.691606045	1131.373291
955000	-7102.363281	1182.234863	0.7889455557	1.359271049	1136.669189
960000	-7114.533203	1242.828491	0.8293817043	1.467003226	1133.109741
965000	-7112.347168	1174.754517	0.7839536667	1.459072828	1133.642822
970000	-7097.867188	1160.732422	0.7745962143	1.863196731	1126.368164
975000	-7123.078125	1173.244873	0.782946229	1.381312013	1132.668823
980000	-7078.71582	1209.297363	0.8070052862	1.520632148	1136.484497
985000	-7080.111328	1214.327515	0.810362041	1.38362658	1140.295532
990000	-7119.356934	1115.605469	0.7444814444	1.561702371	1129.334106
995000	-7123.989258	1140.480713	0.7610815763	1.554278493	1128.751587
