timestep	potential_energy	kinetic_energy	temperature	pressure	volume
0	-221.4843903	0	0	-0.05449219048	8000
5000	-4867.427734	2154.168945	1.437550187	2.233614922	1496.608276
10000	-2555.625488	4204.21875	2.805618048	1.213388443	2649.588135
15000	-4360.113281	3058.844482	2.041270971	1.271783352	1690.562378
20000	-5292.100586	2262.804688	1.510046482	1.623795629	1414.859009
25000	-5607.557129	2073.773926	1.383899927	1.820721984	1341.67395
30000	-5571.815918	2042.681152	1.363150597	1.624648809	1356.745483
35000	-5480.802734	2037.611328	1.359767318	1.683969975	1377.504517
40000	-5526.149414	1995.245361	1.331495047	1.508434772	1370.67688
45000	-5440.138672	2002.293945	1.336198807	1.741966605	1376.30481
50000	-5398.947266	2095.762207	1.398573399	1.861795425	1382.207642
55000	-5354.873047	2026.630859	1.352439642	1.383342028	1407.95874
60000	-5318.354492	2155.018311	1.438117027	1.531178236	1410.941406
65000	-5398.301758	2122.408691	1.416355491	1.310978055	1404.786133
70000	-5460.708496	2160.618652	1.441854358	1.318711162	1391.222412
75000	-5388.680664	2164.415527	1.444388151	1.988687038	1377.537842
80000	-5339.714355	2089.001465	1.394061685	1.224937201	1424.503174
85000	-5383.521973	2007.611694	1.339747548	1.668106556	1394.05957
90000	-5468.848145	2060.628906	1.375127792	1.541260004	1382.891602
95000	-5349.045898	2031.456055	1.355659723	1.223331571	1415.531982
100000	-5371.474609	2127.806641	1.419957757	1.54360795	1401.151978
105000	-5410.341797	2151.099121	1.435501575	1.469483972	1397.267456
110000	-5400.257812	2101.14624	1.402166367	1.508849382	1398.120483
115000	-5372.449219	2157.131592	1.439527273	1.440625429	1406.585938
120000	-5430.58252	2171.505127	1.44911921	1.655431151	1388.02124
125000	-5373.035156	2100.584473	1.401791453	1.519902587	1399.993652
130000	-5443.672363	2160.352051	1.441676378	1.4521873	1394.276978
135000	-5335.26123	2083.011719	1.390064597	1.342336416	1417.442993
140000	-5302.347168	2113.782715	1.410599113	1.740610361	1404.326172
145000	-5413.540039	2140.835938	1.428652644	1.373062253	1399.630615
150000	-5354.072266	2105.189453	1.40486455	1.559690237	1406.116089
155000	-5445.273438	2075.345215	1.384948492	1.336700559	1400.724243
160000	-5440.587891	2041.46875	1.362341523	1.292230725	1391.968384
165000	-5391.106934	2124.054199	1.417453647	1.406065345	1398.996338
170000	-5376.719727	2015.770752	1.345192432	1.509680271	1405.246338
175000	-5436.81543	2097.044678	1.399429202	1.352998972	1392.976562
180000	-5422.908691	2064.99707	1.378042817	1.047267914	1414.035278
185000	-5406.180664	2055.557373	1.371743321	1.81105864	1380.487671
190000	-5479.409668	2034.785522	1.357881546	1.579470396	1380.363892
195000	-5488.037598	2089.951416	1.39469564	1.573911786	1377.085571
200000	-5367.296875	2094.154785	1.397500753	1.447246194	1403.79126
205000	-5381.813477	2090.728516	1.3952142	1.770523667	1390.049561
210000	-5401.813965	2091.3125	1.395604014	1.294559836	1410.626465
215000	-5448.444824	2113.516602	1.410421491	1.282907486	1401.147583
220000	-5390.40332	2120.490479	1.415075421	2.057837486	1372.272217
225000	-5468.871094	2077.459473	1.386359334	1.527902722	1379.670288
230000	-5451.07373	2087.759033	1.393232584	1.425865173	1386.298462
235000	-5558.530762	2156.023193	1.43878758	1.161182404	1385.971313
240000	-5342.223633	2087.737305	1.39321816	1.183884263	1424.955566
245000	-5411.958008	2088.146973	1.393491507	1.621739864	1385.374634
250000	-5455.235352	2004.791992	1.337865829	1.343551636	1392.465332
255000	-5415.798828	2082.484375	1.389712691	1.131800294	1411.021973
260000	-5402.607422	2063.157227	1.376814961	1.450044751	1399.350342
265000	-5426.180176	2111.097412	1.408807158	1.546447635	1387.817261
270000	-5425.720703	2074.564453	1.384427428	1.518341064	1391.528564
275000	-5395.526367	2106.895508	1.406002998	1.621973038	1396.415161
280000	-5534.490234	2096.444336	1.399028659	1.55126524	1370.159546
285000	-5476.019531	2031.970947	1.356003284	1.590973854	1375.955566
290000	-5396.302246	2086.86377	1.392635226	1.470391393	1402.043335
295000	-5412.760742	2104.356689	1.404308796	1.761769772	1381.363281
300000	-5422.054199	2065.742188	1.378540039	1.91421628	1373.494263
305000	-5397.398438	2057.881104	1.373293996	1.755323529	1385.080933
310000	-5351.108887	2051.792969	1.369231224	1.373326659	1408.77478
315000	-5430.104492	2163.267578	1.443621993	1.598644257	1390.951416
320000	-5366.633789	2077.011963	1.386060715	1.188907146	1414.862671
325000	-5439.196289	2177.167969	1.452898264	1.780003667	1376.26123
330000	-5403.320801	2037.453857	1.359662294	1.555772543	1390.901489
335000	-5423.625977	2141.717773	1.429241061	1.092582941	1407.702881
340000	-5352.945312	2127.659424	1.419859529	1.543596864	1403.084839
345000	-5420.061523	2113.947266	1.410708904	1.344960213	1403.71167
350000	-5480.497559	2092.037598	1.396087885	1.427013993	1381.490723
355000	-5420.818359	2103.631836	1.403825045	1.563261032	1391.623169
360000	-5320.719238	2077.143066	1.386148214	1.147080064	1428.893066
365000	-5504.330078	2129.660156	1.421194673	1.749249458	1369.23291
370000	-5415.916016	2054.597412	1.371102691	1.65917027	1390.235352
375000	-5398.994629	2163.720703	1.443924427	1.512021542	1397.253418
380000	-5437.655273	2092.087402	1.396121025	1.696887612	1383.076904
385000	-5437.298828	2110.784668	1.408598423	1.475078702	1393.691895
390000	-5311.157227	2105.223389	1.404887199	1.57582438	1413.169678
395000	-5413.745117	2064.713135	1.377853274	1.480905056	1397.268921
400000	-5403.911133	2143.771973	1.430611968	1.422893167	1399.571167
405000	-5445.605469	2066.353516	1.378947973	1.395285249	1387.091553
410000	-5472.921875	2001.7771	1.335853934	1.475001574	1385.055298
415000	-5479.231445	2117.722656	1.413228393	1.470662594	1387.422852
420000	-5328.342773	2024.87915	1.351270676	1.627111912	1402.849609
425000	-5522.479492	2104.627441	1.404489517	1.3218503	1380.397583
430000	-5312.162109	2179.856445	1.454692364	1.309439063	1423.478394
435000	-5236.887207	2089.412109	1.394335747	0.9639557004	1451.326172
440000	-5357.980957	2125.287598	1.418276668	1.38817215	1403.358032
445000	-5480.734375	2035.36792	1.358270288	1.295065761	1389.532227
450000	-5357.013184	2019.482422	1.347669363	1.233667374	1421.00708
455000	-5405.913086	2052.269043	1.369548917	1.547570229	1393.463379
460000	-5353.212891	2076.181885	1.385506749	1.196688533	1420.746704
465000	-5427.455078	2105.337402	1.404963255	1.50492537	1393.947388
470000	-5356.244141	2066.005127	1.378715515	1.14055419	1417.110596
475000	-5322.227539	2118.236816	1.413571477	1.440296173	1412.587891
480000	-5437.90625	2152.774414	1.436619639	1.909116387	1376.581665
485000	-5406.972656	2113.321777	1.410291553	1.449444413	1395.037964
490000	-5338.926758	2127.384277	1.419675827	1.420780659	1415.427002
495000	-5400.771484	2098.017822	1.400078654	1.38031888	1400.351807
500000	-5383.924805	2067.518799	1.379725575	1.447276831	1409.554688
505000	-5495.574219	2156.325195	1.438989162	1.405521154	1383.018311
510000	-5493.839844	2095.280762	1.39825213	1.770317197	1368.893066
515000	-5395.919434	2036.11792	1.358770728	1.312339425	1403.114868
520000	-5423.585449	2110.930176	1.408695459	1.576507568	1384.788452
525000	-5359.561523	2126.941895	1.419380665	1.471727967	1408.264648
530000	-5461.953613	2073.982422	1.384039044	1.148783565	1397.436279
535000	-5418.983887	2146.862061	1.43267405	2.000501871	1376.260986
540000	-5424.577148	2139.691406	1.42788887	1.219452858	1402.114014
545000	-5515.325195	2149.201904	1.434235573	1.437489271	1381.136841
550000	-5474.749512	2032.895386	1.356620193	1.498431206	1380.659424
555000	-5500.599609	2007.625366	1.339756727	1.411395788	1380.61145
560000	-5485.147461	2029.327271	1.354239106	1.376002431	1382.670654
565000	-5354.569336	2072.847168	1.383281469	1.48449111	1404.795532
570000	-5322.880371	2136.32373	1.425641537	1.321300864	1418.394531
575000	-5514.34082	2205.07373	1.471520662	1.566789389	1377.931396
580000	-5472.264648	2082.151611	1.389490604	1.426888585	1381.452759
585000	-5443.679688	2150.768311	1.4352808	1.581520677	1390.538574
590000	-5359.597656	2087.333008	1.39294827	1.443923712	1408.675171
595000	-5522.984375	2046.732178	1.365854025	1.258166671	1376.925537
600000	-5549.319336	2068.567871	1.380425692	1.625331759	1364.81543
605000	-5510.813477	2088.808594	1.393933058	1.436950684	1379.385498
610000	-5448.903809	2080.49707	1.388386488	1.569180965	1393.88501
615000	-5492.88916	2154.125488	1.437521219	1.477109194	1381.399048
620000	-5446.304199	2082.919434	1.390002966	1.905575156	1373.277954
625000	-5373.246582	2000.106323	1.33473897	1.455527663	1403.989258
630000	-5482.639648	2160.532715	1.441797018	1.429648399	1385.350098
635000	-5459.242188	2082.942871	1.390018582	1.41033709	1392.18457
640000	-5432.762207	2056.275391	1.372222543	1.435083389	1391.03125
645000	-5490.299316	2116.899414	1.412678957	1.475524187	1383.343994
650000	-5358.798828	2201.894043	1.469398737	1.778732419	1395.593262
655000	-5439.452148	2234.969727	1.491471291	1.576876521	1394.244141
660000	-5319.369629	2046.442139	1.365660429	1.655845642	1404.4823
665000	-5308.286133	2078.625977	1.387137771	1.782435536	1406.757202
670000	-5509.811523	2105.589355	1.40513134	1.272754431	1387.27478
675000	-5432.40332	2063.124023	1.376792789	1.607540011	1384.123779
680000	-5388.643066	1983.237793	1.323482037	1.484391689	1397.635742
685000	-5526.628906	2098.780762	1.400587797	1.209912062	1384.576538
690000	-5439.375977	2047.991943	1.366694689	1.16798687	1401.446411
695000	-5449.73291	2114.737305	1.411236167	1.613298893	1387.511108
700000	-5374.689941	2160.935547	1.442065835	1.814707041	1387.72937
705000	-5315.435547	2204.244629	1.470967412	1.730412483	1407.954468
710000	-5322.674805	2102.559082	1.403109193	1.262515545	1422.248169
715000	-5388.324707	2129.310059	1.420961022	1.530354738	1397.392944
720000	-5411.382324	2181.501465	1.455790162	1.507795691	1393.76001
725000	-5395.76416	2069.244629	1.380877376	1.385973692	1403.431274
730000	-5435.985352	2036.392456	1.358953953	1.406504631	1391.968384
735000	-5465.031738	1994.242188	1.330825686	1.332306385	1390.916382
740000	-5554.125	2102.766357	1.403247476	1.629024744	1360.619507
745000	-5488.738281	2006.171265	1.338786364	1.6124506	1373.590454
750000	-5419.925293	2072.233398	1.382871866	1.665989161	1388.6604
755000	-5418.543945	2043.140381	1.363457084	1.755240202	1381.535034
760000	-5504.458984	2113.228027	1.410228968	1.597290397	1377.052979
765000	-5393.084961	2131.506348	1.422426701	1.725881696	1381.405151
770000	-5304.602539	2169.777832	1.447966576	1.322065353	1424.076538
775000	-5413.597656	2138.266357	1.426937819	1.540735841	1391.343994
780000	-5458.793945	2126.825928	1.419303298	1.096505761	1406.803223
785000	-5449.466797	2102.883301	1.403325558	1.610352159	1384.109863
790000	-5448.812988	2147.125	1.432849526	1.780898333	1372.283936
795000	-5326.453125	2045.627563	1.365116835	1.309720993	1419.953613
800000	-5334.964844	2104.482422	1.404392719	1.584695935	1409.825195
805000	-5344.817383	2102.196289	1.402867079	1.747496367	1398.073242
810000	-5444.189453	2159.290527	1.440968037	1.749041438	1379.654175
815000	-5455.503906	2080.154053	1.388157487	1.736234665	1373.808228
820000	-5434.21582	2083.34082	1.390284181	1.481237292	1388.733398
825000	-5461.977051	2078.110352	1.386793733	1.554374695	1386.292114
830000	-5422.560547	2040.778809	1.361881137	1.31804347	1394.460205
835000	-5409.505859	2035.493896	1.35835433	1.394749284	1398.863892
840000	-5493.90332	2001.727783	1.335821033	1.378160596	1377.780884
845000	-5457.147461	2152.524414	1.436452746	1.675001502	1379.039551
850000	-5371.60498	2127.003662	1.419421911	1.711927772	1395.915527
855000	-5369.539062	2135.191406	1.424885869	1.49011445	1404.890259
860000	-5440.326172	2122.146729	1.41618073	1.501974583	1387.286133
865000	-5485.890137	2159.741699	1.44126904	1.718884706	1375.786743
870000	-5405.418945	2095.731445	1.398552895	1.355294108	1400.712769
875000	-5378.433105	2145.550293	1.431798697	1.724625945	1393.914673
880000	-5446.800293	2053.603516	1.37043941	1.549791932	1383.834961
885000	-5478.276367	2063.888428	1.377302885	1.332539558	1390.745361
890000	-5399.905273	2050.958008	1.36867404	1.827156425	1380.486572
895000	-5471.470215	2094.954102	1.398034096	1.357977629	1388.425293
900000	-5420.533203	2075.004395	1.384721041	1.059277058	1408.13269
905000	-5534.84668	2111.851562	1.409310341	1.899144173	1359.040649
910000	-5442.32959	2108.812256	1.407282114	1.407243252	1392.53125
915000	-5441.24707	2061.481445	1.375696659	1.529378057	1389.936646
920000	-5532.649902	2077.87085	1.386633873	1.455098152	1370.156616
925000	-5422.820312	2114.38623	1.411001801	1.528806448	1390.104492
930000	-5357.912598	2137.478516	1.426412106	1.429774165	1408.565918
935000	-5485.424805	2167.962891	1.446755409	1.853733778	1366.84729
940000	-5345.274414	2129.410156	1.42102778	1.486841321	1411.107666
945000	-5398.293945	2043.494751	1.363693595	1.156449318	1411.501099
950000	-5472.014648	2033.132324	1.356778383	1.279803157	1392.665039
955000	-5434.960449	2064.28418	1.377567053	1.489198327	1387.38623
960000	-5408.925781	2034.162354	1.357465744	1.373125672	1399.435547
965000	-5460.233398	2237.121582	1.492907286	1.735363007	1376.59082
970000	-5463.955566	2169.239746	1.447607517	1.628257632	1383.221069
975000	-5413.666504	2118.377197	1.413665175	1.654203534	1390.935303
980000	-5442.891602	2106.628906	1.405825138	1.421031952	1395.560425
985000	-5465.575684	2117.657471	1.413184881	1.878002405	1366.392456
990000	-5480.509766	2032.543213	1.356385231	1.499697089	1382.113281
995000	-5497.883789	2127.621094	1.419833899	1.440165162	1382.736694
