timestep	potential_energy	kinetic_energy	temperature	pressure	volume
0	-221.4843903	0	0	-0.05449219048	8000
5000	-5690.285156	1506.518555	1.005351067	1.302515626	1346.532715
10000	-2767.34082	3895.205566	2.599403143	1.526443481	2426.693359
15000	-3792.270752	3382.272949	2.257105827	1.250472188	1899.665405
20000	-4829.558594	2571.275879	1.715899825	1.749657989	1511.720703
25000	-5237.397461	2380.574219	1.588638186	1.820307016	1416.961182
30000	-5392.608887	2193.121094	1.46354425	1.502826452	1401.549927
35000	-5180.303223	2200.149902	1.468234897	1.54844439	1444.396851
40000	-5256.905273	2304.157715	1.537642837	1.370365381	1439.044189
45000	-5115.170898	2264.975098	1.511494875	1.300445795	1467.479858
50000	-5103.980957	2203.161133	1.470244408	1.679098845	1452.256348
55000	-5172.112305	2291.213135	1.529004455	1.642708898	1440.395752
60000	-5106.123047	2404.124756	1.604354262	1.602033019	1457.214844
65000	-5098.321777	2266.970215	1.512826324	1.090755343	1485.857422
70000	-5192.487305	2173.82959	1.450670362	1.416392922	1441.773315
75000	-5189.343262	2192.960205	1.463436961	1.384727955	1444.116211
80000	-5228.254883	2342.063477	1.562938571	1.761369944	1428.277222
85000	-5098.773438	2173.129395	1.45020318	1.108714938	1482.443359
90000	-5299.175293	2178.763672	1.453963041	1.464434147	1420.914185
95000	-5305.431641	2245.525146	1.498515248	1.353047967	1424.871948
100000	-5301.506836	2244.584717	1.497887731	1.492726684	1423.537354
105000	-5170.125488	2129.256836	1.420925498	1.312645435	1449.571899
110000	-5173.197266	2179.335693	1.454344869	1.650952578	1437.174561
115000	-5244.771484	2150.695557	1.435232282	1.350020051	1436.817139
120000	-5163.692383	2143.512451	1.430438757	1.572510123	1440.535034
125000	-5223.758789	2203.225098	1.470287085	1.258982182	1441.753174
130000	-5100.697266	2182.764893	1.45663321	1.16963172	1474.807739
135000	-5053.913086	2184.753906	1.457960606	1.490069628	1466.399536
140000	-5167.958984	2264.681152	1.511298776	1.88819325	1435.540649
145000	-5159.625977	2243.396973	1.497095108	1.759035826	1442.914673
150000	-5238.911133	2191.666992	1.462573886	1.719276071	1427.039795
155000	-5251.185059	2239.562012	1.494535923	1.254251003	1438.758301
160000	-5181.101562	2208.099609	1.473539948	1.193740726	1459.708862
165000	-5212.516602	2287.967041	1.526838183	1.47763145	1438.690796
170000	-5206.139648	2243.306152	1.49703455	1.617678404	1428.928589
175000	-5118.120605	2204.515869	1.471148372	1.573649645	1451.972778
180000	-5094.270508	2060.044922	1.374738097	1.642972469	1450.136108
185000	-5184.796875	2172.884277	1.450039625	1.460383654	1443.021973
190000	-5178.182617	2144.139404	1.430857182	1.34054172	1454.722656
195000	-5234.806641	2218.870117	1.480727553	1.695557117	1427.621216
200000	-5167.021973	2110.217773	1.408220053	1.457659841	1448.314697
205000	-5075.695312	2208.495117	1.473803878	1.251686811	1476.049316
210000	-5149.258789	2289.810791	1.528068662	1.329959631	1452.822144
215000	-5305.061523	2270.62793	1.515267253	1.397890091	1424.043945
220000	-5191.234863	2174.888916	1.451377392	1.582117915	1437.792236
225000	-5151.479492	2181.250977	1.455622911	1.404099584	1457.110352
230000	-5116.91748	2221.999023	1.482815504	1.591112971	1454.79541
235000	-5182.21875	2376.707031	1.586057425	1.754258037	1428.602661
240000	-5069.117676	2314.754639	1.544714451	1.523946285	1471.53894
245000	-5179.30957	2300.343506	1.53509748	1.766629815	1434.840332
250000	-5138.822266	2293.846924	1.530762076	1.307822824	1467.366455
255000	-5132.919922	2264.812744	1.511386514	1.628414392	1451.122559
260000	-5200.267578	2213.028564	1.476829171	1.169256687	1450.911377
265000	-5095.129883	2162.320801	1.442990184	1.847185373	1445.526733
270000	-5224.091309	2373.535889	1.583941221	1.71436429	1422.457642
275000	-5143.086914	2339.298096	1.561093211	1.73042047	1443.670898
280000	-5201.240723	2233.272461	1.490338683	1.13174808	1456.599976
285000	-5231.182617	2217.918457	1.480092406	1.154169083	1446.193359
290000	-5142.301758	2182.82959	1.456676483	1.381927609	1448.629395
295000	-5223.522461	2316.534912	1.545902491	1.672731638	1430.667114
300000	-5181.029297	2295.904053	1.532134891	1.616519213	1434.504028
305000	-5273.587891	2289.316406	1.52773869	1.551763654	1424.762573
310000	-5252.830566	2288.800293	1.527394295	1.709607959	1419.536865
315000	-5158.682617	2145.577393	1.431816816	1.793818831	1433.18811
320000	-5199.460938	2290.483398	1.528517485	1.582233667	1437.324707
325000	-5116.256836	2312.345215	1.543106556	1.576742411	1453.446899
330000	-5162.887695	2267.176758	1.512964129	1.311472774	1461.501221
335000	-5109.488281	2206.4375	1.472430825	1.453342199	1455.960449
340000	-5141.168945	2238.760742	1.49400115	1.516780257	1451.384521
345000	-5304.586914	2159.044434	1.440803766	1.575413108	1415.200806
350000	-5263.364258	2218.125488	1.48023057	1.336872339	1432.114502
355000	-5108.812012	2163.595703	1.443840981	1.405474424	1461.523071
360000	-5129.897949	2283.27002	1.523703694	1.470361233	1452.276855
365000	-5193.611328	2249.873047	1.501416802	1.343809843	1448.653809
370000	-5051.086914	2238.29248	1.493688703	1.479739308	1470.401978
375000	-5125.861328	2285.155029	1.52496171	1.658042789	1454.9375
380000	-5151.352539	2230.694336	1.488618255	1.418720841	1454.202515
385000	-5285.859375	2257.59375	1.506569147	1.927149177	1409.713745
390000	-5174.587891	2238.816406	1.494038343	1.860327959	1422.80188
395000	-5010.47168	2232.791016	1.490017414	1.903692603	1455.799927
400000	-5174.027344	2297.818359	1.533412337	1.543837547	1447.094727
405000	-5167.041504	2211.468262	1.475787997	1.53753531	1448.827515
410000	-5182.641602	2212.210938	1.47628355	1.471102834	1440.302246
415000	-5177.839844	2318.837402	1.547439098	1.538357139	1443.824463
420000	-5071.191406	2232.473633	1.489805579	1.266057968	1475.306885
425000	-5137.995605	2196.523926	1.465815067	1.372733593	1456.368774
430000	-5256.878906	2255.341797	1.505066276	1.552815437	1427.754028
435000	-5106.249512	2245.707275	1.498636842	1.848657727	1443.388916
440000	-5115.651367	2281.593018	1.522584677	1.218569994	1472.269287
445000	-5144.952637	2268.064453	1.5135566	1.4828403	1452.572021
450000	-5154.59668	2296.286865	1.532390356	1.616577148	1444.975708
455000	-5241.405273	2198.691406	1.467261553	1.548643708	1417.307617
460000	-5147.740234	2112.777344	1.409928203	1.45974803	1449.542969
465000	-5267.925293	2261.076416	1.508893251	1.76673317	1415.103516
470000	-5136.919922	2328.943115	1.554183006	1.668072939	1447.58313
475000	-5170.753906	2206.592773	1.472534418	1.397283196	1455.056519
480000	-5246.96582	2263.674316	1.510626912	1.605372906	1429.003784
485000	-5212.675781	2255.434082	1.505127907	1.29250896	1449.881958
490000	-5191.379883	2273.514893	1.517193794	1.525477171	1436.005615
495000	-5145.393555	2219.615234	1.481224775	1.694470763	1437.667603
500000	-5161.899414	2232.196289	1.489620447	1.761729717	1434.80896
505000	-5171.785156	2273.682129	1.517305374	1.871572971	1429.096313
510000	-5159.415527	2233.260498	1.490330696	1.690772176	1444.184448
515000	-5130.896484	2203.230469	1.470290661	1.428879142	1454.225098
520000	-5106.029297	2243.342285	1.49705863	1.589233637	1456.154297
525000	-5221.527344	2287.214355	1.526335955	1.461700797	1435.577148
530000	-5242.164062	2266.103271	1.512247801	1.795200944	1416.424194
535000	-5153.223633	2242.658447	1.496602297	1.527067065	1448.518799
540000	-5291.750488	2263.666748	1.510621786	1.377016783	1421.898682
545000	-5220.158203	2215.932373	1.478767037	1.444125414	1438.07251
550000	-5209.369141	2216.751221	1.479313493	1.709749699	1425.185669
555000	-5109.763672	2208.931152	1.474094868	1.832975626	1438.46106
560000	-5045.240234	2258.907715	1.507445931	1.548962116	1472.552612
565000	-5172.928711	2301.434082	1.535825253	1.323848128	1452.034424
570000	-5152.473633	2197.389648	1.466392875	1.302703381	1458.668579
575000	-5187.453125	2269.907715	1.514786601	1.172118068	1460.978882
580000	-5119.145508	2268.72168	1.513995171	1.720341921	1447.418335
585000	-5146.335938	2281.087891	1.522247553	1.255132079	1462.588623
590000	-5210.65918	2204.412598	1.471079469	1.628082991	1430.832764
595000	-5243.460449	2287.883301	1.526782393	1.830000162	1421.111206
600000	-5206.586914	2237.450928	1.493127108	1.413845897	1445.167236
605000	-5176.143555	2331.337891	1.555781007	1.521065354	1445.890137
610000	-5137.55957	2339.52417	1.561244011	1.17804265	1473.926392
615000	-5099.922852	2219.132324	1.480902433	1.715155005	1451.216797
620000	-5226.18457	2221.777832	1.482667923	1.291289806	1446.951904
625000	-5226.283203	2219.967773	1.481459975	1.60461235	1428.651245
630000	-5232.978516	2274.604004	1.517920613	1.826501489	1418.967407
635000	-5298.263672	2285.537354	1.525216818	1.655039787	1413.929688
640000	-5313.13916	2369.625977	1.581331968	1.53327477	1418.895508
645000	-5145.786133	2299.019531	1.534213901	1.702939272	1446.167358
650000	-5089.15332	2274.425049	1.517801166	1.582381487	1462.206665
655000	-5151.483398	2300.379883	1.535121679	1.764500976	1446.120605
660000	-5300.921875	2258.128418	1.506925941	1.462559104	1420.931519
665000	-5211.229492	2178.359863	1.453693628	1.326395035	1443.935913
670000	-5143.164062	2175.172852	1.451566815	1.571608186	1451.8927
675000	-5129.52002	2201.636963	1.469227195	1.531303287	1454.177856
680000	-5132.400391	2157.376221	1.439690471	1.49107933	1453.887207
685000	-5152.246094	2270.44458	1.515144944	1.711598635	1441.433716
690000	-5128.62793	2220.734375	1.481971622	1.69674623	1447.579346
695000	-5240.78125	2226.85498	1.486056089	1.390229821	1431.939941
700000	-5236.326172	2220.193848	1.481610894	1.623848081	1425.794922
705000	-5190.104492	2215.043213	1.478173614	1.60170579	1434.013916
710000	-5073.180664	2190.719727	1.461941838	1.405464053	1474.079102
715000	-5085.359375	2331.990234	1.556216359	1.456610918	1470.376221
720000	-5031.987305	2282.760254	1.52336359	1.473181725	1473.381104
725000	-5197.867188	2257.096191	1.50623703	1.616778612	1434.23291
730000	-5250.662598	2171.912842	1.449391365	1.692634702	1419.759521
735000	-5164.476562	2270.435547	1.515138865	1.438399911	1448.985229
740000	-5139.413086	2291.909668	1.529469252	1.559647202	1451.698364
745000	-5167.411133	2372.416016	1.583193898	1.430312395	1455.203125
750000	-4990.65332	2241.812988	1.496038079	1.300094962	1496.359253
755000	-5085.575195	2252.42749	1.503121495	1.838309169	1442.156982
760000	-5117.723145	2304.116699	1.537615418	1.752577424	1443.612061
765000	-5068.875977	2130.154297	1.421524405	1.452445865	1468.621582
770000	-5051.578125	2275.605957	1.518589258	1.537166119	1474.900146
775000	-5091.114258	2290.712646	1.52867043	1.226639986	1477.641357
780000	-5151.710938	2275.359619	1.518424869	1.405857325	1454.078125
785000	-5202.081055	2359.712891	1.574716687	1.405382276	1453.667847
790000	-5148.922852	2238.306396	1.493698001	1.342753649	1455.634888
795000	-5247.265625	2233.019287	1.490169764	1.651193142	1426.340698
800000	-5219.998047	2188.666748	1.460571766	1.423725605	1438.109375
805000	-5092.993164	2188.029053	1.460146189	1.583986044	1461.525879
810000	-5201.148438	2259.30835	1.507713318	1.72764349	1423.62207
815000	-5197.498047	2217.150635	1.479580045	1.609561801	1436.789795
820000	-5047.005859	2266.525879	1.51252985	1.670718551	1468.361206
825000	-5181.828613	2261.163086	1.508951068	1.36157608	1448.270752
830000	-5243.644531	2280.925049	1.522138834	1.598092794	1425.826782
835000	-5191.421387	2348.382812	1.567155719	1.345448852	1451.268555
840000	-5221.614258	2383.123779	1.590339541	1.636103153	1439.934082
845000	-5187.038574	2259.92334	1.508123755	1.418668509	1445.018066
850000	-5229.21875	2269.901123	1.51478219	1.719117641	1428.576538
855000	-5231.664551	2248.806152	1.500704885	1.692559481	1422.723999
860000	-5164.427734	2207.911865	1.47341466	1.494656086	1450.397705
865000	-5195.671875	2272.550293	1.516550064	1.625182748	1439.519409
870000	-5269.932129	2218.73291	1.480635881	1.233676434	1433.896729
875000	-5229.622559	2177.349609	1.4530195	1.476225376	1432.175537
880000	-5124.295898	2162.65332	1.443212152	1.421118259	1460.451172
885000	-5234.731934	2322.746582	1.550047755	1.741838455	1426.030762
890000	-5177.269531	2174.302734	1.450986147	1.549475551	1440.181396
895000	-5158.937012	2286.794678	1.526055813	1.691046	1441.077393
900000	-5239.095215	2212.645508	1.476573586	1.501314402	1436.404785
905000	-5177.020996	2248.872314	1.500748992	1.506994605	1441.466187
910000	-5288.623047	2216.601318	1.479213476	1.397005677	1426.978516
915000	-5238.772461	2173.023926	1.450132728	1.287465453	1440.112183
920000	-5196.375488	2287.209473	1.526332617	1.699872732	1432.498657
925000	-5251.320312	2332.649414	1.556656241	1.445448756	1428.863647
930000	-5208.307617	2262.935303	1.510133743	1.810627222	1423.994751
935000	-5196.475586	2271.399902	1.515782356	1.383434057	1445.621582
940000	-5145.600586	2230.208984	1.488294363	1.560122967	1449.092651
945000	-5139.530273	2250.521484	1.501849532	1.192760348	1468.954102
950000	-5248.330078	2251.886963	1.502760768	1.477097511	1432.113403
955000	-5166.739258	2168.561523	1.44715488	1.452369332	1445.922241
960000	-5245.245117	2204.873535	1.471387148	1.457694888	1434.645264
965000	-5279.651855	2213.639648	1.477236986	1.489916086	1425.463989
970000	-5219.032227	2336.806641	1.559430599	1.601394415	1439.067139
975000	-5137.302246	2179.860352	1.454694986	1.221741199	1466.054321
980000	-5157.446289	2313.955078	1.54418087	1.289662123	1456.979126
985000	-5179.526367	2283.728027	1.524009347	1.553906918	1451.067261
990000	-5256.323242	2300.417969	1.53514719	1.317958474	1438.180054
995000	-5134.108887	2246.672363	1.49928093	1.693254471	1445.059814
